"C:\Program Files\Java\jdk1.8.0_144\bin\java" -Didea.launcher.port=7542 "-Didea.launcher.bin.path=C:\Program Files (x86)\JetBrains\IntelliJ IDEA 2016.2.4\bin" -Dfile.encoding=UTF-8 -classpath "C:\Program Files\Java\jdk1.8.0_144\jre\lib\charsets.jar;C:\Program Files\Java\jdk1.8.0_144\jre\lib\deploy.jar;C:\Program Files\Java\jdk1.8.0_144\jre\lib\ext\access-bridge-64.jar;C:\Program Files\Java\jdk1.8.0_144\jre\lib\ext\cldrdata.jar;C:\Program Files\Java\jdk1.8.0_144\jre\lib\ext\dnsns.jar;C:\Program Files\Java\jdk1.8.0_144\jre\lib\ext\jaccess.jar;C:\Program Files\Java\jdk1.8.0_144\jre\lib\ext\jfxrt.jar;C:\Program Files\Java\jdk1.8.0_144\jre\lib\ext\localedata.jar;C:\Program Files\Java\jdk1.8.0_144\jre\lib\ext\nashorn.jar;C:\Program Files\Java\jdk1.8.0_144\jre\lib\ext\sunec.jar;C:\Program Files\Java\jdk1.8.0_144\jre\lib\ext\sunjce_provider.jar;C:\Program Files\Java\jdk1.8.0_144\jre\lib\ext\sunmscapi.jar;C:\Program Files\Java\jdk1.8.0_144\jre\lib\ext\sunpkcs11.jar;C:\Program Files\Java\jdk1.8.0_144\jre\lib\ext\zipfs.jar;C:\Program Files\Java\jdk1.8.0_144\jre\lib\javaws.jar;C:\Program Files\Java\jdk1.8.0_144\jre\lib\jce.jar;C:\Program Files\Java\jdk1.8.0_144\jre\lib\jfr.jar;C:\Program Files\Java\jdk1.8.0_144\jre\lib\jfxswt.jar;C:\Program Files\Java\jdk1.8.0_144\jre\lib\jsse.jar;C:\Program Files\Java\jdk1.8.0_144\jre\lib\management-agent.jar;C:\Program Files\Java\jdk1.8.0_144\jre\lib\plugin.jar;C:\Program Files\Java\jdk1.8.0_144\jre\lib\resources.jar;C:\Program Files\Java\jdk1.8.0_144\jre\lib\rt.jar;C:\java\Recommender\target\classes;C:\Users\admin\.m2\repository\org\scala-lang\scala-library\2.11.11\scala-library-2.11.11.jar;C:\Users\admin\.m2\repository\org\scala-lang\scala-reflect\2.11.11\scala-reflect-2.11.11.jar;C:\Users\admin\.m2\repository\org\apache\spark\spark-core_2.11\2.2.1\spark-core_2.11-2.2.1.jar;C:\Users\admin\.m2\repository\org\apache\avro\avro\1.7.7\avro-1.7.7.jar;C:\Users\admin\.m2\repository\org\codehaus\jackson\jackson-core-asl\1.9.13\jackson-core-asl-1.9.13.jar;C:\Users\admin\.m2\repository\org\codehaus\jackson\jackson-mapper-asl\1.9.13\jackson-mapper-asl-1.9.13.jar;C:\Users\admin\.m2\repository\com\thoughtworks\paranamer\paranamer\2.3\paranamer-2.3.jar;C:\Users\admin\.m2\repository\org\apache\commons\commons-compress\1.4.1\commons-compress-1.4.1.jar;C:\Users\admin\.m2\repository\org\tukaani\xz\1.0\xz-1.0.jar;C:\Users\admin\.m2\repository\org\apache\avro\avro-mapred\1.7.7\avro-mapred-1.7.7-hadoop2.jar;C:\Users\admin\.m2\repository\org\apache\avro\avro-ipc\1.7.7\avro-ipc-1.7.7.jar;C:\Users\admin\.m2\repository\org\apache\avro\avro-ipc\1.7.7\avro-ipc-1.7.7-tests.jar;C:\Users\admin\.m2\repository\com\twitter\chill_2.11\0.8.0\chill_2.11-0.8.0.jar;C:\Users\admin\.m2\repository\com\esotericsoftware\kryo-shaded\3.0.3\kryo-shaded-3.0.3.jar;C:\Users\admin\.m2\repository\com\esotericsoftware\minlog\1.3.0\minlog-1.3.0.jar;C:\Users\admin\.m2\repository\org\objenesis\objenesis\2.1\objenesis-2.1.jar;C:\Users\admin\.m2\repository\com\twitter\chill-java\0.8.0\chill-java-0.8.0.jar;C:\Users\admin\.m2\repository\org\apache\xbean\xbean-asm5-shaded\4.4\xbean-asm5-shaded-4.4.jar;C:\Users\admin\.m2\repository\org\apache\hadoop\hadoop-client\2.6.5\hadoop-client-2.6.5.jar;C:\Users\admin\.m2\repository\org\apache\hadoop\hadoop-common\2.6.5\hadoop-common-2.6.5.jar;C:\Users\admin\.m2\repository\commons-cli\commons-cli\1.2\commons-cli-1.2.jar;C:\Users\admin\.m2\repository\xmlenc\xmlenc\0.52\xmlenc-0.52.jar;C:\Users\admin\.m2\repository\commons-httpclient\commons-httpclient\3.1\commons-httpclient-3.1.jar;C:\Users\admin\.m2\repository\commons-io\commons-io\2.4\commons-io-2.4.jar;C:\Users\admin\.m2\repository\commons-collections\commons-collections\3.2.2\commons-collections-3.2.2.jar;C:\Users\admin\.m2\repository\commons-lang\commons-lang\2.6\commons-lang-2.6.jar;C:\Users\admin\.m2\repository\commons-configuration\commons-configuration\1.6\commons-configuration-1.6.jar;C:\Users\admin\.m2\repository\commons-digester\commons-digester\1.8\commons-digester-1.8.jar;C:\Users\admin\.m2\repository\commons-beanutils\commons-beanutils\1.7.0\commons-beanutils-1.7.0.jar;C:\Users\admin\.m2\repository\commons-beanutils\commons-beanutils-core\1.8.0\commons-beanutils-core-1.8.0.jar;C:\Users\admin\.m2\repository\com\google\protobuf\protobuf-java\2.5.0\protobuf-java-2.5.0.jar;C:\Users\admin\.m2\repository\com\google\code\gson\gson\2.2.4\gson-2.2.4.jar;C:\Users\admin\.m2\repository\org\apache\hadoop\hadoop-auth\2.6.5\hadoop-auth-2.6.5.jar;C:\Users\admin\.m2\repository\org\apache\directory\server\apacheds-kerberos-codec\2.0.0-M15\apacheds-kerberos-codec-2.0.0-M15.jar;C:\Users\admin\.m2\repository\org\apache\directory\server\apacheds-i18n\2.0.0-M15\apacheds-i18n-2.0.0-M15.jar;C:\Users\admin\.m2\repository\org\apache\directory\api\api-asn1-api\1.0.0-M20\api-asn1-api-1.0.0-M20.jar;C:\Users\admin\.m2\repository\org\apache\directory\api\api-util\1.0.0-M20\api-util-1.0.0-M20.jar;C:\Users\admin\.m2\repository\org\apache\curator\curator-client\2.6.0\curator-client-2.6.0.jar;C:\Users\admin\.m2\repository\org\htrace\htrace-core\3.0.4\htrace-core-3.0.4.jar;C:\Users\admin\.m2\repository\org\apache\hadoop\hadoop-hdfs\2.6.5\hadoop-hdfs-2.6.5.jar;C:\Users\admin\.m2\repository\org\mortbay\jetty\jetty-util\6.1.26\jetty-util-6.1.26.jar;C:\Users\admin\.m2\repository\xerces\xercesImpl\2.9.1\xercesImpl-2.9.1.jar;C:\Users\admin\.m2\repository\xml-apis\xml-apis\1.3.04\xml-apis-1.3.04.jar;C:\Users\admin\.m2\repository\org\apache\hadoop\hadoop-mapreduce-client-app\2.6.5\hadoop-mapreduce-client-app-2.6.5.jar;C:\Users\admin\.m2\repository\org\apache\hadoop\hadoop-mapreduce-client-common\2.6.5\hadoop-mapreduce-client-common-2.6.5.jar;C:\Users\admin\.m2\repository\org\apache\hadoop\hadoop-yarn-client\2.6.5\hadoop-yarn-client-2.6.5.jar;C:\Users\admin\.m2\repository\org\apache\hadoop\hadoop-yarn-server-common\2.6.5\hadoop-yarn-server-common-2.6.5.jar;C:\Users\admin\.m2\repository\org\apache\hadoop\hadoop-mapreduce-client-shuffle\2.6.5\hadoop-mapreduce-client-shuffle-2.6.5.jar;C:\Users\admin\.m2\repository\org\apache\hadoop\hadoop-yarn-api\2.6.5\hadoop-yarn-api-2.6.5.jar;C:\Users\admin\.m2\repository\org\apache\hadoop\hadoop-mapreduce-client-core\2.6.5\hadoop-mapreduce-client-core-2.6.5.jar;C:\Users\admin\.m2\repository\org\apache\hadoop\hadoop-yarn-common\2.6.5\hadoop-yarn-common-2.6.5.jar;C:\Users\admin\.m2\repository\javax\xml\bind\jaxb-api\2.2.2\jaxb-api-2.2.2.jar;C:\Users\admin\.m2\repository\javax\xml\stream\stax-api\1.0-2\stax-api-1.0-2.jar;C:\Users\admin\.m2\repository\org\codehaus\jackson\jackson-jaxrs\1.9.13\jackson-jaxrs-1.9.13.jar;C:\Users\admin\.m2\repository\org\codehaus\jackson\jackson-xc\1.9.13\jackson-xc-1.9.13.jar;C:\Users\admin\.m2\repository\org\apache\hadoop\hadoop-mapreduce-client-jobclient\2.6.5\hadoop-mapreduce-client-jobclient-2.6.5.jar;C:\Users\admin\.m2\repository\org\apache\hadoop\hadoop-annotations\2.6.5\hadoop-annotations-2.6.5.jar;C:\Users\admin\.m2\repository\org\apache\spark\spark-launcher_2.11\2.2.1\spark-launcher_2.11-2.2.1.jar;C:\Users\admin\.m2\repository\org\apache\spark\spark-network-common_2.11\2.2.1\spark-network-common_2.11-2.2.1.jar;C:\Users\admin\.m2\repository\org\fusesource\leveldbjni\leveldbjni-all\1.8\leveldbjni-all-1.8.jar;C:\Users\admin\.m2\repository\com\fasterxml\jackson\core\jackson-annotations\2.6.5\jackson-annotations-2.6.5.jar;C:\Users\admin\.m2\repository\org\apache\spark\spark-network-shuffle_2.11\2.2.1\spark-network-shuffle_2.11-2.2.1.jar;C:\Users\admin\.m2\repository\org\apache\spark\spark-unsafe_2.11\2.2.1\spark-unsafe_2.11-2.2.1.jar;C:\Users\admin\.m2\repository\net\java\dev\jets3t\jets3t\0.9.3\jets3t-0.9.3.jar;C:\Users\admin\.m2\repository\org\apache\httpcomponents\httpcore\4.3.3\httpcore-4.3.3.jar;C:\Users\admin\.m2\repository\org\apache\httpcomponents\httpclient\4.3.6\httpclient-4.3.6.jar;C:\Users\admin\.m2\repository\commons-codec\commons-codec\1.8\commons-codec-1.8.jar;C:\Users\admin\.m2\repository\javax\activation\activation\1.1.1\activation-1.1.1.jar;C:\Users\admin\.m2\repository\mx4j\mx4j\3.0.2\mx4j-3.0.2.jar;C:\Users\admin\.m2\repository\javax\mail\mail\1.4.7\mail-1.4.7.jar;C:\Users\admin\.m2\repository\org\bouncycastle\bcprov-jdk15on\1.51\bcprov-jdk15on-1.51.jar;C:\Users\admin\.m2\repository\com\jamesmurty\utils\java-xmlbuilder\1.0\java-xmlbuilder-1.0.jar;C:\Users\admin\.m2\repository\net\iharder\base64\2.3.8\base64-2.3.8.jar;C:\Users\admin\.m2\repository\org\apache\curator\curator-recipes\2.6.0\curator-recipes-2.6.0.jar;C:\Users\admin\.m2\repository\org\apache\curator\curator-framework\2.6.0\curator-framework-2.6.0.jar;C:\Users\admin\.m2\repository\org\apache\zookeeper\zookeeper\3.4.6\zookeeper-3.4.6.jar;C:\Users\admin\.m2\repository\com\google\guava\guava\16.0.1\guava-16.0.1.jar;C:\Users\admin\.m2\repository\javax\servlet\javax.servlet-api\3.1.0\javax.servlet-api-3.1.0.jar;C:\Users\admin\.m2\repository\org\apache\commons\commons-lang3\3.5\commons-lang3-3.5.jar;C:\Users\admin\.m2\repository\org\apache\commons\commons-math3\3.4.1\commons-math3-3.4.1.jar;C:\Users\admin\.m2\repository\com\google\code\findbugs\jsr305\1.3.9\jsr305-1.3.9.jar;C:\Users\admin\.m2\repository\org\slf4j\slf4j-api\1.7.16\slf4j-api-1.7.16.jar;C:\Users\admin\.m2\repository\org\slf4j\jul-to-slf4j\1.7.16\jul-to-slf4j-1.7.16.jar;C:\Users\admin\.m2\repository\org\slf4j\jcl-over-slf4j\1.7.16\jcl-over-slf4j-1.7.16.jar;C:\Users\admin\.m2\repository\log4j\log4j\1.2.17\log4j-1.2.17.jar;C:\Users\admin\.m2\repository\org\slf4j\slf4j-log4j12\1.7.16\slf4j-log4j12-1.7.16.jar;C:\Users\admin\.m2\repository\com\ning\compress-lzf\1.0.3\compress-lzf-1.0.3.jar;C:\Users\admin\.m2\repository\org\xerial\snappy\snappy-java\1.1.2.6\snappy-java-1.1.2.6.jar;C:\Users\admin\.m2\repository\net\jpountz\lz4\lz4\1.3.0\lz4-1.3.0.jar;C:\Users\admin\.m2\repository\org\roaringbitmap\RoaringBitmap\0.5.11\RoaringBitmap-0.5.11.jar;C:\Users\admin\.m2\repository\commons-net\commons-net\2.2\commons-net-2.2.jar;C:\Users\admin\.m2\repository\org\json4s\json4s-jackson_2.11\3.2.11\json4s-jackson_2.11-3.2.11.jar;C:\Users\admin\.m2\repository\org\json4s\json4s-core_2.11\3.2.11\json4s-core_2.11-3.2.11.jar;C:\Users\admin\.m2\repository\org\json4s\json4s-ast_2.11\3.2.11\json4s-ast_2.11-3.2.11.jar;C:\Users\admin\.m2\repository\org\scala-lang\scalap\2.11.0\scalap-2.11.0.jar;C:\Users\admin\.m2\repository\org\scala-lang\scala-compiler\2.11.0\scala-compiler-2.11.0.jar;C:\Users\admin\.m2\repository\org\scala-lang\modules\scala-xml_2.11\1.0.1\scala-xml_2.11-1.0.1.jar;C:\Users\admin\.m2\repository\org\scala-lang\modules\scala-parser-combinators_2.11\1.0.1\scala-parser-combinators_2.11-1.0.1.jar;C:\Users\admin\.m2\repository\org\glassfish\jersey\core\jersey-client\2.22.2\jersey-client-2.22.2.jar;C:\Users\admin\.m2\repository\javax\ws\rs\javax.ws.rs-api\2.0.1\javax.ws.rs-api-2.0.1.jar;C:\Users\admin\.m2\repository\org\glassfish\hk2\hk2-api\2.4.0-b34\hk2-api-2.4.0-b34.jar;C:\Users\admin\.m2\repository\org\glassfish\hk2\hk2-utils\2.4.0-b34\hk2-utils-2.4.0-b34.jar;C:\Users\admin\.m2\repository\org\glassfish\hk2\external\aopalliance-repackaged\2.4.0-b34\aopalliance-repackaged-2.4.0-b34.jar;C:\Users\admin\.m2\repository\org\glassfish\hk2\external\javax.inject\2.4.0-b34\javax.inject-2.4.0-b34.jar;C:\Users\admin\.m2\repository\org\glassfish\hk2\hk2-locator\2.4.0-b34\hk2-locator-2.4.0-b34.jar;C:\Users\admin\.m2\repository\org\javassist\javassist\3.18.1-GA\javassist-3.18.1-GA.jar;C:\Users\admin\.m2\repository\org\glassfish\jersey\core\jersey-common\2.22.2\jersey-common-2.22.2.jar;C:\Users\admin\.m2\repository\javax\annotation\javax.annotation-api\1.2\javax.annotation-api-1.2.jar;C:\Users\admin\.m2\repository\org\glassfish\jersey\bundles\repackaged\jersey-guava\2.22.2\jersey-guava-2.22.2.jar;C:\Users\admin\.m2\repository\org\glassfish\hk2\osgi-resource-locator\1.0.1\osgi-resource-locator-1.0.1.jar;C:\Users\admin\.m2\repository\org\glassfish\jersey\core\jersey-server\2.22.2\jersey-server-2.22.2.jar;C:\Users\admin\.m2\repository\org\glassfish\jersey\media\jersey-media-jaxb\2.22.2\jersey-media-jaxb-2.22.2.jar;C:\Users\admin\.m2\repository\javax\validation\validation-api\1.1.0.Final\validation-api-1.1.0.Final.jar;C:\Users\admin\.m2\repository\org\glassfish\jersey\containers\jersey-container-servlet\2.22.2\jersey-container-servlet-2.22.2.jar;C:\Users\admin\.m2\repository\org\glassfish\jersey\containers\jersey-container-servlet-core\2.22.2\jersey-container-servlet-core-2.22.2.jar;C:\Users\admin\.m2\repository\io\netty\netty-all\4.0.43.Final\netty-all-4.0.43.Final.jar;C:\Users\admin\.m2\repository\io\netty\netty\3.9.9.Final\netty-3.9.9.Final.jar;C:\Users\admin\.m2\repository\com\clearspring\analytics\stream\2.7.0\stream-2.7.0.jar;C:\Users\admin\.m2\repository\io\dropwizard\metrics\metrics-core\3.1.2\metrics-core-3.1.2.jar;C:\Users\admin\.m2\repository\io\dropwizard\metrics\metrics-jvm\3.1.2\metrics-jvm-3.1.2.jar;C:\Users\admin\.m2\repository\io\dropwizard\metrics\metrics-json\3.1.2\metrics-json-3.1.2.jar;C:\Users\admin\.m2\repository\io\dropwizard\metrics\metrics-graphite\3.1.2\metrics-graphite-3.1.2.jar;C:\Users\admin\.m2\repository\com\fasterxml\jackson\core\jackson-databind\2.6.5\jackson-databind-2.6.5.jar;C:\Users\admin\.m2\repository\com\fasterxml\jackson\core\jackson-core\2.6.5\jackson-core-2.6.5.jar;C:\Users\admin\.m2\repository\com\fasterxml\jackson\module\jackson-module-scala_2.11\2.6.5\jackson-module-scala_2.11-2.6.5.jar;C:\Users\admin\.m2\repository\org\scala-lang\scala-reflect\2.11.7\scala-reflect-2.11.7.jar;C:\Users\admin\.m2\repository\com\fasterxml\jackson\module\jackson-module-paranamer\2.6.5\jackson-module-paranamer-2.6.5.jar;C:\Users\admin\.m2\repository\org\apache\ivy\ivy\2.4.0\ivy-2.4.0.jar;C:\Users\admin\.m2\repository\oro\oro\2.0.8\oro-2.0.8.jar;C:\Users\admin\.m2\repository\net\razorvine\pyrolite\4.13\pyrolite-4.13.jar;C:\Users\admin\.m2\repository\net\sf\py4j\py4j\0.10.4\py4j-0.10.4.jar;C:\Users\admin\.m2\repository\org\apache\spark\spark-tags_2.11\2.2.1\spark-tags_2.11-2.2.1.jar;C:\Users\admin\.m2\repository\org\apache\commons\commons-crypto\1.0.0\commons-crypto-1.0.0.jar;C:\Users\admin\.m2\repository\org\spark-project\spark\unused\1.0.0\unused-1.0.0.jar;C:\Users\admin\.m2\repository\org\apache\spark\spark-mllib_2.11\2.2.1\spark-mllib_2.11-2.2.1.jar;C:\Users\admin\.m2\repository\org\apache\spark\spark-streaming_2.11\2.2.1\spark-streaming_2.11-2.2.1.jar;C:\Users\admin\.m2\repository\org\apache\spark\spark-sql_2.11\2.2.1\spark-sql_2.11-2.2.1.jar;C:\Users\admin\.m2\repository\com\univocity\univocity-parsers\2.2.1\univocity-parsers-2.2.1.jar;C:\Users\admin\.m2\repository\org\apache\spark\spark-sketch_2.11\2.2.1\spark-sketch_2.11-2.2.1.jar;C:\Users\admin\.m2\repository\org\apache\spark\spark-catalyst_2.11\2.2.1\spark-catalyst_2.11-2.2.1.jar;C:\Users\admin\.m2\repository\org\codehaus\janino\janino\3.0.0\janino-3.0.0.jar;C:\Users\admin\.m2\repository\org\codehaus\janino\commons-compiler\3.0.0\commons-compiler-3.0.0.jar;C:\Users\admin\.m2\repository\org\antlr\antlr4-runtime\4.5.3\antlr4-runtime-4.5.3.jar;C:\Users\admin\.m2\repository\org\apache\parquet\parquet-column\1.8.2\parquet-column-1.8.2.jar;C:\Users\admin\.m2\repository\org\apache\parquet\parquet-common\1.8.2\parquet-common-1.8.2.jar;C:\Users\admin\.m2\repository\org\apache\parquet\parquet-encoding\1.8.2\parquet-encoding-1.8.2.jar;C:\Users\admin\.m2\repository\org\apache\parquet\parquet-hadoop\1.8.2\parquet-hadoop-1.8.2.jar;C:\Users\admin\.m2\repository\org\apache\parquet\parquet-format\2.3.1\parquet-format-2.3.1.jar;C:\Users\admin\.m2\repository\org\apache\parquet\parquet-jackson\1.8.2\parquet-jackson-1.8.2.jar;C:\Users\admin\.m2\repository\org\apache\spark\spark-graphx_2.11\2.2.1\spark-graphx_2.11-2.2.1.jar;C:\Users\admin\.m2\repository\com\github\fommil\netlib\core\1.1.2\core-1.1.2.jar;C:\Users\admin\.m2\repository\net\sourceforge\f2j\arpack_combined_all\0.1\arpack_combined_all-0.1.jar;C:\Users\admin\.m2\repository\org\apache\spark\spark-mllib-local_2.11\2.2.1\spark-mllib-local_2.11-2.2.1.jar;C:\Users\admin\.m2\repository\org\scalanlp\breeze_2.11\0.13.2\breeze_2.11-0.13.2.jar;C:\Users\admin\.m2\repository\org\scalanlp\breeze-macros_2.11\0.13.2\breeze-macros_2.11-0.13.2.jar;C:\Users\admin\.m2\repository\net\sf\opencsv\opencsv\2.3\opencsv-2.3.jar;C:\Users\admin\.m2\repository\com\github\rwl\jtransforms\2.4.0\jtransforms-2.4.0.jar;C:\Users\admin\.m2\repository\org\spire-math\spire_2.11\0.13.0\spire_2.11-0.13.0.jar;C:\Users\admin\.m2\repository\org\spire-math\spire-macros_2.11\0.13.0\spire-macros_2.11-0.13.0.jar;C:\Users\admin\.m2\repository\org\typelevel\machinist_2.11\0.6.1\machinist_2.11-0.6.1.jar;C:\Users\admin\.m2\repository\com\chuusai\shapeless_2.11\2.3.2\shapeless_2.11-2.3.2.jar;C:\Users\admin\.m2\repository\org\typelevel\macro-compat_2.11\1.1.1\macro-compat_2.11-1.1.1.jar;C:\Users\admin\.m2\repository\org\jpmml\pmml-model\1.2.15\pmml-model-1.2.15.jar;C:\Users\admin\.m2\repository\org\jpmml\pmml-schema\1.2.15\pmml-schema-1.2.15.jar;C:\Program Files (x86)\JetBrains\IntelliJ IDEA 2016.2.4\lib\idea_rt.jar" com.intellij.rt.execution.application.AppMain recommender.TestFM
(38.0,(186,[27,168,177,179,185],[1.0,1.0,1.0,1.0,1.0]))
(30.0,(186,[43,118,177,180,185],[1.0,1.0,1.0,1.0,1.0]))
(10.0,(186,[7,116,176,181,184],[1.0,1.0,1.0,1.0,1.0]))
(13.0,(186,[61,174,178,179,185],[1.0,1.0,1.0,1.0,1.0]))
(30.0,(186,[58,172,177,180,185],[1.0,1.0,1.0,1.0,1.0]))
(15.0,(186,[39,146,176,181,184],[1.0,1.0,1.0,1.0,1.0]))
(9.0,(186,[73,112,176,181,184],[1.0,1.0,1.0,1.0,1.0]))
(56.0,(186,[77,108,176,181,184],[1.0,1.0,1.0,1.0,1.0]))
(47.0,(186,[7,128,178,179,182],[1.0,1.0,1.0,1.0,1.0]))
(22.0,(186,[23,169,176,181,184],[1.0,1.0,1.0,1.0,1.0]))
Training: 3865, test: 992
training sample
(38.0,(186,[27,168,177,179,185],[1.0,1.0,1.0,1.0,1.0]))
(30.0,(186,[43,118,177,180,185],[1.0,1.0,1.0,1.0,1.0]))
(10.0,(186,[7,116,176,181,184],[1.0,1.0,1.0,1.0,1.0]))
(13.0,(186,[61,174,178,179,185],[1.0,1.0,1.0,1.0,1.0]))
(15.0,(186,[39,146,176,181,184],[1.0,1.0,1.0,1.0,1.0]))
(9.0,(186,[73,112,176,181,184],[1.0,1.0,1.0,1.0,1.0]))
(56.0,(186,[77,108,176,181,184],[1.0,1.0,1.0,1.0,1.0]))
(47.0,(186,[7,128,178,179,182],[1.0,1.0,1.0,1.0,1.0]))
(22.0,(186,[23,169,176,181,184],[1.0,1.0,1.0,1.0,1.0]))
(54.0,(186,[66,120,177,180,182],[1.0,1.0,1.0,1.0,1.0]))
test sample
(186,[58,172,177,180,185],[1.0,1.0,1.0,1.0,1.0])
(186,[34,155,176,181,184],[1.0,1.0,1.0,1.0,1.0])
(186,[3,106,176,181,184],[1.0,1.0,1.0,1.0,1.0])
(186,[33,149,178,180,182],[1.0,1.0,1.0,1.0,1.0])
(186,[46,142,178,180,183],[1.0,1.0,1.0,1.0,1.0])
(186,[61,127,176,181,184],[1.0,1.0,1.0,1.0,1.0])
(186,[5,134,176,181,184],[1.0,1.0,1.0,1.0,1.0])
(186,[3,174,176,181,184],[1.0,1.0,1.0,1.0,1.0])
(186,[31,99,176,181,184],[1.0,1.0,1.0,1.0,1.0])
(186,[62,147,177,180,185],[1.0,1.0,1.0,1.0,1.0])
validate: real rating => predicted rating
real 30,000 => predicted 18,714 delta 11,286
real 41,000 => predicted 24,613 delta 16,387
real 38,000 => predicted 23,600 delta 14,400
real 5,000 => predicted 34,522 delta 29,522
real 29,000 => predicted 24,008 delta 4,992
real 51,000 => predicted 5,146 delta 45,854
real 38,000 => predicted 9,364 delta 28,636
real 21,000 => predicted 24,703 delta 3,703
real 50,000 => predicted 44,075 delta 5,925
real 39,000 => predicted 35,089 delta 3,911
real 6,000 => predicted 14,114 delta 8,114
real 49,000 => predicted 24,628 delta 24,372
real 44,000 => predicted 24,622 delta 19,378
real 35,000 => predicted 36,276 delta 1,276
real 39,000 => predicted 30,875 delta 8,125
real 6,000 => predicted 24,253 delta 18,253
real 43,000 => predicted 27,271 delta 15,729
real 24,000 => predicted 34,537 delta 10,537
real 41,000 => predicted 33,457 delta 7,543
real 6,000 => predicted 22,298 delta 16,298
real 38,000 => predicted 22,492 delta 15,508
real 54,000 => predicted 62,098 delta 8,098
real 45,000 => predicted 38,070 delta 6,930
real 1,000 => predicted 32,150 delta 31,150
real 3,000 => predicted 23,399 delta 20,399
real 26,000 => predicted 27,231 delta 1,231
real 14,000 => predicted 40,696 delta 26,696
real 1,000 => predicted 30,267 delta 29,267
real 20,000 => predicted 29,300 delta 9,300
real 54,000 => predicted 36,549 delta 17,451
real 5,000 => predicted 27,516 delta 22,516
real 53,000 => predicted 23,457 delta 29,543
real 29,000 => predicted 16,653 delta 12,347
real 39,000 => predicted 28,101 delta 10,899
real 51,000 => predicted 23,267 delta 27,733
real 23,000 => predicted 32,952 delta 9,952
real 34,000 => predicted 36,413 delta 2,413
real 5,000 => predicted 11,939 delta 6,939
real 40,000 => predicted 27,444 delta 12,556
real 28,000 => predicted 21,433 delta 6,567
real 5,000 => predicted 37,056 delta 32,056
real 4,000 => predicted 35,385 delta 31,385
real 30,000 => predicted 26,756 delta 3,244
real 49,000 => predicted 25,480 delta 23,520
real 36,000 => predicted 22,605 delta 13,395
real 53,000 => predicted 31,738 delta 21,262
real 22,000 => predicted 30,416 delta 8,416
real 5,000 => predicted 26,702 delta 21,702
real 6,000 => predicted 27,086 delta 21,086
real 6,000 => predicted 37,502 delta 31,502
real 13,000 => predicted 28,933 delta 15,933
real 21,000 => predicted 20,221 delta 0,779
real 55,000 => predicted 21,223 delta 33,777
real 5,000 => predicted 18,091 delta 13,091
real 13,000 => predicted 30,299 delta 17,299
real 51,000 => predicted 27,390 delta 23,610
real 43,000 => predicted 1,000 delta 42,000
real 15,000 => predicted 35,994 delta 20,994
real 50,000 => predicted 15,088 delta 34,912
real 28,000 => predicted 12,803 delta 15,197
real 26,000 => predicted 29,710 delta 3,710
real 28,000 => predicted 21,133 delta 6,867
real 5,000 => predicted 26,228 delta 21,228
real 48,000 => predicted 40,132 delta 7,868
real 5,000 => predicted 12,022 delta 7,022
real 25,000 => predicted 25,658 delta 0,658
real 43,000 => predicted 12,812 delta 30,188
real 4,000 => predicted 27,149 delta 23,149
real 10,000 => predicted 6,426 delta 3,574
real 12,000 => predicted 22,306 delta 10,306
real 48,000 => predicted 14,587 delta 33,413
real 19,000 => predicted 44,626 delta 25,626
real 10,000 => predicted 32,159 delta 22,159
real 55,000 => predicted 33,730 delta 21,270
real 4,000 => predicted 31,013 delta 27,013
real 29,000 => predicted 13,744 delta 15,256
real 53,000 => predicted 26,601 delta 26,399
real 29,000 => predicted 40,941 delta 11,941
real 6,000 => predicted 27,551 delta 21,551
real 53,000 => predicted 16,308 delta 36,692
real 34,000 => predicted 27,228 delta 6,772
real 45,000 => predicted 20,026 delta 24,974
real 40,000 => predicted 18,948 delta 21,052
real 50,000 => predicted 36,866 delta 13,134
real 4,000 => predicted 38,096 delta 34,096
real 3,000 => predicted 26,766 delta 23,766
real 31,000 => predicted 14,958 delta 16,042
real 40,000 => predicted 36,161 delta 3,839
real 6,000 => predicted 39,886 delta 33,886
real 54,000 => predicted 29,898 delta 24,102
real 33,000 => predicted 38,167 delta 5,167
real 8,000 => predicted 17,803 delta 9,803
real 38,000 => predicted 37,982 delta 0,018
real 20,000 => predicted 26,921 delta 6,921
real 38,000 => predicted 30,760 delta 7,240
real 34,000 => predicted 22,112 delta 11,888
real 40,000 => predicted 27,964 delta 12,036
real 53,000 => predicted 9,010 delta 43,990
real 56,000 => predicted 24,982 delta 31,018
real 40,000 => predicted 50,481 delta 10,481
real 20,000 => predicted 21,638 delta 1,638
real 4,000 => predicted 42,462 delta 38,462
real 13,000 => predicted 24,129 delta 11,129
real 10,000 => predicted 24,953 delta 14,953
real 13,000 => predicted 21,932 delta 8,932
real 14,000 => predicted 44,599 delta 30,599
real 23,000 => predicted 27,122 delta 4,122
real 36,000 => predicted 27,121 delta 8,879
real 50,000 => predicted 19,462 delta 30,538
real 3,000 => predicted 19,017 delta 16,017
real 6,000 => predicted 29,652 delta 23,652
real 25,000 => predicted 22,089 delta 2,911
real 46,000 => predicted 24,066 delta 21,934
real 38,000 => predicted 19,759 delta 18,241
real 4,000 => predicted 35,289 delta 31,289
real 1,000 => predicted 24,203 delta 23,203
real 54,000 => predicted 58,858 delta 4,858
real 10,000 => predicted 54,504 delta 44,504
real 4,000 => predicted 16,800 delta 12,800
real 45,000 => predicted 23,312 delta 21,688
real 44,000 => predicted 21,522 delta 22,478
real 51,000 => predicted 40,550 delta 10,450
real 8,000 => predicted 27,474 delta 19,474
real 24,000 => predicted 37,179 delta 13,179
real 11,000 => predicted 24,104 delta 13,104
real 54,000 => predicted 28,626 delta 25,374
real 25,000 => predicted 34,507 delta 9,507
real 39,000 => predicted 30,400 delta 8,600
real 40,000 => predicted 33,797 delta 6,203
real 41,000 => predicted 28,420 delta 12,580
real 8,000 => predicted 20,922 delta 12,922
real 48,000 => predicted 17,697 delta 30,303
real 6,000 => predicted 27,478 delta 21,478
real 9,000 => predicted 18,937 delta 9,937
real 3,000 => predicted 30,632 delta 27,632
real 44,000 => predicted 28,639 delta 15,361
real 19,000 => predicted 29,234 delta 10,234
real 44,000 => predicted 31,180 delta 12,820
real 14,000 => predicted 22,302 delta 8,302
real 12,000 => predicted 84,552 delta 72,552
real 34,000 => predicted 32,912 delta 1,088
real 3,000 => predicted 16,019 delta 13,019
real 5,000 => predicted 20,170 delta 15,170
real 9,000 => predicted 24,538 delta 15,538
real 24,000 => predicted 36,436 delta 12,436
real 18,000 => predicted 38,500 delta 20,500
real 8,000 => predicted 18,847 delta 10,847
real 17,000 => predicted 26,834 delta 9,834
real 26,000 => predicted 35,395 delta 9,395
real 11,000 => predicted 24,171 delta 13,171
real 15,000 => predicted 26,458 delta 11,458
real 4,000 => predicted 27,172 delta 23,172
real 10,000 => predicted 29,845 delta 19,845
real 43,000 => predicted 24,481 delta 18,519
real 15,000 => predicted 26,336 delta 11,336
real 10,000 => predicted 15,271 delta 5,271
real 51,000 => predicted 22,896 delta 28,104
real 41,000 => predicted 20,404 delta 20,596
real 23,000 => predicted 28,023 delta 5,023
real 20,000 => predicted 56,181 delta 36,181
real 10,000 => predicted 39,449 delta 29,449
real 28,000 => predicted 22,733 delta 5,267
real 6,000 => predicted 21,318 delta 15,318
real 52,000 => predicted 20,241 delta 31,759
real 55,000 => predicted 17,095 delta 37,905
real 46,000 => predicted 23,296 delta 22,704
real 3,000 => predicted 20,465 delta 17,465
real 54,000 => predicted 34,874 delta 19,126
real 54,000 => predicted 40,887 delta 13,113
real 5,000 => predicted 16,370 delta 11,370
real 11,000 => predicted 22,420 delta 11,420
real 23,000 => predicted 35,099 delta 12,099
real 16,000 => predicted 48,937 delta 32,937
real 33,000 => predicted 7,869 delta 25,131
real 45,000 => predicted 32,622 delta 12,378
real 2,000 => predicted 15,996 delta 13,996
real 25,000 => predicted 21,581 delta 3,419
real 10,000 => predicted 23,165 delta 13,165
real 46,000 => predicted 24,266 delta 21,734
real 5,000 => predicted 34,694 delta 29,694
real 12,000 => predicted 30,319 delta 18,319
real 46,000 => predicted 39,483 delta 6,517
real 18,000 => predicted 31,591 delta 13,591
real 2,000 => predicted 30,860 delta 28,860
real 31,000 => predicted 16,143 delta 14,857
real 55,000 => predicted 33,710 delta 21,290
real 9,000 => predicted 31,358 delta 22,358
real 4,000 => predicted 33,551 delta 29,551
real 20,000 => predicted 38,642 delta 18,642
real 22,000 => predicted 42,629 delta 20,629
real 33,000 => predicted 16,915 delta 16,085
real 15,000 => predicted 20,509 delta 5,509
real 14,000 => predicted 10,688 delta 3,312
real 20,000 => predicted 30,201 delta 10,201
real 18,000 => predicted 33,906 delta 15,906
real 29,000 => predicted 28,154 delta 0,846
real 55,000 => predicted 28,629 delta 26,371
real 25,000 => predicted 36,091 delta 11,091
real 5,000 => predicted 30,557 delta 25,557
real 11,000 => predicted 37,988 delta 26,988
real 36,000 => predicted 23,701 delta 12,299
real 53,000 => predicted 52,068 delta 0,932
real 45,000 => predicted 30,166 delta 14,834
real 26,000 => predicted 27,361 delta 1,361
real 1,000 => predicted 18,640 delta 17,640
real 25,000 => predicted 24,727 delta 0,273
real 6,000 => predicted 33,301 delta 27,301
real 45,000 => predicted 22,098 delta 22,902
real 33,000 => predicted 19,830 delta 13,170
real 41,000 => predicted 20,591 delta 20,409
real 3,000 => predicted 35,145 delta 32,145
real 39,000 => predicted 27,546 delta 11,454
real 51,000 => predicted 19,299 delta 31,701
real 10,000 => predicted 30,882 delta 20,882
real 3,000 => predicted 17,782 delta 14,782
real 39,000 => predicted 25,762 delta 13,238
real 35,000 => predicted 28,397 delta 6,603
real 49,000 => predicted 38,845 delta 10,155
real 29,000 => predicted 39,456 delta 10,456
real 6,000 => predicted 11,114 delta 5,114
real 15,000 => predicted 26,159 delta 11,159
real 51,000 => predicted 21,401 delta 29,599
real 1,000 => predicted 39,610 delta 38,610
real 44,000 => predicted 27,346 delta 16,654
real 16,000 => predicted 21,766 delta 5,766
real 32,000 => predicted 19,150 delta 12,850
real 21,000 => predicted 32,895 delta 11,895
real 31,000 => predicted 11,086 delta 19,914
real 4,000 => predicted 30,145 delta 26,145
real 28,000 => predicted 32,733 delta 4,733
real 16,000 => predicted 13,585 delta 2,415
real 54,000 => predicted 28,384 delta 25,616
real 21,000 => predicted 41,366 delta 20,366
real 21,000 => predicted 50,695 delta 29,695
real 44,000 => predicted 26,692 delta 17,308
real 18,000 => predicted 33,563 delta 15,563
real 4,000 => predicted 36,835 delta 32,835
real 15,000 => predicted 35,649 delta 20,649
real 20,000 => predicted 44,795 delta 24,795
real 42,000 => predicted 24,074 delta 17,926
real 33,000 => predicted 64,262 delta 31,262
real 55,000 => predicted 19,036 delta 35,964
real 48,000 => predicted 19,407 delta 28,593
real 56,000 => predicted 18,772 delta 37,228
real 53,000 => predicted 24,127 delta 28,873
real 11,000 => predicted 9,143 delta 1,857
real 51,000 => predicted 35,710 delta 15,290
real 4,000 => predicted 5,457 delta 1,457
real 48,000 => predicted 32,355 delta 15,645
real 6,000 => predicted 12,287 delta 6,287
real 31,000 => predicted 11,929 delta 19,071
real 11,000 => predicted 23,566 delta 12,566
real 26,000 => predicted 45,360 delta 19,360
real 26,000 => predicted 35,922 delta 9,922
real 4,000 => predicted 20,292 delta 16,292
real 6,000 => predicted 25,784 delta 19,784
real 5,000 => predicted 48,933 delta 43,933
real 6,000 => predicted 27,805 delta 21,805
real 5,000 => predicted 28,361 delta 23,361
real 28,000 => predicted 37,182 delta 9,182
real 19,000 => predicted 19,050 delta 0,050
real 10,000 => predicted 16,077 delta 6,077
real 9,000 => predicted 35,752 delta 26,752
real 11,000 => predicted 19,955 delta 8,955
real 55,000 => predicted 25,379 delta 29,621
real 11,000 => predicted 22,425 delta 11,425
real 16,000 => predicted 20,706 delta 4,706
real 14,000 => predicted 13,952 delta 0,048
real 41,000 => predicted 13,734 delta 27,266
real 55,000 => predicted 55,795 delta 0,795
real 22,000 => predicted 38,613 delta 16,613
real 5,000 => predicted 42,217 delta 37,217
real 5,000 => predicted 21,237 delta 16,237
real 28,000 => predicted 23,007 delta 4,993
real 54,000 => predicted 20,208 delta 33,792
real 45,000 => predicted 40,490 delta 4,510
real 3,000 => predicted 24,457 delta 21,457
real 39,000 => predicted 25,552 delta 13,448
real 48,000 => predicted 20,574 delta 27,426
real 1,000 => predicted 45,796 delta 44,796
real 56,000 => predicted 29,830 delta 26,170
real 36,000 => predicted 43,208 delta 7,208
real 35,000 => predicted 44,101 delta 9,101
real 5,000 => predicted 20,409 delta 15,409
real 11,000 => predicted 39,201 delta 28,201
real 50,000 => predicted 25,737 delta 24,263
real 19,000 => predicted 24,838 delta 5,838
real 12,000 => predicted 31,075 delta 19,075
real 17,000 => predicted 38,407 delta 21,407
real 5,000 => predicted 26,343 delta 21,343
real 41,000 => predicted 25,614 delta 15,386
real 36,000 => predicted 13,448 delta 22,552
real 50,000 => predicted 25,368 delta 24,632
real 35,000 => predicted 28,881 delta 6,119
real 3,000 => predicted 33,537 delta 30,537
real 41,000 => predicted 29,780 delta 11,220
real 51,000 => predicted 44,676 delta 6,324
real 9,000 => predicted 12,244 delta 3,244
real 28,000 => predicted 41,777 delta 13,777
real 36,000 => predicted 27,587 delta 8,413
real 48,000 => predicted 30,679 delta 17,321
real 14,000 => predicted 11,909 delta 2,091
real 44,000 => predicted 30,022 delta 13,978
real 10,000 => predicted 38,352 delta 28,352
real 41,000 => predicted 49,913 delta 8,913
real 21,000 => predicted 24,942 delta 3,942
real 9,000 => predicted 28,131 delta 19,131
real 39,000 => predicted 24,457 delta 14,543
real 35,000 => predicted 11,159 delta 23,841
real 36,000 => predicted 52,219 delta 16,219
real 9,000 => predicted 27,435 delta 18,435
real 34,000 => predicted 8,744 delta 25,256
real 15,000 => predicted 45,957 delta 30,957
real 26,000 => predicted 26,357 delta 0,357
real 46,000 => predicted 10,686 delta 35,314
real 36,000 => predicted 18,647 delta 17,353
real 29,000 => predicted 21,036 delta 7,964
real 5,000 => predicted 22,299 delta 17,299
real 4,000 => predicted 21,578 delta 17,578
real 16,000 => predicted 40,469 delta 24,469
real 26,000 => predicted 22,542 delta 3,458
real 5,000 => predicted 36,898 delta 31,898
real 6,000 => predicted 19,203 delta 13,203
real 45,000 => predicted 27,023 delta 17,977
real 48,000 => predicted 1,000 delta 47,000
real 5,000 => predicted 38,990 delta 33,990
real 54,000 => predicted 22,326 delta 31,674
real 6,000 => predicted 30,763 delta 24,763
real 4,000 => predicted 29,530 delta 25,530
real 6,000 => predicted 21,004 delta 15,004
real 10,000 => predicted 37,304 delta 27,304
real 5,000 => predicted 24,982 delta 19,982
real 56,000 => predicted 30,534 delta 25,466
real 1,000 => predicted 31,149 delta 30,149
real 4,000 => predicted 37,625 delta 33,625
real 50,000 => predicted 17,732 delta 32,268
real 31,000 => predicted 19,386 delta 11,614
real 43,000 => predicted 16,080 delta 26,920
real 54,000 => predicted 34,261 delta 19,739
real 26,000 => predicted 43,857 delta 17,857
real 25,000 => predicted 62,530 delta 37,530
real 8,000 => predicted 27,428 delta 19,428
real 6,000 => predicted 25,707 delta 19,707
real 24,000 => predicted 33,409 delta 9,409
real 4,000 => predicted 39,559 delta 35,559
real 29,000 => predicted 22,831 delta 6,169
real 40,000 => predicted 20,334 delta 19,666
real 21,000 => predicted 27,548 delta 6,548
real 21,000 => predicted 44,026 delta 23,026
real 43,000 => predicted 19,874 delta 23,126
real 13,000 => predicted 24,254 delta 11,254
real 6,000 => predicted 22,490 delta 16,490
real 50,000 => predicted 25,599 delta 24,401
real 55,000 => predicted 15,114 delta 39,886
real 9,000 => predicted 15,538 delta 6,538
real 8,000 => predicted 33,538 delta 25,538
real 28,000 => predicted 24,906 delta 3,094
real 6,000 => predicted 27,965 delta 21,965
real 54,000 => predicted 35,315 delta 18,685
real 25,000 => predicted 19,679 delta 5,321
real 38,000 => predicted 2,281 delta 35,719
real 56,000 => predicted 20,109 delta 35,891
real 26,000 => predicted 27,718 delta 1,718
real 23,000 => predicted 23,627 delta 0,627
real 35,000 => predicted 20,373 delta 14,627
real 16,000 => predicted 21,657 delta 5,657
real 11,000 => predicted 35,435 delta 24,435
real 4,000 => predicted 24,036 delta 20,036
real 20,000 => predicted 46,175 delta 26,175
real 36,000 => predicted 22,278 delta 13,722
real 38,000 => predicted 29,581 delta 8,419
real 20,000 => predicted 42,608 delta 22,608
real 19,000 => predicted 34,082 delta 15,082
real 49,000 => predicted 17,560 delta 31,440
real 20,000 => predicted 1,000 delta 19,000
real 20,000 => predicted 29,189 delta 9,189
real 12,000 => predicted 38,136 delta 26,136
real 56,000 => predicted 17,963 delta 38,037
real 9,000 => predicted 21,604 delta 12,604
real 10,000 => predicted 13,504 delta 3,504
real 46,000 => predicted 29,590 delta 16,410
real 19,000 => predicted 26,120 delta 7,120
real 40,000 => predicted 26,136 delta 13,864
real 15,000 => predicted 15,394 delta 0,394
real 44,000 => predicted 59,343 delta 15,343
real 10,000 => predicted 35,998 delta 25,998
real 25,000 => predicted 20,867 delta 4,133
real 24,000 => predicted 31,486 delta 7,486
real 46,000 => predicted 33,483 delta 12,517
real 39,000 => predicted 19,128 delta 19,872
real 3,000 => predicted 22,739 delta 19,739
real 38,000 => predicted 24,387 delta 13,613
real 26,000 => predicted 35,344 delta 9,344
real 5,000 => predicted 39,601 delta 34,601
real 48,000 => predicted 33,129 delta 14,871
real 20,000 => predicted 24,175 delta 4,175
real 33,000 => predicted 38,626 delta 5,626
real 21,000 => predicted 23,146 delta 2,146
real 51,000 => predicted 25,826 delta 25,174
real 3,000 => predicted 28,745 delta 25,745
real 53,000 => predicted 33,393 delta 19,607
real 6,000 => predicted 15,745 delta 9,745
real 8,000 => predicted 22,537 delta 14,537
real 48,000 => predicted 34,449 delta 13,551
real 21,000 => predicted 37,057 delta 16,057
real 10,000 => predicted 29,394 delta 19,394
real 49,000 => predicted 33,809 delta 15,191
real 44,000 => predicted 27,959 delta 16,041
real 23,000 => predicted 43,882 delta 20,882
real 30,000 => predicted 25,248 delta 4,752
real 40,000 => predicted 28,123 delta 11,877
real 16,000 => predicted 22,357 delta 6,357
real 40,000 => predicted 31,592 delta 8,408
real 45,000 => predicted 30,360 delta 14,640
real 40,000 => predicted 22,827 delta 17,173
real 2,000 => predicted 34,834 delta 32,834
real 18,000 => predicted 31,578 delta 13,578
real 5,000 => predicted 24,329 delta 19,329
real 46,000 => predicted 37,378 delta 8,622
real 40,000 => predicted 37,980 delta 2,020
real 16,000 => predicted 26,125 delta 10,125
real 21,000 => predicted 29,884 delta 8,884
real 54,000 => predicted 29,327 delta 24,673
real 44,000 => predicted 26,910 delta 17,090
real 10,000 => predicted 35,005 delta 25,005
real 55,000 => predicted 21,420 delta 33,580
real 56,000 => predicted 28,142 delta 27,858
real 49,000 => predicted 26,929 delta 22,071
real 36,000 => predicted 14,449 delta 21,551
real 45,000 => predicted 26,338 delta 18,662
real 18,000 => predicted 1,646 delta 16,354
real 3,000 => predicted 39,253 delta 36,253
real 19,000 => predicted 30,890 delta 11,890
real 54,000 => predicted 31,951 delta 22,049
real 37,000 => predicted 19,606 delta 17,394
real 31,000 => predicted 18,538 delta 12,462
real 34,000 => predicted 47,307 delta 13,307
real 21,000 => predicted 30,572 delta 9,572
real 24,000 => predicted 48,567 delta 24,567
real 30,000 => predicted 44,186 delta 14,186
real 36,000 => predicted 31,494 delta 4,506
real 44,000 => predicted 18,660 delta 25,340
real 6,000 => predicted 34,030 delta 28,030
real 48,000 => predicted 20,081 delta 27,919
real 5,000 => predicted 23,838 delta 18,838
real 41,000 => predicted 20,014 delta 20,986
real 44,000 => predicted 26,085 delta 17,915
real 40,000 => predicted 18,107 delta 21,893
real 16,000 => predicted 5,573 delta 10,427
real 5,000 => predicted 22,397 delta 17,397
real 46,000 => predicted 30,633 delta 15,367
real 54,000 => predicted 14,888 delta 39,112
real 28,000 => predicted 21,810 delta 6,190
real 54,000 => predicted 28,522 delta 25,478
real 31,000 => predicted 36,731 delta 5,731
real 17,000 => predicted 21,780 delta 4,780
real 6,000 => predicted 41,288 delta 35,288
real 6,000 => predicted 29,506 delta 23,506
real 31,000 => predicted 26,216 delta 4,784
real 29,000 => predicted 7,978 delta 21,022
real 10,000 => predicted 17,216 delta 7,216
real 6,000 => predicted 27,184 delta 21,184
real 29,000 => predicted 23,156 delta 5,844
real 19,000 => predicted 27,727 delta 8,727
real 44,000 => predicted 30,230 delta 13,770
real 51,000 => predicted 19,000 delta 32,000
real 9,000 => predicted 20,005 delta 11,005
real 50,000 => predicted 20,413 delta 29,587
real 53,000 => predicted 27,546 delta 25,454
real 11,000 => predicted 22,737 delta 11,737
real 3,000 => predicted 35,976 delta 32,976
real 26,000 => predicted 21,547 delta 4,453
real 21,000 => predicted 31,881 delta 10,881
real 4,000 => predicted 44,669 delta 40,669
real 4,000 => predicted 48,969 delta 44,969
real 38,000 => predicted 26,244 delta 11,756
real 34,000 => predicted 18,082 delta 15,918
real 24,000 => predicted 12,468 delta 11,532
real 25,000 => predicted 29,590 delta 4,590
real 2,000 => predicted 25,126 delta 23,126
real 13,000 => predicted 25,913 delta 12,913
real 52,000 => predicted 27,203 delta 24,797
real 55,000 => predicted 26,578 delta 28,422
real 31,000 => predicted 23,806 delta 7,194
real 13,000 => predicted 43,293 delta 30,293
real 19,000 => predicted 24,248 delta 5,248
real 25,000 => predicted 26,746 delta 1,746
real 30,000 => predicted 43,702 delta 13,702
real 31,000 => predicted 41,986 delta 10,986
real 30,000 => predicted 20,401 delta 9,599
real 39,000 => predicted 17,636 delta 21,364
real 6,000 => predicted 33,952 delta 27,952
real 28,000 => predicted 26,101 delta 1,899
real 8,000 => predicted 29,083 delta 21,083
real 5,000 => predicted 26,517 delta 21,517
real 50,000 => predicted 37,353 delta 12,647
real 40,000 => predicted 31,664 delta 8,336
real 3,000 => predicted 35,481 delta 32,481
real 26,000 => predicted 30,178 delta 4,178
real 30,000 => predicted 21,735 delta 8,265
real 11,000 => predicted 24,931 delta 13,931
real 28,000 => predicted 26,525 delta 1,475
real 40,000 => predicted 34,909 delta 5,091
real 25,000 => predicted 29,126 delta 4,126
real 28,000 => predicted 37,411 delta 9,411
real 38,000 => predicted 32,762 delta 5,238
real 35,000 => predicted 32,722 delta 2,278
real 15,000 => predicted 20,584 delta 5,584
real 25,000 => predicted 15,898 delta 9,102
real 36,000 => predicted 33,096 delta 2,904
real 34,000 => predicted 18,205 delta 15,795
real 19,000 => predicted 25,629 delta 6,629
real 44,000 => predicted 25,524 delta 18,476
real 4,000 => predicted 30,184 delta 26,184
real 36,000 => predicted 33,321 delta 2,679
real 15,000 => predicted 30,826 delta 15,826
real 41,000 => predicted 35,168 delta 5,832
real 48,000 => predicted 21,250 delta 26,750
real 36,000 => predicted 39,227 delta 3,227
real 16,000 => predicted 32,358 delta 16,358
real 46,000 => predicted 34,068 delta 11,932
real 49,000 => predicted 29,857 delta 19,143
real 3,000 => predicted 41,476 delta 38,476
real 29,000 => predicted 15,075 delta 13,925
real 2,000 => predicted 24,531 delta 22,531
real 9,000 => predicted 16,545 delta 7,545
real 40,000 => predicted 39,017 delta 0,983
real 28,000 => predicted 26,419 delta 1,581
real 18,000 => predicted 3,626 delta 14,374
real 46,000 => predicted 30,566 delta 15,434
real 45,000 => predicted 45,646 delta 0,646
real 4,000 => predicted 29,349 delta 25,349
real 40,000 => predicted 37,143 delta 2,857
real 26,000 => predicted 31,139 delta 5,139
real 46,000 => predicted 33,192 delta 12,808
real 20,000 => predicted 36,450 delta 16,450
real 54,000 => predicted 14,271 delta 39,729
real 5,000 => predicted 29,705 delta 24,705
real 55,000 => predicted 11,430 delta 43,570
real 29,000 => predicted 37,534 delta 8,534
real 43,000 => predicted 32,294 delta 10,706
real 23,000 => predicted 19,674 delta 3,326
real 30,000 => predicted 39,724 delta 9,724
real 39,000 => predicted 26,236 delta 12,764
real 36,000 => predicted 25,632 delta 10,368
real 9,000 => predicted 26,371 delta 17,371
real 39,000 => predicted 31,313 delta 7,687
real 14,000 => predicted 21,857 delta 7,857
real 12,000 => predicted 26,430 delta 14,430
real 13,000 => predicted 31,471 delta 18,471
real 33,000 => predicted 28,911 delta 4,089
real 2,000 => predicted 26,701 delta 24,701
real 13,000 => predicted 29,741 delta 16,741
real 16,000 => predicted 11,257 delta 4,743
real 6,000 => predicted 29,615 delta 23,615
real 34,000 => predicted 28,063 delta 5,937
real 3,000 => predicted 28,681 delta 25,681
real 6,000 => predicted 21,478 delta 15,478
real 4,000 => predicted 40,341 delta 36,341
real 56,000 => predicted 10,002 delta 45,998
real 33,000 => predicted 30,964 delta 2,036
real 24,000 => predicted 12,534 delta 11,466
real 39,000 => predicted 33,873 delta 5,127
real 50,000 => predicted 44,762 delta 5,238
real 43,000 => predicted 27,287 delta 15,713
real 3,000 => predicted 1,000 delta 2,000
real 39,000 => predicted 39,642 delta 0,642
real 46,000 => predicted 25,157 delta 20,843
real 34,000 => predicted 37,161 delta 3,161
real 31,000 => predicted 32,268 delta 1,268
real 6,000 => predicted 28,567 delta 22,567
real 55,000 => predicted 19,337 delta 35,663
real 50,000 => predicted 8,931 delta 41,069
real 5,000 => predicted 20,455 delta 15,455
real 23,000 => predicted 23,322 delta 0,322
real 46,000 => predicted 23,712 delta 22,288
real 55,000 => predicted 29,733 delta 25,267
real 53,000 => predicted 22,247 delta 30,753
real 30,000 => predicted 24,109 delta 5,891
real 39,000 => predicted 26,091 delta 12,909
real 8,000 => predicted 29,549 delta 21,549
real 51,000 => predicted 22,590 delta 28,410
real 38,000 => predicted 29,824 delta 8,176
real 18,000 => predicted 17,410 delta 0,590
real 34,000 => predicted 37,232 delta 3,232
real 2,000 => predicted 30,166 delta 28,166
real 49,000 => predicted 29,365 delta 19,635
real 31,000 => predicted 28,510 delta 2,490
real 25,000 => predicted 29,595 delta 4,595
real 33,000 => predicted 25,795 delta 7,205
real 6,000 => predicted 26,779 delta 20,779
real 49,000 => predicted 36,959 delta 12,041
real 2,000 => predicted 31,779 delta 29,779
real 36,000 => predicted 17,859 delta 18,141
real 33,000 => predicted 31,094 delta 1,906
real 4,000 => predicted 18,837 delta 14,837
real 44,000 => predicted 34,927 delta 9,073
real 22,000 => predicted 31,323 delta 9,323
real 53,000 => predicted 24,554 delta 28,446
real 44,000 => predicted 27,303 delta 16,697
real 33,000 => predicted 28,039 delta 4,961
real 26,000 => predicted 19,971 delta 6,029
real 24,000 => predicted 24,426 delta 0,426
real 55,000 => predicted 26,125 delta 28,875
real 54,000 => predicted 58,579 delta 4,579
real 38,000 => predicted 25,944 delta 12,056
real 30,000 => predicted 19,085 delta 10,915
real 4,000 => predicted 15,086 delta 11,086
real 5,000 => predicted 23,518 delta 18,518
real 40,000 => predicted 54,488 delta 14,488
real 2,000 => predicted 6,280 delta 4,280
real 45,000 => predicted 13,767 delta 31,233
real 21,000 => predicted 46,440 delta 25,440
real 48,000 => predicted 34,414 delta 13,586
real 56,000 => predicted 27,037 delta 28,963
real 10,000 => predicted 25,963 delta 15,963
real 25,000 => predicted 44,332 delta 19,332
real 4,000 => predicted 21,816 delta 17,816
real 18,000 => predicted 17,228 delta 0,772
real 9,000 => predicted 33,256 delta 24,256
real 40,000 => predicted 11,675 delta 28,325
real 43,000 => predicted 21,476 delta 21,524
real 29,000 => predicted 19,868 delta 9,132
real 10,000 => predicted 25,261 delta 15,261
real 25,000 => predicted 27,674 delta 2,674
real 46,000 => predicted 27,971 delta 18,029
real 15,000 => predicted 11,181 delta 3,819
real 50,000 => predicted 23,520 delta 26,480
real 26,000 => predicted 28,030 delta 2,030
real 48,000 => predicted 31,939 delta 16,061
real 6,000 => predicted 16,567 delta 10,567
real 43,000 => predicted 24,303 delta 18,697
real 39,000 => predicted 50,626 delta 11,626
real 49,000 => predicted 30,939 delta 18,061
real 26,000 => predicted 12,821 delta 13,179
real 25,000 => predicted 29,048 delta 4,048
real 35,000 => predicted 23,152 delta 11,848
real 44,000 => predicted 16,101 delta 27,899
real 6,000 => predicted 35,435 delta 29,435
real 54,000 => predicted 25,365 delta 28,635
real 13,000 => predicted 34,794 delta 21,794
real 40,000 => predicted 66,751 delta 26,751
real 5,000 => predicted 22,527 delta 17,527
real 9,000 => predicted 29,515 delta 20,515
real 22,000 => predicted 29,250 delta 7,250
real 55,000 => predicted 21,908 delta 33,092
real 12,000 => predicted 14,906 delta 2,906
real 50,000 => predicted 20,634 delta 29,366
real 38,000 => predicted 19,129 delta 18,871
real 15,000 => predicted 31,250 delta 16,250
real 4,000 => predicted 15,644 delta 11,644
real 20,000 => predicted 16,930 delta 3,070
real 36,000 => predicted 24,686 delta 11,314
real 16,000 => predicted 24,709 delta 8,709
real 4,000 => predicted 8,590 delta 4,590
real 25,000 => predicted 30,500 delta 5,500
real 20,000 => predicted 41,988 delta 21,988
real 39,000 => predicted 22,908 delta 16,092
real 34,000 => predicted 19,280 delta 14,720
real 11,000 => predicted 9,674 delta 1,326
real 26,000 => predicted 34,946 delta 8,946
real 39,000 => predicted 49,087 delta 10,087
real 4,000 => predicted 18,538 delta 14,538
real 56,000 => predicted 29,790 delta 26,210
real 21,000 => predicted 27,188 delta 6,188
real 5,000 => predicted 16,530 delta 11,530
real 56,000 => predicted 25,941 delta 30,059
real 5,000 => predicted 21,122 delta 16,122
real 16,000 => predicted 34,613 delta 18,613
real 29,000 => predicted 27,291 delta 1,709
real 29,000 => predicted 16,480 delta 12,520
real 22,000 => predicted 25,271 delta 3,271
real 56,000 => predicted 40,550 delta 15,450
real 4,000 => predicted 18,027 delta 14,027
real 9,000 => predicted 17,257 delta 8,257
real 56,000 => predicted 29,901 delta 26,099
real 13,000 => predicted 39,320 delta 26,320
real 11,000 => predicted 20,581 delta 9,581
real 51,000 => predicted 8,723 delta 42,277
real 37,000 => predicted 24,855 delta 12,145
real 51,000 => predicted 19,757 delta 31,243
real 36,000 => predicted 1,000 delta 35,000
real 24,000 => predicted 16,778 delta 7,222
real 46,000 => predicted 15,275 delta 30,725
real 29,000 => predicted 35,840 delta 6,840
real 50,000 => predicted 14,811 delta 35,189
real 4,000 => predicted 30,463 delta 26,463
real 49,000 => predicted 34,344 delta 14,656
real 40,000 => predicted 24,474 delta 15,526
real 5,000 => predicted 24,750 delta 19,750
real 2,000 => predicted 29,472 delta 27,472
real 31,000 => predicted 31,263 delta 0,263
real 31,000 => predicted 34,463 delta 3,463
real 44,000 => predicted 29,261 delta 14,739
real 6,000 => predicted 38,656 delta 32,656
real 15,000 => predicted 25,542 delta 10,542
real 51,000 => predicted 34,787 delta 16,213
real 28,000 => predicted 19,766 delta 8,234
real 20,000 => predicted 1,000 delta 19,000
real 48,000 => predicted 26,237 delta 21,763
real 22,000 => predicted 16,699 delta 5,301
real 21,000 => predicted 31,318 delta 10,318
real 29,000 => predicted 18,386 delta 10,614
real 3,000 => predicted 21,805 delta 18,805
real 20,000 => predicted 27,861 delta 7,861
real 16,000 => predicted 17,904 delta 1,904
real 54,000 => predicted 1,000 delta 53,000
real 4,000 => predicted 35,277 delta 31,277
real 49,000 => predicted 12,477 delta 36,523
real 41,000 => predicted 32,304 delta 8,696
real 20,000 => predicted 37,906 delta 17,906
real 50,000 => predicted 17,591 delta 32,409
real 52,000 => predicted 16,496 delta 35,504
real 38,000 => predicted 38,099 delta 0,099
real 21,000 => predicted 39,574 delta 18,574
real 23,000 => predicted 26,046 delta 3,046
real 12,000 => predicted 20,732 delta 8,732
real 48,000 => predicted 27,480 delta 20,520
real 5,000 => predicted 24,294 delta 19,294
real 21,000 => predicted 22,687 delta 1,687
real 48,000 => predicted 47,362 delta 0,638
real 23,000 => predicted 20,454 delta 2,546
real 5,000 => predicted 17,376 delta 12,376
real 3,000 => predicted 8,841 delta 5,841
real 10,000 => predicted 19,270 delta 9,270
real 30,000 => predicted 28,872 delta 1,128
real 29,000 => predicted 21,680 delta 7,320
real 15,000 => predicted 20,811 delta 5,811
real 17,000 => predicted 35,933 delta 18,933
real 15,000 => predicted 26,205 delta 11,205
real 25,000 => predicted 23,232 delta 1,768
real 30,000 => predicted 39,816 delta 9,816
real 21,000 => predicted 31,403 delta 10,403
real 45,000 => predicted 27,737 delta 17,263
real 8,000 => predicted 21,786 delta 13,786
real 25,000 => predicted 40,576 delta 15,576
real 20,000 => predicted 28,755 delta 8,755
real 34,000 => predicted 31,056 delta 2,944
real 25,000 => predicted 22,792 delta 2,208
real 42,000 => predicted 13,280 delta 28,720
real 34,000 => predicted 19,076 delta 14,924
real 30,000 => predicted 28,436 delta 1,564
real 32,000 => predicted 61,782 delta 29,782
real 54,000 => predicted 43,646 delta 10,354
real 40,000 => predicted 24,745 delta 15,255
real 46,000 => predicted 44,307 delta 1,693
real 4,000 => predicted 39,250 delta 35,250
real 3,000 => predicted 18,302 delta 15,302
real 15,000 => predicted 22,530 delta 7,530
real 55,000 => predicted 13,088 delta 41,912
real 51,000 => predicted 38,635 delta 12,365
real 31,000 => predicted 21,817 delta 9,183
real 19,000 => predicted 41,310 delta 22,310
real 14,000 => predicted 32,687 delta 18,687
real 3,000 => predicted 26,239 delta 23,239
real 54,000 => predicted 12,803 delta 41,197
real 18,000 => predicted 33,207 delta 15,207
real 15,000 => predicted 52,258 delta 37,258
real 50,000 => predicted 24,772 delta 25,228
real 43,000 => predicted 45,111 delta 2,111
real 9,000 => predicted 16,698 delta 7,698
real 5,000 => predicted 15,693 delta 10,693
real 25,000 => predicted 22,225 delta 2,775
real 5,000 => predicted 16,878 delta 11,878
real 24,000 => predicted 41,722 delta 17,722
real 39,000 => predicted 31,152 delta 7,848
real 4,000 => predicted 16,994 delta 12,994
real 16,000 => predicted 20,755 delta 4,755
real 19,000 => predicted 28,096 delta 9,096
real 9,000 => predicted 17,455 delta 8,455
real 3,000 => predicted 37,760 delta 34,760
real 14,000 => predicted 1,000 delta 13,000
real 14,000 => predicted 20,632 delta 6,632
real 10,000 => predicted 33,494 delta 23,494
real 3,000 => predicted 31,034 delta 28,034
real 26,000 => predicted 35,737 delta 9,737
real 3,000 => predicted 21,656 delta 18,656
real 31,000 => predicted 34,892 delta 3,892
real 26,000 => predicted 39,398 delta 13,398
real 33,000 => predicted 3,356 delta 29,644
real 11,000 => predicted 25,466 delta 14,466
real 31,000 => predicted 9,495 delta 21,505
real 30,000 => predicted 23,945 delta 6,055
real 55,000 => predicted 28,120 delta 26,880
real 55,000 => predicted 21,444 delta 33,556
real 23,000 => predicted 26,443 delta 3,443
real 16,000 => predicted 14,967 delta 1,033
real 16,000 => predicted 34,268 delta 18,268
real 51,000 => predicted 26,269 delta 24,731
real 14,000 => predicted 32,386 delta 18,386
real 38,000 => predicted 19,038 delta 18,962
real 14,000 => predicted 37,173 delta 23,173
real 56,000 => predicted 26,045 delta 29,955
real 6,000 => predicted 31,566 delta 25,566
real 28,000 => predicted 19,442 delta 8,558
real 54,000 => predicted 27,778 delta 26,222
real 54,000 => predicted 34,847 delta 19,153
real 43,000 => predicted 15,796 delta 27,204
real 13,000 => predicted 36,373 delta 23,373
real 11,000 => predicted 36,992 delta 25,992
real 8,000 => predicted 20,511 delta 12,511
real 37,000 => predicted 26,176 delta 10,824
real 23,000 => predicted 33,219 delta 10,219
real 15,000 => predicted 30,574 delta 15,574
real 50,000 => predicted 13,673 delta 36,327
real 45,000 => predicted 20,994 delta 24,006
real 31,000 => predicted 1,000 delta 30,000
real 5,000 => predicted 9,406 delta 4,406
real 34,000 => predicted 21,097 delta 12,903
real 6,000 => predicted 1,000 delta 5,000
real 3,000 => predicted 7,790 delta 4,790
real 20,000 => predicted 22,798 delta 2,798
real 39,000 => predicted 25,994 delta 13,006
real 14,000 => predicted 23,217 delta 9,217
real 51,000 => predicted 30,209 delta 20,791
real 39,000 => predicted 13,353 delta 25,647
real 50,000 => predicted 39,734 delta 10,266
real 5,000 => predicted 34,487 delta 29,487
real 5,000 => predicted 20,519 delta 15,519
real 24,000 => predicted 26,728 delta 2,728
real 18,000 => predicted 14,745 delta 3,255
real 13,000 => predicted 22,291 delta 9,291
real 40,000 => predicted 19,896 delta 20,104
real 16,000 => predicted 17,711 delta 1,711
real 44,000 => predicted 9,096 delta 34,904
real 5,000 => predicted 32,361 delta 27,361
real 28,000 => predicted 25,636 delta 2,364
real 1,000 => predicted 27,894 delta 26,894
real 24,000 => predicted 21,969 delta 2,031
real 25,000 => predicted 24,690 delta 0,310
real 4,000 => predicted 34,661 delta 30,661
real 50,000 => predicted 18,319 delta 31,681
real 51,000 => predicted 28,571 delta 22,429
real 40,000 => predicted 29,404 delta 10,596
real 43,000 => predicted 10,929 delta 32,071
real 45,000 => predicted 38,561 delta 6,439
real 6,000 => predicted 19,392 delta 13,392
real 9,000 => predicted 16,565 delta 7,565
real 41,000 => predicted 30,734 delta 10,266
real 17,000 => predicted 20,784 delta 3,784
real 56,000 => predicted 14,666 delta 41,334
real 11,000 => predicted 33,674 delta 22,674
real 30,000 => predicted 22,959 delta 7,041
real 35,000 => predicted 26,841 delta 8,159
real 55,000 => predicted 52,690 delta 2,310
real 16,000 => predicted 9,348 delta 6,652
real 46,000 => predicted 9,049 delta 36,951
real 53,000 => predicted 18,348 delta 34,652
real 40,000 => predicted 21,598 delta 18,402
real 43,000 => predicted 47,036 delta 4,036
real 53,000 => predicted 3,977 delta 49,023
real 18,000 => predicted 29,900 delta 11,900
real 19,000 => predicted 18,596 delta 0,404
real 2,000 => predicted 10,956 delta 8,956
real 1,000 => predicted 20,828 delta 19,828
real 26,000 => predicted 27,076 delta 1,076
real 20,000 => predicted 16,169 delta 3,831
real 38,000 => predicted 14,538 delta 23,462
real 10,000 => predicted 38,089 delta 28,089
real 2,000 => predicted 23,215 delta 21,215
real 13,000 => predicted 31,333 delta 18,333
real 3,000 => predicted 41,228 delta 38,228
real 39,000 => predicted 16,140 delta 22,860
real 15,000 => predicted 32,022 delta 17,022
real 5,000 => predicted 16,519 delta 11,519
real 48,000 => predicted 20,028 delta 27,972
real 11,000 => predicted 28,033 delta 17,033
real 9,000 => predicted 24,263 delta 15,263
real 5,000 => predicted 15,303 delta 10,303
real 16,000 => predicted 13,933 delta 2,067
real 23,000 => predicted 34,807 delta 11,807
real 35,000 => predicted 19,474 delta 15,526
real 50,000 => predicted 21,428 delta 28,572
real 10,000 => predicted 22,921 delta 12,921
real 55,000 => predicted 23,853 delta 31,147
real 41,000 => predicted 15,591 delta 25,409
real 20,000 => predicted 20,974 delta 0,974
real 55,000 => predicted 28,128 delta 26,872
real 4,000 => predicted 17,335 delta 13,335
real 34,000 => predicted 34,614 delta 0,614
real 35,000 => predicted 53,134 delta 18,134
real 9,000 => predicted 19,132 delta 10,132
real 16,000 => predicted 25,744 delta 9,744
real 14,000 => predicted 33,300 delta 19,300
real 19,000 => predicted 23,852 delta 4,852
real 40,000 => predicted 38,713 delta 1,287
real 2,000 => predicted 24,448 delta 22,448
real 6,000 => predicted 26,883 delta 20,883
real 34,000 => predicted 20,931 delta 13,069
real 15,000 => predicted 23,601 delta 8,601
real 26,000 => predicted 28,503 delta 2,503
real 4,000 => predicted 20,325 delta 16,325
real 15,000 => predicted 38,396 delta 23,396
real 30,000 => predicted 21,351 delta 8,649
real 50,000 => predicted 33,901 delta 16,099
real 51,000 => predicted 30,103 delta 20,897
real 39,000 => predicted 44,044 delta 5,044
real 24,000 => predicted 40,898 delta 16,898
real 25,000 => predicted 32,355 delta 7,355
real 24,000 => predicted 35,746 delta 11,746
real 24,000 => predicted 15,242 delta 8,758
real 30,000 => predicted 27,473 delta 2,527
real 6,000 => predicted 32,593 delta 26,593
real 28,000 => predicted 19,889 delta 8,111
real 20,000 => predicted 29,327 delta 9,327
real 5,000 => predicted 23,557 delta 18,557
real 26,000 => predicted 22,605 delta 3,395
real 3,000 => predicted 32,546 delta 29,546
real 33,000 => predicted 27,176 delta 5,824
real 18,000 => predicted 32,037 delta 14,037
real 31,000 => predicted 26,068 delta 4,932
real 6,000 => predicted 12,308 delta 6,308
real 22,000 => predicted 17,345 delta 4,655
real 45,000 => predicted 26,391 delta 18,609
real 4,000 => predicted 32,049 delta 28,049
real 26,000 => predicted 20,966 delta 5,034
real 4,000 => predicted 15,610 delta 11,610
real 53,000 => predicted 21,928 delta 31,072
real 20,000 => predicted 32,656 delta 12,656
real 6,000 => predicted 27,335 delta 21,335
real 6,000 => predicted 31,654 delta 25,654
real 9,000 => predicted 33,645 delta 24,645
real 31,000 => predicted 25,482 delta 5,518
real 14,000 => predicted 25,629 delta 11,629
real 5,000 => predicted 20,628 delta 15,628
real 15,000 => predicted 22,815 delta 7,815
real 50,000 => predicted 25,561 delta 24,439
real 44,000 => predicted 26,307 delta 17,693
real 55,000 => predicted 30,023 delta 24,977
real 14,000 => predicted 34,048 delta 20,048
real 25,000 => predicted 14,716 delta 10,284
real 31,000 => predicted 28,357 delta 2,643
real 8,000 => predicted 21,743 delta 13,743
real 40,000 => predicted 24,459 delta 15,541
real 51,000 => predicted 22,974 delta 28,026
real 29,000 => predicted 20,720 delta 8,280
real 7,000 => predicted 23,450 delta 16,450
real 43,000 => predicted 44,628 delta 1,628
real 15,000 => predicted 26,381 delta 11,381
real 4,000 => predicted 31,347 delta 27,347
real 20,000 => predicted 37,054 delta 17,054
real 43,000 => predicted 45,048 delta 2,048
real 18,000 => predicted 26,552 delta 8,552
real 6,000 => predicted 44,129 delta 38,129
real 49,000 => predicted 25,379 delta 23,621
real 51,000 => predicted 15,705 delta 35,295
real 20,000 => predicted 29,399 delta 9,399
real 29,000 => predicted 40,641 delta 11,641
real 41,000 => predicted 23,620 delta 17,380
real 20,000 => predicted 17,638 delta 2,362
real 5,000 => predicted 17,872 delta 12,872
real 31,000 => predicted 26,037 delta 4,963
real 55,000 => predicted 28,742 delta 26,258
real 25,000 => predicted 15,342 delta 9,658
real 19,000 => predicted 44,705 delta 25,705
real 9,000 => predicted 26,576 delta 17,576
real 4,000 => predicted 25,725 delta 21,725
real 32,000 => predicted 13,316 delta 18,684
real 17,000 => predicted 20,160 delta 3,160
real 39,000 => predicted 24,626 delta 14,374
real 4,000 => predicted 31,460 delta 27,460
real 16,000 => predicted 33,304 delta 17,304
real 16,000 => predicted 29,617 delta 13,617
real 13,000 => predicted 69,683 delta 56,683
real 38,000 => predicted 29,410 delta 8,590
real 20,000 => predicted 24,493 delta 4,493
real 3,000 => predicted 38,421 delta 35,421
real 54,000 => predicted 26,407 delta 27,593
real 33,000 => predicted 35,787 delta 2,787
real 33,000 => predicted 22,846 delta 10,154
real 40,000 => predicted 21,035 delta 18,965
real 56,000 => predicted 22,270 delta 33,730
real 51,000 => predicted 20,697 delta 30,303
real 42,000 => predicted 29,892 delta 12,108
real 30,000 => predicted 42,775 delta 12,775
real 4,000 => predicted 28,490 delta 24,490
real 31,000 => predicted 33,602 delta 2,602
real 49,000 => predicted 16,547 delta 32,453
real 34,000 => predicted 48,591 delta 14,591
real 4,000 => predicted 27,323 delta 23,323
real 54,000 => predicted 32,635 delta 21,365
real 13,000 => predicted 26,832 delta 13,832
real 52,000 => predicted 30,846 delta 21,154
real 26,000 => predicted 20,117 delta 5,883
real 38,000 => predicted 18,784 delta 19,216
real 31,000 => predicted 36,007 delta 5,007
real 54,000 => predicted 49,399 delta 4,601
real 39,000 => predicted 25,843 delta 13,157
real 34,000 => predicted 27,414 delta 6,586
real 4,000 => predicted 9,339 delta 5,339
real 43,000 => predicted 28,865 delta 14,135
real 14,000 => predicted 38,694 delta 24,694
model meanRating 27,431 baseline RMSE 16,922 model RMSE 19,608
model improves the baseline by -15,871 percents
accuracy = 0,000

Process finished with exit code 0
