"C:\Program Files\Java\jdk1.8.0_144\bin\java" -Didea.launcher.port=7536 "-Didea.launcher.bin.path=C:\Program Files (x86)\JetBrains\IntelliJ IDEA 2016.2.4\bin" -Dfile.encoding=UTF-8 -classpath "C:\Program Files\Java\jdk1.8.0_144\jre\lib\charsets.jar;C:\Program Files\Java\jdk1.8.0_144\jre\lib\deploy.jar;C:\Program Files\Java\jdk1.8.0_144\jre\lib\ext\access-bridge-64.jar;C:\Program Files\Java\jdk1.8.0_144\jre\lib\ext\cldrdata.jar;C:\Program Files\Java\jdk1.8.0_144\jre\lib\ext\dnsns.jar;C:\Program Files\Java\jdk1.8.0_144\jre\lib\ext\jaccess.jar;C:\Program Files\Java\jdk1.8.0_144\jre\lib\ext\jfxrt.jar;C:\Program Files\Java\jdk1.8.0_144\jre\lib\ext\localedata.jar;C:\Program Files\Java\jdk1.8.0_144\jre\lib\ext\nashorn.jar;C:\Program Files\Java\jdk1.8.0_144\jre\lib\ext\sunec.jar;C:\Program Files\Java\jdk1.8.0_144\jre\lib\ext\sunjce_provider.jar;C:\Program Files\Java\jdk1.8.0_144\jre\lib\ext\sunmscapi.jar;C:\Program Files\Java\jdk1.8.0_144\jre\lib\ext\sunpkcs11.jar;C:\Program Files\Java\jdk1.8.0_144\jre\lib\ext\zipfs.jar;C:\Program Files\Java\jdk1.8.0_144\jre\lib\javaws.jar;C:\Program Files\Java\jdk1.8.0_144\jre\lib\jce.jar;C:\Program Files\Java\jdk1.8.0_144\jre\lib\jfr.jar;C:\Program Files\Java\jdk1.8.0_144\jre\lib\jfxswt.jar;C:\Program Files\Java\jdk1.8.0_144\jre\lib\jsse.jar;C:\Program Files\Java\jdk1.8.0_144\jre\lib\management-agent.jar;C:\Program Files\Java\jdk1.8.0_144\jre\lib\plugin.jar;C:\Program Files\Java\jdk1.8.0_144\jre\lib\resources.jar;C:\Program Files\Java\jdk1.8.0_144\jre\lib\rt.jar;C:\java\Recommender\target\classes;C:\Users\admin\.m2\repository\org\scala-lang\scala-library\2.11.11\scala-library-2.11.11.jar;C:\Users\admin\.m2\repository\org\scala-lang\scala-reflect\2.11.11\scala-reflect-2.11.11.jar;C:\Users\admin\.m2\repository\org\apache\spark\spark-core_2.11\2.2.1\spark-core_2.11-2.2.1.jar;C:\Users\admin\.m2\repository\org\apache\avro\avro\1.7.7\avro-1.7.7.jar;C:\Users\admin\.m2\repository\org\codehaus\jackson\jackson-core-asl\1.9.13\jackson-core-asl-1.9.13.jar;C:\Users\admin\.m2\repository\org\codehaus\jackson\jackson-mapper-asl\1.9.13\jackson-mapper-asl-1.9.13.jar;C:\Users\admin\.m2\repository\com\thoughtworks\paranamer\paranamer\2.3\paranamer-2.3.jar;C:\Users\admin\.m2\repository\org\apache\commons\commons-compress\1.4.1\commons-compress-1.4.1.jar;C:\Users\admin\.m2\repository\org\tukaani\xz\1.0\xz-1.0.jar;C:\Users\admin\.m2\repository\org\apache\avro\avro-mapred\1.7.7\avro-mapred-1.7.7-hadoop2.jar;C:\Users\admin\.m2\repository\org\apache\avro\avro-ipc\1.7.7\avro-ipc-1.7.7.jar;C:\Users\admin\.m2\repository\org\apache\avro\avro-ipc\1.7.7\avro-ipc-1.7.7-tests.jar;C:\Users\admin\.m2\repository\com\twitter\chill_2.11\0.8.0\chill_2.11-0.8.0.jar;C:\Users\admin\.m2\repository\com\esotericsoftware\kryo-shaded\3.0.3\kryo-shaded-3.0.3.jar;C:\Users\admin\.m2\repository\com\esotericsoftware\minlog\1.3.0\minlog-1.3.0.jar;C:\Users\admin\.m2\repository\org\objenesis\objenesis\2.1\objenesis-2.1.jar;C:\Users\admin\.m2\repository\com\twitter\chill-java\0.8.0\chill-java-0.8.0.jar;C:\Users\admin\.m2\repository\org\apache\xbean\xbean-asm5-shaded\4.4\xbean-asm5-shaded-4.4.jar;C:\Users\admin\.m2\repository\org\apache\hadoop\hadoop-client\2.6.5\hadoop-client-2.6.5.jar;C:\Users\admin\.m2\repository\org\apache\hadoop\hadoop-common\2.6.5\hadoop-common-2.6.5.jar;C:\Users\admin\.m2\repository\commons-cli\commons-cli\1.2\commons-cli-1.2.jar;C:\Users\admin\.m2\repository\xmlenc\xmlenc\0.52\xmlenc-0.52.jar;C:\Users\admin\.m2\repository\commons-httpclient\commons-httpclient\3.1\commons-httpclient-3.1.jar;C:\Users\admin\.m2\repository\commons-io\commons-io\2.4\commons-io-2.4.jar;C:\Users\admin\.m2\repository\commons-collections\commons-collections\3.2.2\commons-collections-3.2.2.jar;C:\Users\admin\.m2\repository\commons-lang\commons-lang\2.6\commons-lang-2.6.jar;C:\Users\admin\.m2\repository\commons-configuration\commons-configuration\1.6\commons-configuration-1.6.jar;C:\Users\admin\.m2\repository\commons-digester\commons-digester\1.8\commons-digester-1.8.jar;C:\Users\admin\.m2\repository\commons-beanutils\commons-beanutils\1.7.0\commons-beanutils-1.7.0.jar;C:\Users\admin\.m2\repository\commons-beanutils\commons-beanutils-core\1.8.0\commons-beanutils-core-1.8.0.jar;C:\Users\admin\.m2\repository\com\google\protobuf\protobuf-java\2.5.0\protobuf-java-2.5.0.jar;C:\Users\admin\.m2\repository\com\google\code\gson\gson\2.2.4\gson-2.2.4.jar;C:\Users\admin\.m2\repository\org\apache\hadoop\hadoop-auth\2.6.5\hadoop-auth-2.6.5.jar;C:\Users\admin\.m2\repository\org\apache\directory\server\apacheds-kerberos-codec\2.0.0-M15\apacheds-kerberos-codec-2.0.0-M15.jar;C:\Users\admin\.m2\repository\org\apache\directory\server\apacheds-i18n\2.0.0-M15\apacheds-i18n-2.0.0-M15.jar;C:\Users\admin\.m2\repository\org\apache\directory\api\api-asn1-api\1.0.0-M20\api-asn1-api-1.0.0-M20.jar;C:\Users\admin\.m2\repository\org\apache\directory\api\api-util\1.0.0-M20\api-util-1.0.0-M20.jar;C:\Users\admin\.m2\repository\org\apache\curator\curator-client\2.6.0\curator-client-2.6.0.jar;C:\Users\admin\.m2\repository\org\htrace\htrace-core\3.0.4\htrace-core-3.0.4.jar;C:\Users\admin\.m2\repository\org\apache\hadoop\hadoop-hdfs\2.6.5\hadoop-hdfs-2.6.5.jar;C:\Users\admin\.m2\repository\org\mortbay\jetty\jetty-util\6.1.26\jetty-util-6.1.26.jar;C:\Users\admin\.m2\repository\xerces\xercesImpl\2.9.1\xercesImpl-2.9.1.jar;C:\Users\admin\.m2\repository\xml-apis\xml-apis\1.3.04\xml-apis-1.3.04.jar;C:\Users\admin\.m2\repository\org\apache\hadoop\hadoop-mapreduce-client-app\2.6.5\hadoop-mapreduce-client-app-2.6.5.jar;C:\Users\admin\.m2\repository\org\apache\hadoop\hadoop-mapreduce-client-common\2.6.5\hadoop-mapreduce-client-common-2.6.5.jar;C:\Users\admin\.m2\repository\org\apache\hadoop\hadoop-yarn-client\2.6.5\hadoop-yarn-client-2.6.5.jar;C:\Users\admin\.m2\repository\org\apache\hadoop\hadoop-yarn-server-common\2.6.5\hadoop-yarn-server-common-2.6.5.jar;C:\Users\admin\.m2\repository\org\apache\hadoop\hadoop-mapreduce-client-shuffle\2.6.5\hadoop-mapreduce-client-shuffle-2.6.5.jar;C:\Users\admin\.m2\repository\org\apache\hadoop\hadoop-yarn-api\2.6.5\hadoop-yarn-api-2.6.5.jar;C:\Users\admin\.m2\repository\org\apache\hadoop\hadoop-mapreduce-client-core\2.6.5\hadoop-mapreduce-client-core-2.6.5.jar;C:\Users\admin\.m2\repository\org\apache\hadoop\hadoop-yarn-common\2.6.5\hadoop-yarn-common-2.6.5.jar;C:\Users\admin\.m2\repository\javax\xml\bind\jaxb-api\2.2.2\jaxb-api-2.2.2.jar;C:\Users\admin\.m2\repository\javax\xml\stream\stax-api\1.0-2\stax-api-1.0-2.jar;C:\Users\admin\.m2\repository\org\codehaus\jackson\jackson-jaxrs\1.9.13\jackson-jaxrs-1.9.13.jar;C:\Users\admin\.m2\repository\org\codehaus\jackson\jackson-xc\1.9.13\jackson-xc-1.9.13.jar;C:\Users\admin\.m2\repository\org\apache\hadoop\hadoop-mapreduce-client-jobclient\2.6.5\hadoop-mapreduce-client-jobclient-2.6.5.jar;C:\Users\admin\.m2\repository\org\apache\hadoop\hadoop-annotations\2.6.5\hadoop-annotations-2.6.5.jar;C:\Users\admin\.m2\repository\org\apache\spark\spark-launcher_2.11\2.2.1\spark-launcher_2.11-2.2.1.jar;C:\Users\admin\.m2\repository\org\apache\spark\spark-network-common_2.11\2.2.1\spark-network-common_2.11-2.2.1.jar;C:\Users\admin\.m2\repository\org\fusesource\leveldbjni\leveldbjni-all\1.8\leveldbjni-all-1.8.jar;C:\Users\admin\.m2\repository\com\fasterxml\jackson\core\jackson-annotations\2.6.5\jackson-annotations-2.6.5.jar;C:\Users\admin\.m2\repository\org\apache\spark\spark-network-shuffle_2.11\2.2.1\spark-network-shuffle_2.11-2.2.1.jar;C:\Users\admin\.m2\repository\org\apache\spark\spark-unsafe_2.11\2.2.1\spark-unsafe_2.11-2.2.1.jar;C:\Users\admin\.m2\repository\net\java\dev\jets3t\jets3t\0.9.3\jets3t-0.9.3.jar;C:\Users\admin\.m2\repository\org\apache\httpcomponents\httpcore\4.3.3\httpcore-4.3.3.jar;C:\Users\admin\.m2\repository\org\apache\httpcomponents\httpclient\4.3.6\httpclient-4.3.6.jar;C:\Users\admin\.m2\repository\commons-codec\commons-codec\1.8\commons-codec-1.8.jar;C:\Users\admin\.m2\repository\javax\activation\activation\1.1.1\activation-1.1.1.jar;C:\Users\admin\.m2\repository\mx4j\mx4j\3.0.2\mx4j-3.0.2.jar;C:\Users\admin\.m2\repository\javax\mail\mail\1.4.7\mail-1.4.7.jar;C:\Users\admin\.m2\repository\org\bouncycastle\bcprov-jdk15on\1.51\bcprov-jdk15on-1.51.jar;C:\Users\admin\.m2\repository\com\jamesmurty\utils\java-xmlbuilder\1.0\java-xmlbuilder-1.0.jar;C:\Users\admin\.m2\repository\net\iharder\base64\2.3.8\base64-2.3.8.jar;C:\Users\admin\.m2\repository\org\apache\curator\curator-recipes\2.6.0\curator-recipes-2.6.0.jar;C:\Users\admin\.m2\repository\org\apache\curator\curator-framework\2.6.0\curator-framework-2.6.0.jar;C:\Users\admin\.m2\repository\org\apache\zookeeper\zookeeper\3.4.6\zookeeper-3.4.6.jar;C:\Users\admin\.m2\repository\com\google\guava\guava\16.0.1\guava-16.0.1.jar;C:\Users\admin\.m2\repository\javax\servlet\javax.servlet-api\3.1.0\javax.servlet-api-3.1.0.jar;C:\Users\admin\.m2\repository\org\apache\commons\commons-lang3\3.5\commons-lang3-3.5.jar;C:\Users\admin\.m2\repository\org\apache\commons\commons-math3\3.4.1\commons-math3-3.4.1.jar;C:\Users\admin\.m2\repository\com\google\code\findbugs\jsr305\1.3.9\jsr305-1.3.9.jar;C:\Users\admin\.m2\repository\org\slf4j\slf4j-api\1.7.16\slf4j-api-1.7.16.jar;C:\Users\admin\.m2\repository\org\slf4j\jul-to-slf4j\1.7.16\jul-to-slf4j-1.7.16.jar;C:\Users\admin\.m2\repository\org\slf4j\jcl-over-slf4j\1.7.16\jcl-over-slf4j-1.7.16.jar;C:\Users\admin\.m2\repository\log4j\log4j\1.2.17\log4j-1.2.17.jar;C:\Users\admin\.m2\repository\org\slf4j\slf4j-log4j12\1.7.16\slf4j-log4j12-1.7.16.jar;C:\Users\admin\.m2\repository\com\ning\compress-lzf\1.0.3\compress-lzf-1.0.3.jar;C:\Users\admin\.m2\repository\org\xerial\snappy\snappy-java\1.1.2.6\snappy-java-1.1.2.6.jar;C:\Users\admin\.m2\repository\net\jpountz\lz4\lz4\1.3.0\lz4-1.3.0.jar;C:\Users\admin\.m2\repository\org\roaringbitmap\RoaringBitmap\0.5.11\RoaringBitmap-0.5.11.jar;C:\Users\admin\.m2\repository\commons-net\commons-net\2.2\commons-net-2.2.jar;C:\Users\admin\.m2\repository\org\json4s\json4s-jackson_2.11\3.2.11\json4s-jackson_2.11-3.2.11.jar;C:\Users\admin\.m2\repository\org\json4s\json4s-core_2.11\3.2.11\json4s-core_2.11-3.2.11.jar;C:\Users\admin\.m2\repository\org\json4s\json4s-ast_2.11\3.2.11\json4s-ast_2.11-3.2.11.jar;C:\Users\admin\.m2\repository\org\scala-lang\scalap\2.11.0\scalap-2.11.0.jar;C:\Users\admin\.m2\repository\org\scala-lang\scala-compiler\2.11.0\scala-compiler-2.11.0.jar;C:\Users\admin\.m2\repository\org\scala-lang\modules\scala-xml_2.11\1.0.1\scala-xml_2.11-1.0.1.jar;C:\Users\admin\.m2\repository\org\scala-lang\modules\scala-parser-combinators_2.11\1.0.1\scala-parser-combinators_2.11-1.0.1.jar;C:\Users\admin\.m2\repository\org\glassfish\jersey\core\jersey-client\2.22.2\jersey-client-2.22.2.jar;C:\Users\admin\.m2\repository\javax\ws\rs\javax.ws.rs-api\2.0.1\javax.ws.rs-api-2.0.1.jar;C:\Users\admin\.m2\repository\org\glassfish\hk2\hk2-api\2.4.0-b34\hk2-api-2.4.0-b34.jar;C:\Users\admin\.m2\repository\org\glassfish\hk2\hk2-utils\2.4.0-b34\hk2-utils-2.4.0-b34.jar;C:\Users\admin\.m2\repository\org\glassfish\hk2\external\aopalliance-repackaged\2.4.0-b34\aopalliance-repackaged-2.4.0-b34.jar;C:\Users\admin\.m2\repository\org\glassfish\hk2\external\javax.inject\2.4.0-b34\javax.inject-2.4.0-b34.jar;C:\Users\admin\.m2\repository\org\glassfish\hk2\hk2-locator\2.4.0-b34\hk2-locator-2.4.0-b34.jar;C:\Users\admin\.m2\repository\org\javassist\javassist\3.18.1-GA\javassist-3.18.1-GA.jar;C:\Users\admin\.m2\repository\org\glassfish\jersey\core\jersey-common\2.22.2\jersey-common-2.22.2.jar;C:\Users\admin\.m2\repository\javax\annotation\javax.annotation-api\1.2\javax.annotation-api-1.2.jar;C:\Users\admin\.m2\repository\org\glassfish\jersey\bundles\repackaged\jersey-guava\2.22.2\jersey-guava-2.22.2.jar;C:\Users\admin\.m2\repository\org\glassfish\hk2\osgi-resource-locator\1.0.1\osgi-resource-locator-1.0.1.jar;C:\Users\admin\.m2\repository\org\glassfish\jersey\core\jersey-server\2.22.2\jersey-server-2.22.2.jar;C:\Users\admin\.m2\repository\org\glassfish\jersey\media\jersey-media-jaxb\2.22.2\jersey-media-jaxb-2.22.2.jar;C:\Users\admin\.m2\repository\javax\validation\validation-api\1.1.0.Final\validation-api-1.1.0.Final.jar;C:\Users\admin\.m2\repository\org\glassfish\jersey\containers\jersey-container-servlet\2.22.2\jersey-container-servlet-2.22.2.jar;C:\Users\admin\.m2\repository\org\glassfish\jersey\containers\jersey-container-servlet-core\2.22.2\jersey-container-servlet-core-2.22.2.jar;C:\Users\admin\.m2\repository\io\netty\netty-all\4.0.43.Final\netty-all-4.0.43.Final.jar;C:\Users\admin\.m2\repository\io\netty\netty\3.9.9.Final\netty-3.9.9.Final.jar;C:\Users\admin\.m2\repository\com\clearspring\analytics\stream\2.7.0\stream-2.7.0.jar;C:\Users\admin\.m2\repository\io\dropwizard\metrics\metrics-core\3.1.2\metrics-core-3.1.2.jar;C:\Users\admin\.m2\repository\io\dropwizard\metrics\metrics-jvm\3.1.2\metrics-jvm-3.1.2.jar;C:\Users\admin\.m2\repository\io\dropwizard\metrics\metrics-json\3.1.2\metrics-json-3.1.2.jar;C:\Users\admin\.m2\repository\io\dropwizard\metrics\metrics-graphite\3.1.2\metrics-graphite-3.1.2.jar;C:\Users\admin\.m2\repository\com\fasterxml\jackson\core\jackson-databind\2.6.5\jackson-databind-2.6.5.jar;C:\Users\admin\.m2\repository\com\fasterxml\jackson\core\jackson-core\2.6.5\jackson-core-2.6.5.jar;C:\Users\admin\.m2\repository\com\fasterxml\jackson\module\jackson-module-scala_2.11\2.6.5\jackson-module-scala_2.11-2.6.5.jar;C:\Users\admin\.m2\repository\org\scala-lang\scala-reflect\2.11.7\scala-reflect-2.11.7.jar;C:\Users\admin\.m2\repository\com\fasterxml\jackson\module\jackson-module-paranamer\2.6.5\jackson-module-paranamer-2.6.5.jar;C:\Users\admin\.m2\repository\org\apache\ivy\ivy\2.4.0\ivy-2.4.0.jar;C:\Users\admin\.m2\repository\oro\oro\2.0.8\oro-2.0.8.jar;C:\Users\admin\.m2\repository\net\razorvine\pyrolite\4.13\pyrolite-4.13.jar;C:\Users\admin\.m2\repository\net\sf\py4j\py4j\0.10.4\py4j-0.10.4.jar;C:\Users\admin\.m2\repository\org\apache\spark\spark-tags_2.11\2.2.1\spark-tags_2.11-2.2.1.jar;C:\Users\admin\.m2\repository\org\apache\commons\commons-crypto\1.0.0\commons-crypto-1.0.0.jar;C:\Users\admin\.m2\repository\org\spark-project\spark\unused\1.0.0\unused-1.0.0.jar;C:\Users\admin\.m2\repository\org\apache\spark\spark-mllib_2.11\2.2.1\spark-mllib_2.11-2.2.1.jar;C:\Users\admin\.m2\repository\org\apache\spark\spark-streaming_2.11\2.2.1\spark-streaming_2.11-2.2.1.jar;C:\Users\admin\.m2\repository\org\apache\spark\spark-sql_2.11\2.2.1\spark-sql_2.11-2.2.1.jar;C:\Users\admin\.m2\repository\com\univocity\univocity-parsers\2.2.1\univocity-parsers-2.2.1.jar;C:\Users\admin\.m2\repository\org\apache\spark\spark-sketch_2.11\2.2.1\spark-sketch_2.11-2.2.1.jar;C:\Users\admin\.m2\repository\org\apache\spark\spark-catalyst_2.11\2.2.1\spark-catalyst_2.11-2.2.1.jar;C:\Users\admin\.m2\repository\org\codehaus\janino\janino\3.0.0\janino-3.0.0.jar;C:\Users\admin\.m2\repository\org\codehaus\janino\commons-compiler\3.0.0\commons-compiler-3.0.0.jar;C:\Users\admin\.m2\repository\org\antlr\antlr4-runtime\4.5.3\antlr4-runtime-4.5.3.jar;C:\Users\admin\.m2\repository\org\apache\parquet\parquet-column\1.8.2\parquet-column-1.8.2.jar;C:\Users\admin\.m2\repository\org\apache\parquet\parquet-common\1.8.2\parquet-common-1.8.2.jar;C:\Users\admin\.m2\repository\org\apache\parquet\parquet-encoding\1.8.2\parquet-encoding-1.8.2.jar;C:\Users\admin\.m2\repository\org\apache\parquet\parquet-hadoop\1.8.2\parquet-hadoop-1.8.2.jar;C:\Users\admin\.m2\repository\org\apache\parquet\parquet-format\2.3.1\parquet-format-2.3.1.jar;C:\Users\admin\.m2\repository\org\apache\parquet\parquet-jackson\1.8.2\parquet-jackson-1.8.2.jar;C:\Users\admin\.m2\repository\org\apache\spark\spark-graphx_2.11\2.2.1\spark-graphx_2.11-2.2.1.jar;C:\Users\admin\.m2\repository\com\github\fommil\netlib\core\1.1.2\core-1.1.2.jar;C:\Users\admin\.m2\repository\net\sourceforge\f2j\arpack_combined_all\0.1\arpack_combined_all-0.1.jar;C:\Users\admin\.m2\repository\org\apache\spark\spark-mllib-local_2.11\2.2.1\spark-mllib-local_2.11-2.2.1.jar;C:\Users\admin\.m2\repository\org\scalanlp\breeze_2.11\0.13.2\breeze_2.11-0.13.2.jar;C:\Users\admin\.m2\repository\org\scalanlp\breeze-macros_2.11\0.13.2\breeze-macros_2.11-0.13.2.jar;C:\Users\admin\.m2\repository\net\sf\opencsv\opencsv\2.3\opencsv-2.3.jar;C:\Users\admin\.m2\repository\com\github\rwl\jtransforms\2.4.0\jtransforms-2.4.0.jar;C:\Users\admin\.m2\repository\org\spire-math\spire_2.11\0.13.0\spire_2.11-0.13.0.jar;C:\Users\admin\.m2\repository\org\spire-math\spire-macros_2.11\0.13.0\spire-macros_2.11-0.13.0.jar;C:\Users\admin\.m2\repository\org\typelevel\machinist_2.11\0.6.1\machinist_2.11-0.6.1.jar;C:\Users\admin\.m2\repository\com\chuusai\shapeless_2.11\2.3.2\shapeless_2.11-2.3.2.jar;C:\Users\admin\.m2\repository\org\typelevel\macro-compat_2.11\1.1.1\macro-compat_2.11-1.1.1.jar;C:\Users\admin\.m2\repository\org\jpmml\pmml-model\1.2.15\pmml-model-1.2.15.jar;C:\Users\admin\.m2\repository\org\jpmml\pmml-schema\1.2.15\pmml-schema-1.2.15.jar;C:\Program Files (x86)\JetBrains\IntelliJ IDEA 2016.2.4\lib\idea_rt.jar" com.intellij.rt.execution.application.AppMain recommender.TestFM
(0.25,(5,[0,1,2,3],[0.9791666666666666,0.48717948717948717,1.0,1.0]))
(0.75,(5,[0,1,2,3],[0.9791666666666666,0.23076923076923078,1.0,1.0]))
(1.0,(5,[0,1,2,3],[0.9791666666666666,0.11538461538461539,1.0,1.0]))
(0.5,(5,[0,1,2,3],[0.9791666666666666,0.16666666666666666,1.0,1.0]))
(0.5,(5,[0,2,3],[0.9791666666666666,1.0,1.0]))
(0.5,(5,[0,1,2,3],[0.96875,0.28205128205128205,1.0,1.0]))
(0.25,(5,[0,1,2,3],[0.96875,0.7307692307692307,1.0,1.0]))
(0.75,(5,[0,1,2,3],[0.96875,0.07692307692307693,1.0,1.0]))
(0.75,(5,[0,1,2,3],[0.96875,0.6794871794871795,1.0,1.0]))
(0.5,(5,[0,1,2,3],[0.96875,0.6538461538461539,1.0,1.0]))
Training: 4021, test: 1022
training sample
(0.25,(5,[0,1,2,3],[0.9791666666666666,0.48717948717948717,1.0,1.0]))
(0.75,(5,[0,1,2,3],[0.9791666666666666,0.23076923076923078,1.0,1.0]))
(1.0,(5,[0,1,2,3],[0.9791666666666666,0.11538461538461539,1.0,1.0]))
(0.5,(5,[0,1,2,3],[0.9791666666666666,0.16666666666666666,1.0,1.0]))
(0.5,(5,[0,1,2,3],[0.96875,0.28205128205128205,1.0,1.0]))
(0.25,(5,[0,1,2,3],[0.96875,0.7307692307692307,1.0,1.0]))
(0.75,(5,[0,1,2,3],[0.96875,0.07692307692307693,1.0,1.0]))
(0.75,(5,[0,1,2,3],[0.96875,0.6794871794871795,1.0,1.0]))
(0.5,(5,[0,1,2,3],[0.96875,0.6538461538461539,1.0,1.0]))
(0.25,(5,[0,1,2,3],[0.96875,0.9230769230769231,1.0,1.0]))
test sample
(5,[0,2,3],[0.9791666666666666,1.0,1.0])
(5,[0,1,2,3],[0.96875,0.8717948717948718,1.0,1.0])
(5,[0,1,2,3],[0.9270833333333334,0.14102564102564102,1.0,1.0])
(5,[0,1,2,3],[0.9270833333333334,0.34615384615384615,1.0,1.0])
(5,[0,1,2,3],[0.9270833333333334,0.05128205128205128,1.0,1.0])
(5,[0,1,2,3],[0.9583333333333334,0.19230769230769232,1.0,1.0])
(5,[0,1,2,3],[0.9583333333333334,0.7948717948717948,1.0,1.0])
(5,[0,1,2,3],[0.9583333333333334,0.8461538461538461,1.0,1.0])
(5,[0,1,2,3],[0.90625,0.1282051282051282,1.0,1.0])
(5,[0,1,2,3],[0.90625,0.5128205128205128,1.0,1.0])
validate: real rating => predicted rating
real 0,500 => predicted 0,761 delta 0,261
real 0,250 => predicted 0,381 delta 0,131
real 0,500 => predicted 0,699 delta 0,199
real 0,500 => predicted 0,612 delta 0,112
real 0,500 => predicted 0,738 delta 0,238
real 0,750 => predicted 0,677 delta 0,073
real 0,250 => predicted 0,416 delta 0,166
real 0,250 => predicted 0,394 delta 0,144
real 1,000 => predicted 0,705 delta 0,295
real 0,750 => predicted 0,542 delta 0,208
real 0,000 => predicted 0,651 delta 0,651
real 0,250 => predicted 0,430 delta 0,180
real 0,750 => predicted 0,689 delta 0,061
real 0,000 => predicted 0,742 delta 0,742
real 1,000 => predicted 0,689 delta 0,311
real 0,000 => predicted 0,619 delta 0,619
real 0,000 => predicted 0,630 delta 0,630
real 1,000 => predicted 0,683 delta 0,317
real 1,000 => predicted 0,721 delta 0,279
real 0,750 => predicted 0,678 delta 0,072
real 0,500 => predicted 0,641 delta 0,141
real 0,500 => predicted 0,657 delta 0,157
real 0,250 => predicted 0,699 delta 0,449
real 0,000 => predicted 0,488 delta 0,488
real 0,750 => predicted 0,630 delta 0,120
real 0,500 => predicted 0,743 delta 0,243
real 0,500 => predicted 0,708 delta 0,208
real 0,750 => predicted 0,726 delta 0,024
real 0,250 => predicted 0,691 delta 0,441
real 0,750 => predicted 0,747 delta 0,003
real 0,500 => predicted 0,734 delta 0,234
real 0,000 => predicted 0,621 delta 0,621
real 0,000 => predicted 0,609 delta 0,609
real 0,000 => predicted 0,529 delta 0,529
real 1,000 => predicted 0,726 delta 0,274
real 1,000 => predicted 0,721 delta 0,279
real 1,000 => predicted 0,689 delta 0,311
real 0,000 => predicted 0,439 delta 0,439
real 0,000 => predicted 0,646 delta 0,646
real 0,250 => predicted 0,400 delta 0,150
real 0,250 => predicted 0,374 delta 0,124
real 0,500 => predicted 0,685 delta 0,185
real 0,000 => predicted 0,628 delta 0,628
real 1,000 => predicted 0,718 delta 0,282
real 0,250 => predicted 0,679 delta 0,429
real 1,000 => predicted 0,607 delta 0,393
real 1,000 => predicted 0,625 delta 0,375
real 0,000 => predicted 0,495 delta 0,495
real 1,000 => predicted 0,479 delta 0,521
real 0,000 => predicted 0,730 delta 0,730
real 0,000 => predicted 0,450 delta 0,450
real 0,000 => predicted 0,641 delta 0,641
real 0,000 => predicted 0,626 delta 0,626
real 1,000 => predicted 0,522 delta 0,478
real 1,000 => predicted 0,468 delta 0,532
real 0,000 => predicted 0,515 delta 0,515
real 1,000 => predicted 0,648 delta 0,352
real 1,000 => predicted 0,555 delta 0,445
real 0,750 => predicted 0,617 delta 0,133
real 1,000 => predicted 0,526 delta 0,474
real 0,750 => predicted 0,699 delta 0,051
real 0,750 => predicted 0,616 delta 0,134
real 0,500 => predicted 0,445 delta 0,055
real 1,000 => predicted 0,585 delta 0,415
real 0,750 => predicted 0,487 delta 0,263
real 0,500 => predicted 0,627 delta 0,127
real 0,500 => predicted 0,359 delta 0,141
real 0,750 => predicted 0,501 delta 0,249
real 0,500 => predicted 0,385 delta 0,115
real 0,500 => predicted 0,409 delta 0,091
real 0,000 => predicted 0,585 delta 0,585
real 0,750 => predicted 0,676 delta 0,074
real 0,250 => predicted 0,372 delta 0,122
real 0,000 => predicted 0,379 delta 0,379
real 0,500 => predicted 0,669 delta 0,169
real 0,000 => predicted 0,489 delta 0,489
real 0,000 => predicted 0,447 delta 0,447
real 1,000 => predicted 0,463 delta 0,537
real 0,000 => predicted 0,428 delta 0,428
real 0,250 => predicted 0,606 delta 0,356
real 1,000 => predicted 0,510 delta 0,490
real 0,000 => predicted 0,486 delta 0,486
real 1,000 => predicted 0,637 delta 0,363
real 0,750 => predicted 0,474 delta 0,276
real 0,500 => predicted 0,695 delta 0,195
real 1,000 => predicted 0,506 delta 0,494
real 0,500 => predicted 0,454 delta 0,046
real 0,750 => predicted 0,646 delta 0,104
real 0,000 => predicted 0,494 delta 0,494
real 0,500 => predicted 0,672 delta 0,172
real 0,250 => predicted 0,646 delta 0,396
real 0,000 => predicted 0,414 delta 0,414
real 0,000 => predicted 0,517 delta 0,517
real 0,000 => predicted 0,713 delta 0,713
real 0,000 => predicted 0,445 delta 0,445
real 0,000 => predicted 0,466 delta 0,466
real 0,000 => predicted 0,567 delta 0,567
real 0,000 => predicted 0,524 delta 0,524
real 1,000 => predicted 0,676 delta 0,324
real 0,750 => predicted 0,471 delta 0,279
real 0,500 => predicted 0,296 delta 0,204
real 1,000 => predicted 0,701 delta 0,299
real 0,250 => predicted 0,471 delta 0,221
real 0,250 => predicted 0,391 delta 0,141
real 0,000 => predicted 0,710 delta 0,710
real 0,500 => predicted 0,567 delta 0,067
real 0,250 => predicted 0,363 delta 0,113
real 0,500 => predicted 0,533 delta 0,033
real 0,750 => predicted 0,613 delta 0,137
real 0,500 => predicted 0,505 delta 0,005
real 0,000 => predicted 0,561 delta 0,561
real 0,000 => predicted 0,511 delta 0,511
real 0,000 => predicted 0,584 delta 0,584
real 0,000 => predicted 0,658 delta 0,658
real 0,000 => predicted 0,449 delta 0,449
real 0,750 => predicted 0,699 delta 0,051
real 1,000 => predicted 0,723 delta 0,277
real 0,750 => predicted 0,672 delta 0,078
real 0,250 => predicted 0,618 delta 0,368
real 0,500 => predicted 0,604 delta 0,104
real 1,000 => predicted 0,630 delta 0,370
real 0,000 => predicted 0,468 delta 0,468
real 0,000 => predicted 0,407 delta 0,407
real 0,500 => predicted 0,674 delta 0,174
real 0,500 => predicted 0,515 delta 0,015
real 0,000 => predicted 0,584 delta 0,584
real 0,000 => predicted 0,725 delta 0,725
real 0,750 => predicted 0,582 delta 0,168
real 0,500 => predicted 0,427 delta 0,073
real 0,250 => predicted 0,641 delta 0,391
real 0,500 => predicted 0,562 delta 0,062
real 0,500 => predicted 0,582 delta 0,082
real 1,000 => predicted 0,494 delta 0,506
real 0,000 => predicted 0,637 delta 0,637
real 0,000 => predicted 0,616 delta 0,616
real 0,000 => predicted 0,479 delta 0,479
real 0,000 => predicted 0,501 delta 0,501
real 0,000 => predicted 0,609 delta 0,609
real 0,750 => predicted 0,735 delta 0,015
real 1,000 => predicted 0,750 delta 0,250
real 0,250 => predicted 0,659 delta 0,409
real 1,000 => predicted 0,690 delta 0,310
real 1,000 => predicted 0,655 delta 0,345
real 0,000 => predicted 0,562 delta 0,562
real 0,000 => predicted 0,476 delta 0,476
real 0,000 => predicted 0,542 delta 0,542
real 0,250 => predicted 0,458 delta 0,208
real 0,750 => predicted 0,722 delta 0,028
real 1,000 => predicted 0,595 delta 0,405
real 0,750 => predicted 0,554 delta 0,196
real 1,000 => predicted 0,690 delta 0,310
real 0,750 => predicted 0,749 delta 0,001
real 0,000 => predicted 0,459 delta 0,459
real 0,500 => predicted 0,616 delta 0,116
real 0,250 => predicted 0,676 delta 0,426
real 0,750 => predicted 0,605 delta 0,145
real 0,500 => predicted 0,720 delta 0,220
real 0,000 => predicted 0,423 delta 0,423
real 0,750 => predicted 0,622 delta 0,128
real 1,000 => predicted 0,406 delta 0,594
real 1,000 => predicted 0,573 delta 0,427
real 1,000 => predicted 0,479 delta 0,521
real 0,500 => predicted 0,548 delta 0,048
real 0,750 => predicted 0,507 delta 0,243
real 0,250 => predicted 0,526 delta 0,276
real 0,250 => predicted 0,470 delta 0,220
real 0,500 => predicted 0,628 delta 0,128
real 1,000 => predicted 0,477 delta 0,523
real 0,750 => predicted 0,485 delta 0,265
real 0,750 => predicted 0,638 delta 0,112
real 1,000 => predicted 0,652 delta 0,348
real 0,250 => predicted 0,369 delta 0,119
real 0,000 => predicted 0,552 delta 0,552
real 0,750 => predicted 0,650 delta 0,100
real 1,000 => predicted 0,646 delta 0,354
real 0,500 => predicted 0,547 delta 0,047
real 0,250 => predicted 0,601 delta 0,351
real 0,500 => predicted 0,605 delta 0,105
real 0,500 => predicted 0,647 delta 0,147
real 0,500 => predicted 0,326 delta 0,174
real 0,500 => predicted 0,504 delta 0,004
real 0,750 => predicted 0,612 delta 0,138
real 0,500 => predicted 0,471 delta 0,029
real 0,000 => predicted 0,638 delta 0,638
real 0,000 => predicted 0,641 delta 0,641
real 0,250 => predicted 0,654 delta 0,404
real 0,750 => predicted 0,597 delta 0,153
real 0,250 => predicted 0,621 delta 0,371
real 1,000 => predicted 0,375 delta 0,625
real 0,750 => predicted 0,640 delta 0,110
real 0,750 => predicted 0,540 delta 0,210
real 1,000 => predicted 0,681 delta 0,319
real 1,000 => predicted 0,491 delta 0,509
real 0,500 => predicted 0,584 delta 0,084
real 0,500 => predicted 0,453 delta 0,047
real 0,500 => predicted 0,676 delta 0,176
real 0,000 => predicted 0,696 delta 0,696
real 0,000 => predicted 0,600 delta 0,600
real 0,000 => predicted 0,542 delta 0,542
real 0,750 => predicted 0,695 delta 0,055
real 0,750 => predicted 0,728 delta 0,022
real 0,250 => predicted 0,479 delta 0,229
real 1,000 => predicted 0,645 delta 0,355
real 0,750 => predicted 0,472 delta 0,278
real 0,000 => predicted 0,361 delta 0,361
real 0,500 => predicted 0,503 delta 0,003
real 0,750 => predicted 0,625 delta 0,125
real 0,250 => predicted 0,397 delta 0,147
real 0,250 => predicted 0,625 delta 0,375
real 0,250 => predicted 0,570 delta 0,320
real 0,250 => predicted 0,480 delta 0,230
real 0,500 => predicted 0,723 delta 0,223
real 1,000 => predicted 0,709 delta 0,291
real 0,500 => predicted 0,727 delta 0,227
real 0,250 => predicted 0,450 delta 0,200
real 0,750 => predicted 0,642 delta 0,108
real 0,500 => predicted 0,570 delta 0,070
real 1,000 => predicted 0,646 delta 0,354
real 0,500 => predicted 0,598 delta 0,098
real 0,750 => predicted 0,730 delta 0,020
real 1,000 => predicted 0,633 delta 0,367
real 0,500 => predicted 0,740 delta 0,240
real 0,750 => predicted 0,545 delta 0,205
real 0,250 => predicted 0,649 delta 0,399
real 1,000 => predicted 0,551 delta 0,449
real 0,750 => predicted 0,476 delta 0,274
real 0,750 => predicted 0,685 delta 0,065
real 1,000 => predicted 0,525 delta 0,475
real 1,000 => predicted 0,672 delta 0,328
real 1,000 => predicted 0,515 delta 0,485
real 1,000 => predicted 0,462 delta 0,538
real 1,000 => predicted 0,618 delta 0,382
real 0,000 => predicted 0,416 delta 0,416
real 0,000 => predicted 0,471 delta 0,471
real 1,000 => predicted 0,714 delta 0,286
real 1,000 => predicted 0,556 delta 0,444
real 1,000 => predicted 0,499 delta 0,501
real 1,000 => predicted 0,592 delta 0,408
real 1,000 => predicted 0,462 delta 0,538
real 0,750 => predicted 0,638 delta 0,112
real 0,750 => predicted 0,539 delta 0,211
real 0,750 => predicted 0,488 delta 0,262
real 0,750 => predicted 0,425 delta 0,325
real 0,250 => predicted 0,564 delta 0,314
real 1,000 => predicted 0,699 delta 0,301
real 0,000 => predicted 0,527 delta 0,527
real 1,000 => predicted 0,538 delta 0,462
real 1,000 => predicted 0,379 delta 0,621
real 0,000 => predicted 0,450 delta 0,450
real 0,000 => predicted 0,471 delta 0,471
real 0,000 => predicted 0,509 delta 0,509
real 1,000 => predicted 0,632 delta 0,368
real 0,750 => predicted 0,556 delta 0,194
real 1,000 => predicted 0,725 delta 0,275
real 0,750 => predicted 0,746 delta 0,004
real 0,250 => predicted 0,499 delta 0,249
real 0,500 => predicted 0,441 delta 0,059
real 0,000 => predicted 0,641 delta 0,641
real 0,250 => predicted 0,334 delta 0,084
real 0,750 => predicted 0,441 delta 0,309
real 0,750 => predicted 0,564 delta 0,186
real 0,500 => predicted 0,606 delta 0,106
real 0,500 => predicted 0,502 delta 0,002
real 0,000 => predicted 0,542 delta 0,542
real 0,000 => predicted 0,458 delta 0,458
real 0,000 => predicted 0,556 delta 0,556
real 0,000 => predicted 0,546 delta 0,546
real 1,000 => predicted 0,710 delta 0,290
real 1,000 => predicted 0,745 delta 0,255
real 0,500 => predicted 0,532 delta 0,032
real 1,000 => predicted 0,656 delta 0,344
real 1,000 => predicted 0,627 delta 0,373
real 1,000 => predicted 0,631 delta 0,369
real 0,500 => predicted 0,487 delta 0,013
real 1,000 => predicted 0,422 delta 0,578
real 0,500 => predicted 0,625 delta 0,125
real 0,750 => predicted 0,712 delta 0,038
real 0,500 => predicted 0,662 delta 0,162
real 0,500 => predicted 0,323 delta 0,177
real 0,750 => predicted 0,569 delta 0,181
real 0,250 => predicted 0,448 delta 0,198
real 0,750 => predicted 0,454 delta 0,296
real 0,750 => predicted 0,554 delta 0,196
real 0,000 => predicted 0,580 delta 0,580
real 0,000 => predicted 0,420 delta 0,420
real 0,250 => predicted 0,505 delta 0,255
real 0,500 => predicted 0,628 delta 0,128
real 0,750 => predicted 0,609 delta 0,141
real 1,000 => predicted 0,523 delta 0,477
real 0,750 => predicted 0,475 delta 0,275
real 0,750 => predicted 0,734 delta 0,016
real 1,000 => predicted 0,681 delta 0,319
real 1,000 => predicted 0,524 delta 0,476
real 1,000 => predicted 0,624 delta 0,376
real 0,000 => predicted 0,533 delta 0,533
real 1,000 => predicted 0,562 delta 0,438
real 1,000 => predicted 0,745 delta 0,255
real 0,000 => predicted 0,487 delta 0,487
real 0,500 => predicted 0,507 delta 0,007
real 0,500 => predicted 0,529 delta 0,029
real 1,000 => predicted 0,494 delta 0,506
real 0,500 => predicted 0,632 delta 0,132
real 0,000 => predicted 0,498 delta 0,498
real 0,000 => predicted 0,475 delta 0,475
real 0,250 => predicted 0,652 delta 0,402
real 0,250 => predicted 0,624 delta 0,374
real 0,250 => predicted 0,562 delta 0,312
real 0,750 => predicted 0,586 delta 0,164
real 1,000 => predicted 0,572 delta 0,428
real 0,500 => predicted 0,598 delta 0,098
real 0,000 => predicted 0,640 delta 0,640
real 0,750 => predicted 0,439 delta 0,311
real 0,750 => predicted 0,543 delta 0,207
real 0,750 => predicted 0,355 delta 0,395
real 0,500 => predicted 0,585 delta 0,085
real 0,250 => predicted 0,406 delta 0,156
real 0,750 => predicted 0,501 delta 0,249
real 0,500 => predicted 0,579 delta 0,079
real 0,750 => predicted 0,603 delta 0,147
real 0,750 => predicted 0,351 delta 0,399
real 0,750 => predicted 0,396 delta 0,354
real 0,750 => predicted 0,555 delta 0,195
real 0,000 => predicted 0,664 delta 0,664
real 0,500 => predicted 0,596 delta 0,096
real 1,000 => predicted 0,478 delta 0,522
real 1,000 => predicted 0,484 delta 0,516
real 0,750 => predicted 0,669 delta 0,081
real 1,000 => predicted 0,663 delta 0,337
real 0,000 => predicted 0,502 delta 0,502
real 0,000 => predicted 0,682 delta 0,682
real 0,000 => predicted 0,492 delta 0,492
real 0,000 => predicted 0,448 delta 0,448
real 0,000 => predicted 0,356 delta 0,356
real 0,750 => predicted 0,680 delta 0,070
real 1,000 => predicted 0,609 delta 0,391
real 1,000 => predicted 0,670 delta 0,330
real 1,000 => predicted 0,602 delta 0,398
real 1,000 => predicted 0,665 delta 0,335
real 1,000 => predicted 0,476 delta 0,524
real 0,750 => predicted 0,591 delta 0,159
real 0,250 => predicted 0,542 delta 0,292
real 0,250 => predicted 0,446 delta 0,196
real 0,500 => predicted 0,554 delta 0,054
real 0,500 => predicted 0,488 delta 0,012
real 1,000 => predicted 0,644 delta 0,356
real 0,750 => predicted 0,587 delta 0,163
real 1,000 => predicted 0,641 delta 0,359
real 1,000 => predicted 0,572 delta 0,428
real 0,000 => predicted 0,353 delta 0,353
real 0,000 => predicted 0,553 delta 0,553
real 0,250 => predicted 0,365 delta 0,115
real 0,750 => predicted 0,545 delta 0,205
real 0,500 => predicted 0,651 delta 0,151
real 0,750 => predicted 0,663 delta 0,087
real 0,750 => predicted 0,736 delta 0,014
real 1,000 => predicted 0,577 delta 0,423
real 1,000 => predicted 0,458 delta 0,542
real 0,500 => predicted 0,549 delta 0,049
real 0,250 => predicted 0,573 delta 0,323
real 0,750 => predicted 0,703 delta 0,047
real 0,500 => predicted 0,651 delta 0,151
real 0,750 => predicted 0,546 delta 0,204
real 0,000 => predicted 0,590 delta 0,590
real 0,750 => predicted 0,509 delta 0,241
real 1,000 => predicted 0,556 delta 0,444
real 0,500 => predicted 0,604 delta 0,104
real 1,000 => predicted 0,474 delta 0,526
real 0,250 => predicted 0,444 delta 0,194
real 0,750 => predicted 0,587 delta 0,163
real 1,000 => predicted 0,628 delta 0,372
real 1,000 => predicted 0,515 delta 0,485
real 0,750 => predicted 0,470 delta 0,280
real 0,500 => predicted 0,576 delta 0,076
real 0,250 => predicted 0,442 delta 0,192
real 0,500 => predicted 0,646 delta 0,146
real 0,750 => predicted 0,544 delta 0,206
real 0,250 => predicted 0,726 delta 0,476
real 0,000 => predicted 0,604 delta 0,604
real 1,000 => predicted 0,565 delta 0,435
real 0,500 => predicted 0,468 delta 0,032
real 0,750 => predicted 0,541 delta 0,209
real 1,000 => predicted 0,589 delta 0,411
real 1,000 => predicted 0,576 delta 0,424
real 0,750 => predicted 0,603 delta 0,147
real 0,750 => predicted 0,494 delta 0,256
real 1,000 => predicted 0,613 delta 0,387
real 0,000 => predicted 0,602 delta 0,602
real 0,000 => predicted 0,451 delta 0,451
real 0,000 => predicted 0,513 delta 0,513
real 0,000 => predicted 0,502 delta 0,502
real 0,750 => predicted 0,613 delta 0,137
real 0,750 => predicted 0,645 delta 0,105
real 0,750 => predicted 0,525 delta 0,225
real 0,750 => predicted 0,594 delta 0,156
real 0,500 => predicted 0,563 delta 0,063
real 0,500 => predicted 0,681 delta 0,181
real 1,000 => predicted 0,549 delta 0,451
real 1,000 => predicted 0,591 delta 0,409
real 1,000 => predicted 0,650 delta 0,350
real 0,750 => predicted 0,584 delta 0,166
real 0,500 => predicted 0,537 delta 0,037
real 0,500 => predicted 0,507 delta 0,007
real 0,750 => predicted 0,633 delta 0,117
real 0,750 => predicted 0,495 delta 0,255
real 0,250 => predicted 0,645 delta 0,395
real 0,250 => predicted 0,631 delta 0,381
real 0,000 => predicted 0,605 delta 0,605
real 0,500 => predicted 0,415 delta 0,085
real 0,500 => predicted 0,507 delta 0,007
real 0,250 => predicted 0,459 delta 0,209
real 1,000 => predicted 0,683 delta 0,317
real 1,000 => predicted 0,686 delta 0,314
real 0,500 => predicted 0,607 delta 0,107
real 0,250 => predicted 0,575 delta 0,325
real 0,000 => predicted 0,575 delta 0,575
real 0,500 => predicted 0,630 delta 0,130
real 1,000 => predicted 0,716 delta 0,284
real 1,000 => predicted 0,724 delta 0,276
real 0,500 => predicted 0,691 delta 0,191
real 0,500 => predicted 0,463 delta 0,037
real 1,000 => predicted 0,674 delta 0,326
real 0,750 => predicted 0,589 delta 0,161
real 1,000 => predicted 0,678 delta 0,322
real 0,750 => predicted 0,647 delta 0,103
real 0,500 => predicted 0,512 delta 0,012
real 0,750 => predicted 0,521 delta 0,229
real 0,500 => predicted 0,590 delta 0,090
real 1,000 => predicted 0,568 delta 0,432
real 0,250 => predicted 0,585 delta 0,335
real 0,500 => predicted 0,738 delta 0,238
real 0,500 => predicted 0,478 delta 0,022
real 0,000 => predicted 0,493 delta 0,493
real 1,000 => predicted 0,620 delta 0,380
real 1,000 => predicted 0,612 delta 0,388
real 0,750 => predicted 0,567 delta 0,183
real 1,000 => predicted 0,604 delta 0,396
real 0,750 => predicted 0,633 delta 0,117
real 0,500 => predicted 0,676 delta 0,176
real 0,000 => predicted 0,541 delta 0,541
real 0,750 => predicted 0,636 delta 0,114
real 0,250 => predicted 0,577 delta 0,327
real 1,000 => predicted 0,672 delta 0,328
real 0,250 => predicted 0,496 delta 0,246
real 0,500 => predicted 0,580 delta 0,080
real 0,750 => predicted 0,625 delta 0,125
real 0,500 => predicted 0,564 delta 0,064
real 0,250 => predicted 0,672 delta 0,422
real 0,500 => predicted 0,438 delta 0,062
real 0,500 => predicted 0,498 delta 0,002
real 0,750 => predicted 0,687 delta 0,063
real 1,000 => predicted 0,601 delta 0,399
real 1,000 => predicted 0,560 delta 0,440
real 0,750 => predicted 0,556 delta 0,194
real 0,750 => predicted 0,646 delta 0,104
real 1,000 => predicted 0,549 delta 0,451
real 1,000 => predicted 0,630 delta 0,370
real 1,000 => predicted 0,608 delta 0,392
real 1,000 => predicted 0,545 delta 0,455
real 1,000 => predicted 0,497 delta 0,503
real 0,750 => predicted 0,438 delta 0,312
real 0,250 => predicted 0,511 delta 0,261
real 0,750 => predicted 0,655 delta 0,095
real 0,750 => predicted 0,735 delta 0,015
real 0,000 => predicted 0,599 delta 0,599
real 0,000 => predicted 0,578 delta 0,578
real 0,250 => predicted 0,668 delta 0,418
real 0,500 => predicted 0,575 delta 0,075
real 0,500 => predicted 0,603 delta 0,103
real 0,000 => predicted 0,528 delta 0,528
real 0,000 => predicted 0,565 delta 0,565
real 0,000 => predicted 0,515 delta 0,515
real 0,000 => predicted 0,502 delta 0,502
real 0,000 => predicted 0,443 delta 0,443
real 0,000 => predicted 0,550 delta 0,550
real 0,000 => predicted 0,602 delta 0,602
real 0,000 => predicted 0,519 delta 0,519
real 0,750 => predicted 0,738 delta 0,012
real 1,000 => predicted 0,707 delta 0,293
real 1,000 => predicted 0,550 delta 0,450
real 0,750 => predicted 0,647 delta 0,103
real 0,750 => predicted 0,513 delta 0,237
real 1,000 => predicted 0,401 delta 0,599
real 0,750 => predicted 0,644 delta 0,106
real 1,000 => predicted 0,680 delta 0,320
real 0,250 => predicted 0,496 delta 0,246
real 1,000 => predicted 0,663 delta 0,337
real 1,000 => predicted 0,539 delta 0,461
real 0,250 => predicted 0,690 delta 0,440
real 0,500 => predicted 0,624 delta 0,124
real 0,750 => predicted 0,621 delta 0,129
real 0,250 => predicted 0,593 delta 0,343
real 0,250 => predicted 0,567 delta 0,317
real 0,750 => predicted 0,612 delta 0,138
real 0,500 => predicted 0,582 delta 0,082
real 0,250 => predicted 0,605 delta 0,355
real 0,250 => predicted 0,541 delta 0,291
real 0,250 => predicted 0,620 delta 0,370
real 0,500 => predicted 0,617 delta 0,117
real 0,000 => predicted 0,550 delta 0,550
real 0,000 => predicted 0,468 delta 0,468
real 0,000 => predicted 0,457 delta 0,457
real 0,000 => predicted 0,522 delta 0,522
real 0,000 => predicted 0,501 delta 0,501
real 0,000 => predicted 0,475 delta 0,475
real 1,000 => predicted 0,517 delta 0,483
real 0,500 => predicted 0,580 delta 0,080
real 0,750 => predicted 0,562 delta 0,188
real 0,500 => predicted 0,668 delta 0,168
real 0,000 => predicted 0,700 delta 0,700
real 0,000 => predicted 0,531 delta 0,531
real 1,000 => predicted 0,545 delta 0,455
real 0,250 => predicted 0,619 delta 0,369
real 0,250 => predicted 0,511 delta 0,261
real 0,500 => predicted 0,437 delta 0,063
real 0,250 => predicted 0,549 delta 0,299
real 0,250 => predicted 0,483 delta 0,233
real 0,250 => predicted 0,520 delta 0,270
real 0,500 => predicted 0,566 delta 0,066
real 0,750 => predicted 0,485 delta 0,265
real 1,000 => predicted 0,519 delta 0,481
real 0,000 => predicted 0,607 delta 0,607
real 0,500 => predicted 0,686 delta 0,186
real 1,000 => predicted 0,569 delta 0,431
real 1,000 => predicted 0,559 delta 0,441
real 0,000 => predicted 0,682 delta 0,682
real 0,250 => predicted 0,569 delta 0,319
real 1,000 => predicted 0,415 delta 0,585
real 1,000 => predicted 0,612 delta 0,388
real 0,750 => predicted 0,592 delta 0,158
real 0,750 => predicted 0,554 delta 0,196
real 0,250 => predicted 0,601 delta 0,351
real 1,000 => predicted 0,504 delta 0,496
real 1,000 => predicted 0,596 delta 0,404
real 0,000 => predicted 0,575 delta 0,575
real 0,000 => predicted 0,469 delta 0,469
real 0,000 => predicted 0,588 delta 0,588
real 0,250 => predicted 0,600 delta 0,350
real 0,250 => predicted 0,615 delta 0,365
real 0,500 => predicted 0,607 delta 0,107
real 0,750 => predicted 0,572 delta 0,178
real 0,500 => predicted 0,471 delta 0,029
real 0,500 => predicted 0,569 delta 0,069
real 0,250 => predicted 0,637 delta 0,387
real 1,000 => predicted 0,621 delta 0,379
real 0,750 => predicted 0,634 delta 0,116
real 0,250 => predicted 0,506 delta 0,256
real 0,250 => predicted 0,527 delta 0,277
real 1,000 => predicted 0,700 delta 0,300
real 1,000 => predicted 0,658 delta 0,342
real 1,000 => predicted 0,509 delta 0,491
real 0,500 => predicted 0,544 delta 0,044
real 0,750 => predicted 0,607 delta 0,143
real 0,500 => predicted 0,413 delta 0,087
real 0,500 => predicted 0,579 delta 0,079
real 0,500 => predicted 0,454 delta 0,046
real 1,000 => predicted 0,483 delta 0,517
real 0,750 => predicted 0,695 delta 0,055
real 1,000 => predicted 0,685 delta 0,315
real 0,000 => predicted 0,601 delta 0,601
real 0,250 => predicted 0,487 delta 0,237
real 0,250 => predicted 0,533 delta 0,283
real 1,000 => predicted 0,670 delta 0,330
real 0,750 => predicted 0,644 delta 0,106
real 0,500 => predicted 0,547 delta 0,047
real 1,000 => predicted 0,740 delta 0,260
real 0,000 => predicted 0,607 delta 0,607
real 1,000 => predicted 0,544 delta 0,456
real 0,750 => predicted 0,574 delta 0,176
real 0,750 => predicted 0,597 delta 0,153
real 1,000 => predicted 0,639 delta 0,361
real 1,000 => predicted 0,610 delta 0,390
real 0,750 => predicted 0,616 delta 0,134
real 0,500 => predicted 0,426 delta 0,074
real 0,750 => predicted 0,573 delta 0,177
real 0,750 => predicted 0,598 delta 0,152
real 0,000 => predicted 0,524 delta 0,524
real 0,000 => predicted 0,544 delta 0,544
real 0,500 => predicted 0,663 delta 0,163
real 0,750 => predicted 0,532 delta 0,218
real 0,000 => predicted 0,696 delta 0,696
real 0,500 => predicted 0,607 delta 0,107
real 0,250 => predicted 0,575 delta 0,325
real 1,000 => predicted 0,638 delta 0,362
real 0,750 => predicted 0,568 delta 0,182
real 0,750 => predicted 0,642 delta 0,108
real 0,750 => predicted 0,518 delta 0,232
real 0,750 => predicted 0,598 delta 0,152
real 0,500 => predicted 0,520 delta 0,020
real 0,750 => predicted 0,644 delta 0,106
real 0,000 => predicted 0,608 delta 0,608
real 1,000 => predicted 0,637 delta 0,363
real 1,000 => predicted 0,532 delta 0,468
real 1,000 => predicted 0,563 delta 0,437
real 1,000 => predicted 0,593 delta 0,407
real 0,500 => predicted 0,693 delta 0,193
real 0,000 => predicted 0,662 delta 0,662
real 0,000 => predicted 0,665 delta 0,665
real 0,000 => predicted 0,621 delta 0,621
real 0,000 => predicted 0,502 delta 0,502
real 0,000 => predicted 0,705 delta 0,705
real 1,000 => predicted 0,700 delta 0,300
real 1,000 => predicted 0,681 delta 0,319
real 0,250 => predicted 0,624 delta 0,374
real 1,000 => predicted 0,620 delta 0,380
real 1,000 => predicted 0,516 delta 0,484
real 1,000 => predicted 0,481 delta 0,519
real 1,000 => predicted 0,680 delta 0,320
real 1,000 => predicted 0,696 delta 0,304
real 1,000 => predicted 0,664 delta 0,336
real 0,250 => predicted 0,416 delta 0,166
real 0,000 => predicted 0,403 delta 0,403
real 0,250 => predicted 0,456 delta 0,206
real 1,000 => predicted 0,460 delta 0,540
real 1,000 => predicted 0,422 delta 0,578
real 0,750 => predicted 0,488 delta 0,262
real 1,000 => predicted 0,601 delta 0,399
real 0,750 => predicted 0,584 delta 0,166
real 0,500 => predicted 0,493 delta 0,007
real 0,750 => predicted 0,612 delta 0,138
real 0,750 => predicted 0,597 delta 0,153
real 1,000 => predicted 0,644 delta 0,356
real 1,000 => predicted 0,457 delta 0,543
real 0,750 => predicted 0,467 delta 0,283
real 0,250 => predicted 0,530 delta 0,280
real 0,750 => predicted 0,478 delta 0,272
real 0,500 => predicted 0,586 delta 0,086
real 0,750 => predicted 0,717 delta 0,033
real 0,500 => predicted 0,574 delta 0,074
real 1,000 => predicted 0,553 delta 0,447
real 0,500 => predicted 0,610 delta 0,110
real 0,500 => predicted 0,623 delta 0,123
real 1,000 => predicted 0,491 delta 0,509
real 1,000 => predicted 0,474 delta 0,526
real 0,750 => predicted 0,643 delta 0,107
real 1,000 => predicted 0,576 delta 0,424
real 0,250 => predicted 0,444 delta 0,194
real 0,250 => predicted 0,438 delta 0,188
real 0,500 => predicted 0,642 delta 0,142
real 0,500 => predicted 0,586 delta 0,086
real 0,500 => predicted 0,659 delta 0,159
real 0,750 => predicted 0,488 delta 0,262
real 0,500 => predicted 0,626 delta 0,126
real 0,750 => predicted 0,725 delta 0,025
real 1,000 => predicted 0,542 delta 0,458
real 1,000 => predicted 0,623 delta 0,377
real 1,000 => predicted 0,626 delta 0,374
real 1,000 => predicted 0,600 delta 0,400
real 1,000 => predicted 0,613 delta 0,387
real 1,000 => predicted 0,567 delta 0,433
real 1,000 => predicted 0,627 delta 0,373
real 1,000 => predicted 0,533 delta 0,467
real 0,750 => predicted 0,614 delta 0,136
real 0,000 => predicted 0,601 delta 0,601
real 0,000 => predicted 0,580 delta 0,580
real 0,000 => predicted 0,624 delta 0,624
real 1,000 => predicted 0,703 delta 0,297
real 1,000 => predicted 0,565 delta 0,435
real 0,750 => predicted 0,571 delta 0,179
real 1,000 => predicted 0,729 delta 0,271
real 0,500 => predicted 0,581 delta 0,081
real 0,250 => predicted 0,723 delta 0,473
real 0,500 => predicted 0,594 delta 0,094
real 1,000 => predicted 0,695 delta 0,305
real 0,750 => predicted 0,596 delta 0,154
real 0,250 => predicted 0,527 delta 0,277
real 1,000 => predicted 0,584 delta 0,416
real 0,000 => predicted 0,593 delta 0,593
real 0,750 => predicted 0,577 delta 0,173
real 0,500 => predicted 0,580 delta 0,080
real 0,500 => predicted 0,617 delta 0,117
real 1,000 => predicted 0,607 delta 0,393
real 1,000 => predicted 0,602 delta 0,398
real 0,250 => predicted 0,526 delta 0,276
real 0,000 => predicted 0,630 delta 0,630
real 0,000 => predicted 0,619 delta 0,619
real 0,000 => predicted 0,606 delta 0,606
real 0,000 => predicted 0,585 delta 0,585
real 1,000 => predicted 0,725 delta 0,275
real 0,500 => predicted 0,614 delta 0,114
real 1,000 => predicted 0,703 delta 0,297
real 1,000 => predicted 0,646 delta 0,354
real 1,000 => predicted 0,732 delta 0,268
real 0,000 => predicted 0,728 delta 0,728
real 1,000 => predicted 0,494 delta 0,506
real 0,750 => predicted 0,545 delta 0,205
real 1,000 => predicted 0,609 delta 0,391
real 1,000 => predicted 0,695 delta 0,305
real 1,000 => predicted 0,553 delta 0,447
real 1,000 => predicted 0,621 delta 0,379
real 1,000 => predicted 0,626 delta 0,374
real 0,000 => predicted 0,429 delta 0,429
real 0,000 => predicted 0,520 delta 0,520
real 0,000 => predicted 0,622 delta 0,622
real 0,000 => predicted 0,550 delta 0,550
real 0,000 => predicted 0,642 delta 0,642
real 0,250 => predicted 0,491 delta 0,241
real 0,250 => predicted 0,635 delta 0,385
real 1,000 => predicted 0,716 delta 0,284
real 0,750 => predicted 0,642 delta 0,108
real 0,500 => predicted 0,527 delta 0,027
real 0,500 => predicted 0,612 delta 0,112
real 1,000 => predicted 0,720 delta 0,280
real 0,750 => predicted 0,737 delta 0,013
real 0,000 => predicted 0,700 delta 0,700
real 1,000 => predicted 0,627 delta 0,373
real 1,000 => predicted 0,636 delta 0,364
real 1,000 => predicted 0,495 delta 0,505
real 0,500 => predicted 0,557 delta 0,057
real 0,500 => predicted 0,624 delta 0,124
real 0,500 => predicted 0,568 delta 0,068
real 1,000 => predicted 0,541 delta 0,459
real 1,000 => predicted 0,609 delta 0,391
real 0,250 => predicted 0,511 delta 0,261
real 0,750 => predicted 0,616 delta 0,134
real 0,750 => predicted 0,625 delta 0,125
real 0,500 => predicted 0,632 delta 0,132
real 0,500 => predicted 0,622 delta 0,122
real 1,000 => predicted 0,465 delta 0,535
real 1,000 => predicted 0,540 delta 0,460
real 0,500 => predicted 0,508 delta 0,008
real 0,500 => predicted 0,454 delta 0,046
real 0,500 => predicted 0,630 delta 0,130
real 0,750 => predicted 0,733 delta 0,017
real 0,750 => predicted 0,622 delta 0,128
real 1,000 => predicted 0,703 delta 0,297
real 1,000 => predicted 0,730 delta 0,270
real 1,000 => predicted 0,736 delta 0,264
real 1,000 => predicted 0,600 delta 0,400
real 0,250 => predicted 0,578 delta 0,328
real 1,000 => predicted 0,531 delta 0,469
real 0,500 => predicted 0,520 delta 0,020
real 1,000 => predicted 0,388 delta 0,612
real 0,750 => predicted 0,406 delta 0,344
real 0,000 => predicted 0,464 delta 0,464
real 0,250 => predicted 0,539 delta 0,289
real 1,000 => predicted 0,645 delta 0,355
real 1,000 => predicted 0,527 delta 0,473
real 0,000 => predicted 0,710 delta 0,710
real 0,250 => predicted 0,548 delta 0,298
real 0,000 => predicted 0,728 delta 0,728
real 0,750 => predicted 0,433 delta 0,317
real 1,000 => predicted 0,458 delta 0,542
real 1,000 => predicted 0,619 delta 0,381
real 1,000 => predicted 0,468 delta 0,532
real 1,000 => predicted 0,475 delta 0,525
real 1,000 => predicted 0,572 delta 0,428
real 1,000 => predicted 0,499 delta 0,501
real 1,000 => predicted 0,509 delta 0,491
real 0,750 => predicted 0,449 delta 0,301
real 1,000 => predicted 0,651 delta 0,349
real 1,000 => predicted 0,570 delta 0,430
real 1,000 => predicted 0,585 delta 0,415
real 0,000 => predicted 0,633 delta 0,633
real 0,000 => predicted 0,666 delta 0,666
real 0,250 => predicted 0,628 delta 0,378
real 0,000 => predicted 0,609 delta 0,609
real 0,500 => predicted 0,656 delta 0,156
real 0,500 => predicted 0,621 delta 0,121
real 0,000 => predicted 0,634 delta 0,634
real 0,750 => predicted 0,686 delta 0,064
real 0,750 => predicted 0,589 delta 0,161
real 0,750 => predicted 0,622 delta 0,128
real 0,750 => predicted 0,571 delta 0,179
real 1,000 => predicted 0,608 delta 0,392
real 0,750 => predicted 0,552 delta 0,198
real 0,750 => predicted 0,534 delta 0,216
real 0,750 => predicted 0,505 delta 0,245
real 1,000 => predicted 0,553 delta 0,447
real 0,500 => predicted 0,514 delta 0,014
real 0,500 => predicted 0,508 delta 0,008
real 0,500 => predicted 0,551 delta 0,051
real 0,750 => predicted 0,628 delta 0,122
real 0,750 => predicted 0,722 delta 0,028
real 1,000 => predicted 0,732 delta 0,268
real 1,000 => predicted 0,716 delta 0,284
real 1,000 => predicted 0,670 delta 0,330
real 0,250 => predicted 0,619 delta 0,369
real 0,500 => predicted 0,513 delta 0,013
real 0,250 => predicted 0,549 delta 0,299
real 0,250 => predicted 0,534 delta 0,284
real 0,250 => predicted 0,578 delta 0,328
real 0,000 => predicted 0,608 delta 0,608
real 0,500 => predicted 0,631 delta 0,131
real 1,000 => predicted 0,654 delta 0,346
real 0,500 => predicted 0,545 delta 0,045
real 0,250 => predicted 0,617 delta 0,367
real 1,000 => predicted 0,614 delta 0,386
real 1,000 => predicted 0,600 delta 0,400
real 0,000 => predicted 0,685 delta 0,685
real 0,000 => predicted 0,667 delta 0,667
real 0,750 => predicted 0,566 delta 0,184
real 0,750 => predicted 0,734 delta 0,016
real 0,750 => predicted 0,658 delta 0,092
real 1,000 => predicted 0,535 delta 0,465
real 1,000 => predicted 0,450 delta 0,550
real 1,000 => predicted 0,615 delta 0,385
real 1,000 => predicted 0,582 delta 0,418
real 0,500 => predicted 0,511 delta 0,011
real 1,000 => predicted 0,495 delta 0,505
real 0,500 => predicted 0,560 delta 0,060
real 0,500 => predicted 0,508 delta 0,008
real 0,500 => predicted 0,591 delta 0,091
real 0,250 => predicted 0,511 delta 0,261
real 0,000 => predicted 0,446 delta 0,446
real 0,500 => predicted 0,589 delta 0,089
real 0,500 => predicted 0,568 delta 0,068
real 1,000 => predicted 0,696 delta 0,304
real 0,750 => predicted 0,670 delta 0,080
real 0,000 => predicted 0,503 delta 0,503
real 0,000 => predicted 0,585 delta 0,585
real 0,500 => predicted 0,663 delta 0,163
real 0,750 => predicted 0,673 delta 0,077
real 1,000 => predicted 0,653 delta 0,347
real 0,250 => predicted 0,633 delta 0,383
real 0,500 => predicted 0,536 delta 0,036
real 1,000 => predicted 0,591 delta 0,409
real 0,750 => predicted 0,556 delta 0,194
real 0,750 => predicted 0,607 delta 0,143
real 0,500 => predicted 0,557 delta 0,057
real 0,750 => predicted 0,383 delta 0,367
real 0,500 => predicted 0,616 delta 0,116
real 0,000 => predicted 0,536 delta 0,536
real 0,250 => predicted 0,613 delta 0,363
real 0,250 => predicted 0,553 delta 0,303
real 0,750 => predicted 0,596 delta 0,154
real 0,750 => predicted 0,614 delta 0,136
real 0,750 => predicted 0,677 delta 0,073
real 0,500 => predicted 0,734 delta 0,234
real 0,750 => predicted 0,491 delta 0,259
real 0,500 => predicted 0,488 delta 0,012
real 0,250 => predicted 0,571 delta 0,321
real 0,500 => predicted 0,535 delta 0,035
real 0,250 => predicted 0,619 delta 0,369
real 0,500 => predicted 0,522 delta 0,022
real 0,500 => predicted 0,503 delta 0,003
real 0,750 => predicted 0,540 delta 0,210
real 0,500 => predicted 0,567 delta 0,067
real 0,750 => predicted 0,700 delta 0,050
real 0,750 => predicted 0,665 delta 0,085
real 1,000 => predicted 0,616 delta 0,384
real 1,000 => predicted 0,681 delta 0,319
real 0,750 => predicted 0,610 delta 0,140
real 0,250 => predicted 0,601 delta 0,351
real 0,750 => predicted 0,654 delta 0,096
real 0,750 => predicted 0,637 delta 0,113
real 0,750 => predicted 0,549 delta 0,201
real 0,500 => predicted 0,562 delta 0,062
real 0,500 => predicted 0,573 delta 0,073
real 0,500 => predicted 0,559 delta 0,059
real 0,500 => predicted 0,528 delta 0,028
real 0,500 => predicted 0,545 delta 0,045
real 0,500 => predicted 0,440 delta 0,060
real 0,750 => predicted 0,557 delta 0,193
real 0,250 => predicted 0,483 delta 0,233
real 0,250 => predicted 0,471 delta 0,221
real 0,500 => predicted 0,596 delta 0,096
real 0,750 => predicted 0,646 delta 0,104
real 0,750 => predicted 0,609 delta 0,141
real 0,500 => predicted 0,721 delta 0,221
real 0,500 => predicted 0,653 delta 0,153
real 0,750 => predicted 0,507 delta 0,243
real 0,750 => predicted 0,550 delta 0,200
real 1,000 => predicted 0,513 delta 0,487
real 0,750 => predicted 0,447 delta 0,303
real 0,750 => predicted 0,578 delta 0,172
real 0,500 => predicted 0,642 delta 0,142
real 0,750 => predicted 0,495 delta 0,255
real 1,000 => predicted 0,616 delta 0,384
real 0,750 => predicted 0,549 delta 0,201
real 1,000 => predicted 0,600 delta 0,400
real 0,250 => predicted 0,571 delta 0,321
real 0,500 => predicted 0,590 delta 0,090
real 1,000 => predicted 0,598 delta 0,402
real 1,000 => predicted 0,576 delta 0,424
real 1,000 => predicted 0,631 delta 0,369
real 0,500 => predicted 0,498 delta 0,002
real 0,750 => predicted 0,638 delta 0,112
real 0,750 => predicted 0,505 delta 0,245
real 0,250 => predicted 0,691 delta 0,441
real 0,500 => predicted 0,599 delta 0,099
real 0,750 => predicted 0,721 delta 0,029
real 0,500 => predicted 0,730 delta 0,230
real 0,750 => predicted 0,666 delta 0,084
real 0,500 => predicted 0,715 delta 0,215
real 0,750 => predicted 0,645 delta 0,105
real 1,000 => predicted 0,602 delta 0,398
real 0,250 => predicted 0,548 delta 0,298
real 0,750 => predicted 0,666 delta 0,084
real 0,750 => predicted 0,672 delta 0,078
real 0,500 => predicted 0,638 delta 0,138
real 0,500 => predicted 0,547 delta 0,047
real 0,750 => predicted 0,586 delta 0,164
real 0,500 => predicted 0,615 delta 0,115
real 0,500 => predicted 0,462 delta 0,038
real 0,500 => predicted 0,540 delta 0,040
real 0,750 => predicted 0,500 delta 0,250
real 0,500 => predicted 0,543 delta 0,043
real 0,750 => predicted 0,671 delta 0,079
real 0,250 => predicted 0,465 delta 0,215
real 0,750 => predicted 0,641 delta 0,109
real 0,500 => predicted 0,638 delta 0,138
real 0,750 => predicted 0,730 delta 0,020
real 0,500 => predicted 0,709 delta 0,209
real 0,500 => predicted 0,601 delta 0,101
real 0,500 => predicted 0,672 delta 0,172
real 0,250 => predicted 0,531 delta 0,281
real 1,000 => predicted 0,526 delta 0,474
real 1,000 => predicted 0,487 delta 0,513
real 0,750 => predicted 0,611 delta 0,139
real 0,750 => predicted 0,613 delta 0,137
real 0,250 => predicted 0,533 delta 0,283
real 0,750 => predicted 0,572 delta 0,178
real 0,750 => predicted 0,686 delta 0,064
real 0,500 => predicted 0,603 delta 0,103
real 0,250 => predicted 0,605 delta 0,355
real 1,000 => predicted 0,711 delta 0,289
real 0,750 => predicted 0,690 delta 0,060
real 1,000 => predicted 0,715 delta 0,285
real 0,750 => predicted 0,678 delta 0,072
real 0,500 => predicted 0,597 delta 0,097
real 0,750 => predicted 0,588 delta 0,162
real 0,750 => predicted 0,657 delta 0,093
real 1,000 => predicted 0,693 delta 0,307
real 0,750 => predicted 0,591 delta 0,159
real 0,000 => predicted 0,648 delta 0,648
real 0,250 => predicted 0,543 delta 0,293
real 0,000 => predicted 0,684 delta 0,684
real 0,750 => predicted 0,599 delta 0,151
real 1,000 => predicted 0,561 delta 0,439
real 0,750 => predicted 0,571 delta 0,179
real 0,750 => predicted 0,630 delta 0,120
real 0,000 => predicted 0,622 delta 0,622
real 0,750 => predicted 0,597 delta 0,153
real 1,000 => predicted 0,471 delta 0,529
real 1,000 => predicted 0,634 delta 0,366
real 0,250 => predicted 0,540 delta 0,290
real 0,500 => predicted 0,576 delta 0,076
real 0,000 => predicted 0,625 delta 0,625
real 0,000 => predicted 0,668 delta 0,668
real 0,250 => predicted 0,564 delta 0,314
real 0,250 => predicted 0,552 delta 0,302
real 0,000 => predicted 0,490 delta 0,490
real 0,000 => predicted 0,587 delta 0,587
real 0,500 => predicted 0,590 delta 0,090
real 0,750 => predicted 0,691 delta 0,059
real 0,750 => predicted 0,619 delta 0,131
real 1,000 => predicted 0,682 delta 0,318
real 0,750 => predicted 0,568 delta 0,182
real 0,000 => predicted 0,717 delta 0,717
real 1,000 => predicted 0,634 delta 0,366
real 0,500 => predicted 0,675 delta 0,175
real 0,750 => predicted 0,592 delta 0,158
real 0,500 => predicted 0,614 delta 0,114
real 1,000 => predicted 0,650 delta 0,350
real 0,500 => predicted 0,586 delta 0,086
real 0,500 => predicted 0,626 delta 0,126
real 0,500 => predicted 0,466 delta 0,034
real 0,250 => predicted 0,575 delta 0,325
real 0,750 => predicted 0,580 delta 0,170
real 1,000 => predicted 0,592 delta 0,408
real 0,750 => predicted 0,463 delta 0,287
real 0,750 => predicted 0,635 delta 0,115
real 0,750 => predicted 0,659 delta 0,091
real 1,000 => predicted 0,640 delta 0,360
real 0,750 => predicted 0,558 delta 0,192
real 0,750 => predicted 0,686 delta 0,064
real 0,500 => predicted 0,594 delta 0,094
real 0,500 => predicted 0,671 delta 0,171
real 0,500 => predicted 0,577 delta 0,077
real 1,000 => predicted 0,705 delta 0,295
real 0,750 => predicted 0,710 delta 0,040
real 0,000 => predicted 0,631 delta 0,631
real 0,000 => predicted 0,680 delta 0,680
real 0,000 => predicted 0,503 delta 0,503
real 0,500 => predicted 0,586 delta 0,086
real 0,500 => predicted 0,640 delta 0,140
real 1,000 => predicted 0,676 delta 0,324
real 0,750 => predicted 0,620 delta 0,130
real 0,750 => predicted 0,638 delta 0,112
real 1,000 => predicted 0,702 delta 0,298
real 1,000 => predicted 0,705 delta 0,295
real 1,000 => predicted 0,576 delta 0,424
real 0,750 => predicted 0,717 delta 0,033
real 0,750 => predicted 0,610 delta 0,140
real 0,500 => predicted 0,621 delta 0,121
real 0,750 => predicted 0,604 delta 0,146
real 0,250 => predicted 0,675 delta 0,425
real 0,500 => predicted 0,501 delta 0,001
real 0,250 => predicted 0,591 delta 0,341
real 0,500 => predicted 0,523 delta 0,023
real 0,750 => predicted 0,667 delta 0,083
real 0,250 => predicted 0,564 delta 0,314
real 1,000 => predicted 0,550 delta 0,450
real 0,750 => predicted 0,504 delta 0,246
real 1,000 => predicted 0,623 delta 0,377
real 0,000 => predicted 0,680 delta 0,680
real 1,000 => predicted 0,694 delta 0,306
real 0,500 => predicted 0,571 delta 0,071
real 0,500 => predicted 0,460 delta 0,040
real 0,750 => predicted 0,581 delta 0,169
real 1,000 => predicted 0,584 delta 0,416
real 0,500 => predicted 0,568 delta 0,068
real 1,000 => predicted 0,609 delta 0,391
real 1,000 => predicted 0,616 delta 0,384
real 0,750 => predicted 0,612 delta 0,138
real 0,500 => predicted 0,419 delta 0,081
real 0,500 => predicted 0,407 delta 0,093
real 0,750 => predicted 0,578 delta 0,172
real 1,000 => predicted 0,600 delta 0,400
real 1,000 => predicted 0,614 delta 0,386
real 0,750 => predicted 0,598 delta 0,152
real 0,750 => predicted 0,586 delta 0,164
real 1,000 => predicted 0,606 delta 0,394
real 1,000 => predicted 0,604 delta 0,396
real 1,000 => predicted 0,514 delta 0,486
real 0,750 => predicted 0,520 delta 0,230
real 1,000 => predicted 0,619 delta 0,381
real 0,500 => predicted 0,503 delta 0,003
real 0,750 => predicted 0,526 delta 0,224
real 1,000 => predicted 0,623 delta 0,377
real 1,000 => predicted 0,573 delta 0,427
real 0,000 => predicted 0,634 delta 0,634
model meanRating 0,584 baseline RMSE 0,354 model RMSE 0,347
model improves the baseline by 1,850 percents
accuracy = 0,000

Process finished with exit code 0
