"C:\Program Files\Java\jdk1.8.0_144\bin\java" -Didea.launcher.port=7543 "-Didea.launcher.bin.path=C:\Program Files (x86)\JetBrains\IntelliJ IDEA 2016.2.4\bin" -Dfile.encoding=UTF-8 -classpath "C:\Program Files\Java\jdk1.8.0_144\jre\lib\charsets.jar;C:\Program Files\Java\jdk1.8.0_144\jre\lib\deploy.jar;C:\Program Files\Java\jdk1.8.0_144\jre\lib\ext\access-bridge-64.jar;C:\Program Files\Java\jdk1.8.0_144\jre\lib\ext\cldrdata.jar;C:\Program Files\Java\jdk1.8.0_144\jre\lib\ext\dnsns.jar;C:\Program Files\Java\jdk1.8.0_144\jre\lib\ext\jaccess.jar;C:\Program Files\Java\jdk1.8.0_144\jre\lib\ext\jfxrt.jar;C:\Program Files\Java\jdk1.8.0_144\jre\lib\ext\localedata.jar;C:\Program Files\Java\jdk1.8.0_144\jre\lib\ext\nashorn.jar;C:\Program Files\Java\jdk1.8.0_144\jre\lib\ext\sunec.jar;C:\Program Files\Java\jdk1.8.0_144\jre\lib\ext\sunjce_provider.jar;C:\Program Files\Java\jdk1.8.0_144\jre\lib\ext\sunmscapi.jar;C:\Program Files\Java\jdk1.8.0_144\jre\lib\ext\sunpkcs11.jar;C:\Program Files\Java\jdk1.8.0_144\jre\lib\ext\zipfs.jar;C:\Program Files\Java\jdk1.8.0_144\jre\lib\javaws.jar;C:\Program Files\Java\jdk1.8.0_144\jre\lib\jce.jar;C:\Program Files\Java\jdk1.8.0_144\jre\lib\jfr.jar;C:\Program Files\Java\jdk1.8.0_144\jre\lib\jfxswt.jar;C:\Program Files\Java\jdk1.8.0_144\jre\lib\jsse.jar;C:\Program Files\Java\jdk1.8.0_144\jre\lib\management-agent.jar;C:\Program Files\Java\jdk1.8.0_144\jre\lib\plugin.jar;C:\Program Files\Java\jdk1.8.0_144\jre\lib\resources.jar;C:\Program Files\Java\jdk1.8.0_144\jre\lib\rt.jar;C:\java\Recommender\target\classes;C:\Users\admin\.m2\repository\org\scala-lang\scala-library\2.11.11\scala-library-2.11.11.jar;C:\Users\admin\.m2\repository\org\scala-lang\scala-reflect\2.11.11\scala-reflect-2.11.11.jar;C:\Users\admin\.m2\repository\org\apache\spark\spark-core_2.11\2.2.1\spark-core_2.11-2.2.1.jar;C:\Users\admin\.m2\repository\org\apache\avro\avro\1.7.7\avro-1.7.7.jar;C:\Users\admin\.m2\repository\org\codehaus\jackson\jackson-core-asl\1.9.13\jackson-core-asl-1.9.13.jar;C:\Users\admin\.m2\repository\org\codehaus\jackson\jackson-mapper-asl\1.9.13\jackson-mapper-asl-1.9.13.jar;C:\Users\admin\.m2\repository\com\thoughtworks\paranamer\paranamer\2.3\paranamer-2.3.jar;C:\Users\admin\.m2\repository\org\apache\commons\commons-compress\1.4.1\commons-compress-1.4.1.jar;C:\Users\admin\.m2\repository\org\tukaani\xz\1.0\xz-1.0.jar;C:\Users\admin\.m2\repository\org\apache\avro\avro-mapred\1.7.7\avro-mapred-1.7.7-hadoop2.jar;C:\Users\admin\.m2\repository\org\apache\avro\avro-ipc\1.7.7\avro-ipc-1.7.7.jar;C:\Users\admin\.m2\repository\org\apache\avro\avro-ipc\1.7.7\avro-ipc-1.7.7-tests.jar;C:\Users\admin\.m2\repository\com\twitter\chill_2.11\0.8.0\chill_2.11-0.8.0.jar;C:\Users\admin\.m2\repository\com\esotericsoftware\kryo-shaded\3.0.3\kryo-shaded-3.0.3.jar;C:\Users\admin\.m2\repository\com\esotericsoftware\minlog\1.3.0\minlog-1.3.0.jar;C:\Users\admin\.m2\repository\org\objenesis\objenesis\2.1\objenesis-2.1.jar;C:\Users\admin\.m2\repository\com\twitter\chill-java\0.8.0\chill-java-0.8.0.jar;C:\Users\admin\.m2\repository\org\apache\xbean\xbean-asm5-shaded\4.4\xbean-asm5-shaded-4.4.jar;C:\Users\admin\.m2\repository\org\apache\hadoop\hadoop-client\2.6.5\hadoop-client-2.6.5.jar;C:\Users\admin\.m2\repository\org\apache\hadoop\hadoop-common\2.6.5\hadoop-common-2.6.5.jar;C:\Users\admin\.m2\repository\commons-cli\commons-cli\1.2\commons-cli-1.2.jar;C:\Users\admin\.m2\repository\xmlenc\xmlenc\0.52\xmlenc-0.52.jar;C:\Users\admin\.m2\repository\commons-httpclient\commons-httpclient\3.1\commons-httpclient-3.1.jar;C:\Users\admin\.m2\repository\commons-io\commons-io\2.4\commons-io-2.4.jar;C:\Users\admin\.m2\repository\commons-collections\commons-collections\3.2.2\commons-collections-3.2.2.jar;C:\Users\admin\.m2\repository\commons-lang\commons-lang\2.6\commons-lang-2.6.jar;C:\Users\admin\.m2\repository\commons-configuration\commons-configuration\1.6\commons-configuration-1.6.jar;C:\Users\admin\.m2\repository\commons-digester\commons-digester\1.8\commons-digester-1.8.jar;C:\Users\admin\.m2\repository\commons-beanutils\commons-beanutils\1.7.0\commons-beanutils-1.7.0.jar;C:\Users\admin\.m2\repository\commons-beanutils\commons-beanutils-core\1.8.0\commons-beanutils-core-1.8.0.jar;C:\Users\admin\.m2\repository\com\google\protobuf\protobuf-java\2.5.0\protobuf-java-2.5.0.jar;C:\Users\admin\.m2\repository\com\google\code\gson\gson\2.2.4\gson-2.2.4.jar;C:\Users\admin\.m2\repository\org\apache\hadoop\hadoop-auth\2.6.5\hadoop-auth-2.6.5.jar;C:\Users\admin\.m2\repository\org\apache\directory\server\apacheds-kerberos-codec\2.0.0-M15\apacheds-kerberos-codec-2.0.0-M15.jar;C:\Users\admin\.m2\repository\org\apache\directory\server\apacheds-i18n\2.0.0-M15\apacheds-i18n-2.0.0-M15.jar;C:\Users\admin\.m2\repository\org\apache\directory\api\api-asn1-api\1.0.0-M20\api-asn1-api-1.0.0-M20.jar;C:\Users\admin\.m2\repository\org\apache\directory\api\api-util\1.0.0-M20\api-util-1.0.0-M20.jar;C:\Users\admin\.m2\repository\org\apache\curator\curator-client\2.6.0\curator-client-2.6.0.jar;C:\Users\admin\.m2\repository\org\htrace\htrace-core\3.0.4\htrace-core-3.0.4.jar;C:\Users\admin\.m2\repository\org\apache\hadoop\hadoop-hdfs\2.6.5\hadoop-hdfs-2.6.5.jar;C:\Users\admin\.m2\repository\org\mortbay\jetty\jetty-util\6.1.26\jetty-util-6.1.26.jar;C:\Users\admin\.m2\repository\xerces\xercesImpl\2.9.1\xercesImpl-2.9.1.jar;C:\Users\admin\.m2\repository\xml-apis\xml-apis\1.3.04\xml-apis-1.3.04.jar;C:\Users\admin\.m2\repository\org\apache\hadoop\hadoop-mapreduce-client-app\2.6.5\hadoop-mapreduce-client-app-2.6.5.jar;C:\Users\admin\.m2\repository\org\apache\hadoop\hadoop-mapreduce-client-common\2.6.5\hadoop-mapreduce-client-common-2.6.5.jar;C:\Users\admin\.m2\repository\org\apache\hadoop\hadoop-yarn-client\2.6.5\hadoop-yarn-client-2.6.5.jar;C:\Users\admin\.m2\repository\org\apache\hadoop\hadoop-yarn-server-common\2.6.5\hadoop-yarn-server-common-2.6.5.jar;C:\Users\admin\.m2\repository\org\apache\hadoop\hadoop-mapreduce-client-shuffle\2.6.5\hadoop-mapreduce-client-shuffle-2.6.5.jar;C:\Users\admin\.m2\repository\org\apache\hadoop\hadoop-yarn-api\2.6.5\hadoop-yarn-api-2.6.5.jar;C:\Users\admin\.m2\repository\org\apache\hadoop\hadoop-mapreduce-client-core\2.6.5\hadoop-mapreduce-client-core-2.6.5.jar;C:\Users\admin\.m2\repository\org\apache\hadoop\hadoop-yarn-common\2.6.5\hadoop-yarn-common-2.6.5.jar;C:\Users\admin\.m2\repository\javax\xml\bind\jaxb-api\2.2.2\jaxb-api-2.2.2.jar;C:\Users\admin\.m2\repository\javax\xml\stream\stax-api\1.0-2\stax-api-1.0-2.jar;C:\Users\admin\.m2\repository\org\codehaus\jackson\jackson-jaxrs\1.9.13\jackson-jaxrs-1.9.13.jar;C:\Users\admin\.m2\repository\org\codehaus\jackson\jackson-xc\1.9.13\jackson-xc-1.9.13.jar;C:\Users\admin\.m2\repository\org\apache\hadoop\hadoop-mapreduce-client-jobclient\2.6.5\hadoop-mapreduce-client-jobclient-2.6.5.jar;C:\Users\admin\.m2\repository\org\apache\hadoop\hadoop-annotations\2.6.5\hadoop-annotations-2.6.5.jar;C:\Users\admin\.m2\repository\org\apache\spark\spark-launcher_2.11\2.2.1\spark-launcher_2.11-2.2.1.jar;C:\Users\admin\.m2\repository\org\apache\spark\spark-network-common_2.11\2.2.1\spark-network-common_2.11-2.2.1.jar;C:\Users\admin\.m2\repository\org\fusesource\leveldbjni\leveldbjni-all\1.8\leveldbjni-all-1.8.jar;C:\Users\admin\.m2\repository\com\fasterxml\jackson\core\jackson-annotations\2.6.5\jackson-annotations-2.6.5.jar;C:\Users\admin\.m2\repository\org\apache\spark\spark-network-shuffle_2.11\2.2.1\spark-network-shuffle_2.11-2.2.1.jar;C:\Users\admin\.m2\repository\org\apache\spark\spark-unsafe_2.11\2.2.1\spark-unsafe_2.11-2.2.1.jar;C:\Users\admin\.m2\repository\net\java\dev\jets3t\jets3t\0.9.3\jets3t-0.9.3.jar;C:\Users\admin\.m2\repository\org\apache\httpcomponents\httpcore\4.3.3\httpcore-4.3.3.jar;C:\Users\admin\.m2\repository\org\apache\httpcomponents\httpclient\4.3.6\httpclient-4.3.6.jar;C:\Users\admin\.m2\repository\commons-codec\commons-codec\1.8\commons-codec-1.8.jar;C:\Users\admin\.m2\repository\javax\activation\activation\1.1.1\activation-1.1.1.jar;C:\Users\admin\.m2\repository\mx4j\mx4j\3.0.2\mx4j-3.0.2.jar;C:\Users\admin\.m2\repository\javax\mail\mail\1.4.7\mail-1.4.7.jar;C:\Users\admin\.m2\repository\org\bouncycastle\bcprov-jdk15on\1.51\bcprov-jdk15on-1.51.jar;C:\Users\admin\.m2\repository\com\jamesmurty\utils\java-xmlbuilder\1.0\java-xmlbuilder-1.0.jar;C:\Users\admin\.m2\repository\net\iharder\base64\2.3.8\base64-2.3.8.jar;C:\Users\admin\.m2\repository\org\apache\curator\curator-recipes\2.6.0\curator-recipes-2.6.0.jar;C:\Users\admin\.m2\repository\org\apache\curator\curator-framework\2.6.0\curator-framework-2.6.0.jar;C:\Users\admin\.m2\repository\org\apache\zookeeper\zookeeper\3.4.6\zookeeper-3.4.6.jar;C:\Users\admin\.m2\repository\com\google\guava\guava\16.0.1\guava-16.0.1.jar;C:\Users\admin\.m2\repository\javax\servlet\javax.servlet-api\3.1.0\javax.servlet-api-3.1.0.jar;C:\Users\admin\.m2\repository\org\apache\commons\commons-lang3\3.5\commons-lang3-3.5.jar;C:\Users\admin\.m2\repository\org\apache\commons\commons-math3\3.4.1\commons-math3-3.4.1.jar;C:\Users\admin\.m2\repository\com\google\code\findbugs\jsr305\1.3.9\jsr305-1.3.9.jar;C:\Users\admin\.m2\repository\org\slf4j\slf4j-api\1.7.16\slf4j-api-1.7.16.jar;C:\Users\admin\.m2\repository\org\slf4j\jul-to-slf4j\1.7.16\jul-to-slf4j-1.7.16.jar;C:\Users\admin\.m2\repository\org\slf4j\jcl-over-slf4j\1.7.16\jcl-over-slf4j-1.7.16.jar;C:\Users\admin\.m2\repository\log4j\log4j\1.2.17\log4j-1.2.17.jar;C:\Users\admin\.m2\repository\org\slf4j\slf4j-log4j12\1.7.16\slf4j-log4j12-1.7.16.jar;C:\Users\admin\.m2\repository\com\ning\compress-lzf\1.0.3\compress-lzf-1.0.3.jar;C:\Users\admin\.m2\repository\org\xerial\snappy\snappy-java\1.1.2.6\snappy-java-1.1.2.6.jar;C:\Users\admin\.m2\repository\net\jpountz\lz4\lz4\1.3.0\lz4-1.3.0.jar;C:\Users\admin\.m2\repository\org\roaringbitmap\RoaringBitmap\0.5.11\RoaringBitmap-0.5.11.jar;C:\Users\admin\.m2\repository\commons-net\commons-net\2.2\commons-net-2.2.jar;C:\Users\admin\.m2\repository\org\json4s\json4s-jackson_2.11\3.2.11\json4s-jackson_2.11-3.2.11.jar;C:\Users\admin\.m2\repository\org\json4s\json4s-core_2.11\3.2.11\json4s-core_2.11-3.2.11.jar;C:\Users\admin\.m2\repository\org\json4s\json4s-ast_2.11\3.2.11\json4s-ast_2.11-3.2.11.jar;C:\Users\admin\.m2\repository\org\scala-lang\scalap\2.11.0\scalap-2.11.0.jar;C:\Users\admin\.m2\repository\org\scala-lang\scala-compiler\2.11.0\scala-compiler-2.11.0.jar;C:\Users\admin\.m2\repository\org\scala-lang\modules\scala-xml_2.11\1.0.1\scala-xml_2.11-1.0.1.jar;C:\Users\admin\.m2\repository\org\scala-lang\modules\scala-parser-combinators_2.11\1.0.1\scala-parser-combinators_2.11-1.0.1.jar;C:\Users\admin\.m2\repository\org\glassfish\jersey\core\jersey-client\2.22.2\jersey-client-2.22.2.jar;C:\Users\admin\.m2\repository\javax\ws\rs\javax.ws.rs-api\2.0.1\javax.ws.rs-api-2.0.1.jar;C:\Users\admin\.m2\repository\org\glassfish\hk2\hk2-api\2.4.0-b34\hk2-api-2.4.0-b34.jar;C:\Users\admin\.m2\repository\org\glassfish\hk2\hk2-utils\2.4.0-b34\hk2-utils-2.4.0-b34.jar;C:\Users\admin\.m2\repository\org\glassfish\hk2\external\aopalliance-repackaged\2.4.0-b34\aopalliance-repackaged-2.4.0-b34.jar;C:\Users\admin\.m2\repository\org\glassfish\hk2\external\javax.inject\2.4.0-b34\javax.inject-2.4.0-b34.jar;C:\Users\admin\.m2\repository\org\glassfish\hk2\hk2-locator\2.4.0-b34\hk2-locator-2.4.0-b34.jar;C:\Users\admin\.m2\repository\org\javassist\javassist\3.18.1-GA\javassist-3.18.1-GA.jar;C:\Users\admin\.m2\repository\org\glassfish\jersey\core\jersey-common\2.22.2\jersey-common-2.22.2.jar;C:\Users\admin\.m2\repository\javax\annotation\javax.annotation-api\1.2\javax.annotation-api-1.2.jar;C:\Users\admin\.m2\repository\org\glassfish\jersey\bundles\repackaged\jersey-guava\2.22.2\jersey-guava-2.22.2.jar;C:\Users\admin\.m2\repository\org\glassfish\hk2\osgi-resource-locator\1.0.1\osgi-resource-locator-1.0.1.jar;C:\Users\admin\.m2\repository\org\glassfish\jersey\core\jersey-server\2.22.2\jersey-server-2.22.2.jar;C:\Users\admin\.m2\repository\org\glassfish\jersey\media\jersey-media-jaxb\2.22.2\jersey-media-jaxb-2.22.2.jar;C:\Users\admin\.m2\repository\javax\validation\validation-api\1.1.0.Final\validation-api-1.1.0.Final.jar;C:\Users\admin\.m2\repository\org\glassfish\jersey\containers\jersey-container-servlet\2.22.2\jersey-container-servlet-2.22.2.jar;C:\Users\admin\.m2\repository\org\glassfish\jersey\containers\jersey-container-servlet-core\2.22.2\jersey-container-servlet-core-2.22.2.jar;C:\Users\admin\.m2\repository\io\netty\netty-all\4.0.43.Final\netty-all-4.0.43.Final.jar;C:\Users\admin\.m2\repository\io\netty\netty\3.9.9.Final\netty-3.9.9.Final.jar;C:\Users\admin\.m2\repository\com\clearspring\analytics\stream\2.7.0\stream-2.7.0.jar;C:\Users\admin\.m2\repository\io\dropwizard\metrics\metrics-core\3.1.2\metrics-core-3.1.2.jar;C:\Users\admin\.m2\repository\io\dropwizard\metrics\metrics-jvm\3.1.2\metrics-jvm-3.1.2.jar;C:\Users\admin\.m2\repository\io\dropwizard\metrics\metrics-json\3.1.2\metrics-json-3.1.2.jar;C:\Users\admin\.m2\repository\io\dropwizard\metrics\metrics-graphite\3.1.2\metrics-graphite-3.1.2.jar;C:\Users\admin\.m2\repository\com\fasterxml\jackson\core\jackson-databind\2.6.5\jackson-databind-2.6.5.jar;C:\Users\admin\.m2\repository\com\fasterxml\jackson\core\jackson-core\2.6.5\jackson-core-2.6.5.jar;C:\Users\admin\.m2\repository\com\fasterxml\jackson\module\jackson-module-scala_2.11\2.6.5\jackson-module-scala_2.11-2.6.5.jar;C:\Users\admin\.m2\repository\org\scala-lang\scala-reflect\2.11.7\scala-reflect-2.11.7.jar;C:\Users\admin\.m2\repository\com\fasterxml\jackson\module\jackson-module-paranamer\2.6.5\jackson-module-paranamer-2.6.5.jar;C:\Users\admin\.m2\repository\org\apache\ivy\ivy\2.4.0\ivy-2.4.0.jar;C:\Users\admin\.m2\repository\oro\oro\2.0.8\oro-2.0.8.jar;C:\Users\admin\.m2\repository\net\razorvine\pyrolite\4.13\pyrolite-4.13.jar;C:\Users\admin\.m2\repository\net\sf\py4j\py4j\0.10.4\py4j-0.10.4.jar;C:\Users\admin\.m2\repository\org\apache\spark\spark-tags_2.11\2.2.1\spark-tags_2.11-2.2.1.jar;C:\Users\admin\.m2\repository\org\apache\commons\commons-crypto\1.0.0\commons-crypto-1.0.0.jar;C:\Users\admin\.m2\repository\org\spark-project\spark\unused\1.0.0\unused-1.0.0.jar;C:\Users\admin\.m2\repository\org\apache\spark\spark-mllib_2.11\2.2.1\spark-mllib_2.11-2.2.1.jar;C:\Users\admin\.m2\repository\org\apache\spark\spark-streaming_2.11\2.2.1\spark-streaming_2.11-2.2.1.jar;C:\Users\admin\.m2\repository\org\apache\spark\spark-sql_2.11\2.2.1\spark-sql_2.11-2.2.1.jar;C:\Users\admin\.m2\repository\com\univocity\univocity-parsers\2.2.1\univocity-parsers-2.2.1.jar;C:\Users\admin\.m2\repository\org\apache\spark\spark-sketch_2.11\2.2.1\spark-sketch_2.11-2.2.1.jar;C:\Users\admin\.m2\repository\org\apache\spark\spark-catalyst_2.11\2.2.1\spark-catalyst_2.11-2.2.1.jar;C:\Users\admin\.m2\repository\org\codehaus\janino\janino\3.0.0\janino-3.0.0.jar;C:\Users\admin\.m2\repository\org\codehaus\janino\commons-compiler\3.0.0\commons-compiler-3.0.0.jar;C:\Users\admin\.m2\repository\org\antlr\antlr4-runtime\4.5.3\antlr4-runtime-4.5.3.jar;C:\Users\admin\.m2\repository\org\apache\parquet\parquet-column\1.8.2\parquet-column-1.8.2.jar;C:\Users\admin\.m2\repository\org\apache\parquet\parquet-common\1.8.2\parquet-common-1.8.2.jar;C:\Users\admin\.m2\repository\org\apache\parquet\parquet-encoding\1.8.2\parquet-encoding-1.8.2.jar;C:\Users\admin\.m2\repository\org\apache\parquet\parquet-hadoop\1.8.2\parquet-hadoop-1.8.2.jar;C:\Users\admin\.m2\repository\org\apache\parquet\parquet-format\2.3.1\parquet-format-2.3.1.jar;C:\Users\admin\.m2\repository\org\apache\parquet\parquet-jackson\1.8.2\parquet-jackson-1.8.2.jar;C:\Users\admin\.m2\repository\org\apache\spark\spark-graphx_2.11\2.2.1\spark-graphx_2.11-2.2.1.jar;C:\Users\admin\.m2\repository\com\github\fommil\netlib\core\1.1.2\core-1.1.2.jar;C:\Users\admin\.m2\repository\net\sourceforge\f2j\arpack_combined_all\0.1\arpack_combined_all-0.1.jar;C:\Users\admin\.m2\repository\org\apache\spark\spark-mllib-local_2.11\2.2.1\spark-mllib-local_2.11-2.2.1.jar;C:\Users\admin\.m2\repository\org\scalanlp\breeze_2.11\0.13.2\breeze_2.11-0.13.2.jar;C:\Users\admin\.m2\repository\org\scalanlp\breeze-macros_2.11\0.13.2\breeze-macros_2.11-0.13.2.jar;C:\Users\admin\.m2\repository\net\sf\opencsv\opencsv\2.3\opencsv-2.3.jar;C:\Users\admin\.m2\repository\com\github\rwl\jtransforms\2.4.0\jtransforms-2.4.0.jar;C:\Users\admin\.m2\repository\org\spire-math\spire_2.11\0.13.0\spire_2.11-0.13.0.jar;C:\Users\admin\.m2\repository\org\spire-math\spire-macros_2.11\0.13.0\spire-macros_2.11-0.13.0.jar;C:\Users\admin\.m2\repository\org\typelevel\machinist_2.11\0.6.1\machinist_2.11-0.6.1.jar;C:\Users\admin\.m2\repository\com\chuusai\shapeless_2.11\2.3.2\shapeless_2.11-2.3.2.jar;C:\Users\admin\.m2\repository\org\typelevel\macro-compat_2.11\1.1.1\macro-compat_2.11-1.1.1.jar;C:\Users\admin\.m2\repository\org\jpmml\pmml-model\1.2.15\pmml-model-1.2.15.jar;C:\Users\admin\.m2\repository\org\jpmml\pmml-schema\1.2.15\pmml-schema-1.2.15.jar;C:\Program Files (x86)\JetBrains\IntelliJ IDEA 2016.2.4\lib\idea_rt.jar" com.intellij.rt.execution.application.AppMain recommender.TestFM
(16.0,(5,[0,1,2,3,4],[0.8333333333333334,0.2948717948717949,0.5,0.5,0.3333333333333333]))
(6.0,(5,[0,1,2,3,4],[0.28125,0.32051282051282054,0.5,0.5,0.6666666666666666]))
(25.0,(5,[0,1,2,3,4],[0.46875,0.3076923076923077,0.5,0.5,0.6666666666666666]))
(51.0,(5,[0,1,2,3,4],[0.22916666666666666,0.28205128205128205,0.5,0.0,0.3333333333333333]))
(23.0,(5,[0,1,2,3,4],[0.22916666666666666,0.5512820512820513,0.0,0.0,0.6666666666666666]))
(18.0,(5,[0,1,2,3,4],[0.625,0.3076923076923077,1.0,1.0,0.0]))
(21.0,(5,[0,1,2,3,4],[0.4375,0.19230769230769232,0.5,0.0,0.3333333333333333]))
(13.0,(5,[0,1,2,3,4],[0.09375,0.7307692307692307,1.0,1.0,0.0]))
(3.0,(5,[0,1,2,3,4],[0.09375,0.02564102564102564,0.5,0.0,0.6666666666666666]))
(6.0,(5,[0,1,2,3,4],[0.09375,0.0641025641025641,1.0,1.0,0.0]))
Training: 3979, test: 1017
training sample
(16.0,(5,[0,1,2,3,4],[0.8333333333333334,0.2948717948717949,0.5,0.5,0.3333333333333333]))
(6.0,(5,[0,1,2,3,4],[0.28125,0.32051282051282054,0.5,0.5,0.6666666666666666]))
(25.0,(5,[0,1,2,3,4],[0.46875,0.3076923076923077,0.5,0.5,0.6666666666666666]))
(51.0,(5,[0,1,2,3,4],[0.22916666666666666,0.28205128205128205,0.5,0.0,0.3333333333333333]))
(18.0,(5,[0,1,2,3,4],[0.625,0.3076923076923077,1.0,1.0,0.0]))
(21.0,(5,[0,1,2,3,4],[0.4375,0.19230769230769232,0.5,0.0,0.3333333333333333]))
(13.0,(5,[0,1,2,3,4],[0.09375,0.7307692307692307,1.0,1.0,0.0]))
(3.0,(5,[0,1,2,3,4],[0.09375,0.02564102564102564,0.5,0.0,0.6666666666666666]))
(6.0,(5,[0,1,2,3,4],[0.09375,0.0641025641025641,1.0,1.0,0.0]))
(6.0,(5,[0,1,2,3,4],[0.3333333333333333,0.3333333333333333,0.0,0.5,1.0]))
test sample
(5,[0,1,2,3,4],[0.22916666666666666,0.5512820512820513,0.0,0.0,0.6666666666666666])
(5,[0,1,2,3,4],[0.09375,0.4358974358974359,1.0,1.0,0.0])
(5,[0,1,2,3,4],[0.07291666666666667,0.47435897435897434,0.5,0.0,0.3333333333333333])
(5,[0,1,2,3,4],[0.5208333333333334,0.2564102564102564,0.5,0.0,0.3333333333333333])
(5,[0,1,2,3,4],[0.40625,0.1282051282051282,1.0,1.0,0.0])
(5,[0,1,2,3,4],[0.4583333333333333,0.1282051282051282,0.5,0.5,1.0])
(5,[0,1,2,3,4],[0.4270833333333333,0.46153846153846156,0.5,0.0,0.3333333333333333])
(5,[0,1,2,3,4],[0.0,0.0,0.0,0.0,0.6666666666666666])
(5,[0,1,2,3,4],[0.041666666666666664,0.0,0.0,0.0,1.0])
(5,[0,1,2,3,4],[0.28125,0.20512820512820512,0.5,0.5,0.3333333333333333])
validate: real rating => predicted rating
real 23,000 => predicted 27,219 delta 4,219
real 10,000 => predicted 27,118 delta 17,118
real 46,000 => predicted 26,210 delta 19,790
real 11,000 => predicted 26,184 delta 15,184
real 20,000 => predicted 27,128 delta 7,128
real 1,000 => predicted 27,945 delta 26,945
real 43,000 => predicted 26,056 delta 16,944
real 55,000 => predicted 25,367 delta 29,633
real 45,000 => predicted 25,148 delta 19,852
real 45,000 => predicted 26,784 delta 18,216
real 51,000 => predicted 26,009 delta 24,991
real 8,000 => predicted 27,820 delta 19,820
real 16,000 => predicted 27,255 delta 11,255
real 10,000 => predicted 28,176 delta 18,176
real 5,000 => predicted 26,535 delta 21,535
real 36,000 => predicted 27,029 delta 8,971
real 55,000 => predicted 26,954 delta 28,046
real 14,000 => predicted 25,734 delta 11,734
real 8,000 => predicted 27,061 delta 19,061
real 3,000 => predicted 26,697 delta 23,697
real 46,000 => predicted 27,543 delta 18,457
real 5,000 => predicted 27,020 delta 22,020
real 44,000 => predicted 25,861 delta 18,139
real 4,000 => predicted 25,660 delta 21,660
real 55,000 => predicted 26,477 delta 28,523
real 43,000 => predicted 27,331 delta 15,669
real 14,000 => predicted 26,428 delta 12,428
real 46,000 => predicted 27,005 delta 18,995
real 21,000 => predicted 28,156 delta 7,156
real 44,000 => predicted 27,000 delta 17,000
real 1,000 => predicted 26,502 delta 25,502
real 39,000 => predicted 26,280 delta 12,720
real 16,000 => predicted 27,484 delta 11,484
real 48,000 => predicted 26,954 delta 21,046
real 11,000 => predicted 26,957 delta 15,957
real 19,000 => predicted 25,036 delta 6,036
real 16,000 => predicted 27,437 delta 11,437
real 6,000 => predicted 25,835 delta 19,835
real 10,000 => predicted 29,656 delta 19,656
real 28,000 => predicted 26,314 delta 1,686
real 5,000 => predicted 26,959 delta 21,959
real 31,000 => predicted 27,685 delta 3,315
real 43,000 => predicted 26,283 delta 16,717
real 28,000 => predicted 27,099 delta 0,901
real 26,000 => predicted 29,014 delta 3,014
real 39,000 => predicted 26,885 delta 12,115
real 16,000 => predicted 28,450 delta 12,450
real 4,000 => predicted 26,821 delta 22,821
real 21,000 => predicted 26,288 delta 5,288
real 4,000 => predicted 26,918 delta 22,918
real 21,000 => predicted 27,316 delta 6,316
real 41,000 => predicted 26,440 delta 14,560
real 51,000 => predicted 25,440 delta 25,560
real 25,000 => predicted 26,597 delta 1,597
real 10,000 => predicted 25,732 delta 15,732
real 36,000 => predicted 27,609 delta 8,391
real 46,000 => predicted 30,373 delta 15,627
real 38,000 => predicted 26,163 delta 11,837
real 30,000 => predicted 26,552 delta 3,448
real 51,000 => predicted 27,157 delta 23,843
real 38,000 => predicted 27,131 delta 10,869
real 24,000 => predicted 26,397 delta 2,397
real 32,000 => predicted 26,599 delta 5,401
real 8,000 => predicted 27,126 delta 19,126
real 51,000 => predicted 27,432 delta 23,568
real 38,000 => predicted 27,217 delta 10,783
real 24,000 => predicted 26,396 delta 2,396
real 55,000 => predicted 27,927 delta 27,073
real 31,000 => predicted 27,074 delta 3,926
real 28,000 => predicted 25,763 delta 2,237
real 26,000 => predicted 29,637 delta 3,637
real 6,000 => predicted 27,639 delta 21,639
real 25,000 => predicted 27,270 delta 2,270
real 15,000 => predicted 26,920 delta 11,920
real 15,000 => predicted 26,728 delta 11,728
real 41,000 => predicted 26,267 delta 14,733
real 46,000 => predicted 26,512 delta 19,488
real 5,000 => predicted 25,905 delta 20,905
real 6,000 => predicted 26,228 delta 20,228
real 5,000 => predicted 27,313 delta 22,313
real 26,000 => predicted 27,722 delta 1,722
real 40,000 => predicted 27,097 delta 12,903
real 6,000 => predicted 26,838 delta 20,838
real 25,000 => predicted 26,547 delta 1,547
real 15,000 => predicted 26,588 delta 11,588
real 4,000 => predicted 26,163 delta 22,163
real 30,000 => predicted 29,112 delta 0,888
real 8,000 => predicted 27,560 delta 19,560
real 42,000 => predicted 30,050 delta 11,950
real 44,000 => predicted 26,680 delta 17,320
real 38,000 => predicted 26,786 delta 11,214
real 20,000 => predicted 26,146 delta 6,146
real 6,000 => predicted 27,815 delta 21,815
real 33,000 => predicted 28,643 delta 4,357
real 45,000 => predicted 27,611 delta 17,389
real 34,000 => predicted 28,604 delta 5,396
real 5,000 => predicted 26,884 delta 21,884
real 44,000 => predicted 27,196 delta 16,804
real 54,000 => predicted 27,743 delta 26,257
real 36,000 => predicted 27,666 delta 8,334
real 1,000 => predicted 27,023 delta 26,023
real 19,000 => predicted 27,068 delta 8,068
real 44,000 => predicted 29,652 delta 14,348
real 50,000 => predicted 25,954 delta 24,046
real 19,000 => predicted 25,851 delta 6,851
real 6,000 => predicted 25,837 delta 19,837
real 41,000 => predicted 27,998 delta 13,002
real 5,000 => predicted 25,902 delta 20,902
real 7,000 => predicted 26,947 delta 19,947
real 26,000 => predicted 26,379 delta 0,379
real 38,000 => predicted 27,411 delta 10,589
real 40,000 => predicted 25,187 delta 14,813
real 18,000 => predicted 27,830 delta 9,830
real 21,000 => predicted 27,899 delta 6,899
real 35,000 => predicted 27,101 delta 7,899
real 35,000 => predicted 27,764 delta 7,236
real 51,000 => predicted 26,075 delta 24,925
real 8,000 => predicted 27,683 delta 19,683
real 28,000 => predicted 27,134 delta 0,866
real 30,000 => predicted 27,109 delta 2,891
real 18,000 => predicted 28,513 delta 10,513
real 50,000 => predicted 25,777 delta 24,223
real 19,000 => predicted 27,756 delta 8,756
real 14,000 => predicted 26,391 delta 12,391
real 53,000 => predicted 25,764 delta 27,236
real 36,000 => predicted 26,981 delta 9,019
real 43,000 => predicted 27,071 delta 15,929
real 49,000 => predicted 28,976 delta 20,024
real 6,000 => predicted 27,451 delta 21,451
real 49,000 => predicted 26,499 delta 22,501
real 44,000 => predicted 25,756 delta 18,244
real 36,000 => predicted 26,136 delta 9,864
real 1,000 => predicted 27,054 delta 26,054
real 4,000 => predicted 26,914 delta 22,914
real 39,000 => predicted 26,075 delta 12,925
real 20,000 => predicted 27,934 delta 7,934
real 21,000 => predicted 26,486 delta 5,486
real 4,000 => predicted 28,058 delta 24,058
real 10,000 => predicted 26,653 delta 16,653
real 25,000 => predicted 26,910 delta 1,910
real 2,000 => predicted 25,856 delta 23,856
real 31,000 => predicted 26,584 delta 4,416
real 35,000 => predicted 26,656 delta 8,344
real 16,000 => predicted 26,079 delta 10,079
real 3,000 => predicted 27,274 delta 24,274
real 49,000 => predicted 28,472 delta 20,528
real 29,000 => predicted 27,866 delta 1,134
real 47,000 => predicted 24,870 delta 22,130
real 13,000 => predicted 28,488 delta 15,488
real 21,000 => predicted 26,457 delta 5,457
real 45,000 => predicted 27,272 delta 17,728
real 41,000 => predicted 26,678 delta 14,322
real 39,000 => predicted 28,168 delta 10,832
real 55,000 => predicted 26,374 delta 28,626
real 13,000 => predicted 26,315 delta 13,315
real 37,000 => predicted 27,146 delta 9,854
real 18,000 => predicted 26,910 delta 8,910
real 15,000 => predicted 28,813 delta 13,813
real 19,000 => predicted 27,395 delta 8,395
real 20,000 => predicted 26,896 delta 6,896
real 14,000 => predicted 26,776 delta 12,776
real 10,000 => predicted 26,011 delta 16,011
real 49,000 => predicted 25,962 delta 23,038
real 54,000 => predicted 26,797 delta 27,203
real 41,000 => predicted 27,920 delta 13,080
real 19,000 => predicted 27,274 delta 8,274
real 55,000 => predicted 26,896 delta 28,104
real 14,000 => predicted 26,257 delta 12,257
real 24,000 => predicted 26,477 delta 2,477
real 10,000 => predicted 26,316 delta 16,316
real 24,000 => predicted 27,954 delta 3,954
real 16,000 => predicted 26,389 delta 10,389
real 43,000 => predicted 26,110 delta 16,890
real 21,000 => predicted 26,780 delta 5,780
real 28,000 => predicted 26,283 delta 1,717
real 55,000 => predicted 29,603 delta 25,397
real 4,000 => predicted 26,757 delta 22,757
real 20,000 => predicted 27,319 delta 7,319
real 5,000 => predicted 26,905 delta 21,905
real 10,000 => predicted 27,087 delta 17,087
real 20,000 => predicted 27,373 delta 7,373
real 56,000 => predicted 25,688 delta 30,312
real 4,000 => predicted 27,099 delta 23,099
real 33,000 => predicted 28,138 delta 4,862
real 25,000 => predicted 25,287 delta 0,287
real 29,000 => predicted 27,300 delta 1,700
real 3,000 => predicted 27,579 delta 24,579
real 21,000 => predicted 27,721 delta 6,721
real 12,000 => predicted 26,720 delta 14,720
real 4,000 => predicted 27,914 delta 23,914
real 30,000 => predicted 26,946 delta 3,054
real 49,000 => predicted 28,891 delta 20,109
real 27,000 => predicted 27,098 delta 0,098
real 34,000 => predicted 26,556 delta 7,444
real 8,000 => predicted 26,354 delta 18,354
real 6,000 => predicted 28,507 delta 22,507
real 31,000 => predicted 29,048 delta 1,952
real 41,000 => predicted 26,103 delta 14,897
real 24,000 => predicted 26,071 delta 2,071
real 36,000 => predicted 26,138 delta 9,862
real 43,000 => predicted 28,944 delta 14,056
real 31,000 => predicted 28,206 delta 2,794
real 44,000 => predicted 26,693 delta 17,307
real 34,000 => predicted 25,523 delta 8,477
real 44,000 => predicted 26,006 delta 17,994
real 6,000 => predicted 25,450 delta 19,450
real 5,000 => predicted 26,025 delta 21,025
real 30,000 => predicted 27,294 delta 2,706
real 35,000 => predicted 30,984 delta 4,016
real 23,000 => predicted 27,174 delta 4,174
real 54,000 => predicted 26,061 delta 27,939
real 4,000 => predicted 28,343 delta 24,343
real 4,000 => predicted 30,831 delta 26,831
real 28,000 => predicted 27,102 delta 0,898
real 29,000 => predicted 27,824 delta 1,176
real 24,000 => predicted 26,876 delta 2,876
real 28,000 => predicted 25,895 delta 2,105
real 44,000 => predicted 25,903 delta 18,097
real 49,000 => predicted 25,256 delta 23,744
real 26,000 => predicted 26,795 delta 0,795
real 4,000 => predicted 27,420 delta 23,420
real 23,000 => predicted 27,428 delta 4,428
real 48,000 => predicted 25,397 delta 22,603
real 3,000 => predicted 27,207 delta 24,207
real 45,000 => predicted 27,354 delta 17,646
real 40,000 => predicted 25,807 delta 14,193
real 45,000 => predicted 27,039 delta 17,961
real 15,000 => predicted 29,331 delta 14,331
real 26,000 => predicted 26,872 delta 0,872
real 9,000 => predicted 27,663 delta 18,663
real 41,000 => predicted 28,204 delta 12,796
real 3,000 => predicted 26,278 delta 23,278
real 16,000 => predicted 27,163 delta 11,163
real 44,000 => predicted 26,299 delta 17,701
real 3,000 => predicted 27,303 delta 24,303
real 51,000 => predicted 26,575 delta 24,425
real 40,000 => predicted 28,949 delta 11,051
real 20,000 => predicted 27,589 delta 7,589
real 6,000 => predicted 27,411 delta 21,411
real 51,000 => predicted 27,106 delta 23,894
real 42,000 => predicted 27,400 delta 14,600
real 5,000 => predicted 26,927 delta 21,927
real 4,000 => predicted 27,136 delta 23,136
real 11,000 => predicted 26,911 delta 15,911
real 44,000 => predicted 26,029 delta 17,971
real 19,000 => predicted 25,301 delta 6,301
real 56,000 => predicted 27,332 delta 28,668
real 16,000 => predicted 25,928 delta 9,928
real 45,000 => predicted 27,208 delta 17,792
real 50,000 => predicted 27,727 delta 22,273
real 54,000 => predicted 28,615 delta 25,385
real 20,000 => predicted 26,935 delta 6,935
real 32,000 => predicted 31,054 delta 0,946
real 24,000 => predicted 26,368 delta 2,368
real 35,000 => predicted 27,825 delta 7,175
real 49,000 => predicted 28,818 delta 20,182
real 40,000 => predicted 28,864 delta 11,136
real 29,000 => predicted 28,525 delta 0,475
real 30,000 => predicted 28,382 delta 1,618
real 55,000 => predicted 26,539 delta 28,461
real 25,000 => predicted 28,541 delta 3,541
real 54,000 => predicted 27,063 delta 26,937
real 11,000 => predicted 25,852 delta 14,852
real 8,000 => predicted 27,722 delta 19,722
real 48,000 => predicted 28,121 delta 19,879
real 30,000 => predicted 26,767 delta 3,233
real 54,000 => predicted 27,117 delta 26,883
real 43,000 => predicted 31,147 delta 11,853
real 31,000 => predicted 27,104 delta 3,896
real 55,000 => predicted 26,590 delta 28,410
real 50,000 => predicted 26,090 delta 23,910
real 40,000 => predicted 26,286 delta 13,714
real 11,000 => predicted 25,884 delta 14,884
real 44,000 => predicted 25,950 delta 18,050
real 25,000 => predicted 26,108 delta 1,108
real 3,000 => predicted 28,819 delta 25,819
real 26,000 => predicted 29,577 delta 3,577
real 21,000 => predicted 26,220 delta 5,220
real 35,000 => predicted 26,688 delta 8,312
real 39,000 => predicted 27,012 delta 11,988
real 4,000 => predicted 26,246 delta 22,246
real 34,000 => predicted 27,690 delta 6,310
real 22,000 => predicted 27,909 delta 5,909
real 5,000 => predicted 25,563 delta 20,563
real 30,000 => predicted 27,686 delta 2,314
real 6,000 => predicted 27,428 delta 21,428
real 16,000 => predicted 26,666 delta 10,666
real 3,000 => predicted 26,831 delta 23,831
real 18,000 => predicted 29,418 delta 11,418
real 31,000 => predicted 26,805 delta 4,195
real 3,000 => predicted 26,412 delta 23,412
real 9,000 => predicted 25,838 delta 16,838
real 36,000 => predicted 27,024 delta 8,976
real 45,000 => predicted 26,621 delta 18,379
real 6,000 => predicted 26,779 delta 20,779
real 54,000 => predicted 27,682 delta 26,318
real 3,000 => predicted 26,073 delta 23,073
real 36,000 => predicted 27,404 delta 8,596
real 15,000 => predicted 27,963 delta 12,963
real 20,000 => predicted 28,248 delta 8,248
real 10,000 => predicted 27,062 delta 17,062
real 10,000 => predicted 29,402 delta 19,402
real 31,000 => predicted 26,285 delta 4,715
real 6,000 => predicted 25,853 delta 19,853
real 55,000 => predicted 26,484 delta 28,516
real 25,000 => predicted 26,861 delta 1,861
real 6,000 => predicted 27,208 delta 21,208
real 51,000 => predicted 27,286 delta 23,714
real 21,000 => predicted 25,794 delta 4,794
real 28,000 => predicted 27,338 delta 0,662
real 55,000 => predicted 27,779 delta 27,221
real 5,000 => predicted 26,713 delta 21,713
real 26,000 => predicted 27,369 delta 1,369
real 44,000 => predicted 25,472 delta 18,528
real 28,000 => predicted 26,810 delta 1,190
real 50,000 => predicted 28,542 delta 21,458
real 10,000 => predicted 28,626 delta 18,626
real 21,000 => predicted 26,284 delta 5,284
real 40,000 => predicted 28,303 delta 11,697
real 28,000 => predicted 26,769 delta 1,231
real 6,000 => predicted 27,213 delta 21,213
real 14,000 => predicted 27,585 delta 13,585
real 31,000 => predicted 25,152 delta 5,848
real 30,000 => predicted 27,874 delta 2,126
real 46,000 => predicted 25,399 delta 20,601
real 50,000 => predicted 31,297 delta 18,703
real 41,000 => predicted 27,163 delta 13,837
real 11,000 => predicted 27,060 delta 16,060
real 31,000 => predicted 26,953 delta 4,047
real 5,000 => predicted 28,800 delta 23,800
real 20,000 => predicted 27,126 delta 7,126
real 48,000 => predicted 26,481 delta 21,519
real 14,000 => predicted 27,565 delta 13,565
real 10,000 => predicted 26,468 delta 16,468
real 11,000 => predicted 27,099 delta 16,099
real 10,000 => predicted 27,147 delta 17,147
real 35,000 => predicted 27,342 delta 7,658
real 3,000 => predicted 27,053 delta 24,053
real 36,000 => predicted 27,174 delta 8,826
real 5,000 => predicted 26,679 delta 21,679
real 4,000 => predicted 28,664 delta 24,664
real 5,000 => predicted 26,983 delta 21,983
real 44,000 => predicted 28,113 delta 15,887
real 4,000 => predicted 26,275 delta 22,275
real 15,000 => predicted 27,061 delta 12,061
real 20,000 => predicted 26,924 delta 6,924
real 44,000 => predicted 28,264 delta 15,736
real 28,000 => predicted 27,924 delta 0,076
real 4,000 => predicted 28,712 delta 24,712
real 41,000 => predicted 27,509 delta 13,491
real 24,000 => predicted 26,233 delta 2,233
real 5,000 => predicted 27,221 delta 22,221
real 42,000 => predicted 26,252 delta 15,748
real 4,000 => predicted 29,629 delta 25,629
real 2,000 => predicted 26,155 delta 24,155
real 33,000 => predicted 28,171 delta 4,829
real 35,000 => predicted 27,072 delta 7,928
real 16,000 => predicted 26,300 delta 10,300
real 24,000 => predicted 26,992 delta 2,992
real 44,000 => predicted 25,971 delta 18,029
real 16,000 => predicted 27,290 delta 11,290
real 33,000 => predicted 25,908 delta 7,092
real 33,000 => predicted 26,338 delta 6,662
real 20,000 => predicted 26,335 delta 6,335
real 21,000 => predicted 25,947 delta 4,947
real 54,000 => predicted 26,929 delta 27,071
real 50,000 => predicted 27,827 delta 22,173
real 5,000 => predicted 26,582 delta 21,582
real 10,000 => predicted 28,273 delta 18,273
real 4,000 => predicted 29,915 delta 25,915
real 24,000 => predicted 26,920 delta 2,920
real 34,000 => predicted 27,125 delta 6,875
real 26,000 => predicted 30,221 delta 4,221
real 14,000 => predicted 28,400 delta 14,400
real 18,000 => predicted 26,179 delta 8,179
real 55,000 => predicted 27,060 delta 27,940
real 5,000 => predicted 26,291 delta 21,291
real 40,000 => predicted 28,696 delta 11,304
real 41,000 => predicted 27,727 delta 13,273
real 52,000 => predicted 26,566 delta 25,434
real 26,000 => predicted 27,977 delta 1,977
real 8,000 => predicted 30,353 delta 22,353
real 49,000 => predicted 27,251 delta 21,749
real 41,000 => predicted 28,176 delta 12,824
real 36,000 => predicted 28,622 delta 7,378
real 6,000 => predicted 25,002 delta 19,002
real 43,000 => predicted 27,062 delta 15,938
real 54,000 => predicted 27,345 delta 26,655
real 4,000 => predicted 26,420 delta 22,420
real 10,000 => predicted 26,994 delta 16,994
real 9,000 => predicted 28,756 delta 19,756
real 26,000 => predicted 26,925 delta 0,925
real 48,000 => predicted 27,263 delta 20,737
real 11,000 => predicted 26,603 delta 15,603
real 19,000 => predicted 27,930 delta 8,930
real 14,000 => predicted 26,802 delta 12,802
real 48,000 => predicted 25,814 delta 22,186
real 13,000 => predicted 26,743 delta 13,743
real 3,000 => predicted 26,804 delta 23,804
real 26,000 => predicted 26,052 delta 0,052
real 43,000 => predicted 26,459 delta 16,541
real 20,000 => predicted 29,560 delta 9,560
real 13,000 => predicted 29,857 delta 16,857
real 23,000 => predicted 26,882 delta 3,882
real 40,000 => predicted 26,286 delta 13,714
real 31,000 => predicted 29,246 delta 1,754
real 5,000 => predicted 26,373 delta 21,373
real 30,000 => predicted 28,675 delta 1,325
real 13,000 => predicted 27,452 delta 14,452
real 15,000 => predicted 27,099 delta 12,099
real 41,000 => predicted 30,091 delta 10,909
real 9,000 => predicted 26,510 delta 17,510
real 5,000 => predicted 27,535 delta 22,535
real 56,000 => predicted 27,307 delta 28,693
real 55,000 => predicted 28,297 delta 26,703
real 47,000 => predicted 27,091 delta 19,909
real 14,000 => predicted 27,208 delta 13,208
real 21,000 => predicted 27,124 delta 6,124
real 22,000 => predicted 27,373 delta 5,373
real 29,000 => predicted 26,194 delta 2,806
real 6,000 => predicted 28,574 delta 22,574
real 40,000 => predicted 28,868 delta 11,132
real 28,000 => predicted 28,503 delta 0,503
real 12,000 => predicted 26,937 delta 14,937
real 56,000 => predicted 26,084 delta 29,916
real 15,000 => predicted 26,899 delta 11,899
real 34,000 => predicted 27,000 delta 7,000
real 14,000 => predicted 26,804 delta 12,804
real 15,000 => predicted 27,106 delta 12,106
real 6,000 => predicted 28,295 delta 22,295
real 31,000 => predicted 27,095 delta 3,905
real 18,000 => predicted 27,090 delta 9,090
real 38,000 => predicted 27,298 delta 10,702
real 29,000 => predicted 26,996 delta 2,004
real 8,000 => predicted 27,565 delta 19,565
real 54,000 => predicted 27,886 delta 26,114
real 34,000 => predicted 26,004 delta 7,996
real 50,000 => predicted 27,205 delta 22,795
real 43,000 => predicted 26,794 delta 16,206
real 31,000 => predicted 28,545 delta 2,455
real 21,000 => predicted 27,731 delta 6,731
real 33,000 => predicted 26,120 delta 6,880
real 34,000 => predicted 25,968 delta 8,032
real 18,000 => predicted 26,617 delta 8,617
real 3,000 => predicted 27,342 delta 24,342
real 21,000 => predicted 27,000 delta 6,000
real 20,000 => predicted 26,122 delta 6,122
real 56,000 => predicted 27,597 delta 28,403
real 13,000 => predicted 27,142 delta 14,142
real 40,000 => predicted 27,355 delta 12,645
real 46,000 => predicted 31,225 delta 14,775
real 51,000 => predicted 26,196 delta 24,804
real 6,000 => predicted 26,241 delta 20,241
real 20,000 => predicted 29,014 delta 9,014
real 34,000 => predicted 26,142 delta 7,858
real 8,000 => predicted 27,020 delta 19,020
real 45,000 => predicted 28,576 delta 16,424
real 39,000 => predicted 29,357 delta 9,643
real 6,000 => predicted 28,394 delta 22,394
real 25,000 => predicted 26,694 delta 1,694
real 5,000 => predicted 27,496 delta 22,496
real 55,000 => predicted 27,337 delta 27,663
real 3,000 => predicted 27,075 delta 24,075
real 9,000 => predicted 26,679 delta 17,679
real 53,000 => predicted 27,151 delta 25,849
real 41,000 => predicted 27,492 delta 13,508
real 51,000 => predicted 25,554 delta 25,446
real 31,000 => predicted 25,394 delta 5,606
real 22,000 => predicted 27,429 delta 5,429
real 19,000 => predicted 29,585 delta 10,585
real 9,000 => predicted 25,934 delta 16,934
real 6,000 => predicted 27,097 delta 21,097
real 41,000 => predicted 24,985 delta 16,015
real 11,000 => predicted 28,372 delta 17,372
real 30,000 => predicted 27,991 delta 2,009
real 36,000 => predicted 26,453 delta 9,547
real 16,000 => predicted 28,444 delta 12,444
real 31,000 => predicted 27,929 delta 3,071
real 34,000 => predicted 25,914 delta 8,086
real 26,000 => predicted 26,516 delta 0,516
real 25,000 => predicted 26,040 delta 1,040
real 9,000 => predicted 26,400 delta 17,400
real 9,000 => predicted 25,938 delta 16,938
real 38,000 => predicted 27,803 delta 10,197
real 39,000 => predicted 27,416 delta 11,584
real 23,000 => predicted 27,545 delta 4,545
real 8,000 => predicted 26,886 delta 18,886
real 9,000 => predicted 25,393 delta 16,393
real 35,000 => predicted 27,256 delta 7,744
real 40,000 => predicted 27,221 delta 12,779
real 25,000 => predicted 27,185 delta 2,185
real 31,000 => predicted 27,187 delta 3,813
real 49,000 => predicted 31,258 delta 17,742
real 51,000 => predicted 27,429 delta 23,571
real 37,000 => predicted 28,576 delta 8,424
real 26,000 => predicted 29,620 delta 3,620
real 41,000 => predicted 25,486 delta 15,514
real 46,000 => predicted 26,792 delta 19,208
real 45,000 => predicted 28,127 delta 16,873
real 26,000 => predicted 27,154 delta 1,154
real 5,000 => predicted 27,107 delta 22,107
real 4,000 => predicted 26,346 delta 22,346
real 34,000 => predicted 30,020 delta 3,980
real 11,000 => predicted 27,035 delta 16,035
real 25,000 => predicted 26,840 delta 1,840
real 21,000 => predicted 26,501 delta 5,501
real 41,000 => predicted 30,755 delta 10,245
real 47,000 => predicted 27,485 delta 19,515
real 8,000 => predicted 26,734 delta 18,734
real 11,000 => predicted 28,043 delta 17,043
real 54,000 => predicted 26,758 delta 27,242
real 6,000 => predicted 27,891 delta 21,891
real 26,000 => predicted 26,123 delta 0,123
real 44,000 => predicted 26,561 delta 17,439
real 44,000 => predicted 27,051 delta 16,949
real 18,000 => predicted 28,832 delta 10,832
real 12,000 => predicted 29,732 delta 17,732
real 30,000 => predicted 27,002 delta 2,998
real 2,000 => predicted 28,171 delta 26,171
real 6,000 => predicted 26,111 delta 20,111
real 6,000 => predicted 27,128 delta 21,128
real 6,000 => predicted 28,498 delta 22,498
real 11,000 => predicted 27,952 delta 16,952
real 53,000 => predicted 28,998 delta 24,002
real 20,000 => predicted 27,784 delta 7,784
real 30,000 => predicted 27,832 delta 2,168
real 2,000 => predicted 27,614 delta 25,614
real 51,000 => predicted 25,189 delta 25,811
real 16,000 => predicted 25,358 delta 9,358
real 11,000 => predicted 26,832 delta 15,832
real 24,000 => predicted 27,182 delta 3,182
real 34,000 => predicted 26,909 delta 7,091
real 45,000 => predicted 26,787 delta 18,213
real 21,000 => predicted 27,108 delta 6,108
real 21,000 => predicted 28,077 delta 7,077
real 31,000 => predicted 27,255 delta 3,745
real 43,000 => predicted 27,106 delta 15,894
real 6,000 => predicted 29,589 delta 23,589
real 33,000 => predicted 27,338 delta 5,662
real 20,000 => predicted 26,962 delta 6,962
real 4,000 => predicted 27,201 delta 23,201
real 50,000 => predicted 28,396 delta 21,604
real 21,000 => predicted 27,446 delta 6,446
real 39,000 => predicted 27,544 delta 11,456
real 21,000 => predicted 30,926 delta 9,926
real 6,000 => predicted 29,075 delta 23,075
real 25,000 => predicted 27,573 delta 2,573
real 6,000 => predicted 26,164 delta 20,164
real 3,000 => predicted 28,725 delta 25,725
real 52,000 => predicted 26,628 delta 25,372
real 31,000 => predicted 26,414 delta 4,586
real 41,000 => predicted 26,619 delta 14,381
real 21,000 => predicted 26,451 delta 5,451
real 6,000 => predicted 26,290 delta 20,290
real 41,000 => predicted 27,246 delta 13,754
real 24,000 => predicted 28,800 delta 4,800
real 23,000 => predicted 26,372 delta 3,372
real 5,000 => predicted 26,878 delta 21,878
real 21,000 => predicted 27,381 delta 6,381
real 38,000 => predicted 26,181 delta 11,819
real 40,000 => predicted 28,084 delta 11,916
real 33,000 => predicted 25,956 delta 7,044
real 5,000 => predicted 25,613 delta 20,613
real 23,000 => predicted 26,347 delta 3,347
real 40,000 => predicted 25,257 delta 14,743
real 20,000 => predicted 26,126 delta 6,126
real 54,000 => predicted 26,302 delta 27,698
real 4,000 => predicted 30,303 delta 26,303
real 29,000 => predicted 31,205 delta 2,205
real 26,000 => predicted 26,509 delta 0,509
real 41,000 => predicted 27,165 delta 13,835
real 39,000 => predicted 26,890 delta 12,110
real 39,000 => predicted 27,399 delta 11,601
real 53,000 => predicted 27,537 delta 25,463
real 10,000 => predicted 25,455 delta 15,455
real 48,000 => predicted 27,107 delta 20,893
real 32,000 => predicted 26,346 delta 5,654
real 17,000 => predicted 25,776 delta 8,776
real 32,000 => predicted 28,438 delta 3,562
real 54,000 => predicted 26,405 delta 27,595
real 15,000 => predicted 27,085 delta 12,085
real 24,000 => predicted 25,804 delta 1,804
real 3,000 => predicted 30,934 delta 27,934
real 39,000 => predicted 27,317 delta 11,683
real 20,000 => predicted 27,182 delta 7,182
real 11,000 => predicted 27,131 delta 16,131
real 44,000 => predicted 26,710 delta 17,290
real 23,000 => predicted 26,874 delta 3,874
real 26,000 => predicted 27,675 delta 1,675
real 13,000 => predicted 27,631 delta 14,631
real 45,000 => predicted 27,769 delta 17,231
real 26,000 => predicted 26,238 delta 0,238
real 39,000 => predicted 26,978 delta 12,022
real 11,000 => predicted 27,289 delta 16,289
real 25,000 => predicted 28,446 delta 3,446
real 15,000 => predicted 26,527 delta 11,527
real 39,000 => predicted 30,038 delta 8,962
real 6,000 => predicted 26,766 delta 20,766
real 31,000 => predicted 27,596 delta 3,404
real 25,000 => predicted 27,172 delta 2,172
real 4,000 => predicted 28,058 delta 24,058
real 43,000 => predicted 26,259 delta 16,741
real 34,000 => predicted 25,652 delta 8,348
real 10,000 => predicted 29,201 delta 19,201
real 4,000 => predicted 26,806 delta 22,806
real 18,000 => predicted 28,171 delta 10,171
real 8,000 => predicted 26,226 delta 18,226
real 6,000 => predicted 27,600 delta 21,600
real 8,000 => predicted 26,846 delta 18,846
real 34,000 => predicted 27,171 delta 6,829
real 43,000 => predicted 27,033 delta 15,967
real 11,000 => predicted 27,290 delta 16,290
real 44,000 => predicted 27,477 delta 16,523
real 13,000 => predicted 26,842 delta 13,842
real 5,000 => predicted 28,180 delta 23,180
real 51,000 => predicted 27,738 delta 23,262
real 54,000 => predicted 26,809 delta 27,191
real 46,000 => predicted 25,295 delta 20,705
real 30,000 => predicted 28,141 delta 1,859
real 44,000 => predicted 29,461 delta 14,539
real 9,000 => predicted 26,358 delta 17,358
real 40,000 => predicted 28,639 delta 11,361
real 15,000 => predicted 27,682 delta 12,682
real 45,000 => predicted 30,988 delta 14,012
real 18,000 => predicted 26,697 delta 8,697
real 22,000 => predicted 25,701 delta 3,701
real 46,000 => predicted 26,177 delta 19,823
real 30,000 => predicted 27,499 delta 2,501
real 30,000 => predicted 27,224 delta 2,776
real 44,000 => predicted 26,881 delta 17,119
real 38,000 => predicted 25,226 delta 12,774
real 5,000 => predicted 28,543 delta 23,543
real 5,000 => predicted 26,386 delta 21,386
real 26,000 => predicted 27,802 delta 1,802
real 30,000 => predicted 28,456 delta 1,544
real 15,000 => predicted 27,060 delta 12,060
real 55,000 => predicted 28,252 delta 26,748
real 38,000 => predicted 26,310 delta 11,690
real 24,000 => predicted 25,832 delta 1,832
real 11,000 => predicted 27,324 delta 16,324
real 14,000 => predicted 26,674 delta 12,674
real 43,000 => predicted 26,587 delta 16,413
real 18,000 => predicted 26,593 delta 8,593
real 50,000 => predicted 27,721 delta 22,279
real 28,000 => predicted 26,285 delta 1,715
real 53,000 => predicted 26,969 delta 26,031
real 20,000 => predicted 27,193 delta 7,193
real 29,000 => predicted 25,862 delta 3,138
real 9,000 => predicted 27,811 delta 18,811
real 44,000 => predicted 27,318 delta 16,682
real 43,000 => predicted 26,726 delta 16,274
real 25,000 => predicted 26,803 delta 1,803
real 44,000 => predicted 27,983 delta 16,017
real 6,000 => predicted 26,895 delta 20,895
real 6,000 => predicted 27,878 delta 21,878
real 3,000 => predicted 27,586 delta 24,586
real 26,000 => predicted 28,569 delta 2,569
real 46,000 => predicted 26,149 delta 19,851
real 43,000 => predicted 27,549 delta 15,451
real 1,000 => predicted 26,702 delta 25,702
real 50,000 => predicted 30,298 delta 19,702
real 35,000 => predicted 25,946 delta 9,054
real 15,000 => predicted 27,031 delta 12,031
real 9,000 => predicted 26,078 delta 17,078
real 5,000 => predicted 26,430 delta 21,430
real 33,000 => predicted 28,661 delta 4,339
real 14,000 => predicted 27,175 delta 13,175
real 5,000 => predicted 26,653 delta 21,653
real 46,000 => predicted 27,175 delta 18,825
real 54,000 => predicted 27,492 delta 26,508
real 26,000 => predicted 28,168 delta 2,168
real 15,000 => predicted 26,647 delta 11,647
real 49,000 => predicted 26,425 delta 22,575
real 30,000 => predicted 27,109 delta 2,891
real 44,000 => predicted 26,829 delta 17,171
real 41,000 => predicted 30,234 delta 10,766
real 23,000 => predicted 28,619 delta 5,619
real 11,000 => predicted 26,921 delta 15,921
real 19,000 => predicted 27,223 delta 8,223
real 20,000 => predicted 27,223 delta 7,223
real 39,000 => predicted 27,128 delta 11,872
real 45,000 => predicted 27,956 delta 17,044
real 30,000 => predicted 27,264 delta 2,736
real 20,000 => predicted 27,405 delta 7,405
real 51,000 => predicted 26,847 delta 24,153
real 11,000 => predicted 26,130 delta 15,130
real 13,000 => predicted 28,645 delta 15,645
real 55,000 => predicted 25,008 delta 29,992
real 55,000 => predicted 25,952 delta 29,048
real 33,000 => predicted 27,179 delta 5,821
real 50,000 => predicted 26,775 delta 23,225
real 36,000 => predicted 28,295 delta 7,705
real 30,000 => predicted 25,205 delta 4,795
real 53,000 => predicted 26,958 delta 26,042
real 6,000 => predicted 28,487 delta 22,487
real 52,000 => predicted 26,509 delta 25,491
real 31,000 => predicted 28,897 delta 2,103
real 31,000 => predicted 28,899 delta 2,101
real 1,000 => predicted 26,558 delta 25,558
real 20,000 => predicted 27,021 delta 7,021
real 4,000 => predicted 27,116 delta 23,116
real 4,000 => predicted 27,407 delta 23,407
real 56,000 => predicted 25,979 delta 30,021
real 23,000 => predicted 27,394 delta 4,394
real 33,000 => predicted 26,703 delta 6,297
real 20,000 => predicted 27,321 delta 7,321
real 51,000 => predicted 27,120 delta 23,880
real 46,000 => predicted 31,300 delta 14,700
real 14,000 => predicted 27,340 delta 13,340
real 49,000 => predicted 25,955 delta 23,045
real 4,000 => predicted 26,329 delta 22,329
real 36,000 => predicted 27,724 delta 8,276
real 9,000 => predicted 26,471 delta 17,471
real 15,000 => predicted 28,545 delta 13,545
real 55,000 => predicted 26,559 delta 28,441
real 53,000 => predicted 26,672 delta 26,328
real 15,000 => predicted 27,753 delta 12,753
real 35,000 => predicted 31,064 delta 3,936
real 50,000 => predicted 26,245 delta 23,755
real 53,000 => predicted 26,310 delta 26,690
real 5,000 => predicted 29,579 delta 24,579
real 50,000 => predicted 25,364 delta 24,636
real 15,000 => predicted 27,247 delta 12,247
real 31,000 => predicted 28,861 delta 2,139
real 56,000 => predicted 26,242 delta 29,758
real 48,000 => predicted 24,883 delta 23,117
real 49,000 => predicted 27,052 delta 21,948
real 1,000 => predicted 26,207 delta 25,207
real 15,000 => predicted 28,346 delta 13,346
real 31,000 => predicted 27,695 delta 3,305
real 51,000 => predicted 28,919 delta 22,081
real 15,000 => predicted 27,923 delta 12,923
real 39,000 => predicted 31,160 delta 7,840
real 29,000 => predicted 26,254 delta 2,746
real 26,000 => predicted 26,556 delta 0,556
real 31,000 => predicted 25,548 delta 5,452
real 44,000 => predicted 27,296 delta 16,704
real 51,000 => predicted 27,492 delta 23,508
real 14,000 => predicted 26,201 delta 12,201
real 47,000 => predicted 25,595 delta 21,405
real 29,000 => predicted 25,862 delta 3,138
real 45,000 => predicted 26,628 delta 18,372
real 55,000 => predicted 27,446 delta 27,554
real 23,000 => predicted 27,077 delta 4,077
real 39,000 => predicted 28,795 delta 10,205
real 30,000 => predicted 27,574 delta 2,426
real 46,000 => predicted 25,804 delta 20,196
real 41,000 => predicted 26,515 delta 14,485
real 8,000 => predicted 29,085 delta 21,085
real 41,000 => predicted 26,431 delta 14,569
real 55,000 => predicted 28,284 delta 26,716
real 31,000 => predicted 26,708 delta 4,292
real 4,000 => predicted 26,969 delta 22,969
real 36,000 => predicted 26,611 delta 9,389
real 43,000 => predicted 28,452 delta 14,548
real 21,000 => predicted 28,138 delta 7,138
real 36,000 => predicted 25,556 delta 10,444
real 13,000 => predicted 26,192 delta 13,192
real 48,000 => predicted 26,434 delta 21,566
real 50,000 => predicted 29,027 delta 20,973
real 48,000 => predicted 25,579 delta 22,421
real 31,000 => predicted 27,433 delta 3,567
real 25,000 => predicted 26,086 delta 1,086
real 28,000 => predicted 27,584 delta 0,416
real 5,000 => predicted 27,121 delta 22,121
real 11,000 => predicted 28,119 delta 17,119
real 50,000 => predicted 27,949 delta 22,051
real 46,000 => predicted 28,817 delta 17,183
real 6,000 => predicted 27,599 delta 21,599
real 25,000 => predicted 26,657 delta 1,657
real 29,000 => predicted 28,483 delta 0,517
real 23,000 => predicted 27,463 delta 4,463
real 29,000 => predicted 27,803 delta 1,197
real 48,000 => predicted 26,181 delta 21,819
real 6,000 => predicted 26,345 delta 20,345
real 46,000 => predicted 26,923 delta 19,077
real 25,000 => predicted 26,922 delta 1,922
real 5,000 => predicted 26,274 delta 21,274
real 40,000 => predicted 27,767 delta 12,233
real 6,000 => predicted 27,146 delta 21,146
real 31,000 => predicted 28,081 delta 2,919
real 2,000 => predicted 26,410 delta 24,410
real 8,000 => predicted 27,070 delta 19,070
real 8,000 => predicted 27,672 delta 19,672
real 23,000 => predicted 27,578 delta 4,578
real 9,000 => predicted 26,909 delta 17,909
real 6,000 => predicted 28,551 delta 22,551
real 10,000 => predicted 26,472 delta 16,472
real 45,000 => predicted 26,282 delta 18,718
real 41,000 => predicted 28,756 delta 12,244
real 20,000 => predicted 27,110 delta 7,110
real 2,000 => predicted 27,334 delta 25,334
real 4,000 => predicted 26,134 delta 22,134
real 49,000 => predicted 27,113 delta 21,887
real 6,000 => predicted 25,932 delta 19,932
real 5,000 => predicted 27,790 delta 22,790
real 51,000 => predicted 27,240 delta 23,760
real 33,000 => predicted 29,805 delta 3,195
real 13,000 => predicted 25,286 delta 12,286
real 11,000 => predicted 27,180 delta 16,180
real 16,000 => predicted 25,664 delta 9,664
real 29,000 => predicted 25,769 delta 3,231
real 21,000 => predicted 27,894 delta 6,894
real 44,000 => predicted 27,542 delta 16,458
real 30,000 => predicted 26,104 delta 3,896
real 1,000 => predicted 28,403 delta 27,403
real 51,000 => predicted 26,026 delta 24,974
real 3,000 => predicted 26,501 delta 23,501
real 10,000 => predicted 25,698 delta 15,698
real 4,000 => predicted 28,603 delta 24,603
real 56,000 => predicted 25,991 delta 30,009
real 25,000 => predicted 26,699 delta 1,699
real 50,000 => predicted 26,747 delta 23,253
real 54,000 => predicted 27,354 delta 26,646
real 54,000 => predicted 26,014 delta 27,986
real 11,000 => predicted 28,080 delta 17,080
real 2,000 => predicted 27,613 delta 25,613
real 41,000 => predicted 28,717 delta 12,283
real 9,000 => predicted 25,015 delta 16,015
real 33,000 => predicted 29,677 delta 3,323
real 16,000 => predicted 27,131 delta 11,131
real 41,000 => predicted 28,278 delta 12,722
real 45,000 => predicted 26,386 delta 18,614
real 10,000 => predicted 26,913 delta 16,913
real 48,000 => predicted 26,820 delta 21,180
real 6,000 => predicted 28,450 delta 22,450
real 11,000 => predicted 26,833 delta 15,833
real 50,000 => predicted 25,690 delta 24,310
real 23,000 => predicted 25,749 delta 2,749
real 46,000 => predicted 25,433 delta 20,567
real 45,000 => predicted 27,471 delta 17,529
real 4,000 => predicted 25,611 delta 21,611
real 43,000 => predicted 29,347 delta 13,653
real 49,000 => predicted 27,063 delta 21,937
real 40,000 => predicted 24,904 delta 15,096
real 38,000 => predicted 27,455 delta 10,545
real 5,000 => predicted 27,499 delta 22,499
real 29,000 => predicted 26,275 delta 2,725
real 45,000 => predicted 26,580 delta 18,420
real 34,000 => predicted 26,171 delta 7,829
real 25,000 => predicted 25,569 delta 0,569
real 4,000 => predicted 28,262 delta 24,262
real 34,000 => predicted 27,241 delta 6,759
real 2,000 => predicted 26,558 delta 24,558
real 53,000 => predicted 31,426 delta 21,574
real 46,000 => predicted 26,491 delta 19,509
real 4,000 => predicted 27,279 delta 23,279
real 3,000 => predicted 27,137 delta 24,137
real 51,000 => predicted 28,984 delta 22,016
real 10,000 => predicted 28,286 delta 18,286
real 22,000 => predicted 27,927 delta 5,927
real 19,000 => predicted 26,799 delta 7,799
real 25,000 => predicted 27,595 delta 2,595
real 51,000 => predicted 25,687 delta 25,313
real 34,000 => predicted 26,680 delta 7,320
real 38,000 => predicted 28,374 delta 9,626
real 2,000 => predicted 26,797 delta 24,797
real 11,000 => predicted 26,580 delta 15,580
real 39,000 => predicted 26,876 delta 12,124
real 22,000 => predicted 26,451 delta 4,451
real 28,000 => predicted 26,767 delta 1,233
real 8,000 => predicted 25,489 delta 17,489
real 46,000 => predicted 28,397 delta 17,603
real 51,000 => predicted 26,090 delta 24,910
real 11,000 => predicted 27,008 delta 16,008
real 36,000 => predicted 26,305 delta 9,695
real 39,000 => predicted 26,970 delta 12,030
real 19,000 => predicted 25,986 delta 6,986
real 8,000 => predicted 26,807 delta 18,807
real 25,000 => predicted 26,690 delta 1,690
real 22,000 => predicted 27,168 delta 5,168
real 39,000 => predicted 29,488 delta 9,512
real 53,000 => predicted 25,925 delta 27,075
real 29,000 => predicted 26,219 delta 2,781
real 8,000 => predicted 27,162 delta 19,162
real 25,000 => predicted 27,130 delta 2,130
real 50,000 => predicted 27,081 delta 22,919
real 25,000 => predicted 27,144 delta 2,144
real 3,000 => predicted 29,593 delta 26,593
real 53,000 => predicted 26,452 delta 26,548
real 5,000 => predicted 25,946 delta 20,946
real 50,000 => predicted 27,007 delta 22,993
real 16,000 => predicted 25,970 delta 9,970
real 19,000 => predicted 26,286 delta 7,286
real 54,000 => predicted 26,575 delta 27,425
real 51,000 => predicted 25,786 delta 25,214
real 54,000 => predicted 27,633 delta 26,367
real 10,000 => predicted 27,518 delta 17,518
real 15,000 => predicted 27,733 delta 12,733
real 49,000 => predicted 26,956 delta 22,044
real 38,000 => predicted 26,903 delta 11,097
real 51,000 => predicted 29,997 delta 21,003
real 3,000 => predicted 28,514 delta 25,514
real 36,000 => predicted 27,042 delta 8,958
real 50,000 => predicted 28,889 delta 21,111
real 45,000 => predicted 27,883 delta 17,117
real 9,000 => predicted 27,908 delta 18,908
real 39,000 => predicted 30,702 delta 8,298
real 54,000 => predicted 27,422 delta 26,578
real 54,000 => predicted 25,968 delta 28,032
real 10,000 => predicted 26,776 delta 16,776
real 28,000 => predicted 26,597 delta 1,403
real 40,000 => predicted 25,871 delta 14,129
real 30,000 => predicted 27,246 delta 2,754
real 43,000 => predicted 31,132 delta 11,868
real 41,000 => predicted 25,800 delta 15,200
real 24,000 => predicted 27,317 delta 3,317
real 4,000 => predicted 28,512 delta 24,512
real 53,000 => predicted 26,510 delta 26,490
real 15,000 => predicted 25,726 delta 10,726
real 45,000 => predicted 27,486 delta 17,514
real 50,000 => predicted 28,197 delta 21,803
real 26,000 => predicted 27,556 delta 1,556
real 11,000 => predicted 27,535 delta 16,535
real 12,000 => predicted 27,520 delta 15,520
real 18,000 => predicted 28,215 delta 10,215
real 6,000 => predicted 27,670 delta 21,670
real 20,000 => predicted 29,117 delta 9,117
real 12,000 => predicted 26,437 delta 14,437
real 18,000 => predicted 27,642 delta 9,642
real 24,000 => predicted 26,883 delta 2,883
real 19,000 => predicted 26,580 delta 7,580
real 44,000 => predicted 27,277 delta 16,723
real 28,000 => predicted 29,840 delta 1,840
real 2,000 => predicted 27,382 delta 25,382
real 39,000 => predicted 26,971 delta 12,029
real 40,000 => predicted 30,148 delta 9,852
real 4,000 => predicted 27,077 delta 23,077
real 26,000 => predicted 28,206 delta 2,206
real 21,000 => predicted 26,884 delta 5,884
real 51,000 => predicted 26,268 delta 24,732
real 3,000 => predicted 26,489 delta 23,489
real 51,000 => predicted 26,554 delta 24,446
real 5,000 => predicted 26,831 delta 21,831
real 51,000 => predicted 27,930 delta 23,070
real 35,000 => predicted 27,557 delta 7,443
real 44,000 => predicted 27,096 delta 16,904
real 18,000 => predicted 27,781 delta 9,781
real 5,000 => predicted 27,322 delta 22,322
real 51,000 => predicted 28,453 delta 22,547
real 20,000 => predicted 28,066 delta 8,066
real 39,000 => predicted 26,102 delta 12,898
real 4,000 => predicted 27,517 delta 23,517
real 46,000 => predicted 25,729 delta 20,271
real 53,000 => predicted 27,782 delta 25,218
real 11,000 => predicted 27,178 delta 16,178
real 14,000 => predicted 26,850 delta 12,850
real 41,000 => predicted 26,166 delta 14,834
real 20,000 => predicted 26,140 delta 6,140
real 36,000 => predicted 28,747 delta 7,253
real 30,000 => predicted 27,026 delta 2,974
real 30,000 => predicted 26,244 delta 3,756
real 49,000 => predicted 28,626 delta 20,374
real 20,000 => predicted 28,314 delta 8,314
real 44,000 => predicted 27,906 delta 16,094
real 10,000 => predicted 27,007 delta 17,007
real 31,000 => predicted 26,073 delta 4,927
real 25,000 => predicted 27,005 delta 2,005
real 29,000 => predicted 25,722 delta 3,278
real 36,000 => predicted 26,630 delta 9,370
real 28,000 => predicted 28,038 delta 0,038
real 6,000 => predicted 28,407 delta 22,407
real 16,000 => predicted 29,418 delta 13,418
real 42,000 => predicted 25,960 delta 16,040
real 50,000 => predicted 26,350 delta 23,650
real 26,000 => predicted 26,566 delta 0,566
real 56,000 => predicted 27,512 delta 28,488
real 51,000 => predicted 27,210 delta 23,790
real 11,000 => predicted 26,116 delta 15,116
real 1,000 => predicted 29,707 delta 28,707
real 46,000 => predicted 26,997 delta 19,003
real 4,000 => predicted 26,498 delta 22,498
real 39,000 => predicted 26,238 delta 12,762
real 41,000 => predicted 27,556 delta 13,444
real 31,000 => predicted 26,937 delta 4,063
real 49,000 => predicted 26,689 delta 22,311
real 35,000 => predicted 26,475 delta 8,525
real 36,000 => predicted 26,197 delta 9,803
real 19,000 => predicted 27,191 delta 8,191
real 35,000 => predicted 27,040 delta 7,960
real 20,000 => predicted 28,312 delta 8,312
real 36,000 => predicted 25,115 delta 10,885
real 54,000 => predicted 25,475 delta 28,525
real 1,000 => predicted 26,992 delta 25,992
real 16,000 => predicted 28,121 delta 12,121
real 56,000 => predicted 29,219 delta 26,781
real 28,000 => predicted 27,500 delta 0,500
real 19,000 => predicted 27,822 delta 8,822
real 42,000 => predicted 27,077 delta 14,923
real 5,000 => predicted 26,908 delta 21,908
real 54,000 => predicted 26,109 delta 27,891
real 3,000 => predicted 27,320 delta 24,320
real 29,000 => predicted 27,077 delta 1,923
real 42,000 => predicted 27,148 delta 14,852
real 48,000 => predicted 25,327 delta 22,673
real 5,000 => predicted 27,167 delta 22,167
real 54,000 => predicted 27,026 delta 26,974
real 30,000 => predicted 27,119 delta 2,881
real 4,000 => predicted 27,342 delta 23,342
real 3,000 => predicted 26,802 delta 23,802
real 50,000 => predicted 25,861 delta 24,139
real 24,000 => predicted 26,329 delta 2,329
real 45,000 => predicted 26,804 delta 18,196
real 3,000 => predicted 27,001 delta 24,001
real 3,000 => predicted 26,390 delta 23,390
real 4,000 => predicted 26,995 delta 22,995
real 6,000 => predicted 25,458 delta 19,458
real 38,000 => predicted 28,167 delta 9,833
real 46,000 => predicted 26,039 delta 19,961
real 16,000 => predicted 26,847 delta 10,847
real 45,000 => predicted 27,414 delta 17,586
real 6,000 => predicted 26,640 delta 20,640
real 49,000 => predicted 26,184 delta 22,816
real 16,000 => predicted 25,868 delta 9,868
real 36,000 => predicted 27,778 delta 8,222
real 30,000 => predicted 27,988 delta 2,012
real 46,000 => predicted 26,518 delta 19,482
model meanRating 27,134 baseline RMSE 16,545 model RMSE 16,596
model improves the baseline by -0,305 percents
accuracy = 0,000

Process finished with exit code 0
