"C:\Program Files\Java\jdk1.8.0_144\bin\java" -Didea.launcher.port=7541 "-Didea.launcher.bin.path=C:\Program Files (x86)\JetBrains\IntelliJ IDEA 2016.2.4\bin" -Dfile.encoding=UTF-8 -classpath "C:\Program Files\Java\jdk1.8.0_144\jre\lib\charsets.jar;C:\Program Files\Java\jdk1.8.0_144\jre\lib\deploy.jar;C:\Program Files\Java\jdk1.8.0_144\jre\lib\ext\access-bridge-64.jar;C:\Program Files\Java\jdk1.8.0_144\jre\lib\ext\cldrdata.jar;C:\Program Files\Java\jdk1.8.0_144\jre\lib\ext\dnsns.jar;C:\Program Files\Java\jdk1.8.0_144\jre\lib\ext\jaccess.jar;C:\Program Files\Java\jdk1.8.0_144\jre\lib\ext\jfxrt.jar;C:\Program Files\Java\jdk1.8.0_144\jre\lib\ext\localedata.jar;C:\Program Files\Java\jdk1.8.0_144\jre\lib\ext\nashorn.jar;C:\Program Files\Java\jdk1.8.0_144\jre\lib\ext\sunec.jar;C:\Program Files\Java\jdk1.8.0_144\jre\lib\ext\sunjce_provider.jar;C:\Program Files\Java\jdk1.8.0_144\jre\lib\ext\sunmscapi.jar;C:\Program Files\Java\jdk1.8.0_144\jre\lib\ext\sunpkcs11.jar;C:\Program Files\Java\jdk1.8.0_144\jre\lib\ext\zipfs.jar;C:\Program Files\Java\jdk1.8.0_144\jre\lib\javaws.jar;C:\Program Files\Java\jdk1.8.0_144\jre\lib\jce.jar;C:\Program Files\Java\jdk1.8.0_144\jre\lib\jfr.jar;C:\Program Files\Java\jdk1.8.0_144\jre\lib\jfxswt.jar;C:\Program Files\Java\jdk1.8.0_144\jre\lib\jsse.jar;C:\Program Files\Java\jdk1.8.0_144\jre\lib\management-agent.jar;C:\Program Files\Java\jdk1.8.0_144\jre\lib\plugin.jar;C:\Program Files\Java\jdk1.8.0_144\jre\lib\resources.jar;C:\Program Files\Java\jdk1.8.0_144\jre\lib\rt.jar;C:\java\Recommender\target\classes;C:\Users\admin\.m2\repository\org\scala-lang\scala-library\2.11.11\scala-library-2.11.11.jar;C:\Users\admin\.m2\repository\org\scala-lang\scala-reflect\2.11.11\scala-reflect-2.11.11.jar;C:\Users\admin\.m2\repository\org\apache\spark\spark-core_2.11\2.2.1\spark-core_2.11-2.2.1.jar;C:\Users\admin\.m2\repository\org\apache\avro\avro\1.7.7\avro-1.7.7.jar;C:\Users\admin\.m2\repository\org\codehaus\jackson\jackson-core-asl\1.9.13\jackson-core-asl-1.9.13.jar;C:\Users\admin\.m2\repository\org\codehaus\jackson\jackson-mapper-asl\1.9.13\jackson-mapper-asl-1.9.13.jar;C:\Users\admin\.m2\repository\com\thoughtworks\paranamer\paranamer\2.3\paranamer-2.3.jar;C:\Users\admin\.m2\repository\org\apache\commons\commons-compress\1.4.1\commons-compress-1.4.1.jar;C:\Users\admin\.m2\repository\org\tukaani\xz\1.0\xz-1.0.jar;C:\Users\admin\.m2\repository\org\apache\avro\avro-mapred\1.7.7\avro-mapred-1.7.7-hadoop2.jar;C:\Users\admin\.m2\repository\org\apache\avro\avro-ipc\1.7.7\avro-ipc-1.7.7.jar;C:\Users\admin\.m2\repository\org\apache\avro\avro-ipc\1.7.7\avro-ipc-1.7.7-tests.jar;C:\Users\admin\.m2\repository\com\twitter\chill_2.11\0.8.0\chill_2.11-0.8.0.jar;C:\Users\admin\.m2\repository\com\esotericsoftware\kryo-shaded\3.0.3\kryo-shaded-3.0.3.jar;C:\Users\admin\.m2\repository\com\esotericsoftware\minlog\1.3.0\minlog-1.3.0.jar;C:\Users\admin\.m2\repository\org\objenesis\objenesis\2.1\objenesis-2.1.jar;C:\Users\admin\.m2\repository\com\twitter\chill-java\0.8.0\chill-java-0.8.0.jar;C:\Users\admin\.m2\repository\org\apache\xbean\xbean-asm5-shaded\4.4\xbean-asm5-shaded-4.4.jar;C:\Users\admin\.m2\repository\org\apache\hadoop\hadoop-client\2.6.5\hadoop-client-2.6.5.jar;C:\Users\admin\.m2\repository\org\apache\hadoop\hadoop-common\2.6.5\hadoop-common-2.6.5.jar;C:\Users\admin\.m2\repository\commons-cli\commons-cli\1.2\commons-cli-1.2.jar;C:\Users\admin\.m2\repository\xmlenc\xmlenc\0.52\xmlenc-0.52.jar;C:\Users\admin\.m2\repository\commons-httpclient\commons-httpclient\3.1\commons-httpclient-3.1.jar;C:\Users\admin\.m2\repository\commons-io\commons-io\2.4\commons-io-2.4.jar;C:\Users\admin\.m2\repository\commons-collections\commons-collections\3.2.2\commons-collections-3.2.2.jar;C:\Users\admin\.m2\repository\commons-lang\commons-lang\2.6\commons-lang-2.6.jar;C:\Users\admin\.m2\repository\commons-configuration\commons-configuration\1.6\commons-configuration-1.6.jar;C:\Users\admin\.m2\repository\commons-digester\commons-digester\1.8\commons-digester-1.8.jar;C:\Users\admin\.m2\repository\commons-beanutils\commons-beanutils\1.7.0\commons-beanutils-1.7.0.jar;C:\Users\admin\.m2\repository\commons-beanutils\commons-beanutils-core\1.8.0\commons-beanutils-core-1.8.0.jar;C:\Users\admin\.m2\repository\com\google\protobuf\protobuf-java\2.5.0\protobuf-java-2.5.0.jar;C:\Users\admin\.m2\repository\com\google\code\gson\gson\2.2.4\gson-2.2.4.jar;C:\Users\admin\.m2\repository\org\apache\hadoop\hadoop-auth\2.6.5\hadoop-auth-2.6.5.jar;C:\Users\admin\.m2\repository\org\apache\directory\server\apacheds-kerberos-codec\2.0.0-M15\apacheds-kerberos-codec-2.0.0-M15.jar;C:\Users\admin\.m2\repository\org\apache\directory\server\apacheds-i18n\2.0.0-M15\apacheds-i18n-2.0.0-M15.jar;C:\Users\admin\.m2\repository\org\apache\directory\api\api-asn1-api\1.0.0-M20\api-asn1-api-1.0.0-M20.jar;C:\Users\admin\.m2\repository\org\apache\directory\api\api-util\1.0.0-M20\api-util-1.0.0-M20.jar;C:\Users\admin\.m2\repository\org\apache\curator\curator-client\2.6.0\curator-client-2.6.0.jar;C:\Users\admin\.m2\repository\org\htrace\htrace-core\3.0.4\htrace-core-3.0.4.jar;C:\Users\admin\.m2\repository\org\apache\hadoop\hadoop-hdfs\2.6.5\hadoop-hdfs-2.6.5.jar;C:\Users\admin\.m2\repository\org\mortbay\jetty\jetty-util\6.1.26\jetty-util-6.1.26.jar;C:\Users\admin\.m2\repository\xerces\xercesImpl\2.9.1\xercesImpl-2.9.1.jar;C:\Users\admin\.m2\repository\xml-apis\xml-apis\1.3.04\xml-apis-1.3.04.jar;C:\Users\admin\.m2\repository\org\apache\hadoop\hadoop-mapreduce-client-app\2.6.5\hadoop-mapreduce-client-app-2.6.5.jar;C:\Users\admin\.m2\repository\org\apache\hadoop\hadoop-mapreduce-client-common\2.6.5\hadoop-mapreduce-client-common-2.6.5.jar;C:\Users\admin\.m2\repository\org\apache\hadoop\hadoop-yarn-client\2.6.5\hadoop-yarn-client-2.6.5.jar;C:\Users\admin\.m2\repository\org\apache\hadoop\hadoop-yarn-server-common\2.6.5\hadoop-yarn-server-common-2.6.5.jar;C:\Users\admin\.m2\repository\org\apache\hadoop\hadoop-mapreduce-client-shuffle\2.6.5\hadoop-mapreduce-client-shuffle-2.6.5.jar;C:\Users\admin\.m2\repository\org\apache\hadoop\hadoop-yarn-api\2.6.5\hadoop-yarn-api-2.6.5.jar;C:\Users\admin\.m2\repository\org\apache\hadoop\hadoop-mapreduce-client-core\2.6.5\hadoop-mapreduce-client-core-2.6.5.jar;C:\Users\admin\.m2\repository\org\apache\hadoop\hadoop-yarn-common\2.6.5\hadoop-yarn-common-2.6.5.jar;C:\Users\admin\.m2\repository\javax\xml\bind\jaxb-api\2.2.2\jaxb-api-2.2.2.jar;C:\Users\admin\.m2\repository\javax\xml\stream\stax-api\1.0-2\stax-api-1.0-2.jar;C:\Users\admin\.m2\repository\org\codehaus\jackson\jackson-jaxrs\1.9.13\jackson-jaxrs-1.9.13.jar;C:\Users\admin\.m2\repository\org\codehaus\jackson\jackson-xc\1.9.13\jackson-xc-1.9.13.jar;C:\Users\admin\.m2\repository\org\apache\hadoop\hadoop-mapreduce-client-jobclient\2.6.5\hadoop-mapreduce-client-jobclient-2.6.5.jar;C:\Users\admin\.m2\repository\org\apache\hadoop\hadoop-annotations\2.6.5\hadoop-annotations-2.6.5.jar;C:\Users\admin\.m2\repository\org\apache\spark\spark-launcher_2.11\2.2.1\spark-launcher_2.11-2.2.1.jar;C:\Users\admin\.m2\repository\org\apache\spark\spark-network-common_2.11\2.2.1\spark-network-common_2.11-2.2.1.jar;C:\Users\admin\.m2\repository\org\fusesource\leveldbjni\leveldbjni-all\1.8\leveldbjni-all-1.8.jar;C:\Users\admin\.m2\repository\com\fasterxml\jackson\core\jackson-annotations\2.6.5\jackson-annotations-2.6.5.jar;C:\Users\admin\.m2\repository\org\apache\spark\spark-network-shuffle_2.11\2.2.1\spark-network-shuffle_2.11-2.2.1.jar;C:\Users\admin\.m2\repository\org\apache\spark\spark-unsafe_2.11\2.2.1\spark-unsafe_2.11-2.2.1.jar;C:\Users\admin\.m2\repository\net\java\dev\jets3t\jets3t\0.9.3\jets3t-0.9.3.jar;C:\Users\admin\.m2\repository\org\apache\httpcomponents\httpcore\4.3.3\httpcore-4.3.3.jar;C:\Users\admin\.m2\repository\org\apache\httpcomponents\httpclient\4.3.6\httpclient-4.3.6.jar;C:\Users\admin\.m2\repository\commons-codec\commons-codec\1.8\commons-codec-1.8.jar;C:\Users\admin\.m2\repository\javax\activation\activation\1.1.1\activation-1.1.1.jar;C:\Users\admin\.m2\repository\mx4j\mx4j\3.0.2\mx4j-3.0.2.jar;C:\Users\admin\.m2\repository\javax\mail\mail\1.4.7\mail-1.4.7.jar;C:\Users\admin\.m2\repository\org\bouncycastle\bcprov-jdk15on\1.51\bcprov-jdk15on-1.51.jar;C:\Users\admin\.m2\repository\com\jamesmurty\utils\java-xmlbuilder\1.0\java-xmlbuilder-1.0.jar;C:\Users\admin\.m2\repository\net\iharder\base64\2.3.8\base64-2.3.8.jar;C:\Users\admin\.m2\repository\org\apache\curator\curator-recipes\2.6.0\curator-recipes-2.6.0.jar;C:\Users\admin\.m2\repository\org\apache\curator\curator-framework\2.6.0\curator-framework-2.6.0.jar;C:\Users\admin\.m2\repository\org\apache\zookeeper\zookeeper\3.4.6\zookeeper-3.4.6.jar;C:\Users\admin\.m2\repository\com\google\guava\guava\16.0.1\guava-16.0.1.jar;C:\Users\admin\.m2\repository\javax\servlet\javax.servlet-api\3.1.0\javax.servlet-api-3.1.0.jar;C:\Users\admin\.m2\repository\org\apache\commons\commons-lang3\3.5\commons-lang3-3.5.jar;C:\Users\admin\.m2\repository\org\apache\commons\commons-math3\3.4.1\commons-math3-3.4.1.jar;C:\Users\admin\.m2\repository\com\google\code\findbugs\jsr305\1.3.9\jsr305-1.3.9.jar;C:\Users\admin\.m2\repository\org\slf4j\slf4j-api\1.7.16\slf4j-api-1.7.16.jar;C:\Users\admin\.m2\repository\org\slf4j\jul-to-slf4j\1.7.16\jul-to-slf4j-1.7.16.jar;C:\Users\admin\.m2\repository\org\slf4j\jcl-over-slf4j\1.7.16\jcl-over-slf4j-1.7.16.jar;C:\Users\admin\.m2\repository\log4j\log4j\1.2.17\log4j-1.2.17.jar;C:\Users\admin\.m2\repository\org\slf4j\slf4j-log4j12\1.7.16\slf4j-log4j12-1.7.16.jar;C:\Users\admin\.m2\repository\com\ning\compress-lzf\1.0.3\compress-lzf-1.0.3.jar;C:\Users\admin\.m2\repository\org\xerial\snappy\snappy-java\1.1.2.6\snappy-java-1.1.2.6.jar;C:\Users\admin\.m2\repository\net\jpountz\lz4\lz4\1.3.0\lz4-1.3.0.jar;C:\Users\admin\.m2\repository\org\roaringbitmap\RoaringBitmap\0.5.11\RoaringBitmap-0.5.11.jar;C:\Users\admin\.m2\repository\commons-net\commons-net\2.2\commons-net-2.2.jar;C:\Users\admin\.m2\repository\org\json4s\json4s-jackson_2.11\3.2.11\json4s-jackson_2.11-3.2.11.jar;C:\Users\admin\.m2\repository\org\json4s\json4s-core_2.11\3.2.11\json4s-core_2.11-3.2.11.jar;C:\Users\admin\.m2\repository\org\json4s\json4s-ast_2.11\3.2.11\json4s-ast_2.11-3.2.11.jar;C:\Users\admin\.m2\repository\org\scala-lang\scalap\2.11.0\scalap-2.11.0.jar;C:\Users\admin\.m2\repository\org\scala-lang\scala-compiler\2.11.0\scala-compiler-2.11.0.jar;C:\Users\admin\.m2\repository\org\scala-lang\modules\scala-xml_2.11\1.0.1\scala-xml_2.11-1.0.1.jar;C:\Users\admin\.m2\repository\org\scala-lang\modules\scala-parser-combinators_2.11\1.0.1\scala-parser-combinators_2.11-1.0.1.jar;C:\Users\admin\.m2\repository\org\glassfish\jersey\core\jersey-client\2.22.2\jersey-client-2.22.2.jar;C:\Users\admin\.m2\repository\javax\ws\rs\javax.ws.rs-api\2.0.1\javax.ws.rs-api-2.0.1.jar;C:\Users\admin\.m2\repository\org\glassfish\hk2\hk2-api\2.4.0-b34\hk2-api-2.4.0-b34.jar;C:\Users\admin\.m2\repository\org\glassfish\hk2\hk2-utils\2.4.0-b34\hk2-utils-2.4.0-b34.jar;C:\Users\admin\.m2\repository\org\glassfish\hk2\external\aopalliance-repackaged\2.4.0-b34\aopalliance-repackaged-2.4.0-b34.jar;C:\Users\admin\.m2\repository\org\glassfish\hk2\external\javax.inject\2.4.0-b34\javax.inject-2.4.0-b34.jar;C:\Users\admin\.m2\repository\org\glassfish\hk2\hk2-locator\2.4.0-b34\hk2-locator-2.4.0-b34.jar;C:\Users\admin\.m2\repository\org\javassist\javassist\3.18.1-GA\javassist-3.18.1-GA.jar;C:\Users\admin\.m2\repository\org\glassfish\jersey\core\jersey-common\2.22.2\jersey-common-2.22.2.jar;C:\Users\admin\.m2\repository\javax\annotation\javax.annotation-api\1.2\javax.annotation-api-1.2.jar;C:\Users\admin\.m2\repository\org\glassfish\jersey\bundles\repackaged\jersey-guava\2.22.2\jersey-guava-2.22.2.jar;C:\Users\admin\.m2\repository\org\glassfish\hk2\osgi-resource-locator\1.0.1\osgi-resource-locator-1.0.1.jar;C:\Users\admin\.m2\repository\org\glassfish\jersey\core\jersey-server\2.22.2\jersey-server-2.22.2.jar;C:\Users\admin\.m2\repository\org\glassfish\jersey\media\jersey-media-jaxb\2.22.2\jersey-media-jaxb-2.22.2.jar;C:\Users\admin\.m2\repository\javax\validation\validation-api\1.1.0.Final\validation-api-1.1.0.Final.jar;C:\Users\admin\.m2\repository\org\glassfish\jersey\containers\jersey-container-servlet\2.22.2\jersey-container-servlet-2.22.2.jar;C:\Users\admin\.m2\repository\org\glassfish\jersey\containers\jersey-container-servlet-core\2.22.2\jersey-container-servlet-core-2.22.2.jar;C:\Users\admin\.m2\repository\io\netty\netty-all\4.0.43.Final\netty-all-4.0.43.Final.jar;C:\Users\admin\.m2\repository\io\netty\netty\3.9.9.Final\netty-3.9.9.Final.jar;C:\Users\admin\.m2\repository\com\clearspring\analytics\stream\2.7.0\stream-2.7.0.jar;C:\Users\admin\.m2\repository\io\dropwizard\metrics\metrics-core\3.1.2\metrics-core-3.1.2.jar;C:\Users\admin\.m2\repository\io\dropwizard\metrics\metrics-jvm\3.1.2\metrics-jvm-3.1.2.jar;C:\Users\admin\.m2\repository\io\dropwizard\metrics\metrics-json\3.1.2\metrics-json-3.1.2.jar;C:\Users\admin\.m2\repository\io\dropwizard\metrics\metrics-graphite\3.1.2\metrics-graphite-3.1.2.jar;C:\Users\admin\.m2\repository\com\fasterxml\jackson\core\jackson-databind\2.6.5\jackson-databind-2.6.5.jar;C:\Users\admin\.m2\repository\com\fasterxml\jackson\core\jackson-core\2.6.5\jackson-core-2.6.5.jar;C:\Users\admin\.m2\repository\com\fasterxml\jackson\module\jackson-module-scala_2.11\2.6.5\jackson-module-scala_2.11-2.6.5.jar;C:\Users\admin\.m2\repository\org\scala-lang\scala-reflect\2.11.7\scala-reflect-2.11.7.jar;C:\Users\admin\.m2\repository\com\fasterxml\jackson\module\jackson-module-paranamer\2.6.5\jackson-module-paranamer-2.6.5.jar;C:\Users\admin\.m2\repository\org\apache\ivy\ivy\2.4.0\ivy-2.4.0.jar;C:\Users\admin\.m2\repository\oro\oro\2.0.8\oro-2.0.8.jar;C:\Users\admin\.m2\repository\net\razorvine\pyrolite\4.13\pyrolite-4.13.jar;C:\Users\admin\.m2\repository\net\sf\py4j\py4j\0.10.4\py4j-0.10.4.jar;C:\Users\admin\.m2\repository\org\apache\spark\spark-tags_2.11\2.2.1\spark-tags_2.11-2.2.1.jar;C:\Users\admin\.m2\repository\org\apache\commons\commons-crypto\1.0.0\commons-crypto-1.0.0.jar;C:\Users\admin\.m2\repository\org\spark-project\spark\unused\1.0.0\unused-1.0.0.jar;C:\Users\admin\.m2\repository\org\apache\spark\spark-mllib_2.11\2.2.1\spark-mllib_2.11-2.2.1.jar;C:\Users\admin\.m2\repository\org\apache\spark\spark-streaming_2.11\2.2.1\spark-streaming_2.11-2.2.1.jar;C:\Users\admin\.m2\repository\org\apache\spark\spark-sql_2.11\2.2.1\spark-sql_2.11-2.2.1.jar;C:\Users\admin\.m2\repository\com\univocity\univocity-parsers\2.2.1\univocity-parsers-2.2.1.jar;C:\Users\admin\.m2\repository\org\apache\spark\spark-sketch_2.11\2.2.1\spark-sketch_2.11-2.2.1.jar;C:\Users\admin\.m2\repository\org\apache\spark\spark-catalyst_2.11\2.2.1\spark-catalyst_2.11-2.2.1.jar;C:\Users\admin\.m2\repository\org\codehaus\janino\janino\3.0.0\janino-3.0.0.jar;C:\Users\admin\.m2\repository\org\codehaus\janino\commons-compiler\3.0.0\commons-compiler-3.0.0.jar;C:\Users\admin\.m2\repository\org\antlr\antlr4-runtime\4.5.3\antlr4-runtime-4.5.3.jar;C:\Users\admin\.m2\repository\org\apache\parquet\parquet-column\1.8.2\parquet-column-1.8.2.jar;C:\Users\admin\.m2\repository\org\apache\parquet\parquet-common\1.8.2\parquet-common-1.8.2.jar;C:\Users\admin\.m2\repository\org\apache\parquet\parquet-encoding\1.8.2\parquet-encoding-1.8.2.jar;C:\Users\admin\.m2\repository\org\apache\parquet\parquet-hadoop\1.8.2\parquet-hadoop-1.8.2.jar;C:\Users\admin\.m2\repository\org\apache\parquet\parquet-format\2.3.1\parquet-format-2.3.1.jar;C:\Users\admin\.m2\repository\org\apache\parquet\parquet-jackson\1.8.2\parquet-jackson-1.8.2.jar;C:\Users\admin\.m2\repository\org\apache\spark\spark-graphx_2.11\2.2.1\spark-graphx_2.11-2.2.1.jar;C:\Users\admin\.m2\repository\com\github\fommil\netlib\core\1.1.2\core-1.1.2.jar;C:\Users\admin\.m2\repository\net\sourceforge\f2j\arpack_combined_all\0.1\arpack_combined_all-0.1.jar;C:\Users\admin\.m2\repository\org\apache\spark\spark-mllib-local_2.11\2.2.1\spark-mllib-local_2.11-2.2.1.jar;C:\Users\admin\.m2\repository\org\scalanlp\breeze_2.11\0.13.2\breeze_2.11-0.13.2.jar;C:\Users\admin\.m2\repository\org\scalanlp\breeze-macros_2.11\0.13.2\breeze-macros_2.11-0.13.2.jar;C:\Users\admin\.m2\repository\net\sf\opencsv\opencsv\2.3\opencsv-2.3.jar;C:\Users\admin\.m2\repository\com\github\rwl\jtransforms\2.4.0\jtransforms-2.4.0.jar;C:\Users\admin\.m2\repository\org\spire-math\spire_2.11\0.13.0\spire_2.11-0.13.0.jar;C:\Users\admin\.m2\repository\org\spire-math\spire-macros_2.11\0.13.0\spire-macros_2.11-0.13.0.jar;C:\Users\admin\.m2\repository\org\typelevel\machinist_2.11\0.6.1\machinist_2.11-0.6.1.jar;C:\Users\admin\.m2\repository\com\chuusai\shapeless_2.11\2.3.2\shapeless_2.11-2.3.2.jar;C:\Users\admin\.m2\repository\org\typelevel\macro-compat_2.11\1.1.1\macro-compat_2.11-1.1.1.jar;C:\Users\admin\.m2\repository\org\jpmml\pmml-model\1.2.15\pmml-model-1.2.15.jar;C:\Users\admin\.m2\repository\org\jpmml\pmml-schema\1.2.15\pmml-schema-1.2.15.jar;C:\Program Files (x86)\JetBrains\IntelliJ IDEA 2016.2.4\lib\idea_rt.jar" com.intellij.rt.execution.application.AppMain recommender.TestFM
(16.0,(5,[0,1,2,3,4],[80.0,23.0,1.0,1.0,1.0]))
(6.0,(5,[0,1,2,3,4],[27.0,25.0,1.0,1.0,2.0]))
(25.0,(5,[0,1,2,3,4],[45.0,24.0,1.0,1.0,2.0]))
(51.0,(5,[0,1,2,3,4],[22.0,22.0,1.0,0.0,1.0]))
(23.0,(5,[0,1,2,3,4],[22.0,43.0,0.0,0.0,2.0]))
(18.0,(5,[0,1,2,3,4],[60.0,24.0,2.0,2.0,0.0]))
(21.0,(5,[0,1,2,3,4],[42.0,15.0,1.0,0.0,1.0]))
(13.0,(5,[0,1,2,3,4],[9.0,57.0,2.0,2.0,0.0]))
(3.0,(5,[0,1,2,3,4],[9.0,2.0,1.0,0.0,2.0]))
(6.0,(5,[0,1,2,3,4],[9.0,5.0,2.0,2.0,0.0]))
Training: 3979, test: 1017
training sample
(16.0,(5,[0,1,2,3,4],[80.0,23.0,1.0,1.0,1.0]))
(6.0,(5,[0,1,2,3,4],[27.0,25.0,1.0,1.0,2.0]))
(25.0,(5,[0,1,2,3,4],[45.0,24.0,1.0,1.0,2.0]))
(51.0,(5,[0,1,2,3,4],[22.0,22.0,1.0,0.0,1.0]))
(18.0,(5,[0,1,2,3,4],[60.0,24.0,2.0,2.0,0.0]))
(21.0,(5,[0,1,2,3,4],[42.0,15.0,1.0,0.0,1.0]))
(13.0,(5,[0,1,2,3,4],[9.0,57.0,2.0,2.0,0.0]))
(3.0,(5,[0,1,2,3,4],[9.0,2.0,1.0,0.0,2.0]))
(6.0,(5,[0,1,2,3,4],[9.0,5.0,2.0,2.0,0.0]))
(6.0,(5,[0,1,2,3,4],[32.0,26.0,0.0,1.0,3.0]))
test sample
(5,[0,1,2,3,4],[22.0,43.0,0.0,0.0,2.0])
(5,[0,1,2,3,4],[9.0,34.0,2.0,2.0,0.0])
(5,[0,1,2,3,4],[7.0,37.0,1.0,0.0,1.0])
(5,[0,1,2,3,4],[50.0,20.0,1.0,0.0,1.0])
(5,[0,1,2,3,4],[39.0,10.0,2.0,2.0,0.0])
(5,[0,1,2,3,4],[44.0,10.0,1.0,1.0,3.0])
(5,[0,1,2,3,4],[41.0,36.0,1.0,0.0,1.0])
(5,[0,1,2,3,4],[0.0,0.0,0.0,0.0,2.0])
(5,[0,1,2,3,4],[4.0,0.0,0.0,0.0,3.0])
(5,[0,1,2,3,4],[27.0,16.0,1.0,1.0,1.0])
validate: real rating => predicted rating
real 23,000 => predicted 28,273 delta 5,273
real 10,000 => predicted 29,313 delta 19,313
real 46,000 => predicted 21,850 delta 24,150
real 11,000 => predicted 26,315 delta 15,315
real 20,000 => predicted 29,033 delta 9,033
real 1,000 => predicted 28,994 delta 27,994
real 43,000 => predicted 26,589 delta 16,411
real 55,000 => predicted 16,999 delta 38,001
real 45,000 => predicted 23,797 delta 21,203
real 45,000 => predicted 24,199 delta 20,801
real 51,000 => predicted 27,653 delta 23,347
real 8,000 => predicted 27,461 delta 19,461
real 16,000 => predicted 28,204 delta 12,204
real 10,000 => predicted 24,148 delta 14,148
real 5,000 => predicted 29,922 delta 24,922
real 36,000 => predicted 29,791 delta 6,209
real 55,000 => predicted 28,011 delta 26,989
real 14,000 => predicted 16,463 delta 2,463
real 8,000 => predicted 29,201 delta 21,201
real 3,000 => predicted 26,248 delta 23,248
real 46,000 => predicted 30,996 delta 15,004
real 5,000 => predicted 28,948 delta 23,948
real 44,000 => predicted 18,282 delta 25,718
real 4,000 => predicted 19,449 delta 15,449
real 55,000 => predicted 24,995 delta 30,005
real 43,000 => predicted 27,858 delta 15,142
real 14,000 => predicted 21,923 delta 7,923
real 46,000 => predicted 28,830 delta 17,170
real 21,000 => predicted 28,912 delta 7,912
real 44,000 => predicted 24,866 delta 19,134
real 1,000 => predicted 18,372 delta 17,372
real 39,000 => predicted 26,287 delta 12,713
real 16,000 => predicted 27,874 delta 11,874
real 48,000 => predicted 30,928 delta 17,072
real 11,000 => predicted 29,477 delta 18,477
real 19,000 => predicted 23,989 delta 4,989
real 16,000 => predicted 27,591 delta 11,591
real 6,000 => predicted 21,969 delta 15,969
real 10,000 => predicted 29,801 delta 19,801
real 28,000 => predicted 24,312 delta 3,688
real 5,000 => predicted 28,891 delta 23,891
real 31,000 => predicted 29,053 delta 1,947
real 43,000 => predicted 14,514 delta 28,486
real 28,000 => predicted 24,584 delta 3,416
real 26,000 => predicted 25,073 delta 0,927
real 39,000 => predicted 28,954 delta 10,046
real 16,000 => predicted 31,457 delta 15,457
real 4,000 => predicted 29,072 delta 25,072
real 21,000 => predicted 23,754 delta 2,754
real 4,000 => predicted 28,928 delta 24,928
real 21,000 => predicted 28,526 delta 7,526
real 41,000 => predicted 22,736 delta 18,264
real 51,000 => predicted 29,112 delta 21,888
real 25,000 => predicted 28,880 delta 3,880
real 10,000 => predicted 30,387 delta 20,387
real 36,000 => predicted 26,997 delta 9,003
real 46,000 => predicted 29,497 delta 16,503
real 38,000 => predicted 27,104 delta 10,896
real 30,000 => predicted 28,863 delta 1,137
real 51,000 => predicted 29,444 delta 21,556
real 38,000 => predicted 29,862 delta 8,138
real 24,000 => predicted 26,380 delta 2,380
real 32,000 => predicted 24,415 delta 7,585
real 8,000 => predicted 27,043 delta 19,043
real 51,000 => predicted 27,308 delta 23,692
real 38,000 => predicted 26,901 delta 11,099
real 24,000 => predicted 23,218 delta 0,782
real 55,000 => predicted 32,864 delta 22,136
real 31,000 => predicted 28,806 delta 2,194
real 28,000 => predicted 25,369 delta 2,631
real 26,000 => predicted 33,953 delta 7,953
real 6,000 => predicted 29,904 delta 23,904
real 25,000 => predicted 26,844 delta 1,844
real 15,000 => predicted 27,122 delta 12,122
real 15,000 => predicted 24,542 delta 9,542
real 41,000 => predicted 21,911 delta 19,089
real 46,000 => predicted 24,582 delta 21,418
real 5,000 => predicted 25,459 delta 20,459
real 6,000 => predicted 30,921 delta 24,921
real 5,000 => predicted 28,938 delta 23,938
real 26,000 => predicted 36,405 delta 10,405
real 40,000 => predicted 27,039 delta 12,961
real 6,000 => predicted 28,973 delta 22,973
real 25,000 => predicted 26,974 delta 1,974
real 15,000 => predicted 28,835 delta 13,835
real 4,000 => predicted 26,193 delta 22,193
real 30,000 => predicted 32,912 delta 2,912
real 8,000 => predicted 26,047 delta 18,047
real 42,000 => predicted 33,332 delta 8,668
real 44,000 => predicted 23,423 delta 20,577
real 38,000 => predicted 26,007 delta 11,993
real 20,000 => predicted 23,860 delta 3,860
real 6,000 => predicted 29,225 delta 23,225
real 33,000 => predicted 28,026 delta 4,974
real 45,000 => predicted 26,687 delta 18,313
real 34,000 => predicted 27,553 delta 6,447
real 5,000 => predicted 25,873 delta 20,873
real 44,000 => predicted 27,787 delta 16,213
real 54,000 => predicted 29,633 delta 24,367
real 36,000 => predicted 29,383 delta 6,617
real 1,000 => predicted 28,896 delta 27,896
real 19,000 => predicted 28,692 delta 9,692
real 44,000 => predicted 31,812 delta 12,188
real 50,000 => predicted 19,884 delta 30,116
real 19,000 => predicted 25,344 delta 6,344
real 6,000 => predicted 29,537 delta 23,537
real 41,000 => predicted 29,176 delta 11,824
real 5,000 => predicted 26,489 delta 21,489
real 7,000 => predicted 20,100 delta 13,100
real 26,000 => predicted 27,885 delta 1,885
real 38,000 => predicted 27,265 delta 10,735
real 40,000 => predicted 23,925 delta 16,075
real 18,000 => predicted 21,522 delta 3,522
real 21,000 => predicted 31,740 delta 10,740
real 35,000 => predicted 20,717 delta 14,283
real 35,000 => predicted 29,938 delta 5,062
real 51,000 => predicted 29,499 delta 21,501
real 8,000 => predicted 27,187 delta 19,187
real 28,000 => predicted 28,711 delta 0,711
real 30,000 => predicted 26,888 delta 3,112
real 18,000 => predicted 27,213 delta 9,213
real 50,000 => predicted 26,213 delta 23,787
real 19,000 => predicted 30,110 delta 11,110
real 14,000 => predicted 26,650 delta 12,650
real 53,000 => predicted 19,352 delta 33,648
real 36,000 => predicted 26,815 delta 9,185
real 43,000 => predicted 28,982 delta 14,018
real 49,000 => predicted 28,811 delta 20,189
real 6,000 => predicted 30,083 delta 24,083
real 49,000 => predicted 25,766 delta 23,234
real 44,000 => predicted 19,718 delta 24,282
real 36,000 => predicted 22,547 delta 13,453
real 1,000 => predicted 26,728 delta 25,728
real 4,000 => predicted 25,919 delta 21,919
real 39,000 => predicted 25,812 delta 13,188
real 20,000 => predicted 29,994 delta 9,994
real 21,000 => predicted 24,932 delta 3,932
real 4,000 => predicted 26,346 delta 22,346
real 10,000 => predicted 28,934 delta 18,934
real 25,000 => predicted 25,905 delta 0,905
real 2,000 => predicted 17,973 delta 15,973
real 31,000 => predicted 25,680 delta 5,320
real 35,000 => predicted 25,267 delta 9,733
real 16,000 => predicted 26,005 delta 10,005
real 3,000 => predicted 27,768 delta 24,768
real 49,000 => predicted 29,744 delta 19,256
real 29,000 => predicted 30,818 delta 1,818
real 47,000 => predicted 23,813 delta 23,187
real 13,000 => predicted 28,449 delta 15,449
real 21,000 => predicted 28,717 delta 7,717
real 45,000 => predicted 28,814 delta 16,186
real 41,000 => predicted 24,283 delta 16,717
real 39,000 => predicted 27,942 delta 11,058
real 55,000 => predicted 28,617 delta 26,383
real 13,000 => predicted 15,702 delta 2,702
real 37,000 => predicted 27,061 delta 9,939
real 18,000 => predicted 28,941 delta 10,941
real 15,000 => predicted 28,399 delta 13,399
real 19,000 => predicted 29,462 delta 10,462
real 20,000 => predicted 28,997 delta 8,997
real 14,000 => predicted 24,140 delta 10,140
real 10,000 => predicted 20,999 delta 10,999
real 49,000 => predicted 22,832 delta 26,168
real 54,000 => predicted 29,158 delta 24,842
real 41,000 => predicted 29,493 delta 11,507
real 19,000 => predicted 31,044 delta 12,044
real 55,000 => predicted 28,196 delta 26,804
real 14,000 => predicted 18,503 delta 4,503
real 24,000 => predicted 23,334 delta 0,666
real 10,000 => predicted 27,141 delta 17,141
real 24,000 => predicted 22,607 delta 1,393
real 16,000 => predicted 26,476 delta 10,476
real 43,000 => predicted 21,356 delta 21,644
real 21,000 => predicted 24,319 delta 3,319
real 28,000 => predicted 25,263 delta 2,737
real 55,000 => predicted 28,751 delta 26,249
real 4,000 => predicted 24,761 delta 20,761
real 20,000 => predicted 30,755 delta 10,755
real 5,000 => predicted 29,119 delta 24,119
real 10,000 => predicted 27,365 delta 17,365
real 20,000 => predicted 29,037 delta 9,037
real 56,000 => predicted 21,487 delta 34,513
real 4,000 => predicted 27,123 delta 23,123
real 33,000 => predicted 24,489 delta 8,511
real 25,000 => predicted 19,305 delta 5,695
real 29,000 => predicted 29,669 delta 0,669
real 3,000 => predicted 30,098 delta 27,098
real 21,000 => predicted 30,702 delta 9,702
real 12,000 => predicted 19,773 delta 7,773
real 4,000 => predicted 27,118 delta 23,118
real 30,000 => predicted 29,010 delta 0,990
real 49,000 => predicted 32,408 delta 16,592
real 27,000 => predicted 29,066 delta 2,066
real 34,000 => predicted 24,485 delta 9,515
real 8,000 => predicted 25,083 delta 17,083
real 6,000 => predicted 32,492 delta 26,492
real 31,000 => predicted 28,297 delta 2,703
real 41,000 => predicted 24,378 delta 16,622
real 24,000 => predicted 29,504 delta 5,504
real 36,000 => predicted 27,273 delta 8,727
real 43,000 => predicted 27,147 delta 15,853
real 31,000 => predicted 35,394 delta 4,394
real 44,000 => predicted 26,745 delta 17,255
real 34,000 => predicted 18,165 delta 15,835
real 44,000 => predicted 25,964 delta 18,036
real 6,000 => predicted 18,825 delta 12,825
real 5,000 => predicted 23,937 delta 18,937
real 30,000 => predicted 29,264 delta 0,736
real 35,000 => predicted 31,142 delta 3,858
real 23,000 => predicted 26,878 delta 3,878
real 54,000 => predicted 20,841 delta 33,159
real 4,000 => predicted 27,484 delta 23,484
real 4,000 => predicted 29,485 delta 25,485
real 28,000 => predicted 20,602 delta 7,398
real 29,000 => predicted 30,676 delta 1,676
real 24,000 => predicted 28,146 delta 4,146
real 28,000 => predicted 23,813 delta 4,187
real 44,000 => predicted 18,505 delta 25,495
real 49,000 => predicted 16,663 delta 32,337
real 26,000 => predicted 24,999 delta 1,001
real 4,000 => predicted 29,410 delta 25,410
real 23,000 => predicted 31,372 delta 8,372
real 48,000 => predicted 24,368 delta 23,632
real 3,000 => predicted 28,126 delta 25,126
real 45,000 => predicted 25,342 delta 19,658
real 40,000 => predicted 21,656 delta 18,344
real 45,000 => predicted 27,199 delta 17,801
real 15,000 => predicted 26,059 delta 11,059
real 26,000 => predicted 28,265 delta 2,265
real 9,000 => predicted 27,567 delta 18,567
real 41,000 => predicted 31,228 delta 9,772
real 3,000 => predicted 26,135 delta 23,135
real 16,000 => predicted 22,385 delta 6,385
real 44,000 => predicted 26,942 delta 17,058
real 3,000 => predicted 26,509 delta 23,509
real 51,000 => predicted 28,834 delta 22,166
real 40,000 => predicted 29,493 delta 10,507
real 20,000 => predicted 29,283 delta 9,283
real 6,000 => predicted 28,861 delta 22,861
real 51,000 => predicted 27,688 delta 23,312
real 42,000 => predicted 28,655 delta 13,345
real 5,000 => predicted 26,797 delta 21,797
real 4,000 => predicted 29,329 delta 25,329
real 11,000 => predicted 27,867 delta 16,867
real 44,000 => predicted 20,760 delta 23,240
real 19,000 => predicted 17,162 delta 1,838
real 56,000 => predicted 27,001 delta 28,999
real 16,000 => predicted 25,620 delta 9,620
real 45,000 => predicted 29,416 delta 15,584
real 50,000 => predicted 21,929 delta 28,071
real 54,000 => predicted 29,668 delta 24,332
real 20,000 => predicted 29,793 delta 9,793
real 32,000 => predicted 31,747 delta 0,253
real 24,000 => predicted 24,540 delta 0,540
real 35,000 => predicted 28,765 delta 6,235
real 49,000 => predicted 26,045 delta 22,955
real 40,000 => predicted 26,185 delta 13,815
real 29,000 => predicted 24,459 delta 4,541
real 30,000 => predicted 28,506 delta 1,494
real 55,000 => predicted 24,018 delta 30,982
real 25,000 => predicted 28,198 delta 3,198
real 54,000 => predicted 35,344 delta 18,656
real 11,000 => predicted 25,536 delta 14,536
real 8,000 => predicted 28,473 delta 20,473
real 48,000 => predicted 28,483 delta 19,517
real 30,000 => predicted 28,985 delta 1,015
real 54,000 => predicted 29,044 delta 24,956
real 43,000 => predicted 30,842 delta 12,158
real 31,000 => predicted 28,703 delta 2,297
real 55,000 => predicted 25,152 delta 29,848
real 50,000 => predicted 21,059 delta 28,941
real 40,000 => predicted 23,459 delta 16,541
real 11,000 => predicted 26,240 delta 15,240
real 44,000 => predicted 11,367 delta 32,633
real 25,000 => predicted 21,666 delta 3,334
real 3,000 => predicted 32,860 delta 29,860
real 26,000 => predicted 31,047 delta 5,047
real 21,000 => predicted 17,560 delta 3,440
real 35,000 => predicted 29,687 delta 5,313
real 39,000 => predicted 26,832 delta 12,168
real 4,000 => predicted 23,131 delta 19,131
real 34,000 => predicted 27,032 delta 6,968
real 22,000 => predicted 30,206 delta 8,206
real 5,000 => predicted 20,853 delta 15,853
real 30,000 => predicted 30,458 delta 0,458
real 6,000 => predicted 29,594 delta 23,594
real 16,000 => predicted 28,914 delta 12,914
real 3,000 => predicted 29,060 delta 26,060
real 18,000 => predicted 32,438 delta 14,438
real 31,000 => predicted 29,092 delta 1,908
real 3,000 => predicted 25,874 delta 22,874
real 9,000 => predicted 17,393 delta 8,393
real 36,000 => predicted 26,443 delta 9,557
real 45,000 => predicted 28,866 delta 16,134
real 6,000 => predicted 29,401 delta 23,401
real 54,000 => predicted 27,336 delta 26,664
real 3,000 => predicted 21,629 delta 18,629
real 36,000 => predicted 28,753 delta 7,247
real 15,000 => predicted 29,388 delta 14,388
real 20,000 => predicted 29,474 delta 9,474
real 10,000 => predicted 28,371 delta 18,371
real 10,000 => predicted 32,493 delta 22,493
real 31,000 => predicted 25,984 delta 5,016
real 6,000 => predicted 17,970 delta 11,970
real 55,000 => predicted 28,766 delta 26,234
real 25,000 => predicted 29,103 delta 4,103
real 6,000 => predicted 28,563 delta 22,563
real 51,000 => predicted 31,372 delta 19,628
real 21,000 => predicted 17,160 delta 3,840
real 28,000 => predicted 31,142 delta 3,142
real 55,000 => predicted 28,614 delta 26,386
real 5,000 => predicted 28,957 delta 23,957
real 26,000 => predicted 27,373 delta 1,373
real 44,000 => predicted 25,114 delta 18,886
real 28,000 => predicted 29,203 delta 1,203
real 50,000 => predicted 29,882 delta 20,118
real 10,000 => predicted 28,237 delta 18,237
real 21,000 => predicted 22,679 delta 1,679
real 40,000 => predicted 27,516 delta 12,484
real 28,000 => predicted 28,954 delta 0,954
real 6,000 => predicted 26,560 delta 20,560
real 14,000 => predicted 30,051 delta 16,051
real 31,000 => predicted 15,498 delta 15,502
real 30,000 => predicted 31,783 delta 1,783
real 46,000 => predicted 24,916 delta 21,084
real 50,000 => predicted 28,124 delta 21,876
real 41,000 => predicted 29,869 delta 11,131
real 11,000 => predicted 28,708 delta 17,708
real 31,000 => predicted 26,365 delta 4,635
real 5,000 => predicted 27,100 delta 22,100
real 20,000 => predicted 28,766 delta 8,766
real 48,000 => predicted 26,499 delta 21,501
real 14,000 => predicted 28,269 delta 14,269
real 10,000 => predicted 25,689 delta 15,689
real 11,000 => predicted 27,050 delta 16,050
real 10,000 => predicted 29,101 delta 19,101
real 35,000 => predicted 29,760 delta 5,240
real 3,000 => predicted 27,248 delta 24,248
real 36,000 => predicted 29,060 delta 6,940
real 5,000 => predicted 29,246 delta 24,246
real 4,000 => predicted 30,533 delta 26,533
real 5,000 => predicted 25,597 delta 20,597
real 44,000 => predicted 30,269 delta 13,731
real 4,000 => predicted 26,544 delta 22,544
real 15,000 => predicted 28,498 delta 13,498
real 20,000 => predicted 29,777 delta 9,777
real 44,000 => predicted 32,135 delta 11,865
real 28,000 => predicted 30,361 delta 2,361
real 4,000 => predicted 32,225 delta 28,225
real 41,000 => predicted 28,042 delta 12,958
real 24,000 => predicted 26,106 delta 2,106
real 5,000 => predicted 28,210 delta 23,210
real 42,000 => predicted 28,016 delta 13,984
real 4,000 => predicted 28,778 delta 24,778
real 2,000 => predicted 25,752 delta 23,752
real 33,000 => predicted 28,546 delta 4,454
real 35,000 => predicted 28,615 delta 6,385
real 16,000 => predicted 16,628 delta 0,628
real 24,000 => predicted 27,127 delta 3,127
real 44,000 => predicted 20,517 delta 23,483
real 16,000 => predicted 26,985 delta 10,985
real 33,000 => predicted 20,481 delta 12,519
real 33,000 => predicted 21,524 delta 11,476
real 20,000 => predicted 23,770 delta 3,770
real 21,000 => predicted 19,329 delta 1,671
real 54,000 => predicted 26,253 delta 27,747
real 50,000 => predicted 29,207 delta 20,793
real 5,000 => predicted 28,875 delta 23,875
real 10,000 => predicted 30,790 delta 20,790
real 4,000 => predicted 29,102 delta 25,102
real 24,000 => predicted 25,618 delta 1,618
real 34,000 => predicted 27,590 delta 6,410
real 26,000 => predicted 29,405 delta 3,405
real 14,000 => predicted 28,941 delta 14,941
real 18,000 => predicted 26,233 delta 8,233
real 55,000 => predicted 28,660 delta 26,340
real 5,000 => predicted 28,782 delta 23,782
real 40,000 => predicted 29,977 delta 10,023
real 41,000 => predicted 20,752 delta 20,248
real 52,000 => predicted 25,020 delta 26,980
real 26,000 => predicted 30,350 delta 4,350
real 8,000 => predicted 28,294 delta 20,294
real 49,000 => predicted 26,558 delta 22,442
real 41,000 => predicted 29,952 delta 11,048
real 36,000 => predicted 30,049 delta 5,951
real 6,000 => predicted 23,503 delta 17,503
real 43,000 => predicted 29,342 delta 13,658
real 54,000 => predicted 26,942 delta 27,058
real 4,000 => predicted 26,263 delta 22,263
real 10,000 => predicted 28,869 delta 18,869
real 9,000 => predicted 30,207 delta 21,207
real 26,000 => predicted 29,149 delta 3,149
real 48,000 => predicted 26,593 delta 21,407
real 11,000 => predicted 28,843 delta 17,843
real 19,000 => predicted 27,801 delta 8,801
real 14,000 => predicted 26,843 delta 12,843
real 48,000 => predicted 26,196 delta 21,804
real 13,000 => predicted 24,662 delta 11,662
real 3,000 => predicted 27,001 delta 24,001
real 26,000 => predicted 12,892 delta 13,108
real 43,000 => predicted 24,194 delta 18,806
real 20,000 => predicted 21,766 delta 1,766
real 13,000 => predicted 35,506 delta 22,506
real 23,000 => predicted 24,101 delta 1,101
real 40,000 => predicted 23,899 delta 16,101
real 31,000 => predicted 30,836 delta 0,164
real 5,000 => predicted 27,597 delta 22,597
real 30,000 => predicted 27,592 delta 2,408
real 13,000 => predicted 28,954 delta 15,954
real 15,000 => predicted 29,856 delta 14,856
real 41,000 => predicted 29,452 delta 11,548
real 9,000 => predicted 23,817 delta 14,817
real 5,000 => predicted 27,557 delta 22,557
real 56,000 => predicted 29,775 delta 26,225
real 55,000 => predicted 27,782 delta 27,218
real 47,000 => predicted 28,643 delta 18,357
real 14,000 => predicted 29,161 delta 15,161
real 21,000 => predicted 28,771 delta 7,771
real 22,000 => predicted 29,340 delta 7,340
real 29,000 => predicted 27,143 delta 1,857
real 6,000 => predicted 31,741 delta 25,741
real 40,000 => predicted 32,768 delta 7,232
real 28,000 => predicted 33,247 delta 5,247
real 12,000 => predicted 29,274 delta 17,274
real 56,000 => predicted 22,274 delta 33,726
real 15,000 => predicted 26,331 delta 11,331
real 34,000 => predicted 29,220 delta 4,780
real 14,000 => predicted 30,473 delta 16,473
real 15,000 => predicted 28,541 delta 13,541
real 6,000 => predicted 29,407 delta 23,407
real 31,000 => predicted 28,509 delta 2,491
real 18,000 => predicted 23,496 delta 5,496
real 38,000 => predicted 29,032 delta 8,968
real 29,000 => predicted 28,980 delta 0,020
real 8,000 => predicted 30,219 delta 22,219
real 54,000 => predicted 27,251 delta 26,749
real 34,000 => predicted 20,633 delta 13,367
real 50,000 => predicted 29,363 delta 20,637
real 43,000 => predicted 27,863 delta 15,137
real 31,000 => predicted 30,234 delta 0,766
real 21,000 => predicted 28,892 delta 7,892
real 33,000 => predicted 26,181 delta 6,819
real 34,000 => predicted 19,066 delta 14,934
real 18,000 => predicted 27,275 delta 9,275
real 3,000 => predicted 28,858 delta 25,858
real 21,000 => predicted 28,904 delta 7,904
real 20,000 => predicted 26,778 delta 6,778
real 56,000 => predicted 30,352 delta 25,648
real 13,000 => predicted 25,275 delta 12,275
real 40,000 => predicted 29,674 delta 10,326
real 46,000 => predicted 31,144 delta 14,856
real 51,000 => predicted 17,808 delta 33,192
real 6,000 => predicted 26,308 delta 20,308
real 20,000 => predicted 31,514 delta 11,514
real 34,000 => predicted 20,147 delta 13,853
real 8,000 => predicted 28,786 delta 20,786
real 45,000 => predicted 26,666 delta 18,334
real 39,000 => predicted 31,187 delta 7,813
real 6,000 => predicted 26,368 delta 20,368
real 25,000 => predicted 28,983 delta 3,983
real 5,000 => predicted 29,580 delta 24,580
real 55,000 => predicted 29,993 delta 25,007
real 3,000 => predicted 28,910 delta 25,910
real 9,000 => predicted 25,440 delta 16,440
real 53,000 => predicted 27,770 delta 25,230
real 41,000 => predicted 25,837 delta 15,163
real 51,000 => predicted 18,180 delta 32,820
real 31,000 => predicted 20,440 delta 10,560
real 22,000 => predicted 28,137 delta 6,137
real 19,000 => predicted 33,791 delta 14,791
real 9,000 => predicted 29,282 delta 20,282
real 6,000 => predicted 29,147 delta 23,147
real 41,000 => predicted 23,905 delta 17,095
real 11,000 => predicted 31,989 delta 20,989
real 30,000 => predicted 27,863 delta 2,137
real 36,000 => predicted 27,214 delta 8,786
real 16,000 => predicted 36,712 delta 20,712
real 31,000 => predicted 29,126 delta 1,874
real 34,000 => predicted 31,146 delta 2,854
real 26,000 => predicted 19,067 delta 6,933
real 25,000 => predicted 25,933 delta 0,933
real 9,000 => predicted 23,782 delta 14,782
real 9,000 => predicted 19,565 delta 10,565
real 38,000 => predicted 30,094 delta 7,906
real 39,000 => predicted 27,435 delta 11,565
real 23,000 => predicted 27,648 delta 4,648
real 8,000 => predicted 27,427 delta 19,427
real 9,000 => predicted 17,194 delta 8,194
real 35,000 => predicted 28,323 delta 6,677
real 40,000 => predicted 27,054 delta 12,946
real 25,000 => predicted 28,531 delta 3,531
real 31,000 => predicted 27,184 delta 3,816
real 49,000 => predicted 30,471 delta 18,529
real 51,000 => predicted 30,053 delta 20,947
real 37,000 => predicted 26,376 delta 10,624
real 26,000 => predicted 31,924 delta 5,924
real 41,000 => predicted 25,540 delta 15,460
real 46,000 => predicted 28,999 delta 17,001
real 45,000 => predicted 26,343 delta 18,657
real 26,000 => predicted 23,409 delta 2,591
real 5,000 => predicted 26,928 delta 21,928
real 4,000 => predicted 26,084 delta 22,084
real 34,000 => predicted 29,685 delta 4,315
real 11,000 => predicted 28,749 delta 17,749
real 25,000 => predicted 28,971 delta 3,971
real 21,000 => predicted 25,191 delta 4,191
real 41,000 => predicted 29,661 delta 11,339
real 47,000 => predicted 29,241 delta 17,759
real 8,000 => predicted 29,032 delta 21,032
real 11,000 => predicted 25,573 delta 14,573
real 54,000 => predicted 24,973 delta 29,027
real 6,000 => predicted 26,592 delta 20,592
real 26,000 => predicted 14,858 delta 11,142
real 44,000 => predicted 28,846 delta 15,154
real 44,000 => predicted 29,830 delta 14,170
real 18,000 => predicted 26,155 delta 8,155
real 12,000 => predicted 34,253 delta 22,253
real 30,000 => predicted 26,441 delta 3,559
real 2,000 => predicted 26,715 delta 24,715
real 6,000 => predicted 25,407 delta 19,407
real 6,000 => predicted 26,988 delta 20,988
real 6,000 => predicted 29,746 delta 23,746
real 11,000 => predicted 27,330 delta 16,330
real 53,000 => predicted 33,532 delta 19,468
real 20,000 => predicted 28,609 delta 8,609
real 30,000 => predicted 27,909 delta 2,091
real 2,000 => predicted 26,867 delta 24,867
real 51,000 => predicted 24,243 delta 26,757
real 16,000 => predicted 24,988 delta 8,988
real 11,000 => predicted 29,106 delta 18,106
real 24,000 => predicted 30,420 delta 6,420
real 14,000 => predicted 37,352 delta 23,352
real 55,000 => predicted 28,753 delta 26,247
real 56,000 => predicted 29,803 delta 26,197
real 16,000 => predicted 27,209 delta 11,209
real 20,000 => predicted 24,614 delta 4,614
real 34,000 => predicted 23,231 delta 10,769
real 30,000 => predicted 28,832 delta 1,168
real 6,000 => predicted 33,858 delta 27,858
real 5,000 => predicted 29,069 delta 24,069
real 16,000 => predicted 29,996 delta 13,996
real 21,000 => predicted 22,787 delta 1,787
real 28,000 => predicted 29,588 delta 1,588
real 4,000 => predicted 25,483 delta 21,483
real 50,000 => predicted 30,418 delta 19,582
real 43,000 => predicted 30,245 delta 12,755
real 3,000 => predicted 23,349 delta 20,349
real 9,000 => predicted 26,322 delta 17,322
real 26,000 => predicted 29,809 delta 3,809
real 50,000 => predicted 15,362 delta 34,638
real 30,000 => predicted 31,955 delta 1,955
real 31,000 => predicted 22,516 delta 8,484
real 41,000 => predicted 24,800 delta 16,200
real 35,000 => predicted 26,489 delta 8,511
real 6,000 => predicted 27,024 delta 21,024
real 3,000 => predicted 24,516 delta 21,516
real 55,000 => predicted 18,326 delta 36,674
real 27,000 => predicted 25,805 delta 1,195
real 5,000 => predicted 27,719 delta 22,719
real 5,000 => predicted 26,513 delta 21,513
real 29,000 => predicted 30,049 delta 1,049
real 40,000 => predicted 28,195 delta 11,805
real 33,000 => predicted 24,481 delta 8,519
real 5,000 => predicted 20,655 delta 15,655
real 25,000 => predicted 28,988 delta 3,988
real 34,000 => predicted 15,826 delta 18,174
real 20,000 => predicted 22,057 delta 2,057
real 5,000 => predicted 18,784 delta 13,784
real 11,000 => predicted 28,545 delta 17,545
real 10,000 => predicted 28,191 delta 18,191
real 5,000 => predicted 30,191 delta 25,191
real 54,000 => predicted 29,624 delta 24,376
real 5,000 => predicted 26,739 delta 21,739
real 26,000 => predicted 27,368 delta 1,368
real 3,000 => predicted 26,169 delta 23,169
real 28,000 => predicted 29,635 delta 1,635
real 48,000 => predicted 28,500 delta 19,500
real 32,000 => predicted 24,245 delta 7,755
real 25,000 => predicted 26,863 delta 1,863
real 5,000 => predicted 19,507 delta 14,507
real 20,000 => predicted 26,670 delta 6,670
real 46,000 => predicted 26,722 delta 19,278
real 41,000 => predicted 31,485 delta 9,515
real 6,000 => predicted 29,665 delta 23,665
real 41,000 => predicted 28,757 delta 12,243
real 15,000 => predicted 29,464 delta 14,464
real 14,000 => predicted 24,639 delta 10,639
real 33,000 => predicted 26,910 delta 6,090
real 4,000 => predicted 24,987 delta 20,987
real 26,000 => predicted 29,195 delta 3,195
real 6,000 => predicted 25,666 delta 19,666
real 19,000 => predicted 27,200 delta 8,200
real 26,000 => predicted 15,882 delta 10,118
real 46,000 => predicted 26,890 delta 19,110
real 20,000 => predicted 28,438 delta 8,438
real 25,000 => predicted 35,424 delta 10,424
real 24,000 => predicted 28,933 delta 4,933
real 5,000 => predicted 18,784 delta 13,784
real 4,000 => predicted 25,650 delta 21,650
real 27,000 => predicted 32,934 delta 5,934
real 26,000 => predicted 32,674 delta 6,674
real 39,000 => predicted 30,509 delta 8,491
real 31,000 => predicted 29,258 delta 1,742
real 43,000 => predicted 28,855 delta 14,145
real 40,000 => predicted 26,269 delta 13,731
real 4,000 => predicted 25,054 delta 21,054
real 48,000 => predicted 21,954 delta 26,046
real 33,000 => predicted 27,301 delta 5,699
real 4,000 => predicted 29,238 delta 25,238
real 41,000 => predicted 29,371 delta 11,629
real 33,000 => predicted 29,143 delta 3,857
real 4,000 => predicted 27,164 delta 23,164
real 30,000 => predicted 29,317 delta 0,683
real 25,000 => predicted 26,847 delta 1,847
real 14,000 => predicted 29,769 delta 15,769
real 26,000 => predicted 30,425 delta 4,425
real 51,000 => predicted 32,753 delta 18,247
real 54,000 => predicted 25,691 delta 28,309
real 26,000 => predicted 27,069 delta 1,069
real 9,000 => predicted 25,520 delta 16,520
real 2,000 => predicted 25,751 delta 23,751
real 20,000 => predicted 28,588 delta 8,588
real 35,000 => predicted 19,289 delta 15,711
real 53,000 => predicted 29,395 delta 23,605
real 23,000 => predicted 29,362 delta 6,362
real 50,000 => predicted 31,080 delta 18,920
real 22,000 => predicted 20,963 delta 1,037
real 20,000 => predicted 28,005 delta 8,005
real 29,000 => predicted 28,983 delta 0,017
real 9,000 => predicted 27,523 delta 18,523
real 15,000 => predicted 27,487 delta 12,487
real 30,000 => predicted 28,028 delta 1,972
real 18,000 => predicted 28,931 delta 10,931
real 11,000 => predicted 25,924 delta 14,924
real 3,000 => predicted 28,645 delta 25,645
real 7,000 => predicted 28,248 delta 21,248
real 9,000 => predicted 28,738 delta 19,738
real 51,000 => predicted 29,093 delta 21,907
real 4,000 => predicted 23,668 delta 19,668
real 39,000 => predicted 30,579 delta 8,421
real 10,000 => predicted 28,720 delta 18,720
real 14,000 => predicted 25,921 delta 11,921
real 20,000 => predicted 28,767 delta 8,767
real 18,000 => predicted 23,003 delta 5,003
real 25,000 => predicted 28,823 delta 3,823
real 21,000 => predicted 28,934 delta 7,934
real 44,000 => predicted 17,252 delta 26,748
real 20,000 => predicted 22,229 delta 2,229
real 33,000 => predicted 25,849 delta 7,151
real 50,000 => predicted 28,690 delta 21,310
real 6,000 => predicted 30,425 delta 24,425
real 13,000 => predicted 29,102 delta 16,102
real 25,000 => predicted 27,150 delta 2,150
real 34,000 => predicted 29,408 delta 4,592
real 39,000 => predicted 21,816 delta 17,184
real 47,000 => predicted 26,965 delta 20,035
real 3,000 => predicted 28,850 delta 25,850
real 48,000 => predicted 29,305 delta 18,695
real 46,000 => predicted 26,644 delta 19,356
real 43,000 => predicted 30,149 delta 12,851
real 1,000 => predicted 29,012 delta 28,012
real 47,000 => predicted 33,654 delta 13,346
real 25,000 => predicted 27,537 delta 2,537
real 13,000 => predicted 25,857 delta 12,857
real 4,000 => predicted 26,876 delta 22,876
real 17,000 => predicted 20,294 delta 3,294
real 44,000 => predicted 24,328 delta 19,672
real 10,000 => predicted 30,278 delta 20,278
real 4,000 => predicted 26,350 delta 22,350
real 43,000 => predicted 26,657 delta 16,343
real 54,000 => predicted 29,872 delta 24,128
real 5,000 => predicted 31,158 delta 26,158
real 15,000 => predicted 28,914 delta 13,914
real 6,000 => predicted 29,069 delta 23,069
real 22,000 => predicted 22,114 delta 0,114
real 16,000 => predicted 24,504 delta 8,504
real 41,000 => predicted 30,055 delta 10,945
real 41,000 => predicted 30,103 delta 10,897
real 38,000 => predicted 25,224 delta 12,776
real 20,000 => predicted 26,367 delta 6,367
real 11,000 => predicted 24,438 delta 13,438
real 24,000 => predicted 24,172 delta 0,172
real 15,000 => predicted 24,877 delta 9,877
real 6,000 => predicted 29,030 delta 23,030
real 25,000 => predicted 28,134 delta 3,134
real 22,000 => predicted 24,713 delta 2,713
real 11,000 => predicted 29,438 delta 18,438
real 13,000 => predicted 27,417 delta 14,417
real 55,000 => predicted 24,081 delta 30,919
real 34,000 => predicted 30,330 delta 3,670
real 13,000 => predicted 28,643 delta 15,643
real 33,000 => predicted 28,705 delta 4,295
real 13,000 => predicted 26,258 delta 13,258
real 13,000 => predicted 28,267 delta 15,267
real 53,000 => predicted 26,338 delta 26,662
real 34,000 => predicted 28,392 delta 5,608
real 5,000 => predicted 20,403 delta 15,403
real 6,000 => predicted 26,294 delta 20,294
real 28,000 => predicted 25,620 delta 2,380
real 6,000 => predicted 26,861 delta 20,861
real 34,000 => predicted 28,445 delta 5,555
real 4,000 => predicted 29,883 delta 25,883
real 4,000 => predicted 30,022 delta 26,022
real 40,000 => predicted 28,691 delta 11,309
real 14,000 => predicted 28,865 delta 14,865
real 3,000 => predicted 31,144 delta 28,144
real 9,000 => predicted 27,387 delta 18,387
real 51,000 => predicted 27,809 delta 23,191
real 40,000 => predicted 22,906 delta 17,094
real 16,000 => predicted 29,105 delta 13,105
real 4,000 => predicted 28,930 delta 24,930
real 32,000 => predicted 26,859 delta 5,141
real 10,000 => predicted 25,558 delta 15,558
real 9,000 => predicted 28,713 delta 19,713
real 1,000 => predicted 23,821 delta 22,821
real 55,000 => predicted 23,499 delta 31,501
real 50,000 => predicted 26,926 delta 23,074
real 41,000 => predicted 28,984 delta 12,016
real 14,000 => predicted 28,778 delta 14,778
real 23,000 => predicted 28,656 delta 5,656
real 6,000 => predicted 25,497 delta 19,497
real 9,000 => predicted 19,607 delta 10,607
real 31,000 => predicted 30,493 delta 0,507
real 15,000 => predicted 26,848 delta 11,848
real 21,000 => predicted 30,624 delta 9,624
real 15,000 => predicted 25,097 delta 10,097
real 48,000 => predicted 23,736 delta 24,264
real 10,000 => predicted 17,560 delta 7,560
real 39,000 => predicted 28,328 delta 10,672
real 8,000 => predicted 29,829 delta 21,829
real 16,000 => predicted 32,795 delta 16,795
real 41,000 => predicted 26,335 delta 14,665
real 3,000 => predicted 28,855 delta 25,855
real 39,000 => predicted 30,503 delta 8,497
real 29,000 => predicted 21,944 delta 7,056
real 51,000 => predicted 26,695 delta 24,305
real 20,000 => predicted 29,169 delta 9,169
real 44,000 => predicted 29,648 delta 14,352
real 48,000 => predicted 22,232 delta 25,768
real 40,000 => predicted 27,493 delta 12,507
real 36,000 => predicted 20,375 delta 15,625
real 29,000 => predicted 21,342 delta 7,658
real 41,000 => predicted 25,227 delta 15,773
real 24,000 => predicted 29,503 delta 5,503
real 23,000 => predicted 29,253 delta 6,253
real 39,000 => predicted 29,834 delta 9,166
real 30,000 => predicted 29,956 delta 0,044
real 10,000 => predicted 28,942 delta 18,942
real 15,000 => predicted 34,747 delta 19,747
real 26,000 => predicted 19,034 delta 6,966
real 41,000 => predicted 25,608 delta 15,392
real 7,000 => predicted 29,508 delta 22,508
real 31,000 => predicted 28,926 delta 2,074
real 4,000 => predicted 23,455 delta 19,455
real 2,000 => predicted 19,396 delta 17,396
real 55,000 => predicted 19,164 delta 35,836
real 30,000 => predicted 29,540 delta 0,460
real 33,000 => predicted 23,931 delta 9,069
real 56,000 => predicted 20,882 delta 35,118
real 45,000 => predicted 28,999 delta 16,001
real 42,000 => predicted 28,002 delta 13,998
real 48,000 => predicted 18,372 delta 29,628
real 46,000 => predicted 24,569 delta 21,431
real 41,000 => predicted 26,685 delta 14,315
real 41,000 => predicted 16,634 delta 24,366
real 5,000 => predicted 27,870 delta 22,870
real 5,000 => predicted 24,470 delta 19,470
real 36,000 => predicted 24,777 delta 11,223
real 5,000 => predicted 33,418 delta 28,418
real 9,000 => predicted 22,273 delta 13,273
real 54,000 => predicted 29,683 delta 24,317
real 4,000 => predicted 25,504 delta 21,504
real 41,000 => predicted 29,558 delta 11,442
real 39,000 => predicted 29,270 delta 9,730
real 41,000 => predicted 25,493 delta 15,507
real 29,000 => predicted 25,984 delta 3,016
real 46,000 => predicted 17,905 delta 28,095
real 31,000 => predicted 17,265 delta 13,735
real 12,000 => predicted 29,563 delta 17,563
real 53,000 => predicted 26,456 delta 26,544
real 30,000 => predicted 25,720 delta 4,280
real 25,000 => predicted 29,184 delta 4,184
real 9,000 => predicted 29,361 delta 20,361
real 3,000 => predicted 27,008 delta 24,008
real 54,000 => predicted 28,771 delta 25,229
real 15,000 => predicted 25,504 delta 10,504
real 43,000 => predicted 28,480 delta 14,520
real 6,000 => predicted 32,055 delta 26,055
real 3,000 => predicted 29,112 delta 26,112
real 4,000 => predicted 30,283 delta 26,283
real 11,000 => predicted 29,232 delta 18,232
real 5,000 => predicted 27,997 delta 22,997
real 2,000 => predicted 29,222 delta 27,222
real 30,000 => predicted 28,792 delta 1,208
real 5,000 => predicted 26,478 delta 21,478
real 6,000 => predicted 19,335 delta 13,335
real 5,000 => predicted 27,151 delta 22,151
real 15,000 => predicted 24,575 delta 9,575
real 20,000 => predicted 33,682 delta 13,682
real 39,000 => predicted 22,494 delta 16,506
real 11,000 => predicted 27,956 delta 16,956
real 16,000 => predicted 30,695 delta 14,695
real 17,000 => predicted 26,662 delta 9,662
real 54,000 => predicted 27,139 delta 26,861
real 15,000 => predicted 29,397 delta 14,397
real 1,000 => predicted 31,178 delta 30,178
real 40,000 => predicted 28,262 delta 11,738
real 20,000 => predicted 28,813 delta 8,813
real 5,000 => predicted 25,719 delta 20,719
real 38,000 => predicted 29,504 delta 8,496
real 4,000 => predicted 26,986 delta 22,986
real 10,000 => predicted 26,331 delta 16,331
real 34,000 => predicted 28,645 delta 5,355
real 26,000 => predicted 29,159 delta 3,159
real 35,000 => predicted 25,908 delta 9,092
real 9,000 => predicted 26,554 delta 17,554
real 19,000 => predicted 26,783 delta 7,783
real 2,000 => predicted 30,234 delta 28,234
real 36,000 => predicted 28,040 delta 7,960
real 25,000 => predicted 28,327 delta 3,327
real 4,000 => predicted 27,688 delta 23,688
real 16,000 => predicted 29,256 delta 13,256
real 43,000 => predicted 28,513 delta 14,487
real 6,000 => predicted 29,914 delta 23,914
real 51,000 => predicted 20,495 delta 30,505
real 56,000 => predicted 30,371 delta 25,629
real 6,000 => predicted 29,867 delta 23,867
real 51,000 => predicted 19,641 delta 31,359
real 10,000 => predicted 22,620 delta 12,620
real 36,000 => predicted 28,923 delta 7,077
real 10,000 => predicted 24,615 delta 14,615
real 46,000 => predicted 27,800 delta 18,200
real 36,000 => predicted 28,200 delta 7,800
real 31,000 => predicted 22,888 delta 8,112
real 55,000 => predicted 22,146 delta 32,854
real 19,000 => predicted 28,927 delta 9,927
real 4,000 => predicted 31,303 delta 27,303
real 27,000 => predicted 23,057 delta 3,943
real 19,000 => predicted 27,102 delta 8,102
real 8,000 => predicted 24,992 delta 16,992
real 34,000 => predicted 23,020 delta 10,980
real 35,000 => predicted 19,436 delta 15,564
real 28,000 => predicted 29,021 delta 1,021
real 34,000 => predicted 27,141 delta 6,859
real 24,000 => predicted 30,378 delta 6,378
real 53,000 => predicted 28,970 delta 24,030
real 46,000 => predicted 30,647 delta 15,353
real 6,000 => predicted 29,294 delta 23,294
real 43,000 => predicted 27,107 delta 15,893
real 51,000 => predicted 34,427 delta 16,573
real 49,000 => predicted 20,799 delta 28,201
real 31,000 => predicted 22,253 delta 8,747
real 39,000 => predicted 29,131 delta 9,869
real 50,000 => predicted 26,347 delta 23,653
real 11,000 => predicted 27,859 delta 16,859
real 34,000 => predicted 24,281 delta 9,719
real 11,000 => predicted 29,031 delta 18,031
real 25,000 => predicted 32,220 delta 7,220
real 6,000 => predicted 28,822 delta 22,822
real 5,000 => predicted 29,027 delta 24,027
real 22,000 => predicted 22,909 delta 0,909
real 45,000 => predicted 19,893 delta 25,107
real 12,000 => predicted 24,686 delta 12,686
real 37,000 => predicted 26,152 delta 10,848
real 14,000 => predicted 29,362 delta 15,362
real 11,000 => predicted 29,160 delta 18,160
real 3,000 => predicted 24,580 delta 21,580
real 29,000 => predicted 28,923 delta 0,077
real 19,000 => predicted 17,210 delta 1,790
real 29,000 => predicted 20,784 delta 8,216
real 31,000 => predicted 27,527 delta 3,473
real 16,000 => predicted 31,179 delta 15,179
real 39,000 => predicted 33,542 delta 5,458
real 6,000 => predicted 27,510 delta 21,510
real 4,000 => predicted 28,954 delta 24,954
real 8,000 => predicted 29,107 delta 21,107
real 16,000 => predicted 26,409 delta 10,409
real 50,000 => predicted 29,138 delta 20,862
real 41,000 => predicted 37,400 delta 3,600
real 15,000 => predicted 26,783 delta 11,783
real 39,000 => predicted 26,545 delta 12,455
real 55,000 => predicted 26,968 delta 28,032
real 26,000 => predicted 29,007 delta 3,007
real 16,000 => predicted 20,203 delta 4,203
real 53,000 => predicted 30,567 delta 22,433
real 56,000 => predicted 28,740 delta 27,260
real 51,000 => predicted 17,110 delta 33,890
real 49,000 => predicted 28,998 delta 20,002
real 19,000 => predicted 28,035 delta 9,035
real 21,000 => predicted 22,873 delta 1,873
real 15,000 => predicted 33,099 delta 18,099
real 52,000 => predicted 24,252 delta 27,748
real 3,000 => predicted 25,648 delta 22,648
real 42,000 => predicted 27,812 delta 14,188
real 46,000 => predicted 30,645 delta 15,355
real 50,000 => predicted 26,502 delta 23,498
real 50,000 => predicted 20,263 delta 29,737
real 55,000 => predicted 34,343 delta 20,657
real 39,000 => predicted 29,510 delta 9,490
real 54,000 => predicted 27,077 delta 26,923
real 34,000 => predicted 18,789 delta 15,211
real 50,000 => predicted 23,879 delta 26,121
real 36,000 => predicted 25,598 delta 10,402
real 45,000 => predicted 26,402 delta 18,598
real 8,000 => predicted 27,255 delta 19,255
real 5,000 => predicted 28,936 delta 23,936
real 39,000 => predicted 26,204 delta 12,796
real 39,000 => predicted 25,679 delta 13,321
real 19,000 => predicted 22,210 delta 3,210
real 24,000 => predicted 29,425 delta 5,425
real 39,000 => predicted 25,507 delta 13,493
real 50,000 => predicted 36,506 delta 13,494
real 41,000 => predicted 27,962 delta 13,038
real 46,000 => predicted 29,191 delta 16,809
real 55,000 => predicted 29,005 delta 25,995
real 26,000 => predicted 26,621 delta 0,621
real 18,000 => predicted 29,278 delta 11,278
real 36,000 => predicted 26,823 delta 9,177
real 45,000 => predicted 23,439 delta 21,561
real 34,000 => predicted 21,255 delta 12,745
real 8,000 => predicted 29,802 delta 21,802
real 49,000 => predicted 29,626 delta 19,374
real 21,000 => predicted 30,004 delta 9,004
real 39,000 => predicted 23,293 delta 15,707
real 21,000 => predicted 23,132 delta 2,132
real 2,000 => predicted 26,314 delta 24,314
real 10,000 => predicted 28,591 delta 18,591
real 6,000 => predicted 26,002 delta 20,002
real 3,000 => predicted 29,070 delta 26,070
real 6,000 => predicted 28,912 delta 22,912
real 16,000 => predicted 28,779 delta 12,779
real 5,000 => predicted 29,566 delta 24,566
real 8,000 => predicted 27,804 delta 19,804
real 36,000 => predicted 29,377 delta 6,623
real 33,000 => predicted 27,721 delta 5,279
real 51,000 => predicted 29,762 delta 21,238
real 49,000 => predicted 28,875 delta 20,125
real 44,000 => predicted 28,290 delta 15,710
real 18,000 => predicted 27,264 delta 9,264
real 50,000 => predicted 27,788 delta 22,212
real 53,000 => predicted 29,612 delta 23,388
real 51,000 => predicted 27,069 delta 23,931
real 15,000 => predicted 26,856 delta 11,856
real 13,000 => predicted 29,935 delta 16,935
real 35,000 => predicted 29,063 delta 5,937
real 55,000 => predicted 23,883 delta 31,117
real 9,000 => predicted 24,385 delta 15,385
real 1,000 => predicted 23,674 delta 22,674
real 38,000 => predicted 33,046 delta 4,954
real 51,000 => predicted 26,881 delta 24,119
real 36,000 => predicted 27,681 delta 8,319
real 36,000 => predicted 27,923 delta 8,077
real 30,000 => predicted 27,237 delta 2,763
real 6,000 => predicted 27,309 delta 21,309
real 55,000 => predicted 29,464 delta 25,536
real 20,000 => predicted 18,080 delta 1,920
real 21,000 => predicted 26,602 delta 5,602
real 31,000 => predicted 26,275 delta 4,725
real 46,000 => predicted 28,978 delta 17,022
real 29,000 => predicted 25,318 delta 3,682
real 4,000 => predicted 31,553 delta 27,553
real 28,000 => predicted 27,598 delta 0,402
real 6,000 => predicted 27,323 delta 21,323
real 6,000 => predicted 19,542 delta 13,542
real 50,000 => predicted 29,135 delta 20,865
real 20,000 => predicted 28,037 delta 8,037
real 55,000 => predicted 26,100 delta 28,900
real 56,000 => predicted 29,893 delta 26,107
real 51,000 => predicted 27,020 delta 23,980
real 55,000 => predicted 23,874 delta 31,126
real 2,000 => predicted 19,542 delta 17,542
real 55,000 => predicted 26,938 delta 28,062
real 39,000 => predicted 18,951 delta 20,049
real 16,000 => predicted 26,500 delta 10,500
real 41,000 => predicted 30,070 delta 10,930
real 50,000 => predicted 26,871 delta 23,129
real 49,000 => predicted 28,914 delta 20,086
real 16,000 => predicted 28,643 delta 12,643
real 44,000 => predicted 29,746 delta 14,254
real 19,000 => predicted 27,643 delta 8,643
real 56,000 => predicted 27,111 delta 28,889
real 8,000 => predicted 33,824 delta 25,824
real 36,000 => predicted 24,564 delta 11,436
real 19,000 => predicted 23,304 delta 4,304
real 39,000 => predicted 30,045 delta 8,955
real 31,000 => predicted 21,528 delta 9,472
real 46,000 => predicted 29,511 delta 16,489
real 15,000 => predicted 26,724 delta 11,724
real 19,000 => predicted 33,927 delta 14,927
real 42,000 => predicted 28,615 delta 13,385
real 9,000 => predicted 19,227 delta 10,227
real 25,000 => predicted 29,618 delta 4,618
real 31,000 => predicted 20,370 delta 10,630
real 29,000 => predicted 26,738 delta 2,262
real 41,000 => predicted 24,041 delta 16,959
real 15,000 => predicted 27,248 delta 12,248
real 16,000 => predicted 26,740 delta 10,740
real 9,000 => predicted 23,588 delta 14,588
real 30,000 => predicted 27,850 delta 2,150
real 23,000 => predicted 28,669 delta 5,669
real 3,000 => predicted 28,734 delta 25,734
real 39,000 => predicted 32,592 delta 6,408
real 24,000 => predicted 26,366 delta 2,366
real 45,000 => predicted 27,370 delta 17,630
real 36,000 => predicted 27,831 delta 8,169
real 35,000 => predicted 24,822 delta 10,178
real 28,000 => predicted 26,025 delta 1,975
real 34,000 => predicted 30,100 delta 3,900
real 3,000 => predicted 30,394 delta 27,394
real 46,000 => predicted 26,754 delta 19,246
real 40,000 => predicted 28,251 delta 11,749
real 36,000 => predicted 26,720 delta 9,280
real 16,000 => predicted 26,695 delta 10,695
real 49,000 => predicted 26,537 delta 22,463
real 4,000 => predicted 28,801 delta 24,801
real 36,000 => predicted 29,986 delta 6,014
real 6,000 => predicted 19,798 delta 13,798
model meanRating 27,356 baseline RMSE 16,480 model RMSE 16,972
model improves the baseline by -2,986 percents
accuracy = 0,000

Process finished with exit code 0
