"C:\Program Files\Java\jdk1.8.0_144\bin\java" -Didea.launcher.port=7539 "-Didea.launcher.bin.path=C:\Program Files (x86)\JetBrains\IntelliJ IDEA 2016.2.4\bin" -Dfile.encoding=UTF-8 -classpath "C:\Program Files\Java\jdk1.8.0_144\jre\lib\charsets.jar;C:\Program Files\Java\jdk1.8.0_144\jre\lib\deploy.jar;C:\Program Files\Java\jdk1.8.0_144\jre\lib\ext\access-bridge-64.jar;C:\Program Files\Java\jdk1.8.0_144\jre\lib\ext\cldrdata.jar;C:\Program Files\Java\jdk1.8.0_144\jre\lib\ext\dnsns.jar;C:\Program Files\Java\jdk1.8.0_144\jre\lib\ext\jaccess.jar;C:\Program Files\Java\jdk1.8.0_144\jre\lib\ext\jfxrt.jar;C:\Program Files\Java\jdk1.8.0_144\jre\lib\ext\localedata.jar;C:\Program Files\Java\jdk1.8.0_144\jre\lib\ext\nashorn.jar;C:\Program Files\Java\jdk1.8.0_144\jre\lib\ext\sunec.jar;C:\Program Files\Java\jdk1.8.0_144\jre\lib\ext\sunjce_provider.jar;C:\Program Files\Java\jdk1.8.0_144\jre\lib\ext\sunmscapi.jar;C:\Program Files\Java\jdk1.8.0_144\jre\lib\ext\sunpkcs11.jar;C:\Program Files\Java\jdk1.8.0_144\jre\lib\ext\zipfs.jar;C:\Program Files\Java\jdk1.8.0_144\jre\lib\javaws.jar;C:\Program Files\Java\jdk1.8.0_144\jre\lib\jce.jar;C:\Program Files\Java\jdk1.8.0_144\jre\lib\jfr.jar;C:\Program Files\Java\jdk1.8.0_144\jre\lib\jfxswt.jar;C:\Program Files\Java\jdk1.8.0_144\jre\lib\jsse.jar;C:\Program Files\Java\jdk1.8.0_144\jre\lib\management-agent.jar;C:\Program Files\Java\jdk1.8.0_144\jre\lib\plugin.jar;C:\Program Files\Java\jdk1.8.0_144\jre\lib\resources.jar;C:\Program Files\Java\jdk1.8.0_144\jre\lib\rt.jar;C:\java\Recommender\target\classes;C:\Users\admin\.m2\repository\org\scala-lang\scala-library\2.11.11\scala-library-2.11.11.jar;C:\Users\admin\.m2\repository\org\scala-lang\scala-reflect\2.11.11\scala-reflect-2.11.11.jar;C:\Users\admin\.m2\repository\org\apache\spark\spark-core_2.11\2.2.1\spark-core_2.11-2.2.1.jar;C:\Users\admin\.m2\repository\org\apache\avro\avro\1.7.7\avro-1.7.7.jar;C:\Users\admin\.m2\repository\org\codehaus\jackson\jackson-core-asl\1.9.13\jackson-core-asl-1.9.13.jar;C:\Users\admin\.m2\repository\org\codehaus\jackson\jackson-mapper-asl\1.9.13\jackson-mapper-asl-1.9.13.jar;C:\Users\admin\.m2\repository\com\thoughtworks\paranamer\paranamer\2.3\paranamer-2.3.jar;C:\Users\admin\.m2\repository\org\apache\commons\commons-compress\1.4.1\commons-compress-1.4.1.jar;C:\Users\admin\.m2\repository\org\tukaani\xz\1.0\xz-1.0.jar;C:\Users\admin\.m2\repository\org\apache\avro\avro-mapred\1.7.7\avro-mapred-1.7.7-hadoop2.jar;C:\Users\admin\.m2\repository\org\apache\avro\avro-ipc\1.7.7\avro-ipc-1.7.7.jar;C:\Users\admin\.m2\repository\org\apache\avro\avro-ipc\1.7.7\avro-ipc-1.7.7-tests.jar;C:\Users\admin\.m2\repository\com\twitter\chill_2.11\0.8.0\chill_2.11-0.8.0.jar;C:\Users\admin\.m2\repository\com\esotericsoftware\kryo-shaded\3.0.3\kryo-shaded-3.0.3.jar;C:\Users\admin\.m2\repository\com\esotericsoftware\minlog\1.3.0\minlog-1.3.0.jar;C:\Users\admin\.m2\repository\org\objenesis\objenesis\2.1\objenesis-2.1.jar;C:\Users\admin\.m2\repository\com\twitter\chill-java\0.8.0\chill-java-0.8.0.jar;C:\Users\admin\.m2\repository\org\apache\xbean\xbean-asm5-shaded\4.4\xbean-asm5-shaded-4.4.jar;C:\Users\admin\.m2\repository\org\apache\hadoop\hadoop-client\2.6.5\hadoop-client-2.6.5.jar;C:\Users\admin\.m2\repository\org\apache\hadoop\hadoop-common\2.6.5\hadoop-common-2.6.5.jar;C:\Users\admin\.m2\repository\commons-cli\commons-cli\1.2\commons-cli-1.2.jar;C:\Users\admin\.m2\repository\xmlenc\xmlenc\0.52\xmlenc-0.52.jar;C:\Users\admin\.m2\repository\commons-httpclient\commons-httpclient\3.1\commons-httpclient-3.1.jar;C:\Users\admin\.m2\repository\commons-io\commons-io\2.4\commons-io-2.4.jar;C:\Users\admin\.m2\repository\commons-collections\commons-collections\3.2.2\commons-collections-3.2.2.jar;C:\Users\admin\.m2\repository\commons-lang\commons-lang\2.6\commons-lang-2.6.jar;C:\Users\admin\.m2\repository\commons-configuration\commons-configuration\1.6\commons-configuration-1.6.jar;C:\Users\admin\.m2\repository\commons-digester\commons-digester\1.8\commons-digester-1.8.jar;C:\Users\admin\.m2\repository\commons-beanutils\commons-beanutils\1.7.0\commons-beanutils-1.7.0.jar;C:\Users\admin\.m2\repository\commons-beanutils\commons-beanutils-core\1.8.0\commons-beanutils-core-1.8.0.jar;C:\Users\admin\.m2\repository\com\google\protobuf\protobuf-java\2.5.0\protobuf-java-2.5.0.jar;C:\Users\admin\.m2\repository\com\google\code\gson\gson\2.2.4\gson-2.2.4.jar;C:\Users\admin\.m2\repository\org\apache\hadoop\hadoop-auth\2.6.5\hadoop-auth-2.6.5.jar;C:\Users\admin\.m2\repository\org\apache\directory\server\apacheds-kerberos-codec\2.0.0-M15\apacheds-kerberos-codec-2.0.0-M15.jar;C:\Users\admin\.m2\repository\org\apache\directory\server\apacheds-i18n\2.0.0-M15\apacheds-i18n-2.0.0-M15.jar;C:\Users\admin\.m2\repository\org\apache\directory\api\api-asn1-api\1.0.0-M20\api-asn1-api-1.0.0-M20.jar;C:\Users\admin\.m2\repository\org\apache\directory\api\api-util\1.0.0-M20\api-util-1.0.0-M20.jar;C:\Users\admin\.m2\repository\org\apache\curator\curator-client\2.6.0\curator-client-2.6.0.jar;C:\Users\admin\.m2\repository\org\htrace\htrace-core\3.0.4\htrace-core-3.0.4.jar;C:\Users\admin\.m2\repository\org\apache\hadoop\hadoop-hdfs\2.6.5\hadoop-hdfs-2.6.5.jar;C:\Users\admin\.m2\repository\org\mortbay\jetty\jetty-util\6.1.26\jetty-util-6.1.26.jar;C:\Users\admin\.m2\repository\xerces\xercesImpl\2.9.1\xercesImpl-2.9.1.jar;C:\Users\admin\.m2\repository\xml-apis\xml-apis\1.3.04\xml-apis-1.3.04.jar;C:\Users\admin\.m2\repository\org\apache\hadoop\hadoop-mapreduce-client-app\2.6.5\hadoop-mapreduce-client-app-2.6.5.jar;C:\Users\admin\.m2\repository\org\apache\hadoop\hadoop-mapreduce-client-common\2.6.5\hadoop-mapreduce-client-common-2.6.5.jar;C:\Users\admin\.m2\repository\org\apache\hadoop\hadoop-yarn-client\2.6.5\hadoop-yarn-client-2.6.5.jar;C:\Users\admin\.m2\repository\org\apache\hadoop\hadoop-yarn-server-common\2.6.5\hadoop-yarn-server-common-2.6.5.jar;C:\Users\admin\.m2\repository\org\apache\hadoop\hadoop-mapreduce-client-shuffle\2.6.5\hadoop-mapreduce-client-shuffle-2.6.5.jar;C:\Users\admin\.m2\repository\org\apache\hadoop\hadoop-yarn-api\2.6.5\hadoop-yarn-api-2.6.5.jar;C:\Users\admin\.m2\repository\org\apache\hadoop\hadoop-mapreduce-client-core\2.6.5\hadoop-mapreduce-client-core-2.6.5.jar;C:\Users\admin\.m2\repository\org\apache\hadoop\hadoop-yarn-common\2.6.5\hadoop-yarn-common-2.6.5.jar;C:\Users\admin\.m2\repository\javax\xml\bind\jaxb-api\2.2.2\jaxb-api-2.2.2.jar;C:\Users\admin\.m2\repository\javax\xml\stream\stax-api\1.0-2\stax-api-1.0-2.jar;C:\Users\admin\.m2\repository\org\codehaus\jackson\jackson-jaxrs\1.9.13\jackson-jaxrs-1.9.13.jar;C:\Users\admin\.m2\repository\org\codehaus\jackson\jackson-xc\1.9.13\jackson-xc-1.9.13.jar;C:\Users\admin\.m2\repository\org\apache\hadoop\hadoop-mapreduce-client-jobclient\2.6.5\hadoop-mapreduce-client-jobclient-2.6.5.jar;C:\Users\admin\.m2\repository\org\apache\hadoop\hadoop-annotations\2.6.5\hadoop-annotations-2.6.5.jar;C:\Users\admin\.m2\repository\org\apache\spark\spark-launcher_2.11\2.2.1\spark-launcher_2.11-2.2.1.jar;C:\Users\admin\.m2\repository\org\apache\spark\spark-network-common_2.11\2.2.1\spark-network-common_2.11-2.2.1.jar;C:\Users\admin\.m2\repository\org\fusesource\leveldbjni\leveldbjni-all\1.8\leveldbjni-all-1.8.jar;C:\Users\admin\.m2\repository\com\fasterxml\jackson\core\jackson-annotations\2.6.5\jackson-annotations-2.6.5.jar;C:\Users\admin\.m2\repository\org\apache\spark\spark-network-shuffle_2.11\2.2.1\spark-network-shuffle_2.11-2.2.1.jar;C:\Users\admin\.m2\repository\org\apache\spark\spark-unsafe_2.11\2.2.1\spark-unsafe_2.11-2.2.1.jar;C:\Users\admin\.m2\repository\net\java\dev\jets3t\jets3t\0.9.3\jets3t-0.9.3.jar;C:\Users\admin\.m2\repository\org\apache\httpcomponents\httpcore\4.3.3\httpcore-4.3.3.jar;C:\Users\admin\.m2\repository\org\apache\httpcomponents\httpclient\4.3.6\httpclient-4.3.6.jar;C:\Users\admin\.m2\repository\commons-codec\commons-codec\1.8\commons-codec-1.8.jar;C:\Users\admin\.m2\repository\javax\activation\activation\1.1.1\activation-1.1.1.jar;C:\Users\admin\.m2\repository\mx4j\mx4j\3.0.2\mx4j-3.0.2.jar;C:\Users\admin\.m2\repository\javax\mail\mail\1.4.7\mail-1.4.7.jar;C:\Users\admin\.m2\repository\org\bouncycastle\bcprov-jdk15on\1.51\bcprov-jdk15on-1.51.jar;C:\Users\admin\.m2\repository\com\jamesmurty\utils\java-xmlbuilder\1.0\java-xmlbuilder-1.0.jar;C:\Users\admin\.m2\repository\net\iharder\base64\2.3.8\base64-2.3.8.jar;C:\Users\admin\.m2\repository\org\apache\curator\curator-recipes\2.6.0\curator-recipes-2.6.0.jar;C:\Users\admin\.m2\repository\org\apache\curator\curator-framework\2.6.0\curator-framework-2.6.0.jar;C:\Users\admin\.m2\repository\org\apache\zookeeper\zookeeper\3.4.6\zookeeper-3.4.6.jar;C:\Users\admin\.m2\repository\com\google\guava\guava\16.0.1\guava-16.0.1.jar;C:\Users\admin\.m2\repository\javax\servlet\javax.servlet-api\3.1.0\javax.servlet-api-3.1.0.jar;C:\Users\admin\.m2\repository\org\apache\commons\commons-lang3\3.5\commons-lang3-3.5.jar;C:\Users\admin\.m2\repository\org\apache\commons\commons-math3\3.4.1\commons-math3-3.4.1.jar;C:\Users\admin\.m2\repository\com\google\code\findbugs\jsr305\1.3.9\jsr305-1.3.9.jar;C:\Users\admin\.m2\repository\org\slf4j\slf4j-api\1.7.16\slf4j-api-1.7.16.jar;C:\Users\admin\.m2\repository\org\slf4j\jul-to-slf4j\1.7.16\jul-to-slf4j-1.7.16.jar;C:\Users\admin\.m2\repository\org\slf4j\jcl-over-slf4j\1.7.16\jcl-over-slf4j-1.7.16.jar;C:\Users\admin\.m2\repository\log4j\log4j\1.2.17\log4j-1.2.17.jar;C:\Users\admin\.m2\repository\org\slf4j\slf4j-log4j12\1.7.16\slf4j-log4j12-1.7.16.jar;C:\Users\admin\.m2\repository\com\ning\compress-lzf\1.0.3\compress-lzf-1.0.3.jar;C:\Users\admin\.m2\repository\org\xerial\snappy\snappy-java\1.1.2.6\snappy-java-1.1.2.6.jar;C:\Users\admin\.m2\repository\net\jpountz\lz4\lz4\1.3.0\lz4-1.3.0.jar;C:\Users\admin\.m2\repository\org\roaringbitmap\RoaringBitmap\0.5.11\RoaringBitmap-0.5.11.jar;C:\Users\admin\.m2\repository\commons-net\commons-net\2.2\commons-net-2.2.jar;C:\Users\admin\.m2\repository\org\json4s\json4s-jackson_2.11\3.2.11\json4s-jackson_2.11-3.2.11.jar;C:\Users\admin\.m2\repository\org\json4s\json4s-core_2.11\3.2.11\json4s-core_2.11-3.2.11.jar;C:\Users\admin\.m2\repository\org\json4s\json4s-ast_2.11\3.2.11\json4s-ast_2.11-3.2.11.jar;C:\Users\admin\.m2\repository\org\scala-lang\scalap\2.11.0\scalap-2.11.0.jar;C:\Users\admin\.m2\repository\org\scala-lang\scala-compiler\2.11.0\scala-compiler-2.11.0.jar;C:\Users\admin\.m2\repository\org\scala-lang\modules\scala-xml_2.11\1.0.1\scala-xml_2.11-1.0.1.jar;C:\Users\admin\.m2\repository\org\scala-lang\modules\scala-parser-combinators_2.11\1.0.1\scala-parser-combinators_2.11-1.0.1.jar;C:\Users\admin\.m2\repository\org\glassfish\jersey\core\jersey-client\2.22.2\jersey-client-2.22.2.jar;C:\Users\admin\.m2\repository\javax\ws\rs\javax.ws.rs-api\2.0.1\javax.ws.rs-api-2.0.1.jar;C:\Users\admin\.m2\repository\org\glassfish\hk2\hk2-api\2.4.0-b34\hk2-api-2.4.0-b34.jar;C:\Users\admin\.m2\repository\org\glassfish\hk2\hk2-utils\2.4.0-b34\hk2-utils-2.4.0-b34.jar;C:\Users\admin\.m2\repository\org\glassfish\hk2\external\aopalliance-repackaged\2.4.0-b34\aopalliance-repackaged-2.4.0-b34.jar;C:\Users\admin\.m2\repository\org\glassfish\hk2\external\javax.inject\2.4.0-b34\javax.inject-2.4.0-b34.jar;C:\Users\admin\.m2\repository\org\glassfish\hk2\hk2-locator\2.4.0-b34\hk2-locator-2.4.0-b34.jar;C:\Users\admin\.m2\repository\org\javassist\javassist\3.18.1-GA\javassist-3.18.1-GA.jar;C:\Users\admin\.m2\repository\org\glassfish\jersey\core\jersey-common\2.22.2\jersey-common-2.22.2.jar;C:\Users\admin\.m2\repository\javax\annotation\javax.annotation-api\1.2\javax.annotation-api-1.2.jar;C:\Users\admin\.m2\repository\org\glassfish\jersey\bundles\repackaged\jersey-guava\2.22.2\jersey-guava-2.22.2.jar;C:\Users\admin\.m2\repository\org\glassfish\hk2\osgi-resource-locator\1.0.1\osgi-resource-locator-1.0.1.jar;C:\Users\admin\.m2\repository\org\glassfish\jersey\core\jersey-server\2.22.2\jersey-server-2.22.2.jar;C:\Users\admin\.m2\repository\org\glassfish\jersey\media\jersey-media-jaxb\2.22.2\jersey-media-jaxb-2.22.2.jar;C:\Users\admin\.m2\repository\javax\validation\validation-api\1.1.0.Final\validation-api-1.1.0.Final.jar;C:\Users\admin\.m2\repository\org\glassfish\jersey\containers\jersey-container-servlet\2.22.2\jersey-container-servlet-2.22.2.jar;C:\Users\admin\.m2\repository\org\glassfish\jersey\containers\jersey-container-servlet-core\2.22.2\jersey-container-servlet-core-2.22.2.jar;C:\Users\admin\.m2\repository\io\netty\netty-all\4.0.43.Final\netty-all-4.0.43.Final.jar;C:\Users\admin\.m2\repository\io\netty\netty\3.9.9.Final\netty-3.9.9.Final.jar;C:\Users\admin\.m2\repository\com\clearspring\analytics\stream\2.7.0\stream-2.7.0.jar;C:\Users\admin\.m2\repository\io\dropwizard\metrics\metrics-core\3.1.2\metrics-core-3.1.2.jar;C:\Users\admin\.m2\repository\io\dropwizard\metrics\metrics-jvm\3.1.2\metrics-jvm-3.1.2.jar;C:\Users\admin\.m2\repository\io\dropwizard\metrics\metrics-json\3.1.2\metrics-json-3.1.2.jar;C:\Users\admin\.m2\repository\io\dropwizard\metrics\metrics-graphite\3.1.2\metrics-graphite-3.1.2.jar;C:\Users\admin\.m2\repository\com\fasterxml\jackson\core\jackson-databind\2.6.5\jackson-databind-2.6.5.jar;C:\Users\admin\.m2\repository\com\fasterxml\jackson\core\jackson-core\2.6.5\jackson-core-2.6.5.jar;C:\Users\admin\.m2\repository\com\fasterxml\jackson\module\jackson-module-scala_2.11\2.6.5\jackson-module-scala_2.11-2.6.5.jar;C:\Users\admin\.m2\repository\org\scala-lang\scala-reflect\2.11.7\scala-reflect-2.11.7.jar;C:\Users\admin\.m2\repository\com\fasterxml\jackson\module\jackson-module-paranamer\2.6.5\jackson-module-paranamer-2.6.5.jar;C:\Users\admin\.m2\repository\org\apache\ivy\ivy\2.4.0\ivy-2.4.0.jar;C:\Users\admin\.m2\repository\oro\oro\2.0.8\oro-2.0.8.jar;C:\Users\admin\.m2\repository\net\razorvine\pyrolite\4.13\pyrolite-4.13.jar;C:\Users\admin\.m2\repository\net\sf\py4j\py4j\0.10.4\py4j-0.10.4.jar;C:\Users\admin\.m2\repository\org\apache\spark\spark-tags_2.11\2.2.1\spark-tags_2.11-2.2.1.jar;C:\Users\admin\.m2\repository\org\apache\commons\commons-crypto\1.0.0\commons-crypto-1.0.0.jar;C:\Users\admin\.m2\repository\org\spark-project\spark\unused\1.0.0\unused-1.0.0.jar;C:\Users\admin\.m2\repository\org\apache\spark\spark-mllib_2.11\2.2.1\spark-mllib_2.11-2.2.1.jar;C:\Users\admin\.m2\repository\org\apache\spark\spark-streaming_2.11\2.2.1\spark-streaming_2.11-2.2.1.jar;C:\Users\admin\.m2\repository\org\apache\spark\spark-sql_2.11\2.2.1\spark-sql_2.11-2.2.1.jar;C:\Users\admin\.m2\repository\com\univocity\univocity-parsers\2.2.1\univocity-parsers-2.2.1.jar;C:\Users\admin\.m2\repository\org\apache\spark\spark-sketch_2.11\2.2.1\spark-sketch_2.11-2.2.1.jar;C:\Users\admin\.m2\repository\org\apache\spark\spark-catalyst_2.11\2.2.1\spark-catalyst_2.11-2.2.1.jar;C:\Users\admin\.m2\repository\org\codehaus\janino\janino\3.0.0\janino-3.0.0.jar;C:\Users\admin\.m2\repository\org\codehaus\janino\commons-compiler\3.0.0\commons-compiler-3.0.0.jar;C:\Users\admin\.m2\repository\org\antlr\antlr4-runtime\4.5.3\antlr4-runtime-4.5.3.jar;C:\Users\admin\.m2\repository\org\apache\parquet\parquet-column\1.8.2\parquet-column-1.8.2.jar;C:\Users\admin\.m2\repository\org\apache\parquet\parquet-common\1.8.2\parquet-common-1.8.2.jar;C:\Users\admin\.m2\repository\org\apache\parquet\parquet-encoding\1.8.2\parquet-encoding-1.8.2.jar;C:\Users\admin\.m2\repository\org\apache\parquet\parquet-hadoop\1.8.2\parquet-hadoop-1.8.2.jar;C:\Users\admin\.m2\repository\org\apache\parquet\parquet-format\2.3.1\parquet-format-2.3.1.jar;C:\Users\admin\.m2\repository\org\apache\parquet\parquet-jackson\1.8.2\parquet-jackson-1.8.2.jar;C:\Users\admin\.m2\repository\org\apache\spark\spark-graphx_2.11\2.2.1\spark-graphx_2.11-2.2.1.jar;C:\Users\admin\.m2\repository\com\github\fommil\netlib\core\1.1.2\core-1.1.2.jar;C:\Users\admin\.m2\repository\net\sourceforge\f2j\arpack_combined_all\0.1\arpack_combined_all-0.1.jar;C:\Users\admin\.m2\repository\org\apache\spark\spark-mllib-local_2.11\2.2.1\spark-mllib-local_2.11-2.2.1.jar;C:\Users\admin\.m2\repository\org\scalanlp\breeze_2.11\0.13.2\breeze_2.11-0.13.2.jar;C:\Users\admin\.m2\repository\org\scalanlp\breeze-macros_2.11\0.13.2\breeze-macros_2.11-0.13.2.jar;C:\Users\admin\.m2\repository\net\sf\opencsv\opencsv\2.3\opencsv-2.3.jar;C:\Users\admin\.m2\repository\com\github\rwl\jtransforms\2.4.0\jtransforms-2.4.0.jar;C:\Users\admin\.m2\repository\org\spire-math\spire_2.11\0.13.0\spire_2.11-0.13.0.jar;C:\Users\admin\.m2\repository\org\spire-math\spire-macros_2.11\0.13.0\spire-macros_2.11-0.13.0.jar;C:\Users\admin\.m2\repository\org\typelevel\machinist_2.11\0.6.1\machinist_2.11-0.6.1.jar;C:\Users\admin\.m2\repository\com\chuusai\shapeless_2.11\2.3.2\shapeless_2.11-2.3.2.jar;C:\Users\admin\.m2\repository\org\typelevel\macro-compat_2.11\1.1.1\macro-compat_2.11-1.1.1.jar;C:\Users\admin\.m2\repository\org\jpmml\pmml-model\1.2.15\pmml-model-1.2.15.jar;C:\Users\admin\.m2\repository\org\jpmml\pmml-schema\1.2.15\pmml-schema-1.2.15.jar;C:\Program Files (x86)\JetBrains\IntelliJ IDEA 2016.2.4\lib\idea_rt.jar" com.intellij.rt.execution.application.AppMain recommender.TestFM
(5.0,(186,[82,171,176,181,184],[1.0,1.0,1.0,1.0,1.0]))
(3.0,(186,[2,135,176,181,184],[1.0,1.0,1.0,1.0,1.0]))
(5.0,(186,[65,128,177,180,183],[1.0,1.0,1.0,1.0,1.0]))
(2.0,(186,[37,105,178,180,183],[1.0,1.0,1.0,1.0,1.0]))
(3.0,(186,[55,128,176,181,184],[1.0,1.0,1.0,1.0,1.0]))
(3.0,(186,[7,148,178,180,183],[1.0,1.0,1.0,1.0,1.0]))
(5.0,(186,[94,99,176,177,179,181,183,184],[1.0,1.0,1.0,1.0,1.0,1.0,1.0,1.0]))
(5.0,(186,[94,171,177,179,185],[1.0,1.0,1.0,1.0,1.0]))
(3.0,(186,[5,132,176,181,184],[1.0,1.0,1.0,1.0,1.0]))
(4.0,(186,[33,147,176,177,179,180,181,182,183,184],[1.0,1.0,1.0,1.0,1.0,1.0,1.0,1.0,1.0,1.0]))
Training: 2182, test: 580
training sample
(5.0,(186,[82,171,176,181,184],[1.0,1.0,1.0,1.0,1.0]))
(3.0,(186,[2,135,176,181,184],[1.0,1.0,1.0,1.0,1.0]))
(5.0,(186,[65,128,177,180,183],[1.0,1.0,1.0,1.0,1.0]))
(2.0,(186,[37,105,178,180,183],[1.0,1.0,1.0,1.0,1.0]))
(3.0,(186,[7,148,178,180,183],[1.0,1.0,1.0,1.0,1.0]))
(5.0,(186,[94,99,176,177,179,181,183,184],[1.0,1.0,1.0,1.0,1.0,1.0,1.0,1.0]))
(5.0,(186,[94,171,177,179,185],[1.0,1.0,1.0,1.0,1.0]))
(3.0,(186,[5,132,176,181,184],[1.0,1.0,1.0,1.0,1.0]))
(4.0,(186,[33,147,176,177,179,180,181,182,183,184],[1.0,1.0,1.0,1.0,1.0,1.0,1.0,1.0,1.0,1.0]))
(1.0,(186,[34,151,177,178,179,180,183,185],[1.0,1.0,1.0,1.0,1.0,1.0,1.0,1.0]))
test sample
(186,[55,128,176,181,184],[1.0,1.0,1.0,1.0,1.0])
(186,[78,157,178,179,180,182,183,185],[1.0,1.0,1.0,1.0,1.0,1.0,1.0,1.0])
(186,[15,141,176,181,184],[1.0,1.0,1.0,1.0,1.0])
(186,[40,135,176,181,184],[1.0,1.0,1.0,1.0,1.0])
(186,[81,145,176,181,184],[1.0,1.0,1.0,1.0,1.0])
(186,[70,128,178,179,182],[1.0,1.0,1.0,1.0,1.0])
(186,[5,107,177,180,182],[1.0,1.0,1.0,1.0,1.0])
(186,[69,146,176,181,184],[1.0,1.0,1.0,1.0,1.0])
(186,[91,104,176,177,179,181,182,184],[1.0,1.0,1.0,1.0,1.0,1.0,1.0,1.0])
(186,[58,161,176,177,180,181,184,185],[1.0,1.0,1.0,1.0,1.0,1.0,1.0,1.0])
validate: real rating => predicted rating
real 3,000 => predicted 2,194 delta 0,806
real 1,000 => predicted 1,474 delta 0,474
real 5,000 => predicted 4,597 delta 0,403
real 4,000 => predicted 3,357 delta 0,643
real 2,000 => predicted 2,544 delta 0,544
real 2,000 => predicted 2,410 delta 0,410
real 3,000 => predicted 3,323 delta 0,323
real 2,000 => predicted 2,419 delta 0,419
real 3,000 => predicted 3,471 delta 0,471
real 2,000 => predicted 4,329 delta 2,329
real 3,000 => predicted 3,220 delta 0,220
real 1,000 => predicted 3,242 delta 2,242
real 4,000 => predicted 1,465 delta 2,535
real 5,000 => predicted 3,319 delta 1,681
real 4,000 => predicted 3,146 delta 0,854
real 2,000 => predicted 4,628 delta 2,628
real 5,000 => predicted 3,983 delta 1,017
real 3,000 => predicted 3,873 delta 0,873
real 5,000 => predicted 2,675 delta 2,325
real 4,000 => predicted 5,000 delta 1,000
real 5,000 => predicted 3,772 delta 1,228
real 4,000 => predicted 3,257 delta 0,743
real 1,000 => predicted 1,000 delta 0,000
real 4,000 => predicted 2,257 delta 1,743
real 4,000 => predicted 3,179 delta 0,821
real 1,000 => predicted 1,944 delta 0,944
real 5,000 => predicted 5,000 delta 0,000
real 5,000 => predicted 5,000 delta 0,000
real 5,000 => predicted 5,000 delta 0,000
real 4,000 => predicted 5,000 delta 1,000
real 4,000 => predicted 4,654 delta 0,654
real 4,000 => predicted 3,480 delta 0,520
real 3,000 => predicted 3,782 delta 0,782
real 2,000 => predicted 4,296 delta 2,296
real 1,000 => predicted 1,000 delta 0,000
real 3,000 => predicted 3,688 delta 0,688
real 3,000 => predicted 3,710 delta 0,710
real 5,000 => predicted 4,037 delta 0,963
real 3,000 => predicted 3,811 delta 0,811
real 4,000 => predicted 3,695 delta 0,305
real 3,000 => predicted 4,408 delta 1,408
real 3,000 => predicted 5,000 delta 2,000
real 4,000 => predicted 3,927 delta 0,073
real 5,000 => predicted 4,974 delta 0,026
real 3,000 => predicted 3,911 delta 0,911
real 5,000 => predicted 4,000 delta 1,000
real 4,000 => predicted 3,819 delta 0,181
real 1,000 => predicted 3,804 delta 2,804
real 4,000 => predicted 3,212 delta 0,788
real 5,000 => predicted 4,163 delta 0,837
real 2,000 => predicted 1,000 delta 1,000
real 2,000 => predicted 3,404 delta 1,404
real 3,000 => predicted 2,907 delta 0,093
real 5,000 => predicted 2,460 delta 2,540
real 5,000 => predicted 3,822 delta 1,178
real 5,000 => predicted 4,303 delta 0,697
real 3,000 => predicted 1,639 delta 1,361
real 3,000 => predicted 4,140 delta 1,140
real 5,000 => predicted 5,000 delta 0,000
real 4,000 => predicted 3,265 delta 0,735
real 3,000 => predicted 1,000 delta 2,000
real 4,000 => predicted 5,000 delta 1,000
real 3,000 => predicted 3,372 delta 0,372
real 5,000 => predicted 5,000 delta 0,000
real 5,000 => predicted 4,296 delta 0,704
real 2,000 => predicted 4,731 delta 2,731
real 3,000 => predicted 1,488 delta 1,512
real 5,000 => predicted 5,000 delta 0,000
real 5,000 => predicted 3,883 delta 1,117
real 2,000 => predicted 2,791 delta 0,791
real 1,000 => predicted 1,970 delta 0,970
real 3,000 => predicted 2,301 delta 0,699
real 3,000 => predicted 4,164 delta 1,164
real 5,000 => predicted 4,199 delta 0,801
real 4,000 => predicted 2,826 delta 1,174
real 3,000 => predicted 5,000 delta 2,000
real 4,000 => predicted 5,000 delta 1,000
real 1,000 => predicted 3,254 delta 2,254
real 1,000 => predicted 3,055 delta 2,055
real 5,000 => predicted 2,966 delta 2,034
real 4,000 => predicted 4,558 delta 0,558
real 4,000 => predicted 4,280 delta 0,280
real 5,000 => predicted 5,000 delta 0,000
real 4,000 => predicted 5,000 delta 1,000
real 3,000 => predicted 3,518 delta 0,518
real 3,000 => predicted 4,897 delta 1,897
real 4,000 => predicted 3,487 delta 0,513
real 4,000 => predicted 4,877 delta 0,877
real 1,000 => predicted 1,000 delta 0,000
real 1,000 => predicted 1,715 delta 0,715
real 3,000 => predicted 3,274 delta 0,274
real 3,000 => predicted 3,716 delta 0,716
real 3,000 => predicted 3,938 delta 0,938
real 1,000 => predicted 3,873 delta 2,873
real 5,000 => predicted 5,000 delta 0,000
real 3,000 => predicted 2,150 delta 0,850
real 4,000 => predicted 4,675 delta 0,675
real 2,000 => predicted 1,000 delta 1,000
real 3,000 => predicted 3,590 delta 0,590
real 3,000 => predicted 2,287 delta 0,713
real 5,000 => predicted 2,717 delta 2,283
real 4,000 => predicted 3,631 delta 0,369
real 5,000 => predicted 4,878 delta 0,122
real 3,000 => predicted 2,408 delta 0,592
real 3,000 => predicted 1,841 delta 1,159
real 3,000 => predicted 3,137 delta 0,137
real 3,000 => predicted 3,022 delta 0,022
real 4,000 => predicted 5,000 delta 1,000
real 4,000 => predicted 3,365 delta 0,635
real 4,000 => predicted 3,992 delta 0,008
real 3,000 => predicted 2,962 delta 0,038
real 2,000 => predicted 2,036 delta 0,036
real 5,000 => predicted 2,795 delta 2,205
real 4,000 => predicted 4,083 delta 0,083
real 4,000 => predicted 3,959 delta 0,041
real 3,000 => predicted 4,016 delta 1,016
real 2,000 => predicted 3,663 delta 1,663
real 3,000 => predicted 2,017 delta 0,983
real 2,000 => predicted 3,948 delta 1,948
real 5,000 => predicted 5,000 delta 0,000
real 3,000 => predicted 3,586 delta 0,586
real 5,000 => predicted 2,640 delta 2,360
real 1,000 => predicted 3,753 delta 2,753
real 1,000 => predicted 1,000 delta 0,000
real 3,000 => predicted 1,926 delta 1,074
real 2,000 => predicted 2,664 delta 0,664
real 2,000 => predicted 2,915 delta 0,915
real 2,000 => predicted 3,193 delta 1,193
real 4,000 => predicted 5,000 delta 1,000
real 1,000 => predicted 3,212 delta 2,212
real 3,000 => predicted 4,025 delta 1,025
real 2,000 => predicted 1,345 delta 0,655
real 4,000 => predicted 3,881 delta 0,119
real 1,000 => predicted 1,000 delta 0,000
real 5,000 => predicted 3,440 delta 1,560
real 4,000 => predicted 3,234 delta 0,766
real 3,000 => predicted 2,768 delta 0,232
real 1,000 => predicted 2,298 delta 1,298
real 4,000 => predicted 5,000 delta 1,000
real 2,000 => predicted 2,513 delta 0,513
real 5,000 => predicted 4,473 delta 0,527
real 5,000 => predicted 5,000 delta 0,000
real 5,000 => predicted 5,000 delta 0,000
real 5,000 => predicted 4,018 delta 0,982
real 5,000 => predicted 5,000 delta 0,000
real 5,000 => predicted 4,137 delta 0,863
real 5,000 => predicted 4,735 delta 0,265
real 5,000 => predicted 3,235 delta 1,765
real 2,000 => predicted 3,517 delta 1,517
real 4,000 => predicted 3,276 delta 0,724
real 5,000 => predicted 2,484 delta 2,516
real 1,000 => predicted 3,736 delta 2,736
real 1,000 => predicted 2,905 delta 1,905
real 4,000 => predicted 4,077 delta 0,077
real 4,000 => predicted 2,285 delta 1,715
real 5,000 => predicted 3,481 delta 1,519
real 2,000 => predicted 5,000 delta 3,000
real 2,000 => predicted 2,411 delta 0,411
real 5,000 => predicted 3,044 delta 1,956
real 2,000 => predicted 3,111 delta 1,111
real 3,000 => predicted 3,122 delta 0,122
real 3,000 => predicted 3,353 delta 0,353
real 2,000 => predicted 2,452 delta 0,452
real 1,000 => predicted 1,000 delta 0,000
real 2,000 => predicted 4,370 delta 2,370
real 3,000 => predicted 2,671 delta 0,329
real 5,000 => predicted 3,463 delta 1,537
real 2,000 => predicted 3,805 delta 1,805
real 3,000 => predicted 3,269 delta 0,269
real 1,000 => predicted 1,000 delta 0,000
real 3,000 => predicted 2,647 delta 0,353
real 5,000 => predicted 3,783 delta 1,217
real 4,000 => predicted 4,350 delta 0,350
real 2,000 => predicted 2,706 delta 0,706
real 4,000 => predicted 2,183 delta 1,817
real 2,000 => predicted 3,778 delta 1,778
real 5,000 => predicted 4,479 delta 0,521
real 4,000 => predicted 4,086 delta 0,086
real 3,000 => predicted 4,525 delta 1,525
real 3,000 => predicted 2,268 delta 0,732
real 3,000 => predicted 2,173 delta 0,827
real 4,000 => predicted 3,858 delta 0,142
real 1,000 => predicted 1,145 delta 0,145
real 2,000 => predicted 1,073 delta 0,927
real 5,000 => predicted 3,564 delta 1,436
real 3,000 => predicted 2,266 delta 0,734
real 5,000 => predicted 3,962 delta 1,038
real 3,000 => predicted 3,857 delta 0,857
real 3,000 => predicted 3,204 delta 0,204
real 2,000 => predicted 1,133 delta 0,867
real 5,000 => predicted 3,109 delta 1,891
real 4,000 => predicted 2,128 delta 1,872
real 4,000 => predicted 4,268 delta 0,268
real 1,000 => predicted 3,521 delta 2,521
real 5,000 => predicted 4,689 delta 0,311
real 1,000 => predicted 1,979 delta 0,979
real 1,000 => predicted 1,000 delta 0,000
real 2,000 => predicted 3,219 delta 1,219
real 4,000 => predicted 3,027 delta 0,973
real 2,000 => predicted 3,093 delta 1,093
real 2,000 => predicted 4,332 delta 2,332
real 2,000 => predicted 3,655 delta 1,655
real 3,000 => predicted 2,567 delta 0,433
real 3,000 => predicted 4,326 delta 1,326
real 5,000 => predicted 5,000 delta 0,000
real 1,000 => predicted 4,637 delta 3,637
real 4,000 => predicted 3,500 delta 0,500
real 5,000 => predicted 2,670 delta 2,330
real 3,000 => predicted 3,380 delta 0,380
real 2,000 => predicted 4,213 delta 2,213
real 3,000 => predicted 3,167 delta 0,167
real 4,000 => predicted 5,000 delta 1,000
real 5,000 => predicted 5,000 delta 0,000
real 4,000 => predicted 1,278 delta 2,722
real 3,000 => predicted 3,652 delta 0,652
real 5,000 => predicted 2,621 delta 2,379
real 1,000 => predicted 2,894 delta 1,894
real 5,000 => predicted 3,901 delta 1,099
real 1,000 => predicted 3,017 delta 2,017
real 5,000 => predicted 5,000 delta 0,000
real 3,000 => predicted 1,480 delta 1,520
real 2,000 => predicted 3,902 delta 1,902
real 2,000 => predicted 2,343 delta 0,343
real 2,000 => predicted 5,000 delta 3,000
real 5,000 => predicted 5,000 delta 0,000
real 5,000 => predicted 5,000 delta 0,000
real 1,000 => predicted 1,000 delta 0,000
real 3,000 => predicted 2,336 delta 0,664
real 4,000 => predicted 5,000 delta 1,000
real 3,000 => predicted 3,063 delta 0,063
real 5,000 => predicted 4,846 delta 0,154
real 1,000 => predicted 4,537 delta 3,537
real 3,000 => predicted 4,395 delta 1,395
real 3,000 => predicted 1,771 delta 1,229
real 5,000 => predicted 3,709 delta 1,291
real 3,000 => predicted 3,177 delta 0,177
real 4,000 => predicted 4,776 delta 0,776
real 1,000 => predicted 1,000 delta 0,000
real 4,000 => predicted 3,465 delta 0,535
real 4,000 => predicted 3,249 delta 0,751
real 5,000 => predicted 3,382 delta 1,618
real 4,000 => predicted 2,757 delta 1,243
real 4,000 => predicted 4,138 delta 0,138
real 2,000 => predicted 2,465 delta 0,465
real 5,000 => predicted 1,884 delta 3,116
real 5,000 => predicted 2,776 delta 2,224
real 3,000 => predicted 5,000 delta 2,000
real 3,000 => predicted 3,182 delta 0,182
real 4,000 => predicted 3,121 delta 0,879
real 4,000 => predicted 2,557 delta 1,443
real 5,000 => predicted 4,589 delta 0,411
real 3,000 => predicted 3,437 delta 0,437
real 1,000 => predicted 4,981 delta 3,981
real 4,000 => predicted 2,513 delta 1,487
real 3,000 => predicted 1,761 delta 1,239
real 3,000 => predicted 2,757 delta 0,243
real 3,000 => predicted 4,445 delta 1,445
real 4,000 => predicted 4,752 delta 0,752
real 4,000 => predicted 4,481 delta 0,481
real 4,000 => predicted 4,066 delta 0,066
real 1,000 => predicted 1,477 delta 0,477
real 2,000 => predicted 2,207 delta 0,207
real 3,000 => predicted 4,151 delta 1,151
real 1,000 => predicted 5,000 delta 4,000
real 3,000 => predicted 3,690 delta 0,690
real 5,000 => predicted 3,528 delta 1,472
real 4,000 => predicted 4,296 delta 0,296
real 4,000 => predicted 2,794 delta 1,206
real 2,000 => predicted 3,227 delta 1,227
real 4,000 => predicted 2,012 delta 1,988
real 1,000 => predicted 1,233 delta 0,233
real 5,000 => predicted 4,515 delta 0,485
real 4,000 => predicted 3,871 delta 0,129
real 5,000 => predicted 3,625 delta 1,375
real 3,000 => predicted 4,597 delta 1,597
real 3,000 => predicted 2,748 delta 0,252
real 2,000 => predicted 4,723 delta 2,723
real 2,000 => predicted 1,667 delta 0,333
real 5,000 => predicted 4,920 delta 0,080
real 5,000 => predicted 4,757 delta 0,243
real 3,000 => predicted 1,593 delta 1,407
real 4,000 => predicted 4,282 delta 0,282
real 4,000 => predicted 3,087 delta 0,913
real 4,000 => predicted 1,480 delta 2,520
real 4,000 => predicted 2,422 delta 1,578
real 4,000 => predicted 4,358 delta 0,358
real 3,000 => predicted 2,381 delta 0,619
real 1,000 => predicted 1,303 delta 0,303
real 3,000 => predicted 2,289 delta 0,711
real 1,000 => predicted 2,457 delta 1,457
real 5,000 => predicted 4,653 delta 0,347
real 2,000 => predicted 2,940 delta 0,940
real 1,000 => predicted 1,000 delta 0,000
real 1,000 => predicted 2,901 delta 1,901
real 4,000 => predicted 3,437 delta 0,563
real 4,000 => predicted 3,106 delta 0,894
real 3,000 => predicted 2,722 delta 0,278
real 5,000 => predicted 4,857 delta 0,143
real 1,000 => predicted 5,000 delta 4,000
real 5,000 => predicted 4,188 delta 0,812
real 3,000 => predicted 5,000 delta 2,000
real 1,000 => predicted 1,000 delta 0,000
real 3,000 => predicted 4,662 delta 1,662
real 4,000 => predicted 3,954 delta 0,046
real 1,000 => predicted 2,899 delta 1,899
real 5,000 => predicted 5,000 delta 0,000
real 5,000 => predicted 5,000 delta 0,000
real 1,000 => predicted 1,000 delta 0,000
real 1,000 => predicted 2,048 delta 1,048
real 4,000 => predicted 4,539 delta 0,539
real 3,000 => predicted 3,934 delta 0,934
real 5,000 => predicted 4,524 delta 0,476
real 3,000 => predicted 1,961 delta 1,039
real 2,000 => predicted 4,376 delta 2,376
real 3,000 => predicted 2,814 delta 0,186
real 3,000 => predicted 5,000 delta 2,000
real 5,000 => predicted 3,607 delta 1,393
real 2,000 => predicted 1,991 delta 0,009
real 4,000 => predicted 3,922 delta 0,078
real 3,000 => predicted 3,567 delta 0,567
real 3,000 => predicted 4,382 delta 1,382
real 4,000 => predicted 5,000 delta 1,000
real 2,000 => predicted 2,512 delta 0,512
real 3,000 => predicted 1,949 delta 1,051
real 5,000 => predicted 4,448 delta 0,552
real 5,000 => predicted 4,950 delta 0,050
real 1,000 => predicted 1,922 delta 0,922
real 4,000 => predicted 3,637 delta 0,363
real 2,000 => predicted 5,000 delta 3,000
real 5,000 => predicted 4,782 delta 0,218
real 3,000 => predicted 1,653 delta 1,347
real 3,000 => predicted 5,000 delta 2,000
real 1,000 => predicted 1,066 delta 0,066
real 3,000 => predicted 4,207 delta 1,207
real 2,000 => predicted 2,510 delta 0,510
real 3,000 => predicted 2,668 delta 0,332
real 4,000 => predicted 3,751 delta 0,249
real 2,000 => predicted 1,034 delta 0,966
real 4,000 => predicted 1,098 delta 2,902
real 4,000 => predicted 4,938 delta 0,938
real 4,000 => predicted 2,187 delta 1,813
real 3,000 => predicted 3,139 delta 0,139
real 4,000 => predicted 3,614 delta 0,386
real 1,000 => predicted 3,413 delta 2,413
real 3,000 => predicted 3,500 delta 0,500
real 4,000 => predicted 2,909 delta 1,091
real 2,000 => predicted 3,039 delta 1,039
real 3,000 => predicted 2,569 delta 0,431
real 4,000 => predicted 3,218 delta 0,782
real 3,000 => predicted 3,939 delta 0,939
real 4,000 => predicted 3,764 delta 0,236
real 5,000 => predicted 4,133 delta 0,867
real 5,000 => predicted 4,079 delta 0,921
real 2,000 => predicted 2,264 delta 0,264
real 5,000 => predicted 4,902 delta 0,098
real 4,000 => predicted 3,527 delta 0,473
real 5,000 => predicted 3,709 delta 1,291
real 1,000 => predicted 3,144 delta 2,144
real 4,000 => predicted 3,659 delta 0,341
real 3,000 => predicted 2,130 delta 0,870
real 4,000 => predicted 4,088 delta 0,088
real 5,000 => predicted 5,000 delta 0,000
real 2,000 => predicted 1,618 delta 0,382
real 4,000 => predicted 2,825 delta 1,175
real 5,000 => predicted 3,565 delta 1,435
real 2,000 => predicted 2,590 delta 0,590
real 4,000 => predicted 5,000 delta 1,000
real 4,000 => predicted 4,170 delta 0,170
real 2,000 => predicted 5,000 delta 3,000
real 3,000 => predicted 1,000 delta 2,000
real 3,000 => predicted 3,032 delta 0,032
real 3,000 => predicted 4,029 delta 1,029
real 1,000 => predicted 1,628 delta 0,628
real 4,000 => predicted 2,558 delta 1,442
real 3,000 => predicted 4,172 delta 1,172
real 5,000 => predicted 4,894 delta 0,106
real 3,000 => predicted 2,879 delta 0,121
real 5,000 => predicted 3,453 delta 1,547
real 4,000 => predicted 3,239 delta 0,761
real 5,000 => predicted 3,374 delta 1,626
real 3,000 => predicted 2,343 delta 0,657
real 3,000 => predicted 2,598 delta 0,402
real 2,000 => predicted 4,674 delta 2,674
real 5,000 => predicted 3,166 delta 1,834
real 2,000 => predicted 3,896 delta 1,896
real 1,000 => predicted 1,000 delta 0,000
real 4,000 => predicted 4,573 delta 0,573
real 5,000 => predicted 4,618 delta 0,382
real 2,000 => predicted 3,686 delta 1,686
real 3,000 => predicted 4,065 delta 1,065
real 5,000 => predicted 2,914 delta 2,086
real 4,000 => predicted 5,000 delta 1,000
real 3,000 => predicted 3,021 delta 0,021
real 3,000 => predicted 4,560 delta 1,560
real 1,000 => predicted 2,274 delta 1,274
real 3,000 => predicted 2,890 delta 0,110
real 4,000 => predicted 3,909 delta 0,091
real 4,000 => predicted 3,454 delta 0,546
real 2,000 => predicted 3,076 delta 1,076
real 3,000 => predicted 3,607 delta 0,607
real 4,000 => predicted 3,496 delta 0,504
real 1,000 => predicted 3,990 delta 2,990
real 4,000 => predicted 2,918 delta 1,082
real 4,000 => predicted 4,225 delta 0,225
real 4,000 => predicted 2,272 delta 1,728
real 1,000 => predicted 1,000 delta 0,000
real 4,000 => predicted 4,063 delta 0,063
real 5,000 => predicted 5,000 delta 0,000
real 3,000 => predicted 4,554 delta 1,554
real 3,000 => predicted 2,062 delta 0,938
real 4,000 => predicted 2,872 delta 1,128
real 5,000 => predicted 3,819 delta 1,181
real 4,000 => predicted 4,655 delta 0,655
real 2,000 => predicted 1,000 delta 1,000
real 2,000 => predicted 2,279 delta 0,279
real 3,000 => predicted 2,680 delta 0,320
real 2,000 => predicted 3,571 delta 1,571
real 2,000 => predicted 3,648 delta 1,648
real 3,000 => predicted 5,000 delta 2,000
real 3,000 => predicted 4,053 delta 1,053
real 1,000 => predicted 1,000 delta 0,000
real 5,000 => predicted 3,967 delta 1,033
real 5,000 => predicted 3,761 delta 1,239
real 3,000 => predicted 2,688 delta 0,312
real 5,000 => predicted 2,373 delta 2,627
real 4,000 => predicted 5,000 delta 1,000
real 2,000 => predicted 3,445 delta 1,445
real 4,000 => predicted 4,259 delta 0,259
real 3,000 => predicted 2,742 delta 0,258
real 4,000 => predicted 4,620 delta 0,620
real 4,000 => predicted 5,000 delta 1,000
real 2,000 => predicted 1,952 delta 0,048
real 1,000 => predicted 1,691 delta 0,691
real 1,000 => predicted 3,098 delta 2,098
real 3,000 => predicted 3,039 delta 0,039
real 5,000 => predicted 5,000 delta 0,000
real 3,000 => predicted 1,701 delta 1,299
real 4,000 => predicted 5,000 delta 1,000
real 3,000 => predicted 2,395 delta 0,605
real 2,000 => predicted 1,334 delta 0,666
real 2,000 => predicted 1,554 delta 0,446
real 2,000 => predicted 2,547 delta 0,547
real 5,000 => predicted 3,321 delta 1,679
real 1,000 => predicted 2,624 delta 1,624
real 4,000 => predicted 3,080 delta 0,920
real 3,000 => predicted 5,000 delta 2,000
real 4,000 => predicted 3,619 delta 0,381
real 3,000 => predicted 2,566 delta 0,434
real 4,000 => predicted 5,000 delta 1,000
real 1,000 => predicted 1,000 delta 0,000
real 4,000 => predicted 4,162 delta 0,162
real 2,000 => predicted 3,742 delta 1,742
real 5,000 => predicted 3,806 delta 1,194
real 4,000 => predicted 2,536 delta 1,464
real 2,000 => predicted 2,383 delta 0,383
real 4,000 => predicted 4,593 delta 0,593
real 5,000 => predicted 3,344 delta 1,656
real 3,000 => predicted 3,088 delta 0,088
real 4,000 => predicted 4,836 delta 0,836
real 2,000 => predicted 3,635 delta 1,635
real 1,000 => predicted 1,795 delta 0,795
real 4,000 => predicted 5,000 delta 1,000
real 3,000 => predicted 1,414 delta 1,586
real 3,000 => predicted 3,346 delta 0,346
real 1,000 => predicted 3,221 delta 2,221
real 5,000 => predicted 3,715 delta 1,285
real 4,000 => predicted 2,526 delta 1,474
real 4,000 => predicted 4,614 delta 0,614
real 4,000 => predicted 5,000 delta 1,000
real 2,000 => predicted 1,099 delta 0,901
real 4,000 => predicted 4,097 delta 0,097
real 4,000 => predicted 3,874 delta 0,126
real 3,000 => predicted 3,112 delta 0,112
real 1,000 => predicted 2,233 delta 1,233
real 4,000 => predicted 4,282 delta 0,282
real 4,000 => predicted 3,537 delta 0,463
real 1,000 => predicted 3,929 delta 2,929
real 5,000 => predicted 5,000 delta 0,000
real 5,000 => predicted 3,671 delta 1,329
real 5,000 => predicted 4,145 delta 0,855
real 3,000 => predicted 3,254 delta 0,254
real 3,000 => predicted 3,371 delta 0,371
real 5,000 => predicted 5,000 delta 0,000
real 4,000 => predicted 4,782 delta 0,782
real 4,000 => predicted 5,000 delta 1,000
real 4,000 => predicted 3,245 delta 0,755
real 3,000 => predicted 3,559 delta 0,559
real 2,000 => predicted 1,662 delta 0,338
real 3,000 => predicted 4,147 delta 1,147
real 4,000 => predicted 5,000 delta 1,000
real 5,000 => predicted 5,000 delta 0,000
real 4,000 => predicted 3,303 delta 0,697
real 5,000 => predicted 3,732 delta 1,268
real 5,000 => predicted 3,401 delta 1,599
real 4,000 => predicted 3,817 delta 0,183
real 4,000 => predicted 2,150 delta 1,850
real 4,000 => predicted 4,046 delta 0,046
real 1,000 => predicted 1,000 delta 0,000
real 1,000 => predicted 1,419 delta 0,419
real 4,000 => predicted 3,682 delta 0,318
real 4,000 => predicted 2,311 delta 1,689
real 3,000 => predicted 1,462 delta 1,538
real 5,000 => predicted 5,000 delta 0,000
real 4,000 => predicted 5,000 delta 1,000
real 2,000 => predicted 1,948 delta 0,052
real 4,000 => predicted 4,208 delta 0,208
real 3,000 => predicted 4,217 delta 1,217
real 2,000 => predicted 4,706 delta 2,706
real 5,000 => predicted 4,419 delta 0,581
real 2,000 => predicted 4,453 delta 2,453
real 4,000 => predicted 4,359 delta 0,359
real 2,000 => predicted 3,065 delta 1,065
real 4,000 => predicted 5,000 delta 1,000
real 2,000 => predicted 2,537 delta 0,537
real 2,000 => predicted 3,692 delta 1,692
real 4,000 => predicted 3,385 delta 0,615
real 4,000 => predicted 4,704 delta 0,704
real 5,000 => predicted 4,974 delta 0,026
real 5,000 => predicted 3,852 delta 1,148
real 3,000 => predicted 4,622 delta 1,622
real 5,000 => predicted 3,771 delta 1,229
real 4,000 => predicted 3,228 delta 0,772
real 2,000 => predicted 1,042 delta 0,958
real 4,000 => predicted 2,089 delta 1,911
real 4,000 => predicted 5,000 delta 1,000
real 4,000 => predicted 3,082 delta 0,918
real 3,000 => predicted 2,263 delta 0,737
real 3,000 => predicted 4,840 delta 1,840
real 1,000 => predicted 1,165 delta 0,165
real 5,000 => predicted 5,000 delta 0,000
real 5,000 => predicted 5,000 delta 0,000
real 5,000 => predicted 3,004 delta 1,996
real 2,000 => predicted 3,096 delta 1,096
real 5,000 => predicted 3,383 delta 1,617
real 5,000 => predicted 4,392 delta 0,608
real 1,000 => predicted 1,302 delta 0,302
real 3,000 => predicted 2,900 delta 0,100
real 4,000 => predicted 4,604 delta 0,604
real 5,000 => predicted 3,869 delta 1,131
real 3,000 => predicted 3,046 delta 0,046
real 5,000 => predicted 4,551 delta 0,449
real 3,000 => predicted 2,976 delta 0,024
real 3,000 => predicted 3,091 delta 0,091
real 2,000 => predicted 3,171 delta 1,171
real 5,000 => predicted 5,000 delta 0,000
real 4,000 => predicted 2,888 delta 1,112
real 4,000 => predicted 2,777 delta 1,223
real 4,000 => predicted 3,998 delta 0,002
real 4,000 => predicted 3,784 delta 0,216
real 1,000 => predicted 1,000 delta 0,000
real 5,000 => predicted 3,460 delta 1,540
real 4,000 => predicted 4,290 delta 0,290
real 3,000 => predicted 3,506 delta 0,506
real 4,000 => predicted 5,000 delta 1,000
real 3,000 => predicted 3,505 delta 0,505
real 3,000 => predicted 1,362 delta 1,638
real 3,000 => predicted 3,479 delta 0,479
real 2,000 => predicted 2,768 delta 0,768
real 3,000 => predicted 4,455 delta 1,455
real 5,000 => predicted 5,000 delta 0,000
real 5,000 => predicted 3,809 delta 1,191
real 5,000 => predicted 1,377 delta 3,623
real 2,000 => predicted 4,547 delta 2,547
real 2,000 => predicted 2,864 delta 0,864
real 5,000 => predicted 4,696 delta 0,304
real 1,000 => predicted 2,184 delta 1,184
real 4,000 => predicted 2,039 delta 1,961
real 4,000 => predicted 4,854 delta 0,854
real 3,000 => predicted 3,692 delta 0,692
real 3,000 => predicted 2,205 delta 0,795
real 4,000 => predicted 2,355 delta 1,645
real 1,000 => predicted 4,343 delta 3,343
real 3,000 => predicted 3,251 delta 0,251
real 5,000 => predicted 2,920 delta 2,080
real 3,000 => predicted 1,198 delta 1,802
real 1,000 => predicted 3,917 delta 2,917
real 2,000 => predicted 3,495 delta 1,495
real 5,000 => predicted 5,000 delta 0,000
real 2,000 => predicted 3,462 delta 1,462
real 3,000 => predicted 4,482 delta 1,482
model meanRating 3,330 baseline RMSE 1,293 model RMSE 1,250
model improves the baseline by 3,291 percents
accuracy = 0,086

Process finished with exit code 0
