"C:\Program Files\Java\jdk1.8.0_144\bin\java" -Didea.launcher.port=7541 "-Didea.launcher.bin.path=C:\Program Files (x86)\JetBrains\IntelliJ IDEA 2016.2.4\bin" -Dfile.encoding=UTF-8 -classpath "C:\Program Files\Java\jdk1.8.0_144\jre\lib\charsets.jar;C:\Program Files\Java\jdk1.8.0_144\jre\lib\deploy.jar;C:\Program Files\Java\jdk1.8.0_144\jre\lib\ext\access-bridge-64.jar;C:\Program Files\Java\jdk1.8.0_144\jre\lib\ext\cldrdata.jar;C:\Program Files\Java\jdk1.8.0_144\jre\lib\ext\dnsns.jar;C:\Program Files\Java\jdk1.8.0_144\jre\lib\ext\jaccess.jar;C:\Program Files\Java\jdk1.8.0_144\jre\lib\ext\jfxrt.jar;C:\Program Files\Java\jdk1.8.0_144\jre\lib\ext\localedata.jar;C:\Program Files\Java\jdk1.8.0_144\jre\lib\ext\nashorn.jar;C:\Program Files\Java\jdk1.8.0_144\jre\lib\ext\sunec.jar;C:\Program Files\Java\jdk1.8.0_144\jre\lib\ext\sunjce_provider.jar;C:\Program Files\Java\jdk1.8.0_144\jre\lib\ext\sunmscapi.jar;C:\Program Files\Java\jdk1.8.0_144\jre\lib\ext\sunpkcs11.jar;C:\Program Files\Java\jdk1.8.0_144\jre\lib\ext\zipfs.jar;C:\Program Files\Java\jdk1.8.0_144\jre\lib\javaws.jar;C:\Program Files\Java\jdk1.8.0_144\jre\lib\jce.jar;C:\Program Files\Java\jdk1.8.0_144\jre\lib\jfr.jar;C:\Program Files\Java\jdk1.8.0_144\jre\lib\jfxswt.jar;C:\Program Files\Java\jdk1.8.0_144\jre\lib\jsse.jar;C:\Program Files\Java\jdk1.8.0_144\jre\lib\management-agent.jar;C:\Program Files\Java\jdk1.8.0_144\jre\lib\plugin.jar;C:\Program Files\Java\jdk1.8.0_144\jre\lib\resources.jar;C:\Program Files\Java\jdk1.8.0_144\jre\lib\rt.jar;C:\java\Recommender\target\classes;C:\Users\admin\.m2\repository\org\scala-lang\scala-library\2.11.11\scala-library-2.11.11.jar;C:\Users\admin\.m2\repository\org\scala-lang\scala-reflect\2.11.11\scala-reflect-2.11.11.jar;C:\Users\admin\.m2\repository\org\apache\spark\spark-core_2.11\2.2.1\spark-core_2.11-2.2.1.jar;C:\Users\admin\.m2\repository\org\apache\avro\avro\1.7.7\avro-1.7.7.jar;C:\Users\admin\.m2\repository\org\codehaus\jackson\jackson-core-asl\1.9.13\jackson-core-asl-1.9.13.jar;C:\Users\admin\.m2\repository\org\codehaus\jackson\jackson-mapper-asl\1.9.13\jackson-mapper-asl-1.9.13.jar;C:\Users\admin\.m2\repository\com\thoughtworks\paranamer\paranamer\2.3\paranamer-2.3.jar;C:\Users\admin\.m2\repository\org\apache\commons\commons-compress\1.4.1\commons-compress-1.4.1.jar;C:\Users\admin\.m2\repository\org\tukaani\xz\1.0\xz-1.0.jar;C:\Users\admin\.m2\repository\org\apache\avro\avro-mapred\1.7.7\avro-mapred-1.7.7-hadoop2.jar;C:\Users\admin\.m2\repository\org\apache\avro\avro-ipc\1.7.7\avro-ipc-1.7.7.jar;C:\Users\admin\.m2\repository\org\apache\avro\avro-ipc\1.7.7\avro-ipc-1.7.7-tests.jar;C:\Users\admin\.m2\repository\com\twitter\chill_2.11\0.8.0\chill_2.11-0.8.0.jar;C:\Users\admin\.m2\repository\com\esotericsoftware\kryo-shaded\3.0.3\kryo-shaded-3.0.3.jar;C:\Users\admin\.m2\repository\com\esotericsoftware\minlog\1.3.0\minlog-1.3.0.jar;C:\Users\admin\.m2\repository\org\objenesis\objenesis\2.1\objenesis-2.1.jar;C:\Users\admin\.m2\repository\com\twitter\chill-java\0.8.0\chill-java-0.8.0.jar;C:\Users\admin\.m2\repository\org\apache\xbean\xbean-asm5-shaded\4.4\xbean-asm5-shaded-4.4.jar;C:\Users\admin\.m2\repository\org\apache\hadoop\hadoop-client\2.6.5\hadoop-client-2.6.5.jar;C:\Users\admin\.m2\repository\org\apache\hadoop\hadoop-common\2.6.5\hadoop-common-2.6.5.jar;C:\Users\admin\.m2\repository\commons-cli\commons-cli\1.2\commons-cli-1.2.jar;C:\Users\admin\.m2\repository\xmlenc\xmlenc\0.52\xmlenc-0.52.jar;C:\Users\admin\.m2\repository\commons-httpclient\commons-httpclient\3.1\commons-httpclient-3.1.jar;C:\Users\admin\.m2\repository\commons-io\commons-io\2.4\commons-io-2.4.jar;C:\Users\admin\.m2\repository\commons-collections\commons-collections\3.2.2\commons-collections-3.2.2.jar;C:\Users\admin\.m2\repository\commons-lang\commons-lang\2.6\commons-lang-2.6.jar;C:\Users\admin\.m2\repository\commons-configuration\commons-configuration\1.6\commons-configuration-1.6.jar;C:\Users\admin\.m2\repository\commons-digester\commons-digester\1.8\commons-digester-1.8.jar;C:\Users\admin\.m2\repository\commons-beanutils\commons-beanutils\1.7.0\commons-beanutils-1.7.0.jar;C:\Users\admin\.m2\repository\commons-beanutils\commons-beanutils-core\1.8.0\commons-beanutils-core-1.8.0.jar;C:\Users\admin\.m2\repository\com\google\protobuf\protobuf-java\2.5.0\protobuf-java-2.5.0.jar;C:\Users\admin\.m2\repository\com\google\code\gson\gson\2.2.4\gson-2.2.4.jar;C:\Users\admin\.m2\repository\org\apache\hadoop\hadoop-auth\2.6.5\hadoop-auth-2.6.5.jar;C:\Users\admin\.m2\repository\org\apache\directory\server\apacheds-kerberos-codec\2.0.0-M15\apacheds-kerberos-codec-2.0.0-M15.jar;C:\Users\admin\.m2\repository\org\apache\directory\server\apacheds-i18n\2.0.0-M15\apacheds-i18n-2.0.0-M15.jar;C:\Users\admin\.m2\repository\org\apache\directory\api\api-asn1-api\1.0.0-M20\api-asn1-api-1.0.0-M20.jar;C:\Users\admin\.m2\repository\org\apache\directory\api\api-util\1.0.0-M20\api-util-1.0.0-M20.jar;C:\Users\admin\.m2\repository\org\apache\curator\curator-client\2.6.0\curator-client-2.6.0.jar;C:\Users\admin\.m2\repository\org\htrace\htrace-core\3.0.4\htrace-core-3.0.4.jar;C:\Users\admin\.m2\repository\org\apache\hadoop\hadoop-hdfs\2.6.5\hadoop-hdfs-2.6.5.jar;C:\Users\admin\.m2\repository\org\mortbay\jetty\jetty-util\6.1.26\jetty-util-6.1.26.jar;C:\Users\admin\.m2\repository\xerces\xercesImpl\2.9.1\xercesImpl-2.9.1.jar;C:\Users\admin\.m2\repository\xml-apis\xml-apis\1.3.04\xml-apis-1.3.04.jar;C:\Users\admin\.m2\repository\org\apache\hadoop\hadoop-mapreduce-client-app\2.6.5\hadoop-mapreduce-client-app-2.6.5.jar;C:\Users\admin\.m2\repository\org\apache\hadoop\hadoop-mapreduce-client-common\2.6.5\hadoop-mapreduce-client-common-2.6.5.jar;C:\Users\admin\.m2\repository\org\apache\hadoop\hadoop-yarn-client\2.6.5\hadoop-yarn-client-2.6.5.jar;C:\Users\admin\.m2\repository\org\apache\hadoop\hadoop-yarn-server-common\2.6.5\hadoop-yarn-server-common-2.6.5.jar;C:\Users\admin\.m2\repository\org\apache\hadoop\hadoop-mapreduce-client-shuffle\2.6.5\hadoop-mapreduce-client-shuffle-2.6.5.jar;C:\Users\admin\.m2\repository\org\apache\hadoop\hadoop-yarn-api\2.6.5\hadoop-yarn-api-2.6.5.jar;C:\Users\admin\.m2\repository\org\apache\hadoop\hadoop-mapreduce-client-core\2.6.5\hadoop-mapreduce-client-core-2.6.5.jar;C:\Users\admin\.m2\repository\org\apache\hadoop\hadoop-yarn-common\2.6.5\hadoop-yarn-common-2.6.5.jar;C:\Users\admin\.m2\repository\javax\xml\bind\jaxb-api\2.2.2\jaxb-api-2.2.2.jar;C:\Users\admin\.m2\repository\javax\xml\stream\stax-api\1.0-2\stax-api-1.0-2.jar;C:\Users\admin\.m2\repository\org\codehaus\jackson\jackson-jaxrs\1.9.13\jackson-jaxrs-1.9.13.jar;C:\Users\admin\.m2\repository\org\codehaus\jackson\jackson-xc\1.9.13\jackson-xc-1.9.13.jar;C:\Users\admin\.m2\repository\org\apache\hadoop\hadoop-mapreduce-client-jobclient\2.6.5\hadoop-mapreduce-client-jobclient-2.6.5.jar;C:\Users\admin\.m2\repository\org\apache\hadoop\hadoop-annotations\2.6.5\hadoop-annotations-2.6.5.jar;C:\Users\admin\.m2\repository\org\apache\spark\spark-launcher_2.11\2.2.1\spark-launcher_2.11-2.2.1.jar;C:\Users\admin\.m2\repository\org\apache\spark\spark-network-common_2.11\2.2.1\spark-network-common_2.11-2.2.1.jar;C:\Users\admin\.m2\repository\org\fusesource\leveldbjni\leveldbjni-all\1.8\leveldbjni-all-1.8.jar;C:\Users\admin\.m2\repository\com\fasterxml\jackson\core\jackson-annotations\2.6.5\jackson-annotations-2.6.5.jar;C:\Users\admin\.m2\repository\org\apache\spark\spark-network-shuffle_2.11\2.2.1\spark-network-shuffle_2.11-2.2.1.jar;C:\Users\admin\.m2\repository\org\apache\spark\spark-unsafe_2.11\2.2.1\spark-unsafe_2.11-2.2.1.jar;C:\Users\admin\.m2\repository\net\java\dev\jets3t\jets3t\0.9.3\jets3t-0.9.3.jar;C:\Users\admin\.m2\repository\org\apache\httpcomponents\httpcore\4.3.3\httpcore-4.3.3.jar;C:\Users\admin\.m2\repository\org\apache\httpcomponents\httpclient\4.3.6\httpclient-4.3.6.jar;C:\Users\admin\.m2\repository\commons-codec\commons-codec\1.8\commons-codec-1.8.jar;C:\Users\admin\.m2\repository\javax\activation\activation\1.1.1\activation-1.1.1.jar;C:\Users\admin\.m2\repository\mx4j\mx4j\3.0.2\mx4j-3.0.2.jar;C:\Users\admin\.m2\repository\javax\mail\mail\1.4.7\mail-1.4.7.jar;C:\Users\admin\.m2\repository\org\bouncycastle\bcprov-jdk15on\1.51\bcprov-jdk15on-1.51.jar;C:\Users\admin\.m2\repository\com\jamesmurty\utils\java-xmlbuilder\1.0\java-xmlbuilder-1.0.jar;C:\Users\admin\.m2\repository\net\iharder\base64\2.3.8\base64-2.3.8.jar;C:\Users\admin\.m2\repository\org\apache\curator\curator-recipes\2.6.0\curator-recipes-2.6.0.jar;C:\Users\admin\.m2\repository\org\apache\curator\curator-framework\2.6.0\curator-framework-2.6.0.jar;C:\Users\admin\.m2\repository\org\apache\zookeeper\zookeeper\3.4.6\zookeeper-3.4.6.jar;C:\Users\admin\.m2\repository\com\google\guava\guava\16.0.1\guava-16.0.1.jar;C:\Users\admin\.m2\repository\javax\servlet\javax.servlet-api\3.1.0\javax.servlet-api-3.1.0.jar;C:\Users\admin\.m2\repository\org\apache\commons\commons-lang3\3.5\commons-lang3-3.5.jar;C:\Users\admin\.m2\repository\org\apache\commons\commons-math3\3.4.1\commons-math3-3.4.1.jar;C:\Users\admin\.m2\repository\com\google\code\findbugs\jsr305\1.3.9\jsr305-1.3.9.jar;C:\Users\admin\.m2\repository\org\slf4j\slf4j-api\1.7.16\slf4j-api-1.7.16.jar;C:\Users\admin\.m2\repository\org\slf4j\jul-to-slf4j\1.7.16\jul-to-slf4j-1.7.16.jar;C:\Users\admin\.m2\repository\org\slf4j\jcl-over-slf4j\1.7.16\jcl-over-slf4j-1.7.16.jar;C:\Users\admin\.m2\repository\log4j\log4j\1.2.17\log4j-1.2.17.jar;C:\Users\admin\.m2\repository\org\slf4j\slf4j-log4j12\1.7.16\slf4j-log4j12-1.7.16.jar;C:\Users\admin\.m2\repository\com\ning\compress-lzf\1.0.3\compress-lzf-1.0.3.jar;C:\Users\admin\.m2\repository\org\xerial\snappy\snappy-java\1.1.2.6\snappy-java-1.1.2.6.jar;C:\Users\admin\.m2\repository\net\jpountz\lz4\lz4\1.3.0\lz4-1.3.0.jar;C:\Users\admin\.m2\repository\org\roaringbitmap\RoaringBitmap\0.5.11\RoaringBitmap-0.5.11.jar;C:\Users\admin\.m2\repository\commons-net\commons-net\2.2\commons-net-2.2.jar;C:\Users\admin\.m2\repository\org\json4s\json4s-jackson_2.11\3.2.11\json4s-jackson_2.11-3.2.11.jar;C:\Users\admin\.m2\repository\org\json4s\json4s-core_2.11\3.2.11\json4s-core_2.11-3.2.11.jar;C:\Users\admin\.m2\repository\org\json4s\json4s-ast_2.11\3.2.11\json4s-ast_2.11-3.2.11.jar;C:\Users\admin\.m2\repository\org\scala-lang\scalap\2.11.0\scalap-2.11.0.jar;C:\Users\admin\.m2\repository\org\scala-lang\scala-compiler\2.11.0\scala-compiler-2.11.0.jar;C:\Users\admin\.m2\repository\org\scala-lang\modules\scala-xml_2.11\1.0.1\scala-xml_2.11-1.0.1.jar;C:\Users\admin\.m2\repository\org\scala-lang\modules\scala-parser-combinators_2.11\1.0.1\scala-parser-combinators_2.11-1.0.1.jar;C:\Users\admin\.m2\repository\org\glassfish\jersey\core\jersey-client\2.22.2\jersey-client-2.22.2.jar;C:\Users\admin\.m2\repository\javax\ws\rs\javax.ws.rs-api\2.0.1\javax.ws.rs-api-2.0.1.jar;C:\Users\admin\.m2\repository\org\glassfish\hk2\hk2-api\2.4.0-b34\hk2-api-2.4.0-b34.jar;C:\Users\admin\.m2\repository\org\glassfish\hk2\hk2-utils\2.4.0-b34\hk2-utils-2.4.0-b34.jar;C:\Users\admin\.m2\repository\org\glassfish\hk2\external\aopalliance-repackaged\2.4.0-b34\aopalliance-repackaged-2.4.0-b34.jar;C:\Users\admin\.m2\repository\org\glassfish\hk2\external\javax.inject\2.4.0-b34\javax.inject-2.4.0-b34.jar;C:\Users\admin\.m2\repository\org\glassfish\hk2\hk2-locator\2.4.0-b34\hk2-locator-2.4.0-b34.jar;C:\Users\admin\.m2\repository\org\javassist\javassist\3.18.1-GA\javassist-3.18.1-GA.jar;C:\Users\admin\.m2\repository\org\glassfish\jersey\core\jersey-common\2.22.2\jersey-common-2.22.2.jar;C:\Users\admin\.m2\repository\javax\annotation\javax.annotation-api\1.2\javax.annotation-api-1.2.jar;C:\Users\admin\.m2\repository\org\glassfish\jersey\bundles\repackaged\jersey-guava\2.22.2\jersey-guava-2.22.2.jar;C:\Users\admin\.m2\repository\org\glassfish\hk2\osgi-resource-locator\1.0.1\osgi-resource-locator-1.0.1.jar;C:\Users\admin\.m2\repository\org\glassfish\jersey\core\jersey-server\2.22.2\jersey-server-2.22.2.jar;C:\Users\admin\.m2\repository\org\glassfish\jersey\media\jersey-media-jaxb\2.22.2\jersey-media-jaxb-2.22.2.jar;C:\Users\admin\.m2\repository\javax\validation\validation-api\1.1.0.Final\validation-api-1.1.0.Final.jar;C:\Users\admin\.m2\repository\org\glassfish\jersey\containers\jersey-container-servlet\2.22.2\jersey-container-servlet-2.22.2.jar;C:\Users\admin\.m2\repository\org\glassfish\jersey\containers\jersey-container-servlet-core\2.22.2\jersey-container-servlet-core-2.22.2.jar;C:\Users\admin\.m2\repository\io\netty\netty-all\4.0.43.Final\netty-all-4.0.43.Final.jar;C:\Users\admin\.m2\repository\io\netty\netty\3.9.9.Final\netty-3.9.9.Final.jar;C:\Users\admin\.m2\repository\com\clearspring\analytics\stream\2.7.0\stream-2.7.0.jar;C:\Users\admin\.m2\repository\io\dropwizard\metrics\metrics-core\3.1.2\metrics-core-3.1.2.jar;C:\Users\admin\.m2\repository\io\dropwizard\metrics\metrics-jvm\3.1.2\metrics-jvm-3.1.2.jar;C:\Users\admin\.m2\repository\io\dropwizard\metrics\metrics-json\3.1.2\metrics-json-3.1.2.jar;C:\Users\admin\.m2\repository\io\dropwizard\metrics\metrics-graphite\3.1.2\metrics-graphite-3.1.2.jar;C:\Users\admin\.m2\repository\com\fasterxml\jackson\core\jackson-databind\2.6.5\jackson-databind-2.6.5.jar;C:\Users\admin\.m2\repository\com\fasterxml\jackson\core\jackson-core\2.6.5\jackson-core-2.6.5.jar;C:\Users\admin\.m2\repository\com\fasterxml\jackson\module\jackson-module-scala_2.11\2.6.5\jackson-module-scala_2.11-2.6.5.jar;C:\Users\admin\.m2\repository\org\scala-lang\scala-reflect\2.11.7\scala-reflect-2.11.7.jar;C:\Users\admin\.m2\repository\com\fasterxml\jackson\module\jackson-module-paranamer\2.6.5\jackson-module-paranamer-2.6.5.jar;C:\Users\admin\.m2\repository\org\apache\ivy\ivy\2.4.0\ivy-2.4.0.jar;C:\Users\admin\.m2\repository\oro\oro\2.0.8\oro-2.0.8.jar;C:\Users\admin\.m2\repository\net\razorvine\pyrolite\4.13\pyrolite-4.13.jar;C:\Users\admin\.m2\repository\net\sf\py4j\py4j\0.10.4\py4j-0.10.4.jar;C:\Users\admin\.m2\repository\org\apache\spark\spark-tags_2.11\2.2.1\spark-tags_2.11-2.2.1.jar;C:\Users\admin\.m2\repository\org\apache\commons\commons-crypto\1.0.0\commons-crypto-1.0.0.jar;C:\Users\admin\.m2\repository\org\spark-project\spark\unused\1.0.0\unused-1.0.0.jar;C:\Users\admin\.m2\repository\org\apache\spark\spark-mllib_2.11\2.2.1\spark-mllib_2.11-2.2.1.jar;C:\Users\admin\.m2\repository\org\apache\spark\spark-streaming_2.11\2.2.1\spark-streaming_2.11-2.2.1.jar;C:\Users\admin\.m2\repository\org\apache\spark\spark-sql_2.11\2.2.1\spark-sql_2.11-2.2.1.jar;C:\Users\admin\.m2\repository\com\univocity\univocity-parsers\2.2.1\univocity-parsers-2.2.1.jar;C:\Users\admin\.m2\repository\org\apache\spark\spark-sketch_2.11\2.2.1\spark-sketch_2.11-2.2.1.jar;C:\Users\admin\.m2\repository\org\apache\spark\spark-catalyst_2.11\2.2.1\spark-catalyst_2.11-2.2.1.jar;C:\Users\admin\.m2\repository\org\codehaus\janino\janino\3.0.0\janino-3.0.0.jar;C:\Users\admin\.m2\repository\org\codehaus\janino\commons-compiler\3.0.0\commons-compiler-3.0.0.jar;C:\Users\admin\.m2\repository\org\antlr\antlr4-runtime\4.5.3\antlr4-runtime-4.5.3.jar;C:\Users\admin\.m2\repository\org\apache\parquet\parquet-column\1.8.2\parquet-column-1.8.2.jar;C:\Users\admin\.m2\repository\org\apache\parquet\parquet-common\1.8.2\parquet-common-1.8.2.jar;C:\Users\admin\.m2\repository\org\apache\parquet\parquet-encoding\1.8.2\parquet-encoding-1.8.2.jar;C:\Users\admin\.m2\repository\org\apache\parquet\parquet-hadoop\1.8.2\parquet-hadoop-1.8.2.jar;C:\Users\admin\.m2\repository\org\apache\parquet\parquet-format\2.3.1\parquet-format-2.3.1.jar;C:\Users\admin\.m2\repository\org\apache\parquet\parquet-jackson\1.8.2\parquet-jackson-1.8.2.jar;C:\Users\admin\.m2\repository\org\apache\spark\spark-graphx_2.11\2.2.1\spark-graphx_2.11-2.2.1.jar;C:\Users\admin\.m2\repository\com\github\fommil\netlib\core\1.1.2\core-1.1.2.jar;C:\Users\admin\.m2\repository\net\sourceforge\f2j\arpack_combined_all\0.1\arpack_combined_all-0.1.jar;C:\Users\admin\.m2\repository\org\apache\spark\spark-mllib-local_2.11\2.2.1\spark-mllib-local_2.11-2.2.1.jar;C:\Users\admin\.m2\repository\org\scalanlp\breeze_2.11\0.13.2\breeze_2.11-0.13.2.jar;C:\Users\admin\.m2\repository\org\scalanlp\breeze-macros_2.11\0.13.2\breeze-macros_2.11-0.13.2.jar;C:\Users\admin\.m2\repository\net\sf\opencsv\opencsv\2.3\opencsv-2.3.jar;C:\Users\admin\.m2\repository\com\github\rwl\jtransforms\2.4.0\jtransforms-2.4.0.jar;C:\Users\admin\.m2\repository\org\spire-math\spire_2.11\0.13.0\spire_2.11-0.13.0.jar;C:\Users\admin\.m2\repository\org\spire-math\spire-macros_2.11\0.13.0\spire-macros_2.11-0.13.0.jar;C:\Users\admin\.m2\repository\org\typelevel\machinist_2.11\0.6.1\machinist_2.11-0.6.1.jar;C:\Users\admin\.m2\repository\com\chuusai\shapeless_2.11\2.3.2\shapeless_2.11-2.3.2.jar;C:\Users\admin\.m2\repository\org\typelevel\macro-compat_2.11\1.1.1\macro-compat_2.11-1.1.1.jar;C:\Users\admin\.m2\repository\org\jpmml\pmml-model\1.2.15\pmml-model-1.2.15.jar;C:\Users\admin\.m2\repository\org\jpmml\pmml-schema\1.2.15\pmml-schema-1.2.15.jar;C:\Program Files (x86)\JetBrains\IntelliJ IDEA 2016.2.4\lib\idea_rt.jar" com.intellij.rt.execution.application.AppMain recommender.TestFM
(0.75,(186,[82,131,176,181,184],[1.0,1.0,1.0,1.0,1.0]))
(0.5,(186,[38,132,178,179,183],[1.0,1.0,1.0,1.0,1.0]))
(0.75,(186,[37,120,177,179,183],[1.0,1.0,1.0,1.0,1.0]))
(0.5,(186,[39,136,177,178,179,180,182,183],[1.0,1.0,1.0,1.0,1.0,1.0,1.0,1.0]))
(0.0,(186,[94,140,176,177,178,179,180,181,183,184,185],[1.0,1.0,1.0,1.0,1.0,1.0,1.0,1.0,1.0,1.0,1.0]))
(0.25,(186,[3,120,176,181,184],[1.0,1.0,1.0,1.0,1.0]))
(0.75,(186,[25,109,176,178,180,181,184,185],[1.0,1.0,1.0,1.0,1.0,1.0,1.0,1.0]))
(1.0,(186,[70,105,177,179,185],[1.0,1.0,1.0,1.0,1.0]))
(1.0,(186,[76,130,176,181,184],[1.0,1.0,1.0,1.0,1.0]))
(1.0,(186,[76,152,176,181,184],[1.0,1.0,1.0,1.0,1.0]))
Training: 2183, test: 579
training sample
(0.75,(186,[82,131,176,181,184],[1.0,1.0,1.0,1.0,1.0]))
(0.5,(186,[38,132,178,179,183],[1.0,1.0,1.0,1.0,1.0]))
(0.75,(186,[37,120,177,179,183],[1.0,1.0,1.0,1.0,1.0]))
(0.5,(186,[39,136,177,178,179,180,182,183],[1.0,1.0,1.0,1.0,1.0,1.0,1.0,1.0]))
(0.25,(186,[3,120,176,181,184],[1.0,1.0,1.0,1.0,1.0]))
(0.75,(186,[25,109,176,178,180,181,184,185],[1.0,1.0,1.0,1.0,1.0,1.0,1.0,1.0]))
(1.0,(186,[70,105,177,179,185],[1.0,1.0,1.0,1.0,1.0]))
(1.0,(186,[76,130,176,181,184],[1.0,1.0,1.0,1.0,1.0]))
(1.0,(186,[76,152,176,181,184],[1.0,1.0,1.0,1.0,1.0]))
(0.5,(186,[1,128,176,177,180,181,183,184,185],[1.0,1.0,1.0,1.0,1.0,1.0,1.0,1.0,1.0]))
test sample
(186,[94,140,176,177,178,179,180,181,183,184,185],[1.0,1.0,1.0,1.0,1.0,1.0,1.0,1.0,1.0,1.0,1.0])
(186,[89,171,176,177,178,179,180,181,183,184,185],[1.0,1.0,1.0,1.0,1.0,1.0,1.0,1.0,1.0,1.0,1.0])
(186,[3,147,176,181,184],[1.0,1.0,1.0,1.0,1.0])
(186,[63,142,176,178,180,181,183,184],[1.0,1.0,1.0,1.0,1.0,1.0,1.0,1.0])
(186,[24,172,177,180,185],[1.0,1.0,1.0,1.0,1.0])
(186,[47,150,176,177,178,179,180,181,182,183,184],[1.0,1.0,1.0,1.0,1.0,1.0,1.0,1.0,1.0,1.0,1.0])
(186,[43,130,176,178,179,180,181,182,184],[1.0,1.0,1.0,1.0,1.0,1.0,1.0,1.0,1.0])
(186,[42,133,177,178,180,183],[1.0,1.0,1.0,1.0,1.0,1.0])
(186,[91,144,177,178,179,185],[1.0,1.0,1.0,1.0,1.0,1.0])
(186,[71,120,176,178,180,181,184,185],[1.0,1.0,1.0,1.0,1.0,1.0,1.0,1.0])
validate: real rating => predicted rating
real 0,000 => predicted 0,140 delta 0,140
real 0,750 => predicted 0,715 delta 0,035
real 0,000 => predicted 0,191 delta 0,191
real 0,750 => predicted 0,765 delta 0,015
real 0,250 => predicted 0,543 delta 0,293
real 0,000 => predicted 0,173 delta 0,173
real 0,750 => predicted 0,743 delta 0,007
real 1,000 => predicted 0,805 delta 0,195
real 0,750 => predicted 0,754 delta 0,004
real 0,250 => predicted 0,430 delta 0,180
real 0,500 => predicted 0,702 delta 0,202
real 0,000 => predicted 0,643 delta 0,643
real 0,500 => predicted 0,552 delta 0,052
real 0,250 => predicted 0,952 delta 0,702
real 0,750 => predicted 0,480 delta 0,270
real 0,500 => predicted 0,605 delta 0,105
real 1,000 => predicted 0,801 delta 0,199
real 0,000 => predicted 0,128 delta 0,128
real 0,500 => predicted 0,282 delta 0,218
real 1,000 => predicted 0,261 delta 0,739
real 0,250 => predicted 0,761 delta 0,511
real 0,250 => predicted 0,000 delta 0,250
real 0,500 => predicted 0,752 delta 0,252
real 0,500 => predicted 0,671 delta 0,171
real 0,500 => predicted 0,725 delta 0,225
real 0,000 => predicted 0,065 delta 0,065
real 0,750 => predicted 0,708 delta 0,042
real 0,500 => predicted 0,462 delta 0,038
real 0,500 => predicted 0,679 delta 0,179
real 0,750 => predicted 0,864 delta 0,114
real 0,000 => predicted 0,299 delta 0,299
real 1,000 => predicted 0,590 delta 0,410
real 0,750 => predicted 0,522 delta 0,228
real 0,500 => predicted 0,254 delta 0,246
real 0,750 => predicted 0,367 delta 0,383
real 0,000 => predicted 0,371 delta 0,371
real 0,000 => predicted 0,055 delta 0,055
real 0,250 => predicted 0,000 delta 0,250
real 1,000 => predicted 1,000 delta 0,000
real 0,750 => predicted 0,942 delta 0,192
real 0,250 => predicted 0,346 delta 0,096
real 0,500 => predicted 0,920 delta 0,420
real 1,000 => predicted 0,691 delta 0,309
real 1,000 => predicted 0,691 delta 0,309
real 0,750 => predicted 0,825 delta 0,075
real 1,000 => predicted 0,873 delta 0,127
real 0,250 => predicted 0,522 delta 0,272
real 0,000 => predicted 0,497 delta 0,497
real 0,000 => predicted 0,499 delta 0,499
real 1,000 => predicted 0,455 delta 0,545
real 0,500 => predicted 0,479 delta 0,021
real 0,000 => predicted 0,868 delta 0,868
real 1,000 => predicted 0,792 delta 0,208
real 0,250 => predicted 0,511 delta 0,261
real 0,500 => predicted 0,526 delta 0,026
real 0,750 => predicted 1,000 delta 0,250
real 0,500 => predicted 0,539 delta 0,039
real 0,500 => predicted 0,991 delta 0,491
real 1,000 => predicted 0,075 delta 0,925
real 0,500 => predicted 0,515 delta 0,015
real 0,250 => predicted 0,482 delta 0,232
real 0,500 => predicted 0,658 delta 0,158
real 0,000 => predicted 0,771 delta 0,771
real 0,000 => predicted 0,290 delta 0,290
real 0,500 => predicted 0,518 delta 0,018
real 0,750 => predicted 0,466 delta 0,284
real 0,500 => predicted 0,764 delta 0,264
real 0,250 => predicted 0,520 delta 0,270
real 0,500 => predicted 0,206 delta 0,294
real 1,000 => predicted 0,539 delta 0,461
real 0,500 => predicted 0,788 delta 0,288
real 0,500 => predicted 0,487 delta 0,013
real 0,250 => predicted 0,310 delta 0,060
real 1,000 => predicted 0,376 delta 0,624
real 1,000 => predicted 0,753 delta 0,247
real 0,750 => predicted 0,365 delta 0,385
real 1,000 => predicted 0,820 delta 0,180
real 0,750 => predicted 0,618 delta 0,132
real 0,750 => predicted 0,750 delta 0,000
real 0,750 => predicted 0,602 delta 0,148
real 0,750 => predicted 0,852 delta 0,102
real 0,500 => predicted 0,246 delta 0,254
real 1,000 => predicted 0,695 delta 0,305
real 0,750 => predicted 0,471 delta 0,279
real 0,500 => predicted 0,654 delta 0,154
real 0,750 => predicted 0,671 delta 0,079
real 0,500 => predicted 0,211 delta 0,289
real 0,750 => predicted 0,424 delta 0,326
real 1,000 => predicted 1,000 delta 0,000
real 0,750 => predicted 0,573 delta 0,177
real 0,000 => predicted 0,355 delta 0,355
real 1,000 => predicted 1,000 delta 0,000
real 1,000 => predicted 0,570 delta 0,430
real 1,000 => predicted 0,951 delta 0,049
real 0,500 => predicted 0,737 delta 0,237
real 0,750 => predicted 0,688 delta 0,062
real 0,750 => predicted 0,732 delta 0,018
real 0,500 => predicted 0,811 delta 0,311
real 0,500 => predicted 0,631 delta 0,131
real 0,500 => predicted 0,790 delta 0,290
real 1,000 => predicted 0,841 delta 0,159
real 1,000 => predicted 0,340 delta 0,660
real 0,500 => predicted 0,592 delta 0,092
real 0,000 => predicted 0,058 delta 0,058
real 0,500 => predicted 1,000 delta 0,500
real 0,500 => predicted 0,283 delta 0,217
real 1,000 => predicted 1,000 delta 0,000
real 0,750 => predicted 0,778 delta 0,028
real 0,750 => predicted 0,692 delta 0,058
real 0,750 => predicted 0,490 delta 0,260
real 0,250 => predicted 0,050 delta 0,200
real 0,500 => predicted 0,687 delta 0,187
real 0,500 => predicted 0,693 delta 0,193
real 0,750 => predicted 0,712 delta 0,038
real 0,750 => predicted 0,759 delta 0,009
real 1,000 => predicted 0,718 delta 0,282
real 0,500 => predicted 0,696 delta 0,196
real 0,500 => predicted 0,751 delta 0,251
real 0,500 => predicted 0,599 delta 0,099
real 0,000 => predicted 0,000 delta 0,000
real 1,000 => predicted 0,940 delta 0,060
real 1,000 => predicted 0,814 delta 0,186
real 0,750 => predicted 0,617 delta 0,133
real 1,000 => predicted 1,000 delta 0,000
real 0,750 => predicted 0,896 delta 0,146
real 0,750 => predicted 0,864 delta 0,114
real 0,750 => predicted 0,532 delta 0,218
real 0,000 => predicted 0,597 delta 0,597
real 0,000 => predicted 0,514 delta 0,514
real 0,500 => predicted 0,460 delta 0,040
real 0,000 => predicted 0,628 delta 0,628
real 0,750 => predicted 0,733 delta 0,017
real 0,000 => predicted 0,164 delta 0,164
real 0,500 => predicted 0,616 delta 0,116
real 0,500 => predicted 0,413 delta 0,087
real 0,750 => predicted 0,556 delta 0,194
real 0,250 => predicted 0,838 delta 0,588
real 0,250 => predicted 0,354 delta 0,104
real 0,500 => predicted 0,680 delta 0,180
real 0,750 => predicted 0,318 delta 0,432
real 0,750 => predicted 0,975 delta 0,225
real 0,250 => predicted 0,021 delta 0,229
real 0,250 => predicted 1,000 delta 0,750
real 0,500 => predicted 0,646 delta 0,146
real 0,500 => predicted 0,759 delta 0,259
real 1,000 => predicted 0,664 delta 0,336
real 1,000 => predicted 1,000 delta 0,000
real 1,000 => predicted 1,000 delta 0,000
real 0,000 => predicted 0,596 delta 0,596
real 1,000 => predicted 1,000 delta 0,000
real 0,250 => predicted 0,274 delta 0,024
real 0,750 => predicted 1,000 delta 0,250
real 0,000 => predicted 0,626 delta 0,626
real 1,000 => predicted 1,000 delta 0,000
real 1,000 => predicted 1,000 delta 0,000
real 1,000 => predicted 0,577 delta 0,423
real 0,000 => predicted 0,254 delta 0,254
real 0,500 => predicted 0,689 delta 0,189
real 1,000 => predicted 1,000 delta 0,000
real 0,250 => predicted 0,430 delta 0,180
real 0,750 => predicted 0,541 delta 0,209
real 0,250 => predicted 0,630 delta 0,380
real 1,000 => predicted 0,912 delta 0,088
real 1,000 => predicted 0,720 delta 0,280
real 0,000 => predicted 0,103 delta 0,103
real 0,250 => predicted 0,590 delta 0,340
real 0,000 => predicted 0,594 delta 0,594
real 0,250 => predicted 0,574 delta 0,324
real 0,000 => predicted 0,807 delta 0,807
real 0,500 => predicted 0,536 delta 0,036
real 0,750 => predicted 0,740 delta 0,010
real 0,000 => predicted 0,219 delta 0,219
real 1,000 => predicted 0,548 delta 0,452
real 0,500 => predicted 0,403 delta 0,097
real 0,000 => predicted 0,789 delta 0,789
real 0,250 => predicted 0,000 delta 0,250
real 0,750 => predicted 0,679 delta 0,071
real 1,000 => predicted 0,803 delta 0,197
real 0,500 => predicted 0,587 delta 0,087
real 0,500 => predicted 0,385 delta 0,115
real 0,250 => predicted 0,167 delta 0,083
real 0,500 => predicted 0,700 delta 0,200
real 1,000 => predicted 0,825 delta 0,175
real 0,500 => predicted 0,829 delta 0,329
real 1,000 => predicted 0,379 delta 0,621
real 0,750 => predicted 0,391 delta 0,359
real 0,750 => predicted 0,740 delta 0,010
real 0,500 => predicted 0,378 delta 0,122
real 0,000 => predicted 0,493 delta 0,493
real 0,750 => predicted 0,396 delta 0,354
real 0,750 => predicted 0,951 delta 0,201
real 0,000 => predicted 0,349 delta 0,349
real 0,750 => predicted 0,600 delta 0,150
real 0,750 => predicted 0,595 delta 0,155
real 0,250 => predicted 0,343 delta 0,093
real 1,000 => predicted 0,600 delta 0,400
real 0,500 => predicted 0,475 delta 0,025
real 1,000 => predicted 0,624 delta 0,376
real 0,750 => predicted 0,582 delta 0,168
real 0,750 => predicted 0,855 delta 0,105
real 1,000 => predicted 0,833 delta 0,167
real 0,250 => predicted 0,118 delta 0,132
real 0,500 => predicted 0,643 delta 0,143
real 1,000 => predicted 1,000 delta 0,000
real 1,000 => predicted 0,688 delta 0,312
real 0,750 => predicted 0,672 delta 0,078
real 1,000 => predicted 0,700 delta 0,300
real 0,750 => predicted 0,966 delta 0,216
real 0,000 => predicted 0,203 delta 0,203
real 0,000 => predicted 0,000 delta 0,000
real 0,750 => predicted 0,790 delta 0,040
real 0,000 => predicted 0,316 delta 0,316
real 0,500 => predicted 0,819 delta 0,319
real 0,000 => predicted 0,337 delta 0,337
real 1,000 => predicted 0,562 delta 0,438
real 0,000 => predicted 0,423 delta 0,423
real 0,750 => predicted 1,000 delta 0,250
real 0,250 => predicted 0,114 delta 0,136
real 1,000 => predicted 0,695 delta 0,305
real 0,000 => predicted 0,000 delta 0,000
real 0,250 => predicted 0,529 delta 0,279
real 0,750 => predicted 0,913 delta 0,163
real 0,500 => predicted 0,389 delta 0,111
real 0,750 => predicted 0,470 delta 0,280
real 0,750 => predicted 0,815 delta 0,065
real 0,500 => predicted 0,769 delta 0,269
real 0,750 => predicted 0,417 delta 0,333
real 0,250 => predicted 0,593 delta 0,343
real 1,000 => predicted 1,000 delta 0,000
real 0,750 => predicted 0,897 delta 0,147
real 0,750 => predicted 0,686 delta 0,064
real 0,500 => predicted 0,560 delta 0,060
real 0,750 => predicted 0,394 delta 0,356
real 0,250 => predicted 0,353 delta 0,103
real 0,750 => predicted 0,821 delta 0,071
real 1,000 => predicted 0,598 delta 0,402
real 0,250 => predicted 0,605 delta 0,355
real 0,750 => predicted 0,921 delta 0,171
real 1,000 => predicted 0,999 delta 0,001
real 0,500 => predicted 0,842 delta 0,342
real 0,500 => predicted 0,773 delta 0,273
real 0,500 => predicted 0,561 delta 0,061
real 0,500 => predicted 0,247 delta 0,253
real 0,000 => predicted 0,452 delta 0,452
real 0,000 => predicted 0,000 delta 0,000
real 1,000 => predicted 1,000 delta 0,000
real 1,000 => predicted 0,593 delta 0,407
real 0,750 => predicted 0,872 delta 0,122
real 0,500 => predicted 0,686 delta 0,186
real 0,750 => predicted 0,688 delta 0,062
real 0,250 => predicted 0,662 delta 0,412
real 1,000 => predicted 1,000 delta 0,000
real 0,000 => predicted 0,000 delta 0,000
real 0,000 => predicted 0,000 delta 0,000
real 0,250 => predicted 0,727 delta 0,477
real 0,500 => predicted 0,877 delta 0,377
real 1,000 => predicted 0,802 delta 0,198
real 0,250 => predicted 0,805 delta 0,555
real 0,500 => predicted 0,736 delta 0,236
real 1,000 => predicted 0,710 delta 0,290
real 0,750 => predicted 0,653 delta 0,097
real 0,250 => predicted 0,614 delta 0,364
real 0,000 => predicted 0,766 delta 0,766
real 0,500 => predicted 0,596 delta 0,096
real 1,000 => predicted 0,913 delta 0,087
real 0,000 => predicted 0,163 delta 0,163
real 0,750 => predicted 0,681 delta 0,069
real 1,000 => predicted 0,734 delta 0,266
real 1,000 => predicted 0,451 delta 0,549
real 0,000 => predicted 0,029 delta 0,029
real 1,000 => predicted 0,642 delta 0,358
real 0,750 => predicted 0,700 delta 0,050
real 0,750 => predicted 0,637 delta 0,113
real 0,500 => predicted 0,396 delta 0,104
real 0,500 => predicted 0,636 delta 0,136
real 1,000 => predicted 0,233 delta 0,767
real 0,250 => predicted 0,084 delta 0,166
real 0,500 => predicted 0,519 delta 0,019
real 0,000 => predicted 0,114 delta 0,114
real 0,750 => predicted 0,424 delta 0,326
real 0,250 => predicted 0,718 delta 0,468
real 0,250 => predicted 0,576 delta 0,326
real 0,750 => predicted 0,298 delta 0,452
real 0,750 => predicted 0,654 delta 0,096
real 0,000 => predicted 0,569 delta 0,569
real 0,500 => predicted 0,841 delta 0,341
real 0,500 => predicted 0,754 delta 0,254
real 0,750 => predicted 0,879 delta 0,129
real 1,000 => predicted 0,429 delta 0,571
real 0,250 => predicted 0,775 delta 0,525
real 0,250 => predicted 0,776 delta 0,526
real 0,250 => predicted 0,353 delta 0,103
real 0,750 => predicted 0,731 delta 0,019
real 0,500 => predicted 0,537 delta 0,037
real 0,250 => predicted 0,319 delta 0,069
real 0,750 => predicted 0,436 delta 0,314
real 0,500 => predicted 0,711 delta 0,211
real 0,250 => predicted 0,368 delta 0,118
real 1,000 => predicted 1,000 delta 0,000
real 0,250 => predicted 0,601 delta 0,351
real 1,000 => predicted 0,752 delta 0,248
real 0,250 => predicted 0,280 delta 0,030
real 1,000 => predicted 0,880 delta 0,120
real 0,500 => predicted 0,688 delta 0,188
real 0,750 => predicted 0,964 delta 0,214
real 1,000 => predicted 0,908 delta 0,092
real 0,250 => predicted 0,820 delta 0,570
real 0,250 => predicted 0,532 delta 0,282
real 0,500 => predicted 0,522 delta 0,022
real 0,750 => predicted 0,631 delta 0,119
real 0,500 => predicted 0,629 delta 0,129
real 1,000 => predicted 0,839 delta 0,161
real 0,750 => predicted 0,503 delta 0,247
real 1,000 => predicted 0,283 delta 0,717
real 0,750 => predicted 0,986 delta 0,236
real 0,500 => predicted 0,437 delta 0,063
real 0,000 => predicted 0,000 delta 0,000
real 0,000 => predicted 0,607 delta 0,607
real 0,250 => predicted 0,464 delta 0,214
real 0,250 => predicted 0,726 delta 0,476
real 1,000 => predicted 0,581 delta 0,419
real 0,750 => predicted 0,470 delta 0,280
real 0,500 => predicted 0,604 delta 0,104
real 0,250 => predicted 0,516 delta 0,266
real 0,500 => predicted 0,466 delta 0,034
real 1,000 => predicted 1,000 delta 0,000
real 0,250 => predicted 0,837 delta 0,587
real 1,000 => predicted 0,822 delta 0,178
real 1,000 => predicted 0,835 delta 0,165
real 0,750 => predicted 0,380 delta 0,370
real 0,750 => predicted 0,787 delta 0,037
real 0,500 => predicted 0,812 delta 0,312
real 0,750 => predicted 0,800 delta 0,050
real 0,750 => predicted 0,691 delta 0,059
real 0,500 => predicted 0,628 delta 0,128
real 0,750 => predicted 0,852 delta 0,102
real 0,750 => predicted 0,522 delta 0,228
real 0,750 => predicted 0,709 delta 0,041
real 0,000 => predicted 0,000 delta 0,000
real 0,500 => predicted 1,000 delta 0,500
real 1,000 => predicted 0,716 delta 0,284
real 1,000 => predicted 0,846 delta 0,154
real 0,750 => predicted 0,749 delta 0,001
real 0,750 => predicted 0,451 delta 0,299
real 0,500 => predicted 0,396 delta 0,104
real 0,500 => predicted 0,412 delta 0,088
real 1,000 => predicted 0,519 delta 0,481
real 0,500 => predicted 0,826 delta 0,326
real 0,750 => predicted 0,813 delta 0,063
real 1,000 => predicted 0,850 delta 0,150
real 0,250 => predicted 0,294 delta 0,044
real 0,250 => predicted 0,498 delta 0,248
real 0,000 => predicted 0,000 delta 0,000
real 1,000 => predicted 1,000 delta 0,000
real 0,500 => predicted 0,352 delta 0,148
real 0,250 => predicted 0,775 delta 0,525
real 1,000 => predicted 0,470 delta 0,530
real 0,250 => predicted 0,758 delta 0,508
real 1,000 => predicted 1,000 delta 0,000
real 0,500 => predicted 0,558 delta 0,058
real 0,250 => predicted 0,385 delta 0,135
real 1,000 => predicted 0,606 delta 0,394
real 0,750 => predicted 0,555 delta 0,195
real 0,500 => predicted 0,159 delta 0,341
real 0,000 => predicted 0,167 delta 0,167
real 0,000 => predicted 0,393 delta 0,393
real 0,500 => predicted 0,270 delta 0,230
real 0,750 => predicted 0,691 delta 0,059
real 0,250 => predicted 0,920 delta 0,670
real 1,000 => predicted 0,000 delta 1,000
real 0,750 => predicted 0,889 delta 0,139
real 0,250 => predicted 0,532 delta 0,282
real 0,500 => predicted 0,709 delta 0,209
real 1,000 => predicted 0,771 delta 0,229
real 0,750 => predicted 0,138 delta 0,612
real 1,000 => predicted 0,535 delta 0,465
real 0,500 => predicted 0,452 delta 0,048
real 0,750 => predicted 0,384 delta 0,366
real 0,500 => predicted 0,922 delta 0,422
real 0,750 => predicted 0,474 delta 0,276
real 1,000 => predicted 0,712 delta 0,288
real 1,000 => predicted 0,280 delta 0,720
real 1,000 => predicted 0,410 delta 0,590
real 1,000 => predicted 0,607 delta 0,393
real 1,000 => predicted 1,000 delta 0,000
real 0,500 => predicted 0,285 delta 0,215
real 0,250 => predicted 0,354 delta 0,104
real 0,000 => predicted 0,330 delta 0,330
real 1,000 => predicted 0,977 delta 0,023
real 0,750 => predicted 1,000 delta 0,250
real 1,000 => predicted 0,325 delta 0,675
real 1,000 => predicted 0,631 delta 0,369
real 0,250 => predicted 0,271 delta 0,021
real 1,000 => predicted 0,758 delta 0,242
real 0,500 => predicted 0,546 delta 0,046
real 0,750 => predicted 0,325 delta 0,425
real 0,000 => predicted 0,000 delta 0,000
real 0,250 => predicted 0,405 delta 0,155
real 1,000 => predicted 0,496 delta 0,504
real 0,250 => predicted 0,038 delta 0,212
real 0,500 => predicted 0,518 delta 0,018
real 0,500 => predicted 0,780 delta 0,280
real 0,750 => predicted 1,000 delta 0,250
real 0,250 => predicted 0,549 delta 0,299
real 0,000 => predicted 0,874 delta 0,874
real 1,000 => predicted 0,812 delta 0,188
real 0,500 => predicted 0,821 delta 0,321
real 0,500 => predicted 0,698 delta 0,198
real 0,250 => predicted 0,422 delta 0,172
real 0,750 => predicted 0,544 delta 0,206
real 0,250 => predicted 0,686 delta 0,436
real 0,500 => predicted 0,718 delta 0,218
real 0,000 => predicted 0,000 delta 0,000
real 0,000 => predicted 0,447 delta 0,447
real 0,250 => predicted 0,171 delta 0,079
real 0,250 => predicted 0,663 delta 0,413
real 1,000 => predicted 0,762 delta 0,238
real 0,500 => predicted 0,440 delta 0,060
real 0,500 => predicted 0,680 delta 0,180
real 0,500 => predicted 0,587 delta 0,087
real 1,000 => predicted 0,454 delta 0,546
real 0,750 => predicted 0,485 delta 0,265
real 1,000 => predicted 0,901 delta 0,099
real 0,000 => predicted 0,357 delta 0,357
real 0,750 => predicted 0,523 delta 0,227
real 1,000 => predicted 0,310 delta 0,690
real 0,750 => predicted 0,585 delta 0,165
real 0,250 => predicted 0,611 delta 0,361
real 0,750 => predicted 0,769 delta 0,019
real 0,000 => predicted 0,276 delta 0,276
real 1,000 => predicted 0,477 delta 0,523
real 0,250 => predicted 0,544 delta 0,294
real 0,750 => predicted 0,842 delta 0,092
real 0,500 => predicted 0,571 delta 0,071
real 0,750 => predicted 0,409 delta 0,341
real 0,000 => predicted 0,077 delta 0,077
real 1,000 => predicted 1,000 delta 0,000
real 1,000 => predicted 1,000 delta 0,000
real 0,250 => predicted 0,548 delta 0,298
real 0,000 => predicted 0,653 delta 0,653
real 0,500 => predicted 0,619 delta 0,119
real 0,500 => predicted 0,570 delta 0,070
real 0,750 => predicted 0,407 delta 0,343
real 1,000 => predicted 0,085 delta 0,915
real 0,750 => predicted 0,933 delta 0,183
real 1,000 => predicted 1,000 delta 0,000
real 0,500 => predicted 0,246 delta 0,254
real 0,000 => predicted 0,181 delta 0,181
real 1,000 => predicted 0,915 delta 0,085
real 1,000 => predicted 1,000 delta 0,000
real 1,000 => predicted 0,698 delta 0,302
real 0,000 => predicted 0,107 delta 0,107
real 1,000 => predicted 0,801 delta 0,199
real 1,000 => predicted 0,958 delta 0,042
real 0,250 => predicted 0,431 delta 0,181
real 0,500 => predicted 0,757 delta 0,257
real 0,750 => predicted 0,707 delta 0,043
real 1,000 => predicted 1,000 delta 0,000
real 0,250 => predicted 0,567 delta 0,317
real 0,750 => predicted 0,387 delta 0,363
real 0,750 => predicted 0,894 delta 0,144
real 1,000 => predicted 0,791 delta 0,209
real 0,750 => predicted 0,706 delta 0,044
real 1,000 => predicted 0,576 delta 0,424
real 0,750 => predicted 1,000 delta 0,250
real 0,250 => predicted 0,636 delta 0,386
real 0,500 => predicted 0,558 delta 0,058
real 1,000 => predicted 0,510 delta 0,490
real 0,250 => predicted 0,276 delta 0,026
real 1,000 => predicted 0,856 delta 0,144
real 0,750 => predicted 0,802 delta 0,052
real 0,500 => predicted 0,572 delta 0,072
real 0,250 => predicted 0,183 delta 0,067
real 1,000 => predicted 0,776 delta 0,224
real 0,000 => predicted 0,000 delta 0,000
real 0,750 => predicted 0,633 delta 0,117
real 0,000 => predicted 0,740 delta 0,740
real 0,000 => predicted 0,168 delta 0,168
real 1,000 => predicted 0,551 delta 0,449
real 0,000 => predicted 0,000 delta 0,000
real 0,250 => predicted 0,374 delta 0,124
real 0,500 => predicted 0,392 delta 0,108
real 1,000 => predicted 0,989 delta 0,011
real 0,500 => predicted 0,409 delta 0,091
real 0,000 => predicted 0,375 delta 0,375
real 0,500 => predicted 0,548 delta 0,048
real 0,750 => predicted 0,355 delta 0,395
real 0,750 => predicted 0,895 delta 0,145
real 0,750 => predicted 0,774 delta 0,024
real 0,750 => predicted 0,562 delta 0,188
real 0,000 => predicted 0,297 delta 0,297
real 1,000 => predicted 0,862 delta 0,138
real 1,000 => predicted 0,747 delta 0,253
real 0,750 => predicted 0,550 delta 0,200
real 1,000 => predicted 1,000 delta 0,000
real 0,750 => predicted 0,592 delta 0,158
real 0,000 => predicted 0,218 delta 0,218
real 0,250 => predicted 0,204 delta 0,046
real 0,750 => predicted 0,833 delta 0,083
real 0,250 => predicted 0,404 delta 0,154
real 0,250 => predicted 0,514 delta 0,264
real 0,500 => predicted 0,665 delta 0,165
real 0,250 => predicted 0,541 delta 0,291
real 1,000 => predicted 0,327 delta 0,673
real 0,750 => predicted 0,276 delta 0,474
real 1,000 => predicted 1,000 delta 0,000
real 0,750 => predicted 0,683 delta 0,067
real 0,500 => predicted 0,124 delta 0,376
real 0,750 => predicted 0,977 delta 0,227
real 0,250 => predicted 0,526 delta 0,276
real 0,250 => predicted 0,457 delta 0,207
real 0,500 => predicted 0,649 delta 0,149
real 0,250 => predicted 0,830 delta 0,580
real 0,500 => predicted 0,583 delta 0,083
real 0,500 => predicted 0,783 delta 0,283
real 0,500 => predicted 0,408 delta 0,092
real 0,750 => predicted 0,473 delta 0,277
real 0,750 => predicted 0,476 delta 0,274
real 0,750 => predicted 0,487 delta 0,263
real 0,250 => predicted 0,424 delta 0,174
real 0,750 => predicted 0,693 delta 0,057
real 0,750 => predicted 0,896 delta 0,146
real 1,000 => predicted 1,000 delta 0,000
real 0,500 => predicted 0,658 delta 0,158
real 0,500 => predicted 0,598 delta 0,098
real 0,750 => predicted 1,000 delta 0,250
real 0,500 => predicted 0,430 delta 0,070
real 0,750 => predicted 0,984 delta 0,234
real 1,000 => predicted 1,000 delta 0,000
real 0,250 => predicted 0,244 delta 0,006
real 0,250 => predicted 0,229 delta 0,021
real 1,000 => predicted 0,826 delta 0,174
real 0,000 => predicted 0,059 delta 0,059
real 0,250 => predicted 0,374 delta 0,124
real 0,250 => predicted 0,466 delta 0,216
real 0,750 => predicted 0,610 delta 0,140
real 0,750 => predicted 0,803 delta 0,053
real 0,250 => predicted 0,329 delta 0,079
real 0,000 => predicted 0,000 delta 0,000
real 0,250 => predicted 0,489 delta 0,239
real 0,000 => predicted 0,235 delta 0,235
real 0,750 => predicted 0,807 delta 0,057
real 0,750 => predicted 0,741 delta 0,009
real 1,000 => predicted 0,885 delta 0,115
real 1,000 => predicted 1,000 delta 0,000
real 1,000 => predicted 0,856 delta 0,144
real 1,000 => predicted 0,530 delta 0,470
real 0,000 => predicted 0,232 delta 0,232
real 0,000 => predicted 0,077 delta 0,077
real 1,000 => predicted 1,000 delta 0,000
real 0,500 => predicted 0,287 delta 0,213
real 1,000 => predicted 0,899 delta 0,101
real 0,500 => predicted 0,451 delta 0,049
real 1,000 => predicted 0,984 delta 0,016
real 0,500 => predicted 0,213 delta 0,287
real 0,750 => predicted 0,466 delta 0,284
real 0,750 => predicted 0,775 delta 0,025
real 0,500 => predicted 0,546 delta 0,046
real 0,000 => predicted 0,283 delta 0,283
real 0,500 => predicted 0,479 delta 0,021
real 0,250 => predicted 0,411 delta 0,161
real 0,500 => predicted 0,132 delta 0,368
real 1,000 => predicted 0,512 delta 0,488
real 0,500 => predicted 0,405 delta 0,095
real 0,000 => predicted 0,482 delta 0,482
real 1,000 => predicted 1,000 delta 0,000
real 0,750 => predicted 0,783 delta 0,033
real 0,250 => predicted 0,039 delta 0,211
real 0,500 => predicted 0,000 delta 0,500
real 0,500 => predicted 0,599 delta 0,099
real 0,500 => predicted 0,761 delta 0,261
real 1,000 => predicted 0,745 delta 0,255
real 0,500 => predicted 0,625 delta 0,125
real 0,500 => predicted 0,601 delta 0,101
real 0,500 => predicted 0,430 delta 0,070
real 0,750 => predicted 0,816 delta 0,066
real 0,500 => predicted 0,512 delta 0,012
real 0,250 => predicted 0,453 delta 0,203
real 0,750 => predicted 0,660 delta 0,090
model meanRating 0,584 baseline RMSE 0,335 model RMSE 0,292
model improves the baseline by 12,608 percents
accuracy = 0,079

Process finished with exit code 0
