"C:\Program Files\Java\jdk1.8.0_144\bin\java" -Didea.launcher.port=7545 "-Didea.launcher.bin.path=C:\Program Files (x86)\JetBrains\IntelliJ IDEA 2016.2.4\bin" -Dfile.encoding=UTF-8 -classpath "C:\Program Files\Java\jdk1.8.0_144\jre\lib\charsets.jar;C:\Program Files\Java\jdk1.8.0_144\jre\lib\deploy.jar;C:\Program Files\Java\jdk1.8.0_144\jre\lib\ext\access-bridge-64.jar;C:\Program Files\Java\jdk1.8.0_144\jre\lib\ext\cldrdata.jar;C:\Program Files\Java\jdk1.8.0_144\jre\lib\ext\dnsns.jar;C:\Program Files\Java\jdk1.8.0_144\jre\lib\ext\jaccess.jar;C:\Program Files\Java\jdk1.8.0_144\jre\lib\ext\jfxrt.jar;C:\Program Files\Java\jdk1.8.0_144\jre\lib\ext\localedata.jar;C:\Program Files\Java\jdk1.8.0_144\jre\lib\ext\nashorn.jar;C:\Program Files\Java\jdk1.8.0_144\jre\lib\ext\sunec.jar;C:\Program Files\Java\jdk1.8.0_144\jre\lib\ext\sunjce_provider.jar;C:\Program Files\Java\jdk1.8.0_144\jre\lib\ext\sunmscapi.jar;C:\Program Files\Java\jdk1.8.0_144\jre\lib\ext\sunpkcs11.jar;C:\Program Files\Java\jdk1.8.0_144\jre\lib\ext\zipfs.jar;C:\Program Files\Java\jdk1.8.0_144\jre\lib\javaws.jar;C:\Program Files\Java\jdk1.8.0_144\jre\lib\jce.jar;C:\Program Files\Java\jdk1.8.0_144\jre\lib\jfr.jar;C:\Program Files\Java\jdk1.8.0_144\jre\lib\jfxswt.jar;C:\Program Files\Java\jdk1.8.0_144\jre\lib\jsse.jar;C:\Program Files\Java\jdk1.8.0_144\jre\lib\management-agent.jar;C:\Program Files\Java\jdk1.8.0_144\jre\lib\plugin.jar;C:\Program Files\Java\jdk1.8.0_144\jre\lib\resources.jar;C:\Program Files\Java\jdk1.8.0_144\jre\lib\rt.jar;C:\java\Recommender\target\classes;C:\Users\admin\.m2\repository\org\scala-lang\scala-library\2.11.11\scala-library-2.11.11.jar;C:\Users\admin\.m2\repository\org\scala-lang\scala-reflect\2.11.11\scala-reflect-2.11.11.jar;C:\Users\admin\.m2\repository\org\apache\spark\spark-core_2.11\2.2.1\spark-core_2.11-2.2.1.jar;C:\Users\admin\.m2\repository\org\apache\avro\avro\1.7.7\avro-1.7.7.jar;C:\Users\admin\.m2\repository\org\codehaus\jackson\jackson-core-asl\1.9.13\jackson-core-asl-1.9.13.jar;C:\Users\admin\.m2\repository\org\codehaus\jackson\jackson-mapper-asl\1.9.13\jackson-mapper-asl-1.9.13.jar;C:\Users\admin\.m2\repository\com\thoughtworks\paranamer\paranamer\2.3\paranamer-2.3.jar;C:\Users\admin\.m2\repository\org\apache\commons\commons-compress\1.4.1\commons-compress-1.4.1.jar;C:\Users\admin\.m2\repository\org\tukaani\xz\1.0\xz-1.0.jar;C:\Users\admin\.m2\repository\org\apache\avro\avro-mapred\1.7.7\avro-mapred-1.7.7-hadoop2.jar;C:\Users\admin\.m2\repository\org\apache\avro\avro-ipc\1.7.7\avro-ipc-1.7.7.jar;C:\Users\admin\.m2\repository\org\apache\avro\avro-ipc\1.7.7\avro-ipc-1.7.7-tests.jar;C:\Users\admin\.m2\repository\com\twitter\chill_2.11\0.8.0\chill_2.11-0.8.0.jar;C:\Users\admin\.m2\repository\com\esotericsoftware\kryo-shaded\3.0.3\kryo-shaded-3.0.3.jar;C:\Users\admin\.m2\repository\com\esotericsoftware\minlog\1.3.0\minlog-1.3.0.jar;C:\Users\admin\.m2\repository\org\objenesis\objenesis\2.1\objenesis-2.1.jar;C:\Users\admin\.m2\repository\com\twitter\chill-java\0.8.0\chill-java-0.8.0.jar;C:\Users\admin\.m2\repository\org\apache\xbean\xbean-asm5-shaded\4.4\xbean-asm5-shaded-4.4.jar;C:\Users\admin\.m2\repository\org\apache\hadoop\hadoop-client\2.6.5\hadoop-client-2.6.5.jar;C:\Users\admin\.m2\repository\org\apache\hadoop\hadoop-common\2.6.5\hadoop-common-2.6.5.jar;C:\Users\admin\.m2\repository\commons-cli\commons-cli\1.2\commons-cli-1.2.jar;C:\Users\admin\.m2\repository\xmlenc\xmlenc\0.52\xmlenc-0.52.jar;C:\Users\admin\.m2\repository\commons-httpclient\commons-httpclient\3.1\commons-httpclient-3.1.jar;C:\Users\admin\.m2\repository\commons-io\commons-io\2.4\commons-io-2.4.jar;C:\Users\admin\.m2\repository\commons-collections\commons-collections\3.2.2\commons-collections-3.2.2.jar;C:\Users\admin\.m2\repository\commons-lang\commons-lang\2.6\commons-lang-2.6.jar;C:\Users\admin\.m2\repository\commons-configuration\commons-configuration\1.6\commons-configuration-1.6.jar;C:\Users\admin\.m2\repository\commons-digester\commons-digester\1.8\commons-digester-1.8.jar;C:\Users\admin\.m2\repository\commons-beanutils\commons-beanutils\1.7.0\commons-beanutils-1.7.0.jar;C:\Users\admin\.m2\repository\commons-beanutils\commons-beanutils-core\1.8.0\commons-beanutils-core-1.8.0.jar;C:\Users\admin\.m2\repository\com\google\protobuf\protobuf-java\2.5.0\protobuf-java-2.5.0.jar;C:\Users\admin\.m2\repository\com\google\code\gson\gson\2.2.4\gson-2.2.4.jar;C:\Users\admin\.m2\repository\org\apache\hadoop\hadoop-auth\2.6.5\hadoop-auth-2.6.5.jar;C:\Users\admin\.m2\repository\org\apache\directory\server\apacheds-kerberos-codec\2.0.0-M15\apacheds-kerberos-codec-2.0.0-M15.jar;C:\Users\admin\.m2\repository\org\apache\directory\server\apacheds-i18n\2.0.0-M15\apacheds-i18n-2.0.0-M15.jar;C:\Users\admin\.m2\repository\org\apache\directory\api\api-asn1-api\1.0.0-M20\api-asn1-api-1.0.0-M20.jar;C:\Users\admin\.m2\repository\org\apache\directory\api\api-util\1.0.0-M20\api-util-1.0.0-M20.jar;C:\Users\admin\.m2\repository\org\apache\curator\curator-client\2.6.0\curator-client-2.6.0.jar;C:\Users\admin\.m2\repository\org\htrace\htrace-core\3.0.4\htrace-core-3.0.4.jar;C:\Users\admin\.m2\repository\org\apache\hadoop\hadoop-hdfs\2.6.5\hadoop-hdfs-2.6.5.jar;C:\Users\admin\.m2\repository\org\mortbay\jetty\jetty-util\6.1.26\jetty-util-6.1.26.jar;C:\Users\admin\.m2\repository\xerces\xercesImpl\2.9.1\xercesImpl-2.9.1.jar;C:\Users\admin\.m2\repository\xml-apis\xml-apis\1.3.04\xml-apis-1.3.04.jar;C:\Users\admin\.m2\repository\org\apache\hadoop\hadoop-mapreduce-client-app\2.6.5\hadoop-mapreduce-client-app-2.6.5.jar;C:\Users\admin\.m2\repository\org\apache\hadoop\hadoop-mapreduce-client-common\2.6.5\hadoop-mapreduce-client-common-2.6.5.jar;C:\Users\admin\.m2\repository\org\apache\hadoop\hadoop-yarn-client\2.6.5\hadoop-yarn-client-2.6.5.jar;C:\Users\admin\.m2\repository\org\apache\hadoop\hadoop-yarn-server-common\2.6.5\hadoop-yarn-server-common-2.6.5.jar;C:\Users\admin\.m2\repository\org\apache\hadoop\hadoop-mapreduce-client-shuffle\2.6.5\hadoop-mapreduce-client-shuffle-2.6.5.jar;C:\Users\admin\.m2\repository\org\apache\hadoop\hadoop-yarn-api\2.6.5\hadoop-yarn-api-2.6.5.jar;C:\Users\admin\.m2\repository\org\apache\hadoop\hadoop-mapreduce-client-core\2.6.5\hadoop-mapreduce-client-core-2.6.5.jar;C:\Users\admin\.m2\repository\org\apache\hadoop\hadoop-yarn-common\2.6.5\hadoop-yarn-common-2.6.5.jar;C:\Users\admin\.m2\repository\javax\xml\bind\jaxb-api\2.2.2\jaxb-api-2.2.2.jar;C:\Users\admin\.m2\repository\javax\xml\stream\stax-api\1.0-2\stax-api-1.0-2.jar;C:\Users\admin\.m2\repository\org\codehaus\jackson\jackson-jaxrs\1.9.13\jackson-jaxrs-1.9.13.jar;C:\Users\admin\.m2\repository\org\codehaus\jackson\jackson-xc\1.9.13\jackson-xc-1.9.13.jar;C:\Users\admin\.m2\repository\org\apache\hadoop\hadoop-mapreduce-client-jobclient\2.6.5\hadoop-mapreduce-client-jobclient-2.6.5.jar;C:\Users\admin\.m2\repository\org\apache\hadoop\hadoop-annotations\2.6.5\hadoop-annotations-2.6.5.jar;C:\Users\admin\.m2\repository\org\apache\spark\spark-launcher_2.11\2.2.1\spark-launcher_2.11-2.2.1.jar;C:\Users\admin\.m2\repository\org\apache\spark\spark-network-common_2.11\2.2.1\spark-network-common_2.11-2.2.1.jar;C:\Users\admin\.m2\repository\org\fusesource\leveldbjni\leveldbjni-all\1.8\leveldbjni-all-1.8.jar;C:\Users\admin\.m2\repository\com\fasterxml\jackson\core\jackson-annotations\2.6.5\jackson-annotations-2.6.5.jar;C:\Users\admin\.m2\repository\org\apache\spark\spark-network-shuffle_2.11\2.2.1\spark-network-shuffle_2.11-2.2.1.jar;C:\Users\admin\.m2\repository\org\apache\spark\spark-unsafe_2.11\2.2.1\spark-unsafe_2.11-2.2.1.jar;C:\Users\admin\.m2\repository\net\java\dev\jets3t\jets3t\0.9.3\jets3t-0.9.3.jar;C:\Users\admin\.m2\repository\org\apache\httpcomponents\httpcore\4.3.3\httpcore-4.3.3.jar;C:\Users\admin\.m2\repository\org\apache\httpcomponents\httpclient\4.3.6\httpclient-4.3.6.jar;C:\Users\admin\.m2\repository\commons-codec\commons-codec\1.8\commons-codec-1.8.jar;C:\Users\admin\.m2\repository\javax\activation\activation\1.1.1\activation-1.1.1.jar;C:\Users\admin\.m2\repository\mx4j\mx4j\3.0.2\mx4j-3.0.2.jar;C:\Users\admin\.m2\repository\javax\mail\mail\1.4.7\mail-1.4.7.jar;C:\Users\admin\.m2\repository\org\bouncycastle\bcprov-jdk15on\1.51\bcprov-jdk15on-1.51.jar;C:\Users\admin\.m2\repository\com\jamesmurty\utils\java-xmlbuilder\1.0\java-xmlbuilder-1.0.jar;C:\Users\admin\.m2\repository\net\iharder\base64\2.3.8\base64-2.3.8.jar;C:\Users\admin\.m2\repository\org\apache\curator\curator-recipes\2.6.0\curator-recipes-2.6.0.jar;C:\Users\admin\.m2\repository\org\apache\curator\curator-framework\2.6.0\curator-framework-2.6.0.jar;C:\Users\admin\.m2\repository\org\apache\zookeeper\zookeeper\3.4.6\zookeeper-3.4.6.jar;C:\Users\admin\.m2\repository\com\google\guava\guava\16.0.1\guava-16.0.1.jar;C:\Users\admin\.m2\repository\javax\servlet\javax.servlet-api\3.1.0\javax.servlet-api-3.1.0.jar;C:\Users\admin\.m2\repository\org\apache\commons\commons-lang3\3.5\commons-lang3-3.5.jar;C:\Users\admin\.m2\repository\org\apache\commons\commons-math3\3.4.1\commons-math3-3.4.1.jar;C:\Users\admin\.m2\repository\com\google\code\findbugs\jsr305\1.3.9\jsr305-1.3.9.jar;C:\Users\admin\.m2\repository\org\slf4j\slf4j-api\1.7.16\slf4j-api-1.7.16.jar;C:\Users\admin\.m2\repository\org\slf4j\jul-to-slf4j\1.7.16\jul-to-slf4j-1.7.16.jar;C:\Users\admin\.m2\repository\org\slf4j\jcl-over-slf4j\1.7.16\jcl-over-slf4j-1.7.16.jar;C:\Users\admin\.m2\repository\log4j\log4j\1.2.17\log4j-1.2.17.jar;C:\Users\admin\.m2\repository\org\slf4j\slf4j-log4j12\1.7.16\slf4j-log4j12-1.7.16.jar;C:\Users\admin\.m2\repository\com\ning\compress-lzf\1.0.3\compress-lzf-1.0.3.jar;C:\Users\admin\.m2\repository\org\xerial\snappy\snappy-java\1.1.2.6\snappy-java-1.1.2.6.jar;C:\Users\admin\.m2\repository\net\jpountz\lz4\lz4\1.3.0\lz4-1.3.0.jar;C:\Users\admin\.m2\repository\org\roaringbitmap\RoaringBitmap\0.5.11\RoaringBitmap-0.5.11.jar;C:\Users\admin\.m2\repository\commons-net\commons-net\2.2\commons-net-2.2.jar;C:\Users\admin\.m2\repository\org\json4s\json4s-jackson_2.11\3.2.11\json4s-jackson_2.11-3.2.11.jar;C:\Users\admin\.m2\repository\org\json4s\json4s-core_2.11\3.2.11\json4s-core_2.11-3.2.11.jar;C:\Users\admin\.m2\repository\org\json4s\json4s-ast_2.11\3.2.11\json4s-ast_2.11-3.2.11.jar;C:\Users\admin\.m2\repository\org\scala-lang\scalap\2.11.0\scalap-2.11.0.jar;C:\Users\admin\.m2\repository\org\scala-lang\scala-compiler\2.11.0\scala-compiler-2.11.0.jar;C:\Users\admin\.m2\repository\org\scala-lang\modules\scala-xml_2.11\1.0.1\scala-xml_2.11-1.0.1.jar;C:\Users\admin\.m2\repository\org\scala-lang\modules\scala-parser-combinators_2.11\1.0.1\scala-parser-combinators_2.11-1.0.1.jar;C:\Users\admin\.m2\repository\org\glassfish\jersey\core\jersey-client\2.22.2\jersey-client-2.22.2.jar;C:\Users\admin\.m2\repository\javax\ws\rs\javax.ws.rs-api\2.0.1\javax.ws.rs-api-2.0.1.jar;C:\Users\admin\.m2\repository\org\glassfish\hk2\hk2-api\2.4.0-b34\hk2-api-2.4.0-b34.jar;C:\Users\admin\.m2\repository\org\glassfish\hk2\hk2-utils\2.4.0-b34\hk2-utils-2.4.0-b34.jar;C:\Users\admin\.m2\repository\org\glassfish\hk2\external\aopalliance-repackaged\2.4.0-b34\aopalliance-repackaged-2.4.0-b34.jar;C:\Users\admin\.m2\repository\org\glassfish\hk2\external\javax.inject\2.4.0-b34\javax.inject-2.4.0-b34.jar;C:\Users\admin\.m2\repository\org\glassfish\hk2\hk2-locator\2.4.0-b34\hk2-locator-2.4.0-b34.jar;C:\Users\admin\.m2\repository\org\javassist\javassist\3.18.1-GA\javassist-3.18.1-GA.jar;C:\Users\admin\.m2\repository\org\glassfish\jersey\core\jersey-common\2.22.2\jersey-common-2.22.2.jar;C:\Users\admin\.m2\repository\javax\annotation\javax.annotation-api\1.2\javax.annotation-api-1.2.jar;C:\Users\admin\.m2\repository\org\glassfish\jersey\bundles\repackaged\jersey-guava\2.22.2\jersey-guava-2.22.2.jar;C:\Users\admin\.m2\repository\org\glassfish\hk2\osgi-resource-locator\1.0.1\osgi-resource-locator-1.0.1.jar;C:\Users\admin\.m2\repository\org\glassfish\jersey\core\jersey-server\2.22.2\jersey-server-2.22.2.jar;C:\Users\admin\.m2\repository\org\glassfish\jersey\media\jersey-media-jaxb\2.22.2\jersey-media-jaxb-2.22.2.jar;C:\Users\admin\.m2\repository\javax\validation\validation-api\1.1.0.Final\validation-api-1.1.0.Final.jar;C:\Users\admin\.m2\repository\org\glassfish\jersey\containers\jersey-container-servlet\2.22.2\jersey-container-servlet-2.22.2.jar;C:\Users\admin\.m2\repository\org\glassfish\jersey\containers\jersey-container-servlet-core\2.22.2\jersey-container-servlet-core-2.22.2.jar;C:\Users\admin\.m2\repository\io\netty\netty-all\4.0.43.Final\netty-all-4.0.43.Final.jar;C:\Users\admin\.m2\repository\io\netty\netty\3.9.9.Final\netty-3.9.9.Final.jar;C:\Users\admin\.m2\repository\com\clearspring\analytics\stream\2.7.0\stream-2.7.0.jar;C:\Users\admin\.m2\repository\io\dropwizard\metrics\metrics-core\3.1.2\metrics-core-3.1.2.jar;C:\Users\admin\.m2\repository\io\dropwizard\metrics\metrics-jvm\3.1.2\metrics-jvm-3.1.2.jar;C:\Users\admin\.m2\repository\io\dropwizard\metrics\metrics-json\3.1.2\metrics-json-3.1.2.jar;C:\Users\admin\.m2\repository\io\dropwizard\metrics\metrics-graphite\3.1.2\metrics-graphite-3.1.2.jar;C:\Users\admin\.m2\repository\com\fasterxml\jackson\core\jackson-databind\2.6.5\jackson-databind-2.6.5.jar;C:\Users\admin\.m2\repository\com\fasterxml\jackson\core\jackson-core\2.6.5\jackson-core-2.6.5.jar;C:\Users\admin\.m2\repository\com\fasterxml\jackson\module\jackson-module-scala_2.11\2.6.5\jackson-module-scala_2.11-2.6.5.jar;C:\Users\admin\.m2\repository\org\scala-lang\scala-reflect\2.11.7\scala-reflect-2.11.7.jar;C:\Users\admin\.m2\repository\com\fasterxml\jackson\module\jackson-module-paranamer\2.6.5\jackson-module-paranamer-2.6.5.jar;C:\Users\admin\.m2\repository\org\apache\ivy\ivy\2.4.0\ivy-2.4.0.jar;C:\Users\admin\.m2\repository\oro\oro\2.0.8\oro-2.0.8.jar;C:\Users\admin\.m2\repository\net\razorvine\pyrolite\4.13\pyrolite-4.13.jar;C:\Users\admin\.m2\repository\net\sf\py4j\py4j\0.10.4\py4j-0.10.4.jar;C:\Users\admin\.m2\repository\org\apache\spark\spark-tags_2.11\2.2.1\spark-tags_2.11-2.2.1.jar;C:\Users\admin\.m2\repository\org\apache\commons\commons-crypto\1.0.0\commons-crypto-1.0.0.jar;C:\Users\admin\.m2\repository\org\spark-project\spark\unused\1.0.0\unused-1.0.0.jar;C:\Users\admin\.m2\repository\org\apache\spark\spark-mllib_2.11\2.2.1\spark-mllib_2.11-2.2.1.jar;C:\Users\admin\.m2\repository\org\apache\spark\spark-streaming_2.11\2.2.1\spark-streaming_2.11-2.2.1.jar;C:\Users\admin\.m2\repository\org\apache\spark\spark-sql_2.11\2.2.1\spark-sql_2.11-2.2.1.jar;C:\Users\admin\.m2\repository\com\univocity\univocity-parsers\2.2.1\univocity-parsers-2.2.1.jar;C:\Users\admin\.m2\repository\org\apache\spark\spark-sketch_2.11\2.2.1\spark-sketch_2.11-2.2.1.jar;C:\Users\admin\.m2\repository\org\apache\spark\spark-catalyst_2.11\2.2.1\spark-catalyst_2.11-2.2.1.jar;C:\Users\admin\.m2\repository\org\codehaus\janino\janino\3.0.0\janino-3.0.0.jar;C:\Users\admin\.m2\repository\org\codehaus\janino\commons-compiler\3.0.0\commons-compiler-3.0.0.jar;C:\Users\admin\.m2\repository\org\antlr\antlr4-runtime\4.5.3\antlr4-runtime-4.5.3.jar;C:\Users\admin\.m2\repository\org\apache\parquet\parquet-column\1.8.2\parquet-column-1.8.2.jar;C:\Users\admin\.m2\repository\org\apache\parquet\parquet-common\1.8.2\parquet-common-1.8.2.jar;C:\Users\admin\.m2\repository\org\apache\parquet\parquet-encoding\1.8.2\parquet-encoding-1.8.2.jar;C:\Users\admin\.m2\repository\org\apache\parquet\parquet-hadoop\1.8.2\parquet-hadoop-1.8.2.jar;C:\Users\admin\.m2\repository\org\apache\parquet\parquet-format\2.3.1\parquet-format-2.3.1.jar;C:\Users\admin\.m2\repository\org\apache\parquet\parquet-jackson\1.8.2\parquet-jackson-1.8.2.jar;C:\Users\admin\.m2\repository\org\apache\spark\spark-graphx_2.11\2.2.1\spark-graphx_2.11-2.2.1.jar;C:\Users\admin\.m2\repository\com\github\fommil\netlib\core\1.1.2\core-1.1.2.jar;C:\Users\admin\.m2\repository\net\sourceforge\f2j\arpack_combined_all\0.1\arpack_combined_all-0.1.jar;C:\Users\admin\.m2\repository\org\apache\spark\spark-mllib-local_2.11\2.2.1\spark-mllib-local_2.11-2.2.1.jar;C:\Users\admin\.m2\repository\org\scalanlp\breeze_2.11\0.13.2\breeze_2.11-0.13.2.jar;C:\Users\admin\.m2\repository\org\scalanlp\breeze-macros_2.11\0.13.2\breeze-macros_2.11-0.13.2.jar;C:\Users\admin\.m2\repository\net\sf\opencsv\opencsv\2.3\opencsv-2.3.jar;C:\Users\admin\.m2\repository\com\github\rwl\jtransforms\2.4.0\jtransforms-2.4.0.jar;C:\Users\admin\.m2\repository\org\spire-math\spire_2.11\0.13.0\spire_2.11-0.13.0.jar;C:\Users\admin\.m2\repository\org\spire-math\spire-macros_2.11\0.13.0\spire-macros_2.11-0.13.0.jar;C:\Users\admin\.m2\repository\org\typelevel\machinist_2.11\0.6.1\machinist_2.11-0.6.1.jar;C:\Users\admin\.m2\repository\com\chuusai\shapeless_2.11\2.3.2\shapeless_2.11-2.3.2.jar;C:\Users\admin\.m2\repository\org\typelevel\macro-compat_2.11\1.1.1\macro-compat_2.11-1.1.1.jar;C:\Users\admin\.m2\repository\org\jpmml\pmml-model\1.2.15\pmml-model-1.2.15.jar;C:\Users\admin\.m2\repository\org\jpmml\pmml-schema\1.2.15\pmml-schema-1.2.15.jar;C:\Program Files (x86)\JetBrains\IntelliJ IDEA 2016.2.4\lib\idea_rt.jar" com.intellij.rt.execution.application.AppMain recommender.TestFM
(0.16129032258064516,(5,[0,1,2,3,4],[0.8333333333333334,0.2948717948717949,0.5,0.5,0.3333333333333333]))
(0.053763440860215055,(5,[0,1,2,3,4],[0.28125,0.32051282051282054,0.5,0.5,0.6666666666666666]))
(0.25806451612903225,(5,[0,1,2,3,4],[0.46875,0.3076923076923077,0.5,0.5,0.6666666666666666]))
(0.5376344086021505,(5,[0,1,2,3,4],[0.22916666666666666,0.28205128205128205,0.5,0.0,0.3333333333333333]))
(0.23655913978494625,(5,[0,1,2,3,4],[0.22916666666666666,0.5512820512820513,0.0,0.0,0.6666666666666666]))
(0.1827956989247312,(5,[0,1,2,3,4],[0.625,0.3076923076923077,1.0,1.0,0.0]))
(0.21505376344086022,(5,[0,1,2,3,4],[0.4375,0.19230769230769232,0.5,0.0,0.3333333333333333]))
(0.12903225806451613,(5,[0,1,2,3,4],[0.09375,0.7307692307692307,1.0,1.0,0.0]))
(0.021505376344086023,(5,[0,1,2,3,4],[0.09375,0.02564102564102564,0.5,0.0,0.6666666666666666]))
(0.053763440860215055,(5,[0,1,2,3,4],[0.09375,0.0641025641025641,1.0,1.0,0.0]))
Training: 3979, test: 1017
training sample
(0.16129032258064516,(5,[0,1,2,3,4],[0.8333333333333334,0.2948717948717949,0.5,0.5,0.3333333333333333]))
(0.053763440860215055,(5,[0,1,2,3,4],[0.28125,0.32051282051282054,0.5,0.5,0.6666666666666666]))
(0.25806451612903225,(5,[0,1,2,3,4],[0.46875,0.3076923076923077,0.5,0.5,0.6666666666666666]))
(0.5376344086021505,(5,[0,1,2,3,4],[0.22916666666666666,0.28205128205128205,0.5,0.0,0.3333333333333333]))
(0.1827956989247312,(5,[0,1,2,3,4],[0.625,0.3076923076923077,1.0,1.0,0.0]))
(0.21505376344086022,(5,[0,1,2,3,4],[0.4375,0.19230769230769232,0.5,0.0,0.3333333333333333]))
(0.12903225806451613,(5,[0,1,2,3,4],[0.09375,0.7307692307692307,1.0,1.0,0.0]))
(0.021505376344086023,(5,[0,1,2,3,4],[0.09375,0.02564102564102564,0.5,0.0,0.6666666666666666]))
(0.053763440860215055,(5,[0,1,2,3,4],[0.09375,0.0641025641025641,1.0,1.0,0.0]))
(0.053763440860215055,(5,[0,1,2,3,4],[0.3333333333333333,0.3333333333333333,0.0,0.5,1.0]))
test sample
(5,[0,1,2,3,4],[0.22916666666666666,0.5512820512820513,0.0,0.0,0.6666666666666666])
(5,[0,1,2,3,4],[0.09375,0.4358974358974359,1.0,1.0,0.0])
(5,[0,1,2,3,4],[0.07291666666666667,0.47435897435897434,0.5,0.0,0.3333333333333333])
(5,[0,1,2,3,4],[0.5208333333333334,0.2564102564102564,0.5,0.0,0.3333333333333333])
(5,[0,1,2,3,4],[0.40625,0.1282051282051282,1.0,1.0,0.0])
(5,[0,1,2,3,4],[0.4583333333333333,0.1282051282051282,0.5,0.5,1.0])
(5,[0,1,2,3,4],[0.4270833333333333,0.46153846153846156,0.5,0.0,0.3333333333333333])
(5,[0,1,2,3,4],[0.0,0.0,0.0,0.0,0.6666666666666666])
(5,[0,1,2,3,4],[0.041666666666666664,0.0,0.0,0.0,1.0])
(5,[0,1,2,3,4],[0.28125,0.20512820512820512,0.5,0.5,0.3333333333333333])
validate: real rating => predicted rating
real 0,237 => predicted 0,281 delta 0,044
real 0,097 => predicted 0,276 delta 0,179
real 0,484 => predicted 0,274 delta 0,210
real 0,108 => predicted 0,275 delta 0,167
real 0,204 => predicted 0,279 delta 0,075
real 0,000 => predicted 0,283 delta 0,283
real 0,452 => predicted 0,272 delta 0,179
real 0,581 => predicted 0,276 delta 0,304
real 0,473 => predicted 0,269 delta 0,204
real 0,473 => predicted 0,280 delta 0,193
real 0,538 => predicted 0,270 delta 0,267
real 0,075 => predicted 0,290 delta 0,215
real 0,161 => predicted 0,277 delta 0,116
real 0,097 => predicted 0,298 delta 0,201
real 0,043 => predicted 0,275 delta 0,232
real 0,376 => predicted 0,276 delta 0,100
real 0,581 => predicted 0,284 delta 0,296
real 0,140 => predicted 0,282 delta 0,142
real 0,075 => predicted 0,279 delta 0,203
real 0,022 => predicted 0,280 delta 0,259
real 0,484 => predicted 0,282 delta 0,202
real 0,043 => predicted 0,278 delta 0,235
real 0,462 => predicted 0,280 delta 0,182
real 0,032 => predicted 0,269 delta 0,237
real 0,581 => predicted 0,275 delta 0,305
real 0,452 => predicted 0,277 delta 0,175
real 0,140 => predicted 0,272 delta 0,132
real 0,484 => predicted 0,278 delta 0,206
real 0,215 => predicted 0,285 delta 0,070
real 0,462 => predicted 0,283 delta 0,179
real 0,000 => predicted 0,282 delta 0,282
real 0,409 => predicted 0,276 delta 0,133
real 0,161 => predicted 0,281 delta 0,120
real 0,505 => predicted 0,272 delta 0,234
real 0,108 => predicted 0,276 delta 0,168
real 0,194 => predicted 0,269 delta 0,075
real 0,161 => predicted 0,281 delta 0,120
real 0,054 => predicted 0,275 delta 0,221
real 0,097 => predicted 0,315 delta 0,218
real 0,290 => predicted 0,275 delta 0,015
real 0,043 => predicted 0,278 delta 0,235
real 0,323 => predicted 0,281 delta 0,042
real 0,452 => predicted 0,285 delta 0,166
real 0,290 => predicted 0,284 delta 0,006
real 0,269 => predicted 0,301 delta 0,032
real 0,409 => predicted 0,278 delta 0,131
real 0,161 => predicted 0,298 delta 0,137
real 0,032 => predicted 0,278 delta 0,246
real 0,215 => predicted 0,272 delta 0,057
real 0,032 => predicted 0,278 delta 0,245
real 0,215 => predicted 0,276 delta 0,061
real 0,430 => predicted 0,283 delta 0,148
real 0,538 => predicted 0,260 delta 0,277
real 0,258 => predicted 0,277 delta 0,019
real 0,097 => predicted 0,267 delta 0,171
real 0,376 => predicted 0,288 delta 0,088
real 0,484 => predicted 0,318 delta 0,166
real 0,398 => predicted 0,273 delta 0,125
real 0,312 => predicted 0,277 delta 0,035
real 0,538 => predicted 0,276 delta 0,262
real 0,398 => predicted 0,278 delta 0,120
real 0,247 => predicted 0,276 delta 0,029
real 0,333 => predicted 0,274 delta 0,059
real 0,075 => predicted 0,278 delta 0,202
real 0,538 => predicted 0,279 delta 0,258
real 0,398 => predicted 0,280 delta 0,117
real 0,247 => predicted 0,276 delta 0,029
real 0,581 => predicted 0,290 delta 0,290
real 0,323 => predicted 0,277 delta 0,045
real 0,290 => predicted 0,272 delta 0,018
real 0,269 => predicted 0,313 delta 0,044
real 0,054 => predicted 0,280 delta 0,226
real 0,258 => predicted 0,289 delta 0,031
real 0,151 => predicted 0,278 delta 0,127
real 0,151 => predicted 0,280 delta 0,129
real 0,430 => predicted 0,283 delta 0,147
real 0,484 => predicted 0,268 delta 0,216
real 0,043 => predicted 0,273 delta 0,230
real 0,054 => predicted 0,267 delta 0,213
real 0,043 => predicted 0,280 delta 0,237
real 0,269 => predicted 0,288 delta 0,019
real 0,419 => predicted 0,269 delta 0,150
real 0,054 => predicted 0,277 delta 0,224
real 0,258 => predicted 0,262 delta 0,004
real 0,151 => predicted 0,278 delta 0,127
real 0,032 => predicted 0,272 delta 0,240
real 0,312 => predicted 0,307 delta 0,004
real 0,075 => predicted 0,289 delta 0,214
real 0,441 => predicted 0,312 delta 0,129
real 0,462 => predicted 0,281 delta 0,181
real 0,398 => predicted 0,283 delta 0,115
real 0,204 => predicted 0,274 delta 0,069
real 0,054 => predicted 0,279 delta 0,226
real 0,344 => predicted 0,287 delta 0,057
real 0,473 => predicted 0,286 delta 0,187
real 0,355 => predicted 0,292 delta 0,063
real 0,043 => predicted 0,275 delta 0,232
real 0,462 => predicted 0,277 delta 0,185
real 0,570 => predicted 0,281 delta 0,289
real 0,376 => predicted 0,281 delta 0,096
real 0,000 => predicted 0,277 delta 0,277
real 0,194 => predicted 0,278 delta 0,084
real 0,462 => predicted 0,309 delta 0,153
real 0,527 => predicted 0,279 delta 0,248
real 0,194 => predicted 0,272 delta 0,079
real 0,054 => predicted 0,263 delta 0,209
real 0,430 => predicted 0,283 delta 0,147
real 0,043 => predicted 0,271 delta 0,228
real 0,065 => predicted 0,288 delta 0,223
real 0,269 => predicted 0,273 delta 0,004
real 0,398 => predicted 0,284 delta 0,114
real 0,419 => predicted 0,269 delta 0,150
real 0,183 => predicted 0,298 delta 0,115
real 0,215 => predicted 0,287 delta 0,072
real 0,366 => predicted 0,289 delta 0,077
real 0,366 => predicted 0,292 delta 0,074
real 0,538 => predicted 0,272 delta 0,266
real 0,075 => predicted 0,282 delta 0,207
real 0,290 => predicted 0,279 delta 0,012
real 0,312 => predicted 0,280 delta 0,032
real 0,183 => predicted 0,292 delta 0,109
real 0,527 => predicted 0,271 delta 0,256
real 0,194 => predicted 0,280 delta 0,087
real 0,140 => predicted 0,268 delta 0,128
real 0,559 => predicted 0,276 delta 0,283
real 0,376 => predicted 0,278 delta 0,098
real 0,452 => predicted 0,279 delta 0,173
real 0,516 => predicted 0,291 delta 0,225
real 0,054 => predicted 0,275 delta 0,221
real 0,516 => predicted 0,269 delta 0,247
real 0,462 => predicted 0,275 delta 0,187
real 0,376 => predicted 0,273 delta 0,103
real 0,000 => predicted 0,275 delta 0,275
real 0,032 => predicted 0,274 delta 0,241
real 0,409 => predicted 0,257 delta 0,151
real 0,204 => predicted 0,281 delta 0,077
real 0,215 => predicted 0,266 delta 0,051
real 0,032 => predicted 0,291 delta 0,259
real 0,097 => predicted 0,277 delta 0,180
real 0,258 => predicted 0,285 delta 0,027
real 0,011 => predicted 0,281 delta 0,271
real 0,323 => predicted 0,270 delta 0,053
real 0,366 => predicted 0,275 delta 0,090
real 0,161 => predicted 0,273 delta 0,112
real 0,022 => predicted 0,280 delta 0,259
real 0,516 => predicted 0,286 delta 0,230
real 0,301 => predicted 0,274 delta 0,027
real 0,495 => predicted 0,268 delta 0,227
real 0,129 => predicted 0,289 delta 0,160
real 0,215 => predicted 0,277 delta 0,062
real 0,473 => predicted 0,287 delta 0,186
real 0,430 => predicted 0,280 delta 0,150
real 0,409 => predicted 0,283 delta 0,125
real 0,581 => predicted 0,277 delta 0,303
real 0,129 => predicted 0,283 delta 0,154
real 0,387 => predicted 0,274 delta 0,113
real 0,183 => predicted 0,278 delta 0,095
real 0,151 => predicted 0,301 delta 0,151
real 0,194 => predicted 0,280 delta 0,086
real 0,204 => predicted 0,277 delta 0,073
real 0,140 => predicted 0,280 delta 0,141
real 0,097 => predicted 0,277 delta 0,180
real 0,516 => predicted 0,275 delta 0,241
real 0,570 => predicted 0,277 delta 0,293
real 0,430 => predicted 0,293 delta 0,137
real 0,194 => predicted 0,274 delta 0,080
real 0,581 => predicted 0,270 delta 0,311
real 0,140 => predicted 0,281 delta 0,141
real 0,247 => predicted 0,274 delta 0,026
real 0,097 => predicted 0,275 delta 0,178
real 0,247 => predicted 0,297 delta 0,050
real 0,161 => predicted 0,273 delta 0,112
real 0,452 => predicted 0,275 delta 0,177
real 0,215 => predicted 0,282 delta 0,067
real 0,290 => predicted 0,270 delta 0,020
real 0,581 => predicted 0,310 delta 0,271
real 0,032 => predicted 0,280 delta 0,248
real 0,204 => predicted 0,277 delta 0,073
real 0,043 => predicted 0,277 delta 0,234
real 0,097 => predicted 0,279 delta 0,182
real 0,204 => predicted 0,276 delta 0,072
real 0,591 => predicted 0,263 delta 0,328
real 0,032 => predicted 0,280 delta 0,247
real 0,344 => predicted 0,297 delta 0,047
real 0,258 => predicted 0,275 delta 0,017
real 0,301 => predicted 0,279 delta 0,022
real 0,022 => predicted 0,288 delta 0,267
real 0,215 => predicted 0,289 delta 0,073
real 0,118 => predicted 0,285 delta 0,167
real 0,032 => predicted 0,288 delta 0,255
real 0,312 => predicted 0,278 delta 0,034
real 0,516 => predicted 0,302 delta 0,214
real 0,280 => predicted 0,279 delta 0,001
real 0,355 => predicted 0,278 delta 0,077
real 0,075 => predicted 0,276 delta 0,200
real 0,054 => predicted 0,298 delta 0,244
real 0,323 => predicted 0,305 delta 0,018
real 0,430 => predicted 0,275 delta 0,155
real 0,247 => predicted 0,266 delta 0,019
real 0,376 => predicted 0,271 delta 0,105
real 0,452 => predicted 0,296 delta 0,156
real 0,323 => predicted 0,294 delta 0,028
real 0,462 => predicted 0,275 delta 0,188
real 0,355 => predicted 0,275 delta 0,079
real 0,462 => predicted 0,274 delta 0,188
real 0,054 => predicted 0,267 delta 0,213
real 0,043 => predicted 0,263 delta 0,220
real 0,312 => predicted 0,279 delta 0,032
real 0,366 => predicted 0,326 delta 0,039
real 0,237 => predicted 0,280 delta 0,043
real 0,570 => predicted 0,283 delta 0,286
real 0,032 => predicted 0,299 delta 0,266
real 0,032 => predicted 0,324 delta 0,292
real 0,290 => predicted 0,289 delta 0,001
real 0,301 => predicted 0,274 delta 0,027
real 0,247 => predicted 0,272 delta 0,025
real 0,290 => predicted 0,275 delta 0,015
real 0,462 => predicted 0,278 delta 0,184
real 0,516 => predicted 0,270 delta 0,246
real 0,269 => predicted 0,288 delta 0,019
real 0,032 => predicted 0,280 delta 0,247
real 0,237 => predicted 0,276 delta 0,040
real 0,505 => predicted 0,271 delta 0,234
real 0,022 => predicted 0,277 delta 0,256
real 0,473 => predicted 0,292 delta 0,181
real 0,419 => predicted 0,275 delta 0,144
real 0,473 => predicted 0,279 delta 0,194
real 0,151 => predicted 0,301 delta 0,151
real 0,269 => predicted 0,268 delta 0,001
real 0,086 => predicted 0,280 delta 0,194
real 0,430 => predicted 0,296 delta 0,134
real 0,022 => predicted 0,276 delta 0,254
real 0,161 => predicted 0,287 delta 0,125
real 0,462 => predicted 0,276 delta 0,186
real 0,022 => predicted 0,285 delta 0,263
real 0,538 => predicted 0,278 delta 0,260
real 0,419 => predicted 0,290 delta 0,130
real 0,204 => predicted 0,275 delta 0,071
real 0,054 => predicted 0,276 delta 0,222
real 0,538 => predicted 0,278 delta 0,259
real 0,441 => predicted 0,280 delta 0,161
real 0,043 => predicted 0,278 delta 0,235
real 0,032 => predicted 0,276 delta 0,244
real 0,108 => predicted 0,284 delta 0,177
real 0,462 => predicted 0,279 delta 0,183
real 0,194 => predicted 0,269 delta 0,076
real 0,591 => predicted 0,280 delta 0,311
real 0,161 => predicted 0,273 delta 0,112
real 0,473 => predicted 0,279 delta 0,194
real 0,527 => predicted 0,295 delta 0,232
real 0,570 => predicted 0,287 delta 0,283
real 0,204 => predicted 0,274 delta 0,070
real 0,333 => predicted 0,319 delta 0,014
real 0,247 => predicted 0,279 delta 0,031
real 0,366 => predicted 0,282 delta 0,084
real 0,516 => predicted 0,297 delta 0,219
real 0,419 => predicted 0,297 delta 0,122
real 0,301 => predicted 0,302 delta 0,001
real 0,312 => predicted 0,283 delta 0,029
real 0,581 => predicted 0,270 delta 0,311
real 0,258 => predicted 0,297 delta 0,039
real 0,570 => predicted 0,273 delta 0,297
real 0,108 => predicted 0,273 delta 0,165
real 0,075 => predicted 0,282 delta 0,206
real 0,505 => predicted 0,286 delta 0,219
real 0,312 => predicted 0,278 delta 0,034
real 0,570 => predicted 0,277 delta 0,293
real 0,452 => predicted 0,323 delta 0,128
real 0,323 => predicted 0,279 delta 0,044
real 0,581 => predicted 0,276 delta 0,305
real 0,527 => predicted 0,278 delta 0,249
real 0,419 => predicted 0,275 delta 0,144
real 0,108 => predicted 0,271 delta 0,164
real 0,462 => predicted 0,286 delta 0,176
real 0,258 => predicted 0,275 delta 0,017
real 0,022 => predicted 0,306 delta 0,285
real 0,269 => predicted 0,304 delta 0,035
real 0,215 => predicted 0,277 delta 0,062
real 0,366 => predicted 0,274 delta 0,092
real 0,409 => predicted 0,279 delta 0,130
real 0,032 => predicted 0,272 delta 0,240
real 0,355 => predicted 0,288 delta 0,066
real 0,226 => predicted 0,284 delta 0,058
real 0,043 => predicted 0,275 delta 0,232
real 0,312 => predicted 0,289 delta 0,023
real 0,054 => predicted 0,287 delta 0,234
real 0,161 => predicted 0,278 delta 0,117
real 0,022 => predicted 0,278 delta 0,257
real 0,183 => predicted 0,307 delta 0,124
real 0,323 => predicted 0,277 delta 0,046
real 0,022 => predicted 0,278 delta 0,256
real 0,086 => predicted 0,279 delta 0,193
real 0,376 => predicted 0,280 delta 0,096
real 0,473 => predicted 0,277 delta 0,196
real 0,054 => predicted 0,277 delta 0,223
real 0,570 => predicted 0,285 delta 0,285
real 0,022 => predicted 0,275 delta 0,254
real 0,376 => predicted 0,280 delta 0,096
real 0,151 => predicted 0,282 delta 0,131
real 0,204 => predicted 0,284 delta 0,080
real 0,097 => predicted 0,285 delta 0,188
real 0,097 => predicted 0,307 delta 0,210
real 0,323 => predicted 0,270 delta 0,053
real 0,054 => predicted 0,279 delta 0,226
real 0,581 => predicted 0,277 delta 0,303
real 0,258 => predicted 0,277 delta 0,019
real 0,054 => predicted 0,277 delta 0,223
real 0,538 => predicted 0,266 delta 0,272
real 0,215 => predicted 0,282 delta 0,067
real 0,290 => predicted 0,272 delta 0,019
real 0,581 => predicted 0,282 delta 0,299
real 0,043 => predicted 0,277 delta 0,234
real 0,269 => predicted 0,281 delta 0,012
real 0,462 => predicted 0,270 delta 0,192
real 0,290 => predicted 0,276 delta 0,014
real 0,527 => predicted 0,293 delta 0,234
real 0,097 => predicted 0,301 delta 0,204
real 0,215 => predicted 0,276 delta 0,061
real 0,419 => predicted 0,286 delta 0,133
real 0,290 => predicted 0,278 delta 0,012
real 0,054 => predicted 0,282 delta 0,228
real 0,140 => predicted 0,275 delta 0,135
real 0,323 => predicted 0,272 delta 0,051
real 0,312 => predicted 0,286 delta 0,026
real 0,484 => predicted 0,270 delta 0,214
real 0,527 => predicted 0,334 delta 0,193
real 0,430 => predicted 0,278 delta 0,152
real 0,108 => predicted 0,278 delta 0,170
real 0,323 => predicted 0,270 delta 0,053
real 0,043 => predicted 0,304 delta 0,261
real 0,204 => predicted 0,277 delta 0,073
real 0,505 => predicted 0,275 delta 0,231
real 0,140 => predicted 0,281 delta 0,141
real 0,097 => predicted 0,269 delta 0,172
real 0,108 => predicted 0,276 delta 0,169
real 0,097 => predicted 0,277 delta 0,180
real 0,366 => predicted 0,275 delta 0,090
real 0,022 => predicted 0,276 delta 0,254
real 0,376 => predicted 0,277 delta 0,100
real 0,043 => predicted 0,262 delta 0,219
real 0,032 => predicted 0,290 delta 0,257
real 0,043 => predicted 0,281 delta 0,238
real 0,462 => predicted 0,281 delta 0,181
real 0,032 => predicted 0,276 delta 0,244
real 0,151 => predicted 0,285 delta 0,134
real 0,204 => predicted 0,276 delta 0,072
real 0,462 => predicted 0,294 delta 0,168
real 0,290 => predicted 0,274 delta 0,016
real 0,032 => predicted 0,303 delta 0,271
real 0,430 => predicted 0,281 delta 0,149
real 0,247 => predicted 0,276 delta 0,028
real 0,043 => predicted 0,280 delta 0,237
real 0,441 => predicted 0,277 delta 0,164
real 0,032 => predicted 0,309 delta 0,277
real 0,011 => predicted 0,275 delta 0,264
real 0,344 => predicted 0,281 delta 0,063
real 0,366 => predicted 0,278 delta 0,088
real 0,161 => predicted 0,281 delta 0,120
real 0,247 => predicted 0,279 delta 0,031
real 0,462 => predicted 0,283 delta 0,179
real 0,161 => predicted 0,281 delta 0,120
real 0,344 => predicted 0,276 delta 0,068
real 0,344 => predicted 0,270 delta 0,074
real 0,204 => predicted 0,271 delta 0,067
real 0,215 => predicted 0,280 delta 0,065
real 0,570 => predicted 0,270 delta 0,300
real 0,527 => predicted 0,281 delta 0,246
real 0,043 => predicted 0,277 delta 0,234
real 0,097 => predicted 0,281 delta 0,184
real 0,032 => predicted 0,314 delta 0,282
real 0,247 => predicted 0,279 delta 0,032
real 0,355 => predicted 0,275 delta 0,080
real 0,269 => predicted 0,318 delta 0,049
real 0,140 => predicted 0,294 delta 0,154
real 0,183 => predicted 0,272 delta 0,089
real 0,581 => predicted 0,278 delta 0,303
real 0,043 => predicted 0,277 delta 0,234
real 0,419 => predicted 0,296 delta 0,124
real 0,430 => predicted 0,297 delta 0,133
real 0,548 => predicted 0,275 delta 0,274
real 0,269 => predicted 0,281 delta 0,012
real 0,075 => predicted 0,319 delta 0,243
real 0,516 => predicted 0,284 delta 0,232
real 0,430 => predicted 0,289 delta 0,141
real 0,376 => predicted 0,286 delta 0,090
real 0,054 => predicted 0,268 delta 0,214
real 0,452 => predicted 0,276 delta 0,175
real 0,570 => predicted 0,282 delta 0,288
real 0,032 => predicted 0,276 delta 0,243
real 0,097 => predicted 0,278 delta 0,181
real 0,086 => predicted 0,292 delta 0,206
real 0,269 => predicted 0,278 delta 0,010
real 0,505 => predicted 0,286 delta 0,219
real 0,108 => predicted 0,278 delta 0,170
real 0,194 => predicted 0,291 delta 0,098
real 0,140 => predicted 0,277 delta 0,137
real 0,505 => predicted 0,270 delta 0,235
real 0,129 => predicted 0,281 delta 0,152
real 0,022 => predicted 0,273 delta 0,252
real 0,269 => predicted 0,285 delta 0,016
real 0,452 => predicted 0,267 delta 0,185
real 0,204 => predicted 0,314 delta 0,110
real 0,129 => predicted 0,310 delta 0,181
real 0,237 => predicted 0,282 delta 0,046
real 0,419 => predicted 0,279 delta 0,141
real 0,323 => predicted 0,315 delta 0,008
real 0,043 => predicted 0,267 delta 0,224
real 0,312 => predicted 0,299 delta 0,013
real 0,129 => predicted 0,276 delta 0,147
real 0,151 => predicted 0,278 delta 0,127
real 0,430 => predicted 0,312 delta 0,118
real 0,086 => predicted 0,270 delta 0,184
real 0,043 => predicted 0,282 delta 0,239
real 0,591 => predicted 0,275 delta 0,316
real 0,581 => predicted 0,285 delta 0,296
real 0,495 => predicted 0,278 delta 0,217
real 0,140 => predicted 0,279 delta 0,139
real 0,215 => predicted 0,285 delta 0,070
real 0,226 => predicted 0,276 delta 0,050
real 0,301 => predicted 0,255 delta 0,046
real 0,054 => predicted 0,299 delta 0,246
real 0,419 => predicted 0,308 delta 0,111
real 0,290 => predicted 0,300 delta 0,009
real 0,118 => predicted 0,276 delta 0,158
real 0,591 => predicted 0,275 delta 0,316
real 0,151 => predicted 0,282 delta 0,132
real 0,355 => predicted 0,279 delta 0,076
real 0,140 => predicted 0,272 delta 0,132
real 0,151 => predicted 0,279 delta 0,128
real 0,054 => predicted 0,284 delta 0,230
real 0,323 => predicted 0,278 delta 0,044
real 0,183 => predicted 0,284 delta 0,101
real 0,398 => predicted 0,287 delta 0,111
real 0,301 => predicted 0,277 delta 0,024
real 0,075 => predicted 0,278 delta 0,203
real 0,570 => predicted 0,287 delta 0,283
real 0,355 => predicted 0,277 delta 0,078
real 0,527 => predicted 0,279 delta 0,248
real 0,452 => predicted 0,282 delta 0,169
real 0,323 => predicted 0,290 delta 0,032
real 0,215 => predicted 0,289 delta 0,074
real 0,344 => predicted 0,275 delta 0,069
real 0,355 => predicted 0,277 delta 0,078
real 0,183 => predicted 0,281 delta 0,099
real 0,022 => predicted 0,280 delta 0,258
real 0,215 => predicted 0,277 delta 0,062
real 0,204 => predicted 0,274 delta 0,069
real 0,591 => predicted 0,275 delta 0,317
real 0,129 => predicted 0,290 delta 0,161
real 0,419 => predicted 0,279 delta 0,140
real 0,484 => predicted 0,323 delta 0,161
real 0,538 => predicted 0,276 delta 0,262
real 0,054 => predicted 0,276 delta 0,222
real 0,204 => predicted 0,304 delta 0,099
real 0,355 => predicted 0,281 delta 0,074
real 0,075 => predicted 0,278 delta 0,203
real 0,473 => predicted 0,302 delta 0,172
real 0,409 => predicted 0,318 delta 0,091
real 0,054 => predicted 0,299 delta 0,246
real 0,258 => predicted 0,277 delta 0,019
real 0,043 => predicted 0,275 delta 0,232
real 0,581 => predicted 0,283 delta 0,297
real 0,022 => predicted 0,279 delta 0,257
real 0,086 => predicted 0,275 delta 0,189
real 0,559 => predicted 0,279 delta 0,280
real 0,430 => predicted 0,286 delta 0,144
real 0,538 => predicted 0,276 delta 0,262
real 0,323 => predicted 0,275 delta 0,047
real 0,226 => predicted 0,281 delta 0,055
real 0,194 => predicted 0,314 delta 0,121
real 0,086 => predicted 0,266 delta 0,180
real 0,054 => predicted 0,279 delta 0,225
real 0,430 => predicted 0,268 delta 0,162
real 0,108 => predicted 0,298 delta 0,190
real 0,312 => predicted 0,293 delta 0,018
real 0,376 => predicted 0,276 delta 0,100
real 0,161 => predicted 0,297 delta 0,136
real 0,323 => predicted 0,283 delta 0,040
real 0,355 => predicted 0,264 delta 0,091
real 0,269 => predicted 0,280 delta 0,012
real 0,258 => predicted 0,274 delta 0,016
real 0,086 => predicted 0,272 delta 0,186
real 0,086 => predicted 0,279 delta 0,193
real 0,398 => predicted 0,280 delta 0,118
real 0,409 => predicted 0,281 delta 0,127
real 0,237 => predicted 0,283 delta 0,046
real 0,075 => predicted 0,274 delta 0,199
real 0,086 => predicted 0,276 delta 0,190
real 0,366 => predicted 0,280 delta 0,086
real 0,419 => predicted 0,282 delta 0,137
real 0,258 => predicted 0,279 delta 0,021
real 0,323 => predicted 0,277 delta 0,046
real 0,516 => predicted 0,327 delta 0,190
real 0,538 => predicted 0,275 delta 0,263
real 0,387 => predicted 0,302 delta 0,086
real 0,269 => predicted 0,309 delta 0,040
real 0,430 => predicted 0,269 delta 0,161
real 0,484 => predicted 0,277 delta 0,207
real 0,473 => predicted 0,292 delta 0,181
real 0,269 => predicted 0,285 delta 0,016
real 0,043 => predicted 0,282 delta 0,239
real 0,032 => predicted 0,276 delta 0,244
real 0,355 => predicted 0,313 delta 0,042
real 0,108 => predicted 0,278 delta 0,170
real 0,258 => predicted 0,278 delta 0,020
real 0,215 => predicted 0,269 delta 0,054
real 0,430 => predicted 0,322 delta 0,108
real 0,495 => predicted 0,276 delta 0,219
real 0,075 => predicted 0,277 delta 0,202
real 0,108 => predicted 0,296 delta 0,189
real 0,570 => predicted 0,275 delta 0,294
real 0,054 => predicted 0,288 delta 0,234
real 0,269 => predicted 0,281 delta 0,013
real 0,462 => predicted 0,277 delta 0,185
real 0,462 => predicted 0,277 delta 0,185
real 0,183 => predicted 0,304 delta 0,122
real 0,118 => predicted 0,310 delta 0,192
real 0,312 => predicted 0,283 delta 0,029
real 0,011 => predicted 0,294 delta 0,283
real 0,054 => predicted 0,275 delta 0,221
real 0,054 => predicted 0,273 delta 0,220
real 0,054 => predicted 0,285 delta 0,231
real 0,108 => predicted 0,284 delta 0,176
real 0,559 => predicted 0,305 delta 0,255
real 0,204 => predicted 0,282 delta 0,077
real 0,312 => predicted 0,291 delta 0,021
real 0,011 => predicted 0,284 delta 0,273
real 0,538 => predicted 0,269 delta 0,268
real 0,161 => predicted 0,270 delta 0,108
real 0,108 => predicted 0,278 delta 0,171
real 0,247 => predicted 0,274 delta 0,027
real 0,366 => predicted 0,272 delta 0,094
real 0,204 => predicted 0,275 delta 0,071
real 0,161 => predicted 0,279 delta 0,118
real 0,022 => predicted 0,282 delta 0,260
real 0,022 => predicted 0,274 delta 0,252
real 0,054 => predicted 0,276 delta 0,222
real 0,344 => predicted 0,276 delta 0,068
real 0,043 => predicted 0,305 delta 0,262
real 0,323 => predicted 0,277 delta 0,046
real 0,183 => predicted 0,304 delta 0,122
real 0,290 => predicted 0,275 delta 0,015
real 0,462 => predicted 0,271 delta 0,192
real 0,140 => predicted 0,303 delta 0,163
real 0,237 => predicted 0,269 delta 0,032
real 0,312 => predicted 0,277 delta 0,035
real 0,151 => predicted 0,272 delta 0,122
real 0,430 => predicted 0,271 delta 0,159
real 0,398 => predicted 0,284 delta 0,114
real 0,581 => predicted 0,277 delta 0,304
real 0,430 => predicted 0,275 delta 0,155
real 0,215 => predicted 0,278 delta 0,063
real 0,151 => predicted 0,269 delta 0,118
real 0,430 => predicted 0,286 delta 0,144
real 0,108 => predicted 0,288 delta 0,181
real 0,054 => predicted 0,301 delta 0,247
real 0,108 => predicted 0,294 delta 0,186
real 0,215 => predicted 0,285 delta 0,070
real 0,505 => predicted 0,275 delta 0,230
real 0,591 => predicted 0,275 delta 0,316
real 0,344 => predicted 0,259 delta 0,085
real 0,043 => predicted 0,265 delta 0,222
real 0,237 => predicted 0,282 delta 0,045
real 0,258 => predicted 0,277 delta 0,019
real 0,043 => predicted 0,274 delta 0,231
real 0,570 => predicted 0,276 delta 0,294
real 0,194 => predicted 0,276 delta 0,083
real 0,570 => predicted 0,280 delta 0,290
real 0,097 => predicted 0,298 delta 0,201
real 0,215 => predicted 0,282 delta 0,067
real 0,022 => predicted 0,275 delta 0,254
real 0,043 => predicted 0,282 delta 0,239
real 0,129 => predicted 0,279 delta 0,150
real 0,312 => predicted 0,279 delta 0,033
real 0,290 => predicted 0,282 delta 0,008
real 0,333 => predicted 0,275 delta 0,058
real 0,172 => predicted 0,262 delta 0,090
real 0,419 => predicted 0,258 delta 0,162
real 0,581 => predicted 0,272 delta 0,309
real 0,237 => predicted 0,277 delta 0,040
real 0,140 => predicted 0,292 delta 0,152
real 0,419 => predicted 0,280 delta 0,139
real 0,054 => predicted 0,281 delta 0,228
real 0,022 => predicted 0,278 delta 0,256
real 0,054 => predicted 0,282 delta 0,228
real 0,054 => predicted 0,275 delta 0,221
real 0,097 => predicted 0,302 delta 0,205
real 0,043 => predicted 0,263 delta 0,220
real 0,129 => predicted 0,277 delta 0,148
real 0,387 => predicted 0,282 delta 0,105
real 0,430 => predicted 0,299 delta 0,131
real 0,409 => predicted 0,278 delta 0,131
real 0,484 => predicted 0,277 delta 0,207
real 0,204 => predicted 0,278 delta 0,074
real 0,151 => predicted 0,277 delta 0,126
real 0,312 => predicted 0,278 delta 0,034
real 0,151 => predicted 0,274 delta 0,124
real 0,247 => predicted 0,278 delta 0,031
real 0,280 => predicted 0,303 delta 0,024
real 0,237 => predicted 0,275 delta 0,038
real 0,269 => predicted 0,278 delta 0,009
real 0,086 => predicted 0,282 delta 0,196
real 0,237 => predicted 0,277 delta 0,041
real 0,032 => predicted 0,280 delta 0,248
real 0,183 => predicted 0,294 delta 0,111
real 0,591 => predicted 0,271 delta 0,320
real 0,462 => predicted 0,288 delta 0,174
real 0,527 => predicted 0,283 delta 0,244
real 0,430 => predicted 0,276 delta 0,155
real 0,108 => predicted 0,278 delta 0,171
real 0,161 => predicted 0,284 delta 0,123
real 0,452 => predicted 0,277 delta 0,174
real 0,484 => predicted 0,307 delta 0,177
real 0,559 => predicted 0,285 delta 0,274
real 0,161 => predicted 0,280 delta 0,118
real 0,570 => predicted 0,270 delta 0,300
real 0,484 => predicted 0,275 delta 0,209
real 0,376 => predicted 0,277 delta 0,099
real 0,075 => predicted 0,289 delta 0,214
real 0,011 => predicted 0,275 delta 0,264
real 0,366 => predicted 0,290 delta 0,075
real 0,452 => predicted 0,265 delta 0,187
real 0,559 => predicted 0,276 delta 0,283
real 0,118 => predicted 0,275 delta 0,157
real 0,527 => predicted 0,266 delta 0,261
real 0,484 => predicted 0,271 delta 0,213
real 0,559 => predicted 0,266 delta 0,293
real 0,032 => predicted 0,280 delta 0,248
real 0,516 => predicted 0,277 delta 0,239
real 0,430 => predicted 0,277 delta 0,153
real 0,118 => predicted 0,286 delta 0,168
real 0,484 => predicted 0,280 delta 0,204
real 0,194 => predicted 0,278 delta 0,085
real 0,022 => predicted 0,312 delta 0,290
real 0,065 => predicted 0,281 delta 0,217
real 0,559 => predicted 0,276 delta 0,284
real 0,538 => predicted 0,277 delta 0,261
real 0,151 => predicted 0,277 delta 0,126
real 0,194 => predicted 0,289 delta 0,096
real 0,043 => predicted 0,288 delta 0,245
real 0,452 => predicted 0,274 delta 0,177
real 0,054 => predicted 0,269 delta 0,215
real 0,527 => predicted 0,286 delta 0,241
real 0,022 => predicted 0,281 delta 0,259
real 0,032 => predicted 0,281 delta 0,249
real 0,333 => predicted 0,277 delta 0,056
real 0,215 => predicted 0,276 delta 0,061
real 0,344 => predicted 0,289 delta 0,055
real 0,290 => predicted 0,279 delta 0,012
real 0,075 => predicted 0,304 delta 0,229
real 0,505 => predicted 0,284 delta 0,222
real 0,462 => predicted 0,274 delta 0,189
real 0,355 => predicted 0,276 delta 0,079
real 0,409 => predicted 0,288 delta 0,121
real 0,215 => predicted 0,271 delta 0,056
real 0,032 => predicted 0,297 delta 0,265
real 0,312 => predicted 0,276 delta 0,036
real 0,452 => predicted 0,275 delta 0,177
real 0,000 => predicted 0,277 delta 0,277
real 0,527 => predicted 0,317 delta 0,210
real 0,419 => predicted 0,284 delta 0,135
real 0,258 => predicted 0,276 delta 0,018
real 0,462 => predicted 0,296 delta 0,166
real 0,269 => predicted 0,277 delta 0,008
real 0,172 => predicted 0,275 delta 0,102
real 0,290 => predicted 0,281 delta 0,009
real 0,581 => predicted 0,272 delta 0,308
real 0,462 => predicted 0,305 delta 0,158
real 0,151 => predicted 0,274 delta 0,123
real 0,269 => predicted 0,289 delta 0,020
real 0,323 => predicted 0,276 delta 0,047
real 0,516 => predicted 0,276 delta 0,240
real 0,054 => predicted 0,275 delta 0,221
real 0,194 => predicted 0,304 delta 0,110
real 0,032 => predicted 0,296 delta 0,264
real 0,237 => predicted 0,304 delta 0,067
real 0,366 => predicted 0,307 delta 0,058
real 0,462 => predicted 0,278 delta 0,184
real 0,409 => predicted 0,305 delta 0,103
real 0,097 => predicted 0,300 delta 0,204
real 0,247 => predicted 0,280 delta 0,032
real 0,151 => predicted 0,269 delta 0,119
real 0,022 => predicted 0,279 delta 0,258
real 0,258 => predicted 0,279 delta 0,021
real 0,151 => predicted 0,345 delta 0,194
real 0,129 => predicted 0,299 delta 0,170
real 0,581 => predicted 0,268 delta 0,312
real 0,581 => predicted 0,275 delta 0,306
real 0,409 => predicted 0,276 delta 0,133
real 0,129 => predicted 0,278 delta 0,149
real 0,344 => predicted 0,308 delta 0,036
real 0,387 => predicted 0,290 delta 0,097
real 0,129 => predicted 0,277 delta 0,148
real 0,054 => predicted 0,292 delta 0,238
real 0,355 => predicted 0,279 delta 0,076
real 0,043 => predicted 0,284 delta 0,241
real 0,237 => predicted 0,273 delta 0,037
real 0,591 => predicted 0,282 delta 0,309
real 0,097 => predicted 0,298 delta 0,201
real 0,355 => predicted 0,288 delta 0,067
real 0,323 => predicted 0,281 delta 0,041
real 0,591 => predicted 0,275 delta 0,316
real 0,054 => predicted 0,291 delta 0,237
real 0,376 => predicted 0,280 delta 0,097
real 0,473 => predicted 0,298 delta 0,175
real 0,086 => predicted 0,278 delta 0,192
real 0,484 => predicted 0,320 delta 0,163
real 0,419 => predicted 0,306 delta 0,113
real 0,161 => predicted 0,278 delta 0,117
real 0,032 => predicted 0,278 delta 0,246
real 0,333 => predicted 0,284 delta 0,049
real 1,000 => predicted 0,324 delta 0,676
real 0,151 => predicted 0,301 delta 0,151
real 0,581 => predicted 0,279 delta 0,301
real 0,559 => predicted 0,278 delta 0,281
real 0,280 => predicted 0,276 delta 0,004
real 0,194 => predicted 0,275 delta 0,082
real 0,140 => predicted 0,303 delta 0,163
real 0,473 => predicted 0,278 delta 0,195
real 0,527 => predicted 0,275 delta 0,252
real 0,194 => predicted 0,280 delta 0,086
real 0,462 => predicted 0,286 delta 0,176
real 0,194 => predicted 0,279 delta 0,085
real 0,215 => predicted 0,269 delta 0,054
real 0,269 => predicted 0,279 delta 0,010
real 0,516 => predicted 0,282 delta 0,235
real 0,032 => predicted 0,286 delta 0,254
real 0,409 => predicted 0,277 delta 0,132
real 0,043 => predicted 0,290 delta 0,247
real 0,108 => predicted 0,278 delta 0,170
real 0,430 => predicted 0,285 delta 0,145
real 0,215 => predicted 0,271 delta 0,056
real 0,301 => predicted 0,273 delta 0,028
real 0,269 => predicted 0,261 delta 0,007
real 0,129 => predicted 0,275 delta 0,146
real 0,387 => predicted 0,281 delta 0,106
real 0,538 => predicted 0,275 delta 0,262
real 0,505 => predicted 0,294 delta 0,211
real 0,419 => predicted 0,277 delta 0,143
real 0,086 => predicted 0,298 delta 0,212
real 0,473 => predicted 0,277 delta 0,196
real 0,355 => predicted 0,282 delta 0,073
real 0,032 => predicted 0,278 delta 0,246
real 0,409 => predicted 0,295 delta 0,113
real 0,312 => predicted 0,278 delta 0,034
real 0,484 => predicted 0,275 delta 0,209
real 0,430 => predicted 0,275 delta 0,155
real 0,204 => predicted 0,277 delta 0,073
real 0,269 => predicted 0,275 delta 0,006
real 0,430 => predicted 0,296 delta 0,134
real 0,452 => predicted 0,304 delta 0,148
real 0,032 => predicted 0,282 delta 0,250
real 0,376 => predicted 0,272 delta 0,104
real 0,086 => predicted 0,299 delta 0,213
real 0,032 => predicted 0,274 delta 0,241
real 0,581 => predicted 0,282 delta 0,299
real 0,473 => predicted 0,282 delta 0,191
real 0,301 => predicted 0,276 delta 0,025
real 0,032 => predicted 0,263 delta 0,230
real 0,032 => predicted 0,278 delta 0,246
real 0,323 => predicted 0,289 delta 0,033
real 0,000 => predicted 0,275 delta 0,275
real 0,376 => predicted 0,275 delta 0,102
real 0,108 => predicted 0,282 delta 0,174
real 0,108 => predicted 0,288 delta 0,181
real 0,570 => predicted 0,279 delta 0,291
real 0,376 => predicted 0,275 delta 0,101
real 0,043 => predicted 0,307 delta 0,264
real 0,086 => predicted 0,275 delta 0,189
real 0,559 => predicted 0,310 delta 0,249
real 0,430 => predicted 0,282 delta 0,148
real 0,516 => predicted 0,271 delta 0,245
real 0,247 => predicted 0,278 delta 0,031
real 0,570 => predicted 0,270 delta 0,300
real 0,204 => predicted 0,285 delta 0,080
real 0,258 => predicted 0,289 delta 0,031
real 0,323 => predicted 0,291 delta 0,032
real 0,398 => predicted 0,289 delta 0,109
real 0,570 => predicted 0,300 delta 0,270
real 0,183 => predicted 0,282 delta 0,099
real 0,376 => predicted 0,277 delta 0,100
real 0,462 => predicted 0,275 delta 0,187
real 0,108 => predicted 0,275 delta 0,168
real 0,054 => predicted 0,281 delta 0,227
real 0,312 => predicted 0,299 delta 0,013
real 0,473 => predicted 0,273 delta 0,200
real 0,097 => predicted 0,277 delta 0,181
real 0,473 => predicted 0,279 delta 0,194
real 0,032 => predicted 0,279 delta 0,247
real 0,054 => predicted 0,290 delta 0,236
real 0,441 => predicted 0,293 delta 0,147
real 0,032 => predicted 0,278 delta 0,246
real 0,204 => predicted 0,280 delta 0,076
real 0,409 => predicted 0,278 delta 0,131
real 0,043 => predicted 0,289 delta 0,246
real 0,538 => predicted 0,276 delta 0,262
real 0,022 => predicted 0,275 delta 0,254
real 0,108 => predicted 0,279 delta 0,172
real 0,484 => predicted 0,276 delta 0,208
real 0,161 => predicted 0,275 delta 0,114
real 0,226 => predicted 0,280 delta 0,055
real 0,527 => predicted 0,278 delta 0,249
real 0,591 => predicted 0,282 delta 0,310
real 0,151 => predicted 0,321 delta 0,171
real 0,473 => predicted 0,308 delta 0,165
real 0,419 => predicted 0,272 delta 0,147
real 0,462 => predicted 0,287 delta 0,175
real 0,398 => predicted 0,274 delta 0,124
real 0,043 => predicted 0,277 delta 0,234
real 0,591 => predicted 0,275 delta 0,316
real 0,452 => predicted 0,298 delta 0,154
real 0,204 => predicted 0,269 delta 0,065
real 0,108 => predicted 0,275 delta 0,168
real 0,204 => predicted 0,280 delta 0,076
real 0,441 => predicted 0,275 delta 0,166
real 0,516 => predicted 0,297 delta 0,219
real 0,430 => predicted 0,298 delta 0,132
real 0,473 => predicted 0,280 delta 0,193
real 0,258 => predicted 0,278 delta 0,020
real 0,032 => predicted 0,296 delta 0,264
real 0,430 => predicted 0,288 delta 0,142
real 0,495 => predicted 0,281 delta 0,213
real 0,430 => predicted 0,274 delta 0,156
real 0,538 => predicted 0,274 delta 0,264
real 0,591 => predicted 0,275 delta 0,317
real 0,108 => predicted 0,277 delta 0,169
real 0,323 => predicted 0,283 delta 0,039
real 0,387 => predicted 0,280 delta 0,107
real 0,376 => predicted 0,259 delta 0,117
real 0,495 => predicted 0,301 delta 0,193
real 0,075 => predicted 0,277 delta 0,202
real 0,312 => predicted 0,279 delta 0,033
real 0,366 => predicted 0,327 delta 0,038
real 0,581 => predicted 0,274 delta 0,306
real 0,269 => predicted 0,282 delta 0,013
real 0,538 => predicted 0,276 delta 0,261
real 0,419 => predicted 0,276 delta 0,143
real 0,527 => predicted 0,281 delta 0,246
real 0,032 => predicted 0,277 delta 0,245
real 0,258 => predicted 0,265 delta 0,007
real 0,097 => predicted 0,270 delta 0,173
real 0,591 => predicted 0,275 delta 0,316
real 0,011 => predicted 0,275 delta 0,264
real 0,441 => predicted 0,288 delta 0,152
real 0,484 => predicted 0,274 delta 0,210
real 0,032 => predicted 0,279 delta 0,247
real 0,581 => predicted 0,270 delta 0,311
real 0,065 => predicted 0,275 delta 0,211
real 0,097 => predicted 0,289 delta 0,192
real 0,129 => predicted 0,288 delta 0,159
real 0,355 => predicted 0,291 delta 0,064
real 0,108 => predicted 0,269 delta 0,161
real 0,419 => predicted 0,293 delta 0,126
real 0,108 => predicted 0,277 delta 0,169
real 0,398 => predicted 0,284 delta 0,114
real 0,505 => predicted 0,275 delta 0,230
real 0,161 => predicted 0,278 delta 0,116
real 0,376 => predicted 0,280 delta 0,096
real 0,022 => predicted 0,279 delta 0,258
real 0,290 => predicted 0,277 delta 0,013
real 0,108 => predicted 0,276 delta 0,169
real 0,118 => predicted 0,275 delta 0,157
real 0,452 => predicted 0,276 delta 0,176
real 0,140 => predicted 0,276 delta 0,136
real 0,376 => predicted 0,283 delta 0,093
real 0,312 => predicted 0,280 delta 0,032
real 0,505 => predicted 0,280 delta 0,225
real 0,075 => predicted 0,278 delta 0,202
real 0,505 => predicted 0,306 delta 0,199
real 0,043 => predicted 0,281 delta 0,238
real 0,161 => predicted 0,325 delta 0,164
real 0,559 => predicted 0,278 delta 0,281
real 0,441 => predicted 0,269 delta 0,172
real 0,559 => predicted 0,266 delta 0,293
real 0,258 => predicted 0,278 delta 0,020
real 0,161 => predicted 0,288 delta 0,127
real 0,258 => predicted 0,278 delta 0,020
real 0,430 => predicted 0,292 delta 0,139
real 0,151 => predicted 0,277 delta 0,127
real 0,054 => predicted 0,287 delta 0,233
real 0,161 => predicted 0,274 delta 0,113
real 0,409 => predicted 0,265 delta 0,143
real 0,194 => predicted 0,274 delta 0,080
real 0,452 => predicted 0,277 delta 0,175
real 0,086 => predicted 0,281 delta 0,195
real 0,570 => predicted 0,274 delta 0,295
real 0,516 => predicted 0,277 delta 0,239
real 0,075 => predicted 0,268 delta 0,193
real 0,484 => predicted 0,276 delta 0,208
real 0,043 => predicted 0,272 delta 0,229
real 0,032 => predicted 0,276 delta 0,243
real 0,398 => predicted 0,278 delta 0,120
real 0,366 => predicted 0,265 delta 0,100
real 0,484 => predicted 0,278 delta 0,206
real 0,473 => predicted 0,279 delta 0,194
real 0,237 => predicted 0,274 delta 0,038
real 0,054 => predicted 0,304 delta 0,251
real 0,570 => predicted 0,282 delta 0,288
real 0,204 => predicted 0,280 delta 0,076
real 0,505 => predicted 0,282 delta 0,224
real 0,344 => predicted 0,289 delta 0,055
real 0,129 => predicted 0,313 delta 0,184
real 0,323 => predicted 0,292 delta 0,030
real 0,269 => predicted 0,299 delta 0,031
real 0,419 => predicted 0,277 delta 0,142
real 0,570 => predicted 0,307 delta 0,263
real 0,570 => predicted 0,275 delta 0,295
real 0,194 => predicted 0,273 delta 0,080
real 0,215 => predicted 0,277 delta 0,062
real 0,409 => predicted 0,285 delta 0,123
real 0,409 => predicted 0,282 delta 0,126
real 0,043 => predicted 0,279 delta 0,236
real 0,215 => predicted 0,272 delta 0,057
real 0,581 => predicted 0,279 delta 0,301
real 0,269 => predicted 0,276 delta 0,007
real 0,054 => predicted 0,290 delta 0,237
real 0,376 => predicted 0,281 delta 0,095
real 0,032 => predicted 0,267 delta 0,235
real 0,043 => predicted 0,276 delta 0,233
real 0,376 => predicted 0,276 delta 0,100
real 0,516 => predicted 0,276 delta 0,240
real 0,226 => predicted 0,277 delta 0,051
real 0,538 => predicted 0,277 delta 0,260
real 0,355 => predicted 0,288 delta 0,067
real 0,559 => predicted 0,276 delta 0,283
real 0,075 => predicted 0,275 delta 0,200
real 0,376 => predicted 0,271 delta 0,105
real 0,097 => predicted 0,278 delta 0,181
real 0,430 => predicted 0,272 delta 0,158
real 0,344 => predicted 0,299 delta 0,045
real 0,194 => predicted 0,298 delta 0,104
real 0,086 => predicted 0,291 delta 0,205
real 0,054 => predicted 0,277 delta 0,223
real 0,151 => predicted 0,277 delta 0,126
real 0,366 => predicted 0,275 delta 0,091
real 0,516 => predicted 0,279 delta 0,237
real 0,183 => predicted 0,293 delta 0,110
real 0,043 => predicted 0,280 delta 0,237
real 0,527 => predicted 0,277 delta 0,250
real 0,011 => predicted 0,309 delta 0,298
real 0,452 => predicted 0,275 delta 0,176
real 0,473 => predicted 0,279 delta 0,195
real 0,204 => predicted 0,318 delta 0,113
real 0,129 => predicted 0,271 delta 0,142
real 0,258 => predicted 0,276 delta 0,018
real 0,086 => predicted 0,275 delta 0,189
real 0,000 => predicted 0,281 delta 0,281
real 0,247 => predicted 0,278 delta 0,031
real 0,054 => predicted 0,280 delta 0,227
real 0,312 => predicted 0,278 delta 0,034
real 0,376 => predicted 0,277 delta 0,099
real 0,312 => predicted 0,274 delta 0,038
real 0,462 => predicted 0,279 delta 0,183
real 0,290 => predicted 0,278 delta 0,013
real 0,290 => predicted 0,265 delta 0,025
real 0,215 => predicted 0,276 delta 0,061
real 0,258 => predicted 0,279 delta 0,020
real 0,097 => predicted 0,276 delta 0,180
real 0,376 => predicted 0,277 delta 0,100
real 0,032 => predicted 0,308 delta 0,275
real 0,054 => predicted 0,296 delta 0,242
real 0,161 => predicted 0,305 delta 0,144
real 0,484 => predicted 0,259 delta 0,225
real 0,161 => predicted 0,285 delta 0,123
real 0,204 => predicted 0,278 delta 0,073
real 0,290 => predicted 0,284 delta 0,007
real 0,538 => predicted 0,280 delta 0,257
real 0,108 => predicted 0,277 delta 0,169
real 0,312 => predicted 0,276 delta 0,035
real 0,215 => predicted 0,278 delta 0,063
real 0,323 => predicted 0,259 delta 0,064
real 0,194 => predicted 0,285 delta 0,091
real 0,484 => predicted 0,272 delta 0,212
real 0,323 => predicted 0,284 delta 0,039
real 0,043 => predicted 0,277 delta 0,234
real 0,366 => predicted 0,284 delta 0,082
real 0,323 => predicted 0,271 delta 0,052
real 0,140 => predicted 0,282 delta 0,143
real 0,366 => predicted 0,284 delta 0,082
real 0,591 => predicted 0,286 delta 0,305
real 0,366 => predicted 0,279 delta 0,086
real 0,570 => predicted 0,275 delta 0,295
real 0,527 => predicted 0,294 delta 0,233
real 0,269 => predicted 0,277 delta 0,008
real 0,462 => predicted 0,278 delta 0,184
real 0,484 => predicted 0,276 delta 0,208
real 0,323 => predicted 0,276 delta 0,046
real 0,441 => predicted 0,285 delta 0,156
real 0,043 => predicted 0,278 delta 0,235
real 0,086 => predicted 0,277 delta 0,191
real 0,355 => predicted 0,281 delta 0,073
real 0,172 => predicted 0,280 delta 0,108
real 0,441 => predicted 0,278 delta 0,163
real 0,430 => predicted 0,268 delta 0,162
real 0,097 => predicted 0,302 delta 0,206
real 0,538 => predicted 0,279 delta 0,259
real 0,043 => predicted 0,279 delta 0,236
real 0,032 => predicted 0,282 delta 0,249
real 0,000 => predicted 0,275 delta 0,275
real 0,022 => predicted 0,277 delta 0,256
real 0,075 => predicted 0,277 delta 0,202
real 0,473 => predicted 0,271 delta 0,202
real 0,022 => predicted 0,267 delta 0,246
real 0,183 => predicted 0,276 delta 0,094
real 0,301 => predicted 0,280 delta 0,021
real 0,419 => predicted 0,266 delta 0,153
real 0,484 => predicted 0,275 delta 0,209
real 0,086 => predicted 0,277 delta 0,191
real 0,161 => predicted 0,278 delta 0,116
real 0,323 => predicted 0,275 delta 0,048
real 0,043 => predicted 0,275 delta 0,232
real 0,161 => predicted 0,285 delta 0,124
real 0,161 => predicted 0,279 delta 0,118
real 0,032 => predicted 0,278 delta 0,246
real 0,312 => predicted 0,288 delta 0,024
real 0,194 => predicted 0,282 delta 0,089
real 0,086 => predicted 0,301 delta 0,215
model meanRating 0,282 baseline RMSE 0,178 model RMSE 0,179
model improves the baseline by -0,305 percents
accuracy = 0,000

Process finished with exit code 0
